[ 2015-11-30T13:34:22+08:00 ] 127.0.0.1 /project1.1/index.php/jquery/jquery.js
INFO: [ app_init ] --START--
INFO: Run Behavior\BuildLiteBehavior [ RunTime:0.000027s ]
INFO: [ app_init ] --END-- [ RunTime:0.000599s ]
ERR: 无法加载模块:Jquery

[ 2015-11-30T13:36:07+08:00 ] 127.0.0.1 /project1.1/index.php/jquery/jquery.js
INFO: [ app_init ] --START--
INFO: Run Behavior\BuildLiteBehavior [ RunTime:0.000026s ]
INFO: [ app_init ] --END-- [ RunTime:0.000546s ]
ERR: 无法加载模块:Jquery

[ 2015-11-30T13:36:11+08:00 ] 127.0.0.1 /project1.1/index.php/jquery/jquery.js
INFO: [ app_init ] --START--
INFO: Run Behavior\BuildLiteBehavior [ RunTime:0.000027s ]
INFO: [ app_init ] --END-- [ RunTime:0.000547s ]
ERR: 无法加载模块:Jquery

[ 2015-11-30T13:39:58+08:00 ] 127.0.0.1 /project1.1/index.php/jquery/jquery-1.8.0.js
INFO: [ app_init ] --START--
INFO: Run Behavior\BuildLiteBehavior [ RunTime:0.000027s ]
INFO: [ app_init ] --END-- [ RunTime:0.000544s ]
ERR: 无法加载模块:Jquery

[ 2015-11-30T13:40:11+08:00 ] 127.0.0.1 /project1.1/index.php/jquery/jquery-1.8.0.js
INFO: [ app_init ] --START--
INFO: Run Behavior\BuildLiteBehavior [ RunTime:0.000028s ]
INFO: [ app_init ] --END-- [ RunTime:0.000614s ]
ERR: 无法加载模块:Jquery

[ 2015-11-30T13:40:12+08:00 ] 127.0.0.1 /project1.1/index.php/jquery/jquery-1.8.0.js
INFO: [ app_init ] --START--
INFO: Run Behavior\BuildLiteBehavior [ RunTime:0.000032s ]
INFO: [ app_init ] --END-- [ RunTime:0.001165s ]
ERR: 无法加载模块:Jquery

[ 2015-11-30T13:42:49+08:00 ] 127.0.0.1 /project1.1/index.php/jquery/jquery-1.8.0.js
INFO: [ app_init ] --START--
INFO: Run Behavior\BuildLiteBehavior [ RunTime:0.000033s ]
INFO: [ app_init ] --END-- [ RunTime:0.000587s ]
ERR: 无法加载模块:Jquery

[ 2015-11-30T13:44:45+08:00 ] 127.0.0.1 /project1.1/index.php/jquery/jquery-1.8.0.js
INFO: [ app_init ] --START--
INFO: Run Behavior\BuildLiteBehavior [ RunTime:0.000050s ]
INFO: [ app_init ] --END-- [ RunTime:0.002242s ]
ERR: 无法加载模块:Jquery

[ 2015-11-30T13:45:22+08:00 ] 127.0.0.1 /project1.1/index.php/jquery/jquery-1.8.0.js
INFO: [ app_init ] --START--
INFO: Run Behavior\BuildLiteBehavior [ RunTime:0.000027s ]
INFO: [ app_init ] --END-- [ RunTime:0.000527s ]
ERR: 无法加载模块:Jquery

[ 2015-11-30T13:45:36+08:00 ] 127.0.0.1 /project1.1/index.php/jquery/jquery-1.8.0.js
INFO: [ app_init ] --START--
INFO: Run Behavior\BuildLiteBehavior [ RunTime:0.000027s ]
INFO: [ app_init ] --END-- [ RunTime:0.000521s ]
ERR: 无法加载模块:Jquery

[ 2015-11-30T13:46:31+08:00 ] 127.0.0.1 /project1.1/index.php/jquery/jquery-1.8.0.js
INFO: [ app_init ] --START--
INFO: Run Behavior\BuildLiteBehavior [ RunTime:0.000044s ]
INFO: [ app_init ] --END-- [ RunTime:0.000577s ]
ERR: 无法加载模块:Jquery

[ 2015-11-30T13:47:29+08:00 ] 127.0.0.1 /project1.1/index.php/jquery/jquery-1.8.0.js
INFO: [ app_init ] --START--
INFO: Run Behavior\BuildLiteBehavior [ RunTime:0.000038s ]
INFO: [ app_init ] --END-- [ RunTime:0.000740s ]
ERR: 无法加载模块:Jquery

[ 2015-11-30T13:52:17+08:00 ] 127.0.0.1 /project1.1/index.php/jquery/jquery-2.1.4.min.js
INFO: [ app_init ] --START--
INFO: Run Behavior\BuildLiteBehavior [ RunTime:0.000032s ]
INFO: [ app_init ] --END-- [ RunTime:0.000957s ]
ERR: 无法加载模块:Jquery

[ 2015-11-30T13:53:26+08:00 ] 127.0.0.1 /project1.1/index.php/jquery/jquery-2.1.4.min.js
INFO: [ app_init ] --START--
INFO: Run Behavior\BuildLiteBehavior [ RunTime:0.000027s ]
INFO: [ app_init ] --END-- [ RunTime:0.000547s ]
ERR: 无法加载模块:Jquery

[ 2015-11-30T13:54:09+08:00 ] 127.0.0.1 /project1.1/index.php/jquery/jquery-2.1.4.min.js
INFO: [ app_init ] --START--
INFO: Run Behavior\BuildLiteBehavior [ RunTime:0.000031s ]
INFO: [ app_init ] --END-- [ RunTime:0.001823s ]
ERR: 无法加载模块:Jquery

[ 2015-11-30T13:55:05+08:00 ] 127.0.0.1 /project1.1/index.php/jquery/jquery.js
INFO: [ app_init ] --START--
INFO: Run Behavior\BuildLiteBehavior [ RunTime:0.000026s ]
INFO: [ app_init ] --END-- [ RunTime:0.000526s ]
ERR: 无法加载模块:Jquery

[ 2015-11-30T13:56:53+08:00 ] 127.0.0.1 /project1.1/index.php/jquery/jquery.js
INFO: [ app_init ] --START--
INFO: Run Behavior\BuildLiteBehavior [ RunTime:0.000028s ]
INFO: [ app_init ] --END-- [ RunTime:0.000540s ]
ERR: 无法加载模块:Jquery

[ 2015-11-30T13:57:16+08:00 ] 127.0.0.1 /project1.1/index.php/jquery/jquery.js
INFO: [ app_init ] --START--
INFO: Run Behavior\BuildLiteBehavior [ RunTime:0.000033s ]
INFO: [ app_init ] --END-- [ RunTime:0.001373s ]
ERR: 无法加载模块:Jquery

[ 2015-11-30T13:59:50+08:00 ] 127.0.0.1 /project1.1/index.php/jQuery/jQuery.js
INFO: [ app_init ] --START--
INFO: Run Behavior\BuildLiteBehavior [ RunTime:0.000049s ]
INFO: [ app_init ] --END-- [ RunTime:0.000601s ]
ERR: 无法加载模块:JQuery

[ 2015-11-30T14:07:26+08:00 ] 127.0.0.1 /project1.1/index.php/jquery/jquery-2.1.4.min.js
INFO: [ app_init ] --START--
INFO: Run Behavior\BuildLiteBehavior [ RunTime:0.000031s ]
INFO: [ app_init ] --END-- [ RunTime:0.000796s ]
ERR: 无法加载模块:Jquery

[ 2015-11-30T14:07:28+08:00 ] 127.0.0.1 /project1.1/index.php/jquery/jquery-2.1.4.min.js
INFO: [ app_init ] --START--
INFO: Run Behavior\BuildLiteBehavior [ RunTime:0.000031s ]
INFO: [ app_init ] --END-- [ RunTime:0.000559s ]
ERR: 无法加载模块:Jquery

[ 2015-11-30T14:15:44+08:00 ] 127.0.0.1 /project1.1/index.php/jquery/jquery-2.1.4.min.js
INFO: [ app_init ] --START--
INFO: Run Behavior\BuildLiteBehavior [ RunTime:0.000026s ]
INFO: [ app_init ] --END-- [ RunTime:0.000597s ]
ERR: 无法加载模块:Jquery

[ 2015-11-30T14:39:49+08:00 ] 127.0.0.1 /project1.1/index.php/jquery/jquery-2.1.4.min.js
INFO: [ app_init ] --START--
INFO: Run Behavior\BuildLiteBehavior [ RunTime:0.000026s ]
INFO: [ app_init ] --END-- [ RunTime:0.000600s ]
ERR: 无法加载模块:Jquery

[ 2015-11-30T14:39:50+08:00 ] 127.0.0.1 /project1.1/index.php/jquery/jquery-2.1.4.min.js
INFO: [ app_init ] --START--
INFO: Run Behavior\BuildLiteBehavior [ RunTime:0.000026s ]
INFO: [ app_init ] --END-- [ RunTime:0.000581s ]
ERR: 无法加载模块:Jquery

[ 2015-11-30T14:48:30+08:00 ] 127.0.0.1 /project1.1/index.php/jquery/jquery-2.1.4.min.js
INFO: [ app_init ] --START--
INFO: Run Behavior\BuildLiteBehavior [ RunTime:0.000027s ]
INFO: [ app_init ] --END-- [ RunTime:0.000751s ]
ERR: 无法加载模块:Jquery

[ 2015-11-30T14:48:31+08:00 ] 127.0.0.1 /project1.1/index.php/jquery/jquery-2.1.4.min.js
INFO: [ app_init ] --START--
INFO: Run Behavior\BuildLiteBehavior [ RunTime:0.000030s ]
INFO: [ app_init ] --END-- [ RunTime:0.000664s ]
ERR: 无法加载模块:Jquery

[ 2015-11-30T14:54:27+08:00 ] 127.0.0.1 /project1.1/index.php/jquery/jquery-2.1.4.min.js
INFO: [ app_init ] --START--
INFO: Run Behavior\BuildLiteBehavior [ RunTime:0.000028s ]
INFO: [ app_init ] --END-- [ RunTime:0.000603s ]
ERR: 无法加载模块:Jquery

[ 2015-11-30T14:54:27+08:00 ] 127.0.0.1 /project1.1/index.php/jquery/jquery-2.1.4.min.js
INFO: [ app_init ] --START--
INFO: Run Behavior\BuildLiteBehavior [ RunTime:0.000029s ]
INFO: [ app_init ] --END-- [ RunTime:0.000677s ]
ERR: 无法加载模块:Jquery

[ 2015-11-30T14:54:30+08:00 ] 127.0.0.1 /project1.1/index.php/jquery/jquery-2.1.4.min.js
INFO: [ app_init ] --START--
INFO: Run Behavior\BuildLiteBehavior [ RunTime:0.000030s ]
INFO: [ app_init ] --END-- [ RunTime:0.000702s ]
ERR: 无法加载模块:Jquery

[ 2015-11-30T14:54:31+08:00 ] 127.0.0.1 /project1.1/index.php/jquery/jquery-2.1.4.min.js
INFO: [ app_init ] --START--
INFO: Run Behavior\BuildLiteBehavior [ RunTime:0.000029s ]
INFO: [ app_init ] --END-- [ RunTime:0.000654s ]
ERR: 无法加载模块:Jquery

[ 2015-11-30T14:54:34+08:00 ] 127.0.0.1 /project1.1/index.php/jquery/jquery-2.1.4.min.js
INFO: [ app_init ] --START--
INFO: Run Behavior\BuildLiteBehavior [ RunTime:0.000029s ]
INFO: [ app_init ] --END-- [ RunTime:0.000612s ]
ERR: 无法加载模块:Jquery

[ 2015-11-30T14:54:35+08:00 ] 127.0.0.1 /project1.1/index.php/jquery/jquery-2.1.4.min.js
INFO: [ app_init ] --START--
INFO: Run Behavior\BuildLiteBehavior [ RunTime:0.000028s ]
INFO: [ app_init ] --END-- [ RunTime:0.000772s ]
ERR: 无法加载模块:Jquery

[ 2015-11-30T14:54:39+08:00 ] 127.0.0.1 /project1.1/index.php/jquery/jquery-2.1.4.min.js
INFO: [ app_init ] --START--
INFO: Run Behavior\BuildLiteBehavior [ RunTime:0.000027s ]
INFO: [ app_init ] --END-- [ RunTime:0.000580s ]
ERR: 无法加载模块:Jquery

[ 2015-11-30T14:54:56+08:00 ] 127.0.0.1 /project1.1/index.php/jquery/jquery-2.1.4.min.js
INFO: [ app_init ] --START--
INFO: Run Behavior\BuildLiteBehavior [ RunTime:0.000028s ]
INFO: [ app_init ] --END-- [ RunTime:0.000803s ]
ERR: 无法加载模块:Jquery

[ 2015-11-30T21:53:53+08:00 ] ::1 /project1.2/index.php/User/
INFO: [ app_init ] --START--
INFO: Run Behavior\BuildLiteBehavior [ RunTime:0.000030s ]
INFO: [ app_init ] --END-- [ RunTime:0.000693s ]
ERR: 无法加载模块:User

