[ 2015-12-21T08:47:06+08:00 ] ::1 /project2.1/index.php
INFO: [ app_init ] --START--
INFO: Run Behavior\BuildLiteBehavior [ RunTime:0.000045s ]
INFO: [ app_init ] --END-- [ RunTime:0.001169s ]
INFO: [ app_begin ] --START--
INFO: Run Behavior\ReadHtmlCacheBehavior [ RunTime:0.001259s ]
INFO: [ app_begin ] --END-- [ RunTime:0.001472s ]
NOTIC: [8] Undefined index: id F:\Demo\project2.1\App\Home\Controller\MainController.class.php 第 7 行.
SQL: SHOW COLUMNS FROM `p_signin` [ RunTime:0.0071s ]
SQL: SELECT COUNT(*) AS tp_count FROM `p_signin` WHERE `TIME` = '2015-12-21' LIMIT 1   [ RunTime:0.0006s ]
NOTIC: [8] Undefined variable: signid F:\Demo\project2.1\App\Home\Controller\MainController.class.php 第 27 行.
NOTIC: [8] Undefined variable: root F:\Demo\project2.1\App\Home\Controller\MainController.class.php 第 29 行.
INFO: [ view_parse ] --START--
INFO: [ template_filter ] --START--
INFO: Run Behavior\ContentReplaceBehavior [ RunTime:0.000092s ]
INFO: [ template_filter ] --END-- [ RunTime:0.000227s ]
NOTIC: [8] A session had already been started - ignoring session_start() F:\Demo\project2.1\App\Runtime\Cache\Home\ea340386924792ccc65576071a30eec1.php 第 6 行.
SQL: SHOW COLUMNS FROM `p_mycounter` [ RunTime:0.0036s ]
SQL: SELECT `counter` FROM `p_mycounter` WHERE `id` = 1 LIMIT 1   [ RunTime:0.0003s ]
INFO: Run Behavior\ParseTemplateBehavior [ RunTime:0.053700s ]
INFO: [ view_parse ] --END-- [ RunTime:0.053856s ]
INFO: [ view_filter ] --START--
INFO: Run Behavior\WriteHtmlCacheBehavior [ RunTime:0.000702s ]
INFO: [ view_filter ] --END-- [ RunTime:0.000819s ]
INFO: [ app_end ] --START--
INFO: Run Behavior\ShowPageTraceBehavior [ RunTime:0.000863s ]
INFO: [ app_end ] --END-- [ RunTime:0.000988s ]

[ 2015-12-21T08:47:06+08:00 ] ::1 /project2.1/index.php/Home/Main/Maindown
INFO: [ app_init ] --START--
INFO: Run Behavior\BuildLiteBehavior [ RunTime:0.000036s ]
INFO: [ app_init ] --END-- [ RunTime:0.000904s ]
INFO: [ app_begin ] --START--
INFO: Run Behavior\ReadHtmlCacheBehavior [ RunTime:0.000710s ]
INFO: [ app_begin ] --END-- [ RunTime:0.000829s ]
NOTIC: [8] Undefined index: id F:\Demo\project2.1\App\Home\Controller\MainController.class.php 第 34 行.
SQL: SHOW COLUMNS FROM `p_user` [ RunTime:0.0028s ]
SQL: SELECT * FROM `p_user` WHERE `ID` = null  [ RunTime:0.0002s ]
NOTIC: [8] Undefined offset: 0 F:\Demo\project2.1\App\Home\Controller\MainController.class.php 第 36 行.
NOTIC: [8] Undefined offset: 0 F:\Demo\project2.1\App\Home\Controller\MainController.class.php 第 38 行.
INFO: [ view_parse ] --START--
INFO: [ template_filter ] --START--
INFO: Run Behavior\ContentReplaceBehavior [ RunTime:0.000059s ]
INFO: [ template_filter ] --END-- [ RunTime:0.000157s ]
INFO: Run Behavior\ParseTemplateBehavior [ RunTime:0.047527s ]
INFO: [ view_parse ] --END-- [ RunTime:0.047623s ]
INFO: [ view_filter ] --START--
INFO: Run Behavior\WriteHtmlCacheBehavior [ RunTime:0.000457s ]
INFO: [ view_filter ] --END-- [ RunTime:0.000540s ]
INFO: [ app_end ] --START--
INFO: Run Behavior\ShowPageTraceBehavior [ RunTime:0.000638s ]
INFO: [ app_end ] --END-- [ RunTime:0.000723s ]

[ 2015-12-21T08:47:26+08:00 ] ::1 /project2.1/index.php
INFO: [ app_init ] --START--
INFO: Run Behavior\BuildLiteBehavior [ RunTime:0.000026s ]
INFO: [ app_init ] --END-- [ RunTime:0.000589s ]
INFO: [ app_begin ] --START--
INFO: Run Behavior\ReadHtmlCacheBehavior [ RunTime:0.000648s ]
INFO: [ app_begin ] --END-- [ RunTime:0.000756s ]
NOTIC: [8] Undefined index: id F:\Demo\project2.1\App\Home\Controller\MainController.class.php 第 7 行.
SQL: SHOW COLUMNS FROM `p_signin` [ RunTime:0.0028s ]
SQL: SELECT COUNT(*) AS tp_count FROM `p_signin` WHERE `TIME` = '2015-12-21' LIMIT 1   [ RunTime:0.0003s ]
NOTIC: [8] Undefined variable: signid F:\Demo\project2.1\App\Home\Controller\MainController.class.php 第 27 行.
NOTIC: [8] Undefined variable: root F:\Demo\project2.1\App\Home\Controller\MainController.class.php 第 29 行.
INFO: [ view_parse ] --START--
INFO: [ template_filter ] --START--
INFO: Run Behavior\ContentReplaceBehavior [ RunTime:0.000080s ]
INFO: [ template_filter ] --END-- [ RunTime:0.000202s ]
NOTIC: [8] A session had already been started - ignoring session_start() F:\Demo\project2.1\App\Runtime\Cache\Home\ea340386924792ccc65576071a30eec1.php 第 6 行.
SQL: SHOW COLUMNS FROM `p_mycounter` [ RunTime:0.0029s ]
SQL: SELECT `counter` FROM `p_mycounter` WHERE `id` = 1 LIMIT 1   [ RunTime:0.0155s ]
INFO: Run Behavior\ParseTemplateBehavior [ RunTime:0.050106s ]
INFO: [ view_parse ] --END-- [ RunTime:0.050246s ]
INFO: [ view_filter ] --START--
INFO: Run Behavior\WriteHtmlCacheBehavior [ RunTime:0.000765s ]
INFO: [ view_filter ] --END-- [ RunTime:0.000951s ]
INFO: [ app_end ] --START--
INFO: Run Behavior\ShowPageTraceBehavior [ RunTime:0.000903s ]
INFO: [ app_end ] --END-- [ RunTime:0.001005s ]

[ 2015-12-21T08:47:26+08:00 ] ::1 /project2.1/index.php/Home/Main/Maindown
INFO: [ app_init ] --START--
INFO: Run Behavior\BuildLiteBehavior [ RunTime:0.000035s ]
INFO: [ app_init ] --END-- [ RunTime:0.000732s ]
INFO: [ app_begin ] --START--
INFO: Run Behavior\ReadHtmlCacheBehavior [ RunTime:0.000769s ]
INFO: [ app_begin ] --END-- [ RunTime:0.000944s ]
NOTIC: [8] Undefined index: id F:\Demo\project2.1\App\Home\Controller\MainController.class.php 第 34 行.
SQL: SHOW COLUMNS FROM `p_user` [ RunTime:0.0083s ]
SQL: SELECT * FROM `p_user` WHERE `ID` = null  [ RunTime:0.0006s ]
NOTIC: [8] Undefined offset: 0 F:\Demo\project2.1\App\Home\Controller\MainController.class.php 第 36 行.
NOTIC: [8] Undefined offset: 0 F:\Demo\project2.1\App\Home\Controller\MainController.class.php 第 38 行.
INFO: [ view_parse ] --START--
INFO: [ template_filter ] --START--
INFO: Run Behavior\ContentReplaceBehavior [ RunTime:0.000088s ]
INFO: [ template_filter ] --END-- [ RunTime:0.000304s ]
INFO: Run Behavior\ParseTemplateBehavior [ RunTime:0.007354s ]
INFO: [ view_parse ] --END-- [ RunTime:0.007481s ]
INFO: [ view_filter ] --START--
INFO: Run Behavior\WriteHtmlCacheBehavior [ RunTime:0.000440s ]
INFO: [ view_filter ] --END-- [ RunTime:0.000548s ]
INFO: [ app_end ] --START--
INFO: Run Behavior\ShowPageTraceBehavior [ RunTime:0.000746s ]
INFO: [ app_end ] --END-- [ RunTime:0.000845s ]

[ 2015-12-21T08:47:31+08:00 ] ::1 /project2.1/index.php/Home/Main/Maindown
INFO: [ app_init ] --START--
INFO: Run Behavior\BuildLiteBehavior [ RunTime:0.000024s ]
INFO: [ app_init ] --END-- [ RunTime:0.000573s ]
INFO: [ app_begin ] --START--
INFO: Run Behavior\ReadHtmlCacheBehavior [ RunTime:0.000609s ]
INFO: [ app_begin ] --END-- [ RunTime:0.000725s ]
NOTIC: [8] Undefined index: id F:\Demo\project2.1\App\Home\Controller\MainController.class.php 第 34 行.
SQL: SHOW COLUMNS FROM `p_user` [ RunTime:0.0027s ]
SQL: SELECT * FROM `p_user` WHERE `ID` = null  [ RunTime:0.0003s ]
NOTIC: [8] Undefined offset: 0 F:\Demo\project2.1\App\Home\Controller\MainController.class.php 第 36 行.
NOTIC: [8] Undefined offset: 0 F:\Demo\project2.1\App\Home\Controller\MainController.class.php 第 38 行.
INFO: [ view_parse ] --START--
INFO: [ template_filter ] --START--
INFO: Run Behavior\ContentReplaceBehavior [ RunTime:0.000059s ]
INFO: [ template_filter ] --END-- [ RunTime:0.000161s ]
INFO: Run Behavior\ParseTemplateBehavior [ RunTime:0.005822s ]
INFO: [ view_parse ] --END-- [ RunTime:0.005942s ]
INFO: [ view_filter ] --START--
INFO: Run Behavior\WriteHtmlCacheBehavior [ RunTime:0.000332s ]
INFO: [ view_filter ] --END-- [ RunTime:0.000415s ]
INFO: [ app_end ] --START--
INFO: Run Behavior\ShowPageTraceBehavior [ RunTime:0.000563s ]
INFO: [ app_end ] --END-- [ RunTime:0.000649s ]

[ 2015-12-21T08:47:32+08:00 ] ::1 /project2.1/index.php/Home/User/Userhome
INFO: [ app_init ] --START--
INFO: Run Behavior\BuildLiteBehavior [ RunTime:0.000035s ]
INFO: [ app_init ] --END-- [ RunTime:0.000695s ]
INFO: [ app_begin ] --START--
INFO: Run Behavior\ReadHtmlCacheBehavior [ RunTime:0.000546s ]
INFO: [ app_begin ] --END-- [ RunTime:0.000654s ]
NOTIC: [8] Undefined index: id F:\Demo\project2.1\App\Home\Controller\UserController.class.php 第 131 行.

[ 2015-12-21T08:47:33+08:00 ] ::1 /project2.1/index.php/Home/User/Userhome
INFO: [ app_init ] --START--
INFO: Run Behavior\BuildLiteBehavior [ RunTime:0.000023s ]
INFO: [ app_init ] --END-- [ RunTime:0.000492s ]
INFO: [ app_begin ] --START--
INFO: Run Behavior\ReadHtmlCacheBehavior [ RunTime:0.000745s ]
INFO: [ app_begin ] --END-- [ RunTime:0.000887s ]
NOTIC: [8] Undefined index: id F:\Demo\project2.1\App\Home\Controller\UserController.class.php 第 131 行.

[ 2015-12-21T08:47:33+08:00 ] ::1 /project2.1/index.php/Home/User/Userhome
INFO: [ app_init ] --START--
INFO: Run Behavior\BuildLiteBehavior [ RunTime:0.000025s ]
INFO: [ app_init ] --END-- [ RunTime:0.000513s ]
INFO: [ app_begin ] --START--
INFO: Run Behavior\ReadHtmlCacheBehavior [ RunTime:0.000922s ]
INFO: [ app_begin ] --END-- [ RunTime:0.001112s ]
NOTIC: [8] Undefined index: id F:\Demo\project2.1\App\Home\Controller\UserController.class.php 第 131 行.

[ 2015-12-21T08:47:34+08:00 ] ::1 /project2.1/index.php/Home/User/Userhome
INFO: [ app_init ] --START--
INFO: Run Behavior\BuildLiteBehavior [ RunTime:0.000024s ]
INFO: [ app_init ] --END-- [ RunTime:0.000558s ]
INFO: [ app_begin ] --START--
INFO: Run Behavior\ReadHtmlCacheBehavior [ RunTime:0.000582s ]
INFO: [ app_begin ] --END-- [ RunTime:0.000697s ]
NOTIC: [8] Undefined index: id F:\Demo\project2.1\App\Home\Controller\UserController.class.php 第 131 行.

[ 2015-12-21T08:47:34+08:00 ] ::1 /project2.1/index.php/Home/User/Userhome
INFO: [ app_init ] --START--
INFO: Run Behavior\BuildLiteBehavior [ RunTime:0.000025s ]
INFO: [ app_init ] --END-- [ RunTime:0.000662s ]
INFO: [ app_begin ] --START--
INFO: Run Behavior\ReadHtmlCacheBehavior [ RunTime:0.000722s ]
INFO: [ app_begin ] --END-- [ RunTime:0.000855s ]
NOTIC: [8] Undefined index: id F:\Demo\project2.1\App\Home\Controller\UserController.class.php 第 131 行.

[ 2015-12-21T08:47:35+08:00 ] ::1 /project2.1/index.php/Home/BBS
INFO: [ app_init ] --START--
INFO: Run Behavior\BuildLiteBehavior [ RunTime:0.000024s ]
INFO: [ app_init ] --END-- [ RunTime:0.000495s ]
INFO: [ app_begin ] --START--
INFO: Run Behavior\ReadHtmlCacheBehavior [ RunTime:0.000546s ]
INFO: [ app_begin ] --END-- [ RunTime:0.000654s ]
NOTIC: [8] Undefined index: id F:\Demo\project2.1\App\Home\Controller\BBSController.class.php 第 177 行.
SQL: SHOW COLUMNS FROM `p_user` [ RunTime:0.0030s ]
SQL: SELECT * FROM `p_user` WHERE `ID` = null  [ RunTime:0.0003s ]
NOTIC: [8] Undefined offset: 0 F:\Demo\project2.1\App\Home\Controller\BBSController.class.php 第 179 行.
NOTIC: [8] Undefined index: id F:\Demo\project2.1\App\Home\Controller\BBSController.class.php 第 180 行.

[ 2015-12-21T08:47:35+08:00 ] ::1 /project2.1/index.php/Home/Video/index
INFO: [ app_init ] --START--
INFO: Run Behavior\BuildLiteBehavior [ RunTime:0.000020s ]
INFO: [ app_init ] --END-- [ RunTime:0.000427s ]
INFO: [ app_begin ] --START--
INFO: Run Behavior\ReadHtmlCacheBehavior [ RunTime:0.000625s ]
INFO: [ app_begin ] --END-- [ RunTime:0.000742s ]
NOTIC: [8] Undefined index: id F:\Demo\project2.1\App\Home\Controller\VideoController.class.php 第 202 行.
SQL: SHOW COLUMNS FROM `p_user` [ RunTime:0.0038s ]
SQL: SELECT * FROM `p_user` WHERE `ID` = null  [ RunTime:0.0003s ]
NOTIC: [8] Undefined offset: 0 F:\Demo\project2.1\App\Home\Controller\VideoController.class.php 第 204 行.
NOTIC: [8] Undefined index: id F:\Demo\project2.1\App\Home\Controller\VideoController.class.php 第 205 行.

[ 2015-12-21T08:47:36+08:00 ] ::1 /project2.1/index.php/Home/File/ShowFile
INFO: [ app_init ] --START--
INFO: Run Behavior\BuildLiteBehavior [ RunTime:0.000025s ]
INFO: [ app_init ] --END-- [ RunTime:0.000500s ]
INFO: [ app_begin ] --START--
INFO: Run Behavior\ReadHtmlCacheBehavior [ RunTime:0.000574s ]
INFO: [ app_begin ] --END-- [ RunTime:0.000698s ]
NOTIC: [8] Undefined index: id F:\Demo\project2.1\App\Home\Controller\FileController.class.php 第 95 行.
SQL: SHOW COLUMNS FROM `p_user` [ RunTime:0.0034s ]
SQL: SELECT * FROM `p_user` WHERE `ID` = null  [ RunTime:0.0003s ]
NOTIC: [8] Undefined offset: 0 F:\Demo\project2.1\App\Home\Controller\FileController.class.php 第 97 行.
NOTIC: [8] Undefined index: id F:\Demo\project2.1\App\Home\Controller\FileController.class.php 第 98 行.

[ 2015-12-21T08:47:36+08:00 ] ::1 /project2.1/index.php/Home/Search/
INFO: [ app_init ] --START--
INFO: Run Behavior\BuildLiteBehavior [ RunTime:0.000021s ]
INFO: [ app_init ] --END-- [ RunTime:0.000500s ]
INFO: [ app_begin ] --START--
INFO: Run Behavior\ReadHtmlCacheBehavior [ RunTime:0.000512s ]
INFO: [ app_begin ] --END-- [ RunTime:0.000608s ]
NOTIC: [8] Undefined index: id F:\Demo\project2.1\App\Home\Controller\SearchController.class.php 第 91 行.
SQL: SHOW COLUMNS FROM `p_user` [ RunTime:0.0028s ]
SQL: SELECT * FROM `p_user` WHERE `ID` = null  [ RunTime:0.0003s ]
NOTIC: [8] Undefined offset: 0 F:\Demo\project2.1\App\Home\Controller\SearchController.class.php 第 93 行.
NOTIC: [8] Undefined index: id F:\Demo\project2.1\App\Home\Controller\SearchController.class.php 第 94 行.

[ 2015-12-21T08:47:37+08:00 ] ::1 /project2.1/index.php/Home/File/ShowFile
INFO: [ app_init ] --START--
INFO: Run Behavior\BuildLiteBehavior [ RunTime:0.000025s ]
INFO: [ app_init ] --END-- [ RunTime:0.000499s ]
INFO: [ app_begin ] --START--
INFO: Run Behavior\ReadHtmlCacheBehavior [ RunTime:0.000551s ]
INFO: [ app_begin ] --END-- [ RunTime:0.000665s ]
NOTIC: [8] Undefined index: id F:\Demo\project2.1\App\Home\Controller\FileController.class.php 第 95 行.
SQL: SHOW COLUMNS FROM `p_user` [ RunTime:0.0029s ]
SQL: SELECT * FROM `p_user` WHERE `ID` = null  [ RunTime:0.0003s ]
NOTIC: [8] Undefined offset: 0 F:\Demo\project2.1\App\Home\Controller\FileController.class.php 第 97 行.
NOTIC: [8] Undefined index: id F:\Demo\project2.1\App\Home\Controller\FileController.class.php 第 98 行.

[ 2015-12-21T08:47:37+08:00 ] ::1 /project2.1/index.php/Home/Video/index
INFO: [ app_init ] --START--
INFO: Run Behavior\BuildLiteBehavior [ RunTime:0.000039s ]
INFO: [ app_init ] --END-- [ RunTime:0.000859s ]
INFO: [ app_begin ] --START--
INFO: Run Behavior\ReadHtmlCacheBehavior [ RunTime:0.000750s ]
INFO: [ app_begin ] --END-- [ RunTime:0.000920s ]
NOTIC: [8] Undefined index: id F:\Demo\project2.1\App\Home\Controller\VideoController.class.php 第 202 行.
SQL: SHOW COLUMNS FROM `p_user` [ RunTime:0.0037s ]
SQL: SELECT * FROM `p_user` WHERE `ID` = null  [ RunTime:0.0004s ]
NOTIC: [8] Undefined offset: 0 F:\Demo\project2.1\App\Home\Controller\VideoController.class.php 第 204 行.
NOTIC: [8] Undefined index: id F:\Demo\project2.1\App\Home\Controller\VideoController.class.php 第 205 行.

[ 2015-12-21T08:47:37+08:00 ] ::1 /project2.1/index.php/Home/BBS
INFO: [ app_init ] --START--
INFO: Run Behavior\BuildLiteBehavior [ RunTime:0.000026s ]
INFO: [ app_init ] --END-- [ RunTime:0.000775s ]
INFO: [ app_begin ] --START--
INFO: Run Behavior\ReadHtmlCacheBehavior [ RunTime:0.000664s ]
INFO: [ app_begin ] --END-- [ RunTime:0.000788s ]
NOTIC: [8] Undefined index: id F:\Demo\project2.1\App\Home\Controller\BBSController.class.php 第 177 行.
SQL: SHOW COLUMNS FROM `p_user` [ RunTime:0.0033s ]
SQL: SELECT * FROM `p_user` WHERE `ID` = null  [ RunTime:0.0003s ]
NOTIC: [8] Undefined offset: 0 F:\Demo\project2.1\App\Home\Controller\BBSController.class.php 第 179 行.
NOTIC: [8] Undefined index: id F:\Demo\project2.1\App\Home\Controller\BBSController.class.php 第 180 行.

[ 2015-12-21T08:47:38+08:00 ] ::1 /project2.1/index.php/Home/Main/Maindown
INFO: [ app_init ] --START--
INFO: Run Behavior\BuildLiteBehavior [ RunTime:0.000031s ]
INFO: [ app_init ] --END-- [ RunTime:0.000794s ]
INFO: [ app_begin ] --START--
INFO: Run Behavior\ReadHtmlCacheBehavior [ RunTime:0.000740s ]
INFO: [ app_begin ] --END-- [ RunTime:0.000868s ]
NOTIC: [8] Undefined index: id F:\Demo\project2.1\App\Home\Controller\MainController.class.php 第 34 行.
SQL: SHOW COLUMNS FROM `p_user` [ RunTime:0.0032s ]
SQL: SELECT * FROM `p_user` WHERE `ID` = null  [ RunTime:0.0002s ]
NOTIC: [8] Undefined offset: 0 F:\Demo\project2.1\App\Home\Controller\MainController.class.php 第 36 行.
NOTIC: [8] Undefined offset: 0 F:\Demo\project2.1\App\Home\Controller\MainController.class.php 第 38 行.
INFO: [ view_parse ] --START--
INFO: [ template_filter ] --START--
INFO: Run Behavior\ContentReplaceBehavior [ RunTime:0.000061s ]
INFO: [ template_filter ] --END-- [ RunTime:0.000161s ]
INFO: Run Behavior\ParseTemplateBehavior [ RunTime:0.005544s ]
INFO: [ view_parse ] --END-- [ RunTime:0.005641s ]
INFO: [ view_filter ] --START--
INFO: Run Behavior\WriteHtmlCacheBehavior [ RunTime:0.000290s ]
INFO: [ view_filter ] --END-- [ RunTime:0.000370s ]
INFO: [ app_end ] --START--
INFO: Run Behavior\ShowPageTraceBehavior [ RunTime:0.000538s ]
INFO: [ app_end ] --END-- [ RunTime:0.000628s ]

[ 2015-12-21T08:47:39+08:00 ] ::1 /project2.1/index.php/Home/User/Userhome
INFO: [ app_init ] --START--
INFO: Run Behavior\BuildLiteBehavior [ RunTime:0.000041s ]
INFO: [ app_init ] --END-- [ RunTime:0.000864s ]
INFO: [ app_begin ] --START--
INFO: Run Behavior\ReadHtmlCacheBehavior [ RunTime:0.001065s ]
INFO: [ app_begin ] --END-- [ RunTime:0.001284s ]
NOTIC: [8] Undefined index: id F:\Demo\project2.1\App\Home\Controller\UserController.class.php 第 131 行.

[ 2015-12-21T08:47:43+08:00 ] ::1 /project2.1/index.php/Home/User/Regist
INFO: [ app_init ] --START--
INFO: Run Behavior\BuildLiteBehavior [ RunTime:0.000024s ]
INFO: [ app_init ] --END-- [ RunTime:0.000781s ]
INFO: [ app_begin ] --START--
INFO: Run Behavior\ReadHtmlCacheBehavior [ RunTime:0.000528s ]
INFO: [ app_begin ] --END-- [ RunTime:0.000627s ]
INFO: [ view_parse ] --START--
INFO: [ template_filter ] --START--
INFO: Run Behavior\ContentReplaceBehavior [ RunTime:0.000072s ]
INFO: [ template_filter ] --END-- [ RunTime:0.000175s ]
INFO: Run Behavior\ParseTemplateBehavior [ RunTime:0.018518s ]
INFO: [ view_parse ] --END-- [ RunTime:0.018635s ]
INFO: [ view_filter ] --START--
INFO: Run Behavior\WriteHtmlCacheBehavior [ RunTime:0.000289s ]
INFO: [ view_filter ] --END-- [ RunTime:0.000368s ]
INFO: [ app_end ] --START--
INFO: Run Behavior\ShowPageTraceBehavior [ RunTime:0.000756s ]
INFO: [ app_end ] --END-- [ RunTime:0.000931s ]

[ 2015-12-21T08:48:15+08:00 ] ::1 /project2.1/index.php/Home/User/Regists
INFO: [ app_init ] --START--
INFO: Run Behavior\BuildLiteBehavior [ RunTime:0.000026s ]
INFO: [ app_init ] --END-- [ RunTime:0.000570s ]
INFO: [ app_begin ] --START--
INFO: Run Behavior\ReadHtmlCacheBehavior [ RunTime:0.000847s ]
INFO: [ app_begin ] --END-- [ RunTime:0.000987s ]
SQL: SHOW COLUMNS FROM `p_user` [ RunTime:0.0029s ]
SQL: SELECT * FROM `p_user` WHERE ( username='wenfu' )  [ RunTime:0.0003s ]
SQL: INSERT INTO `p_user` (`USERNAME`,`PASSWORD`,`SEX`,`DEPARTMENT`,`ID`,`E_MAIL`,`QQ`) VALUES ('wenfu','efe6398127928f1b2e9ef3207fb82663','男','信息科学与技术学院','56774c4f3fd81','123@qq.com','460660934') [ RunTime:0.0367s ]
SQL: SHOW COLUMNS FROM `p_signin` [ RunTime:0.0029s ]
SQL: SELECT COUNT(*) AS tp_count FROM `p_signin` WHERE `TIME` = '2015-12-21' LIMIT 1   [ RunTime:0.0003s ]
SQL: SELECT * FROM `p_user` WHERE `ID` = '56774c4f3fd81'  [ RunTime:0.0002s ]
SQL: SELECT * FROM `p_signin` WHERE `TIME` = '2015-12-21' AND `USERID` = '56774c4f3fd81'  [ RunTime:0.0002s ]
INFO: [ view_parse ] --START--
INFO: [ template_filter ] --START--
INFO: Run Behavior\ContentReplaceBehavior [ RunTime:0.000082s ]
INFO: [ template_filter ] --END-- [ RunTime:0.000197s ]
NOTIC: [8] A session had already been started - ignoring session_start() F:\Demo\project2.1\App\Runtime\Cache\Home\ea340386924792ccc65576071a30eec1.php 第 6 行.
SQL: SHOW COLUMNS FROM `p_mycounter` [ RunTime:0.0030s ]
SQL: SELECT `counter` FROM `p_mycounter` WHERE `id` = 1 LIMIT 1   [ RunTime:0.0003s ]
INFO: Run Behavior\ParseTemplateBehavior [ RunTime:0.013999s ]
INFO: [ view_parse ] --END-- [ RunTime:0.014143s ]
INFO: [ view_filter ] --START--
INFO: Run Behavior\WriteHtmlCacheBehavior [ RunTime:0.000623s ]
INFO: [ view_filter ] --END-- [ RunTime:0.000723s ]
INFO: [ app_end ] --START--
INFO: Run Behavior\ShowPageTraceBehavior [ RunTime:0.000766s ]
INFO: [ app_end ] --END-- [ RunTime:0.000867s ]

[ 2015-12-21T08:48:16+08:00 ] ::1 /project2.1/index.php/Home/Main/Maindown
INFO: [ app_init ] --START--
INFO: Run Behavior\BuildLiteBehavior [ RunTime:0.000025s ]
INFO: [ app_init ] --END-- [ RunTime:0.000550s ]
INFO: [ app_begin ] --START--
INFO: Run Behavior\ReadHtmlCacheBehavior [ RunTime:0.000481s ]
INFO: [ app_begin ] --END-- [ RunTime:0.000575s ]
SQL: SHOW COLUMNS FROM `p_user` [ RunTime:0.0029s ]
SQL: SELECT * FROM `p_user` WHERE `ID` = '56774c4f3fd81'  [ RunTime:0.0003s ]
INFO: [ view_parse ] --START--
INFO: [ template_filter ] --START--
INFO: Run Behavior\ContentReplaceBehavior [ RunTime:0.000056s ]
INFO: [ template_filter ] --END-- [ RunTime:0.000155s ]
INFO: Run Behavior\ParseTemplateBehavior [ RunTime:0.005176s ]
INFO: [ view_parse ] --END-- [ RunTime:0.005271s ]
INFO: [ view_filter ] --START--
INFO: Run Behavior\WriteHtmlCacheBehavior [ RunTime:0.000337s ]
INFO: [ view_filter ] --END-- [ RunTime:0.000420s ]
INFO: [ app_end ] --START--
INFO: Run Behavior\ShowPageTraceBehavior [ RunTime:0.000560s ]
INFO: [ app_end ] --END-- [ RunTime:0.000648s ]

[ 2015-12-21T08:50:51+08:00 ] ::1 /project2.1/index.php/Home/User/Exitlogin
INFO: [ app_init ] --START--
INFO: Run Behavior\BuildLiteBehavior [ RunTime:0.000026s ]
INFO: [ app_init ] --END-- [ RunTime:0.000552s ]
INFO: [ app_begin ] --START--
INFO: Run Behavior\ReadHtmlCacheBehavior [ RunTime:0.000636s ]
INFO: [ app_begin ] --END-- [ RunTime:0.000782s ]
NOTIC: [8] Undefined index: id F:\Demo\project2.1\App\Home\Controller\UserController.class.php 第 7 行.
SQL: SHOW COLUMNS FROM `p_signin` [ RunTime:0.0029s ]
SQL: SELECT COUNT(*) AS tp_count FROM `p_signin` WHERE `TIME` = '2015-12-21' LIMIT 1   [ RunTime:0.0003s ]
NOTIC: [8] Undefined variable: signid F:\Demo\project2.1\App\Home\Controller\UserController.class.php 第 28 行.
INFO: [ view_parse ] --START--
INFO: [ template_filter ] --START--
INFO: Run Behavior\ContentReplaceBehavior [ RunTime:0.000074s ]
INFO: [ template_filter ] --END-- [ RunTime:0.000192s ]
SQL: SHOW COLUMNS FROM `p_mycounter` [ RunTime:0.0032s ]
SQL: SELECT `counter` FROM `p_mycounter` WHERE `id` = 1 LIMIT 1   [ RunTime:0.0006s ]
NOTIC: [8] Undefined variable: root F:\Demo\project2.1\App\Runtime\Cache\Home\ea340386924792ccc65576071a30eec1.php 第 126 行.
INFO: Run Behavior\ParseTemplateBehavior [ RunTime:0.014304s ]
INFO: [ view_parse ] --END-- [ RunTime:0.014455s ]
INFO: [ view_filter ] --START--
INFO: Run Behavior\WriteHtmlCacheBehavior [ RunTime:0.001284s ]
INFO: [ view_filter ] --END-- [ RunTime:0.001439s ]
INFO: [ app_end ] --START--
INFO: Run Behavior\ShowPageTraceBehavior [ RunTime:0.000859s ]
INFO: [ app_end ] --END-- [ RunTime:0.000973s ]

[ 2015-12-21T08:50:52+08:00 ] ::1 /project2.1/index.php/Home/Main/Maindown
INFO: [ app_init ] --START--
INFO: Run Behavior\BuildLiteBehavior [ RunTime:0.000030s ]
INFO: [ app_init ] --END-- [ RunTime:0.000531s ]
INFO: [ app_begin ] --START--
INFO: Run Behavior\ReadHtmlCacheBehavior [ RunTime:0.000513s ]
INFO: [ app_begin ] --END-- [ RunTime:0.000610s ]
NOTIC: [8] Undefined index: id F:\Demo\project2.1\App\Home\Controller\MainController.class.php 第 34 行.
SQL: SHOW COLUMNS FROM `p_user` [ RunTime:0.0041s ]
SQL: SELECT * FROM `p_user` WHERE `ID` = null  [ RunTime:0.0008s ]
NOTIC: [8] Undefined offset: 0 F:\Demo\project2.1\App\Home\Controller\MainController.class.php 第 36 行.
NOTIC: [8] Undefined offset: 0 F:\Demo\project2.1\App\Home\Controller\MainController.class.php 第 38 行.
INFO: [ view_parse ] --START--
INFO: [ template_filter ] --START--
INFO: Run Behavior\ContentReplaceBehavior [ RunTime:0.000059s ]
INFO: [ template_filter ] --END-- [ RunTime:0.000155s ]
INFO: Run Behavior\ParseTemplateBehavior [ RunTime:0.025825s ]
INFO: [ view_parse ] --END-- [ RunTime:0.025980s ]
INFO: [ view_filter ] --START--
INFO: Run Behavior\WriteHtmlCacheBehavior [ RunTime:0.000365s ]
INFO: [ view_filter ] --END-- [ RunTime:0.000461s ]
INFO: [ app_end ] --START--
INFO: Run Behavior\ShowPageTraceBehavior [ RunTime:0.000599s ]
INFO: [ app_end ] --END-- [ RunTime:0.000696s ]

[ 2015-12-21T08:50:54+08:00 ] ::1 /project2.1/index.php/Home/User/Regist
INFO: [ app_init ] --START--
INFO: Run Behavior\BuildLiteBehavior [ RunTime:0.000024s ]
INFO: [ app_init ] --END-- [ RunTime:0.000548s ]
INFO: [ app_begin ] --START--
INFO: Run Behavior\ReadHtmlCacheBehavior [ RunTime:0.000539s ]
INFO: [ app_begin ] --END-- [ RunTime:0.000636s ]
INFO: [ view_parse ] --START--
INFO: [ template_filter ] --START--
INFO: Run Behavior\ContentReplaceBehavior [ RunTime:0.000069s ]
INFO: [ template_filter ] --END-- [ RunTime:0.000174s ]
INFO: Run Behavior\ParseTemplateBehavior [ RunTime:0.030589s ]
INFO: [ view_parse ] --END-- [ RunTime:0.030708s ]
INFO: [ view_filter ] --START--
INFO: Run Behavior\WriteHtmlCacheBehavior [ RunTime:0.000814s ]
INFO: [ view_filter ] --END-- [ RunTime:0.000964s ]
INFO: [ app_end ] --START--
INFO: Run Behavior\ShowPageTraceBehavior [ RunTime:0.000867s ]
INFO: [ app_end ] --END-- [ RunTime:0.000982s ]

[ 2015-12-21T08:51:14+08:00 ] ::1 /project2.1/index.php/Home/User/Regists
INFO: [ app_init ] --START--
INFO: Run Behavior\BuildLiteBehavior [ RunTime:0.000022s ]
INFO: [ app_init ] --END-- [ RunTime:0.000647s ]
INFO: [ app_begin ] --START--
INFO: Run Behavior\ReadHtmlCacheBehavior [ RunTime:0.000570s ]
INFO: [ app_begin ] --END-- [ RunTime:0.000678s ]
SQL: SHOW COLUMNS FROM `p_user` [ RunTime:0.0030s ]
SQL: SELECT * FROM `p_user` WHERE ( username='safdsa' )  [ RunTime:0.0003s ]
NOTIC: [8] Undefined variable: signnum F:\Demo\project2.1\App\Home\Controller\UserController.class.php 第 93 行.
SQL: INSERT INTO `p_user` (`USERNAME`,`PASSWORD`,`SEX`,`DEPARTMENT`,`ID`,`E_MAIL`,`QQ`) VALUES ('safdsa','4297f44b13955235245b2497399d7a93','男','信息科学与技术学院','56774d01e74aa','46@qq.com','123') [ RunTime:0.0490s ]
SQL: SHOW COLUMNS FROM `p_signin` [ RunTime:0.0042s ]
SQL: SELECT COUNT(*) AS tp_count FROM `p_signin` WHERE `TIME` = '2015-12-21' LIMIT 1   [ RunTime:0.0003s ]
SQL: SELECT * FROM `p_user` WHERE `ID` = '56774d01e74aa'  [ RunTime:0.0002s ]
SQL: SELECT * FROM `p_signin` WHERE `TIME` = '2015-12-21' AND `USERID` = '56774d01e74aa'  [ RunTime:0.0002s ]
INFO: [ view_parse ] --START--
INFO: [ template_filter ] --START--
INFO: Run Behavior\ContentReplaceBehavior [ RunTime:0.000073s ]
INFO: [ template_filter ] --END-- [ RunTime:0.000192s ]
NOTIC: [8] A session had already been started - ignoring session_start() F:\Demo\project2.1\App\Runtime\Cache\Home\ea340386924792ccc65576071a30eec1.php 第 6 行.
SQL: SHOW COLUMNS FROM `p_mycounter` [ RunTime:0.0027s ]
SQL: SELECT `counter` FROM `p_mycounter` WHERE `id` = 1 LIMIT 1   [ RunTime:0.0003s ]
INFO: Run Behavior\ParseTemplateBehavior [ RunTime:0.011880s ]
INFO: [ view_parse ] --END-- [ RunTime:0.012035s ]
INFO: [ view_filter ] --START--
INFO: Run Behavior\WriteHtmlCacheBehavior [ RunTime:0.000549s ]
INFO: [ view_filter ] --END-- [ RunTime:0.000641s ]
INFO: [ app_end ] --START--
INFO: Run Behavior\ShowPageTraceBehavior [ RunTime:0.000636s ]
INFO: [ app_end ] --END-- [ RunTime:0.000728s ]

[ 2015-12-21T08:51:15+08:00 ] ::1 /project2.1/index.php/Home/Main/Maindown
INFO: [ app_init ] --START--
INFO: Run Behavior\BuildLiteBehavior [ RunTime:0.000023s ]
INFO: [ app_init ] --END-- [ RunTime:0.000515s ]
INFO: [ app_begin ] --START--
INFO: Run Behavior\ReadHtmlCacheBehavior [ RunTime:0.000677s ]
INFO: [ app_begin ] --END-- [ RunTime:0.000803s ]
SQL: SHOW COLUMNS FROM `p_user` [ RunTime:0.0024s ]
SQL: SELECT * FROM `p_user` WHERE `ID` = '56774d01e74aa'  [ RunTime:0.0003s ]
INFO: [ view_parse ] --START--
INFO: [ template_filter ] --START--
INFO: Run Behavior\ContentReplaceBehavior [ RunTime:0.000057s ]
INFO: [ template_filter ] --END-- [ RunTime:0.000152s ]
INFO: Run Behavior\ParseTemplateBehavior [ RunTime:0.005390s ]
INFO: [ view_parse ] --END-- [ RunTime:0.005484s ]
INFO: [ view_filter ] --START--
INFO: Run Behavior\WriteHtmlCacheBehavior [ RunTime:0.000287s ]
INFO: [ view_filter ] --END-- [ RunTime:0.000366s ]
INFO: [ app_end ] --START--
INFO: Run Behavior\ShowPageTraceBehavior [ RunTime:0.000602s ]
INFO: [ app_end ] --END-- [ RunTime:0.000703s ]

[ 2015-12-21T08:52:57+08:00 ] ::1 /project2.1/index.php/Home/User/Exitlogin
INFO: [ app_init ] --START--
INFO: Run Behavior\BuildLiteBehavior [ RunTime:0.000023s ]
INFO: [ app_init ] --END-- [ RunTime:0.000537s ]
INFO: [ app_begin ] --START--
INFO: Run Behavior\ReadHtmlCacheBehavior [ RunTime:0.000588s ]
INFO: [ app_begin ] --END-- [ RunTime:0.000690s ]
NOTIC: [8] Undefined index: id F:\Demo\project2.1\App\Home\Controller\UserController.class.php 第 7 行.
SQL: SHOW COLUMNS FROM `p_signin` [ RunTime:0.0041s ]
SQL: SELECT COUNT(*) AS tp_count FROM `p_signin` WHERE `TIME` = '2015-12-21' LIMIT 1   [ RunTime:0.0003s ]
NOTIC: [8] Undefined variable: signid F:\Demo\project2.1\App\Home\Controller\UserController.class.php 第 28 行.
SQL: SELECT COUNT(*) AS tp_count FROM `p_signin` WHERE `TIME` = '2015-12-21' LIMIT 1   [ RunTime:0.0002s ]
INFO: [ view_parse ] --START--
INFO: [ template_filter ] --START--
INFO: Run Behavior\ContentReplaceBehavior [ RunTime:0.000081s ]
INFO: [ template_filter ] --END-- [ RunTime:0.000198s ]
SQL: SHOW COLUMNS FROM `p_mycounter` [ RunTime:0.0055s ]
SQL: SELECT `counter` FROM `p_mycounter` WHERE `id` = 1 LIMIT 1   [ RunTime:0.0003s ]
NOTIC: [8] Undefined variable: root F:\Demo\project2.1\App\Runtime\Cache\Home\ea340386924792ccc65576071a30eec1.php 第 126 行.
INFO: Run Behavior\ParseTemplateBehavior [ RunTime:0.017961s ]
INFO: [ view_parse ] --END-- [ RunTime:0.018092s ]
INFO: [ view_filter ] --START--
INFO: Run Behavior\WriteHtmlCacheBehavior [ RunTime:0.000532s ]
INFO: [ view_filter ] --END-- [ RunTime:0.000634s ]
INFO: [ app_end ] --START--
INFO: Run Behavior\ShowPageTraceBehavior [ RunTime:0.000742s ]
INFO: [ app_end ] --END-- [ RunTime:0.000847s ]

[ 2015-12-21T08:52:58+08:00 ] ::1 /project2.1/index.php/Home/Main/Maindown
INFO: [ app_init ] --START--
INFO: Run Behavior\BuildLiteBehavior [ RunTime:0.000030s ]
INFO: [ app_init ] --END-- [ RunTime:0.000688s ]
INFO: [ app_begin ] --START--
INFO: Run Behavior\ReadHtmlCacheBehavior [ RunTime:0.000624s ]
INFO: [ app_begin ] --END-- [ RunTime:0.000759s ]
NOTIC: [8] Undefined index: id F:\Demo\project2.1\App\Home\Controller\MainController.class.php 第 34 行.
SQL: SHOW COLUMNS FROM `p_user` [ RunTime:0.0025s ]
SQL: SELECT * FROM `p_user` WHERE `ID` = null  [ RunTime:0.0002s ]
NOTIC: [8] Undefined offset: 0 F:\Demo\project2.1\App\Home\Controller\MainController.class.php 第 36 行.
NOTIC: [8] Undefined offset: 0 F:\Demo\project2.1\App\Home\Controller\MainController.class.php 第 38 行.
INFO: [ view_parse ] --START--
INFO: [ template_filter ] --START--
INFO: Run Behavior\ContentReplaceBehavior [ RunTime:0.000144s ]
INFO: [ template_filter ] --END-- [ RunTime:0.000348s ]
INFO: Run Behavior\ParseTemplateBehavior [ RunTime:0.007789s ]
INFO: [ view_parse ] --END-- [ RunTime:0.007983s ]
INFO: [ view_filter ] --START--
INFO: Run Behavior\WriteHtmlCacheBehavior [ RunTime:0.000473s ]
INFO: [ view_filter ] --END-- [ RunTime:0.000579s ]
INFO: [ app_end ] --START--
INFO: Run Behavior\ShowPageTraceBehavior [ RunTime:0.000573s ]
INFO: [ app_end ] --END-- [ RunTime:0.000660s ]

[ 2015-12-21T08:53:01+08:00 ] ::1 /project2.1/index.php/Home/User/Regist
INFO: [ app_init ] --START--
INFO: Run Behavior\BuildLiteBehavior [ RunTime:0.000036s ]
INFO: [ app_init ] --END-- [ RunTime:0.000757s ]
INFO: [ app_begin ] --START--
INFO: Run Behavior\ReadHtmlCacheBehavior [ RunTime:0.000700s ]
INFO: [ app_begin ] --END-- [ RunTime:0.000823s ]
INFO: [ view_parse ] --START--
INFO: [ template_filter ] --START--
INFO: Run Behavior\ContentReplaceBehavior [ RunTime:0.000192s ]
INFO: [ template_filter ] --END-- [ RunTime:0.000556s ]
INFO: Run Behavior\ParseTemplateBehavior [ RunTime:0.011001s ]
INFO: [ view_parse ] --END-- [ RunTime:0.011145s ]
INFO: [ view_filter ] --START--
INFO: Run Behavior\WriteHtmlCacheBehavior [ RunTime:0.000363s ]
INFO: [ view_filter ] --END-- [ RunTime:0.000448s ]
INFO: [ app_end ] --START--
INFO: Run Behavior\ShowPageTraceBehavior [ RunTime:0.000561s ]
INFO: [ app_end ] --END-- [ RunTime:0.000675s ]

[ 2015-12-21T08:53:06+08:00 ] ::1 /project2.1/index.php/Home/User/Exitlogin
INFO: [ app_init ] --START--
INFO: Run Behavior\BuildLiteBehavior [ RunTime:0.000022s ]
INFO: [ app_init ] --END-- [ RunTime:0.000499s ]
INFO: [ app_begin ] --START--
INFO: Run Behavior\ReadHtmlCacheBehavior [ RunTime:0.001031s ]
INFO: [ app_begin ] --END-- [ RunTime:0.001234s ]
NOTIC: [8] Undefined index: id F:\Demo\project2.1\App\Home\Controller\UserController.class.php 第 7 行.
SQL: SHOW COLUMNS FROM `p_signin` [ RunTime:0.0026s ]
SQL: SELECT COUNT(*) AS tp_count FROM `p_signin` WHERE `TIME` = '2015-12-21' LIMIT 1   [ RunTime:0.0003s ]
NOTIC: [8] Undefined variable: signid F:\Demo\project2.1\App\Home\Controller\UserController.class.php 第 28 行.
SQL: SELECT COUNT(*) AS tp_count FROM `p_signin` WHERE `TIME` = '2015-12-21' LIMIT 1   [ RunTime:0.0002s ]
INFO: [ view_parse ] --START--
INFO: [ template_filter ] --START--
INFO: Run Behavior\ContentReplaceBehavior [ RunTime:0.000079s ]
INFO: [ template_filter ] --END-- [ RunTime:0.000261s ]
SQL: SHOW COLUMNS FROM `p_mycounter` [ RunTime:0.0023s ]
SQL: SELECT `counter` FROM `p_mycounter` WHERE `id` = 1 LIMIT 1   [ RunTime:0.0002s ]
NOTIC: [8] Undefined variable: root F:\Demo\project2.1\App\Runtime\Cache\Home\ea340386924792ccc65576071a30eec1.php 第 126 行.
INFO: Run Behavior\ParseTemplateBehavior [ RunTime:0.012881s ]
INFO: [ view_parse ] --END-- [ RunTime:0.013035s ]
INFO: [ view_filter ] --START--
INFO: Run Behavior\WriteHtmlCacheBehavior [ RunTime:0.000388s ]
INFO: [ view_filter ] --END-- [ RunTime:0.000470s ]
INFO: [ app_end ] --START--
INFO: Run Behavior\ShowPageTraceBehavior [ RunTime:0.000552s ]
INFO: [ app_end ] --END-- [ RunTime:0.000639s ]

[ 2015-12-21T08:53:07+08:00 ] ::1 /project2.1/index.php/Home/Main/Maindown
INFO: [ app_init ] --START--
INFO: Run Behavior\BuildLiteBehavior [ RunTime:0.000024s ]
INFO: [ app_init ] --END-- [ RunTime:0.000469s ]
INFO: [ app_begin ] --START--
INFO: Run Behavior\ReadHtmlCacheBehavior [ RunTime:0.000514s ]
INFO: [ app_begin ] --END-- [ RunTime:0.000612s ]
NOTIC: [8] Undefined index: id F:\Demo\project2.1\App\Home\Controller\MainController.class.php 第 34 行.
SQL: SHOW COLUMNS FROM `p_user` [ RunTime:0.0037s ]
SQL: SELECT * FROM `p_user` WHERE `ID` = null  [ RunTime:0.0016s ]
NOTIC: [8] Undefined offset: 0 F:\Demo\project2.1\App\Home\Controller\MainController.class.php 第 36 行.
NOTIC: [8] Undefined offset: 0 F:\Demo\project2.1\App\Home\Controller\MainController.class.php 第 38 行.
INFO: [ view_parse ] --START--
INFO: [ template_filter ] --START--
INFO: Run Behavior\ContentReplaceBehavior [ RunTime:0.000058s ]
INFO: [ template_filter ] --END-- [ RunTime:0.000157s ]
INFO: Run Behavior\ParseTemplateBehavior [ RunTime:0.006305s ]
INFO: [ view_parse ] --END-- [ RunTime:0.006422s ]
INFO: [ view_filter ] --START--
INFO: Run Behavior\WriteHtmlCacheBehavior [ RunTime:0.000293s ]
INFO: [ view_filter ] --END-- [ RunTime:0.000369s ]
INFO: [ app_end ] --START--
INFO: Run Behavior\ShowPageTraceBehavior [ RunTime:0.000515s ]
INFO: [ app_end ] --END-- [ RunTime:0.000609s ]

[ 2015-12-21T08:53:19+08:00 ] ::1 /project2.1/index.php/Home/User/Exitlogin
INFO: [ app_init ] --START--
INFO: Run Behavior\BuildLiteBehavior [ RunTime:0.000025s ]
INFO: [ app_init ] --END-- [ RunTime:0.000651s ]
INFO: [ app_begin ] --START--
INFO: Run Behavior\ReadHtmlCacheBehavior [ RunTime:0.000622s ]
INFO: [ app_begin ] --END-- [ RunTime:0.000746s ]
NOTIC: [8] Undefined index: id F:\Demo\project2.1\App\Home\Controller\UserController.class.php 第 7 行.
SQL: SHOW COLUMNS FROM `p_signin` [ RunTime:0.0026s ]
SQL: SELECT COUNT(*) AS tp_count FROM `p_signin` WHERE `TIME` = '2015-12-21' LIMIT 1   [ RunTime:0.0003s ]
NOTIC: [8] Undefined variable: signid F:\Demo\project2.1\App\Home\Controller\UserController.class.php 第 28 行.
INFO: [ view_parse ] --START--
INFO: [ template_filter ] --START--
INFO: Run Behavior\ContentReplaceBehavior [ RunTime:0.000071s ]
INFO: [ template_filter ] --END-- [ RunTime:0.000187s ]
SQL: SHOW COLUMNS FROM `p_mycounter` [ RunTime:0.0033s ]
SQL: SELECT `counter` FROM `p_mycounter` WHERE `id` = 1 LIMIT 1   [ RunTime:0.0003s ]
NOTIC: [8] Undefined variable: root F:\Demo\project2.1\App\Runtime\Cache\Home\ea340386924792ccc65576071a30eec1.php 第 126 行.
INFO: Run Behavior\ParseTemplateBehavior [ RunTime:0.015612s ]
INFO: [ view_parse ] --END-- [ RunTime:0.015720s ]
INFO: [ view_filter ] --START--
INFO: Run Behavior\WriteHtmlCacheBehavior [ RunTime:0.000491s ]
INFO: [ view_filter ] --END-- [ RunTime:0.000577s ]
INFO: [ app_end ] --START--
INFO: Run Behavior\ShowPageTraceBehavior [ RunTime:0.000658s ]
INFO: [ app_end ] --END-- [ RunTime:0.000762s ]

[ 2015-12-21T08:53:20+08:00 ] ::1 /project2.1/index.php/Home/Main/Maindown
INFO: [ app_init ] --START--
INFO: Run Behavior\BuildLiteBehavior [ RunTime:0.000024s ]
INFO: [ app_init ] --END-- [ RunTime:0.000795s ]
INFO: [ app_begin ] --START--
INFO: Run Behavior\ReadHtmlCacheBehavior [ RunTime:0.001187s ]
INFO: [ app_begin ] --END-- [ RunTime:0.001409s ]
NOTIC: [8] Undefined index: id F:\Demo\project2.1\App\Home\Controller\MainController.class.php 第 34 行.
SQL: SHOW COLUMNS FROM `p_user` [ RunTime:0.0036s ]
SQL: SELECT * FROM `p_user` WHERE `ID` = null  [ RunTime:0.0013s ]
NOTIC: [8] Undefined offset: 0 F:\Demo\project2.1\App\Home\Controller\MainController.class.php 第 36 行.
NOTIC: [8] Undefined offset: 0 F:\Demo\project2.1\App\Home\Controller\MainController.class.php 第 38 行.
INFO: [ view_parse ] --START--
INFO: [ template_filter ] --START--
INFO: Run Behavior\ContentReplaceBehavior [ RunTime:0.000061s ]
INFO: [ template_filter ] --END-- [ RunTime:0.000172s ]
INFO: Run Behavior\ParseTemplateBehavior [ RunTime:0.007302s ]
INFO: [ view_parse ] --END-- [ RunTime:0.007415s ]
INFO: [ view_filter ] --START--
INFO: Run Behavior\WriteHtmlCacheBehavior [ RunTime:0.000277s ]
INFO: [ view_filter ] --END-- [ RunTime:0.000354s ]
INFO: [ app_end ] --START--
INFO: Run Behavior\ShowPageTraceBehavior [ RunTime:0.000538s ]
INFO: [ app_end ] --END-- [ RunTime:0.000625s ]

[ 2015-12-21T08:57:08+08:00 ] ::1 /project2.1/index.php/Home/User/Regist
INFO: [ app_init ] --START--
INFO: Run Behavior\BuildLiteBehavior [ RunTime:0.000053s ]
INFO: [ app_init ] --END-- [ RunTime:0.001726s ]
INFO: [ app_begin ] --START--
INFO: Run Behavior\ReadHtmlCacheBehavior [ RunTime:0.000930s ]
INFO: [ app_begin ] --END-- [ RunTime:0.001083s ]
INFO: [ view_parse ] --START--
INFO: [ template_filter ] --START--
INFO: Run Behavior\ContentReplaceBehavior [ RunTime:0.000073s ]
INFO: [ template_filter ] --END-- [ RunTime:0.000191s ]
INFO: Run Behavior\ParseTemplateBehavior [ RunTime:0.011532s ]
INFO: [ view_parse ] --END-- [ RunTime:0.011653s ]
INFO: [ view_filter ] --START--
INFO: Run Behavior\WriteHtmlCacheBehavior [ RunTime:0.000450s ]
INFO: [ view_filter ] --END-- [ RunTime:0.000541s ]
INFO: [ app_end ] --START--
INFO: Run Behavior\ShowPageTraceBehavior [ RunTime:0.000640s ]
INFO: [ app_end ] --END-- [ RunTime:0.000734s ]

[ 2015-12-21T08:57:36+08:00 ] ::1 /project2.1/index.php/Home/User/Regists
INFO: [ app_init ] --START--
INFO: Run Behavior\BuildLiteBehavior [ RunTime:0.000026s ]
INFO: [ app_init ] --END-- [ RunTime:0.000577s ]
INFO: [ app_begin ] --START--
INFO: Run Behavior\ReadHtmlCacheBehavior [ RunTime:0.000756s ]
INFO: [ app_begin ] --END-- [ RunTime:0.001092s ]
SQL: SHOW COLUMNS FROM `p_user` [ RunTime:0.0036s ]
SQL: SELECT * FROM `p_user` WHERE ( username='温志远' )  [ RunTime:0.0003s ]
NOTIC: [8] Undefined variable: where F:\Demo\project2.1\App\Home\Controller\UserController.class.php 第 102 行.

[ 2015-12-21T08:58:09+08:00 ] ::1 /project2.1/index.php/Home/User/Regists
INFO: [ app_init ] --START--
INFO: Run Behavior\BuildLiteBehavior [ RunTime:0.000020s ]
INFO: [ app_init ] --END-- [ RunTime:0.000476s ]
INFO: [ app_begin ] --START--
INFO: Run Behavior\ReadHtmlCacheBehavior [ RunTime:0.000482s ]
INFO: [ app_begin ] --END-- [ RunTime:0.000578s ]
SQL: SHOW COLUMNS FROM `p_user` [ RunTime:0.0025s ]
SQL: SELECT * FROM `p_user` WHERE ( username='温志远' )  [ RunTime:0.0003s ]
NOTIC: [8] Undefined variable: where F:\Demo\project2.1\App\Home\Controller\UserController.class.php 第 102 行.
NOTIC: [8] Undefined variable: where F:\Demo\project2.1\App\Home\Controller\UserController.class.php 第 103 行.
SQL: INSERT INTO `p_user` (`USERNAME`,`PASSWORD`,`SEX`,`DEPARTMENT`,`ID`,`E_MAIL`,`QQ`) VALUES ('温志远','4297f44b13955235245b2497399d7a93','男','信息科学与技术学院','300000000','46066@qq.com','460660934') [ RunTime:0.0365s ]
SQL: SHOW COLUMNS FROM `p_signin` [ RunTime:0.0036s ]
SQL: SELECT COUNT(*) AS tp_count FROM `p_signin` WHERE `TIME` = '2015-12-21' LIMIT 1   [ RunTime:0.0004s ]
SQL: SELECT * FROM `p_user` WHERE `ID` = 300000000  [ RunTime:0.0004s ]
SQL: SELECT * FROM `p_signin` WHERE `TIME` = '2015-12-21' AND `USERID` = 300000000  [ RunTime:0.0003s ]
INFO: [ view_parse ] --START--
INFO: [ template_filter ] --START--
INFO: Run Behavior\ContentReplaceBehavior [ RunTime:0.000146s ]
INFO: [ template_filter ] --END-- [ RunTime:0.000451s ]
NOTIC: [8] A session had already been started - ignoring session_start() F:\Demo\project2.1\App\Runtime\Cache\Home\ea340386924792ccc65576071a30eec1.php 第 6 行.
SQL: SHOW COLUMNS FROM `p_mycounter` [ RunTime:0.0036s ]
SQL: SELECT `counter` FROM `p_mycounter` WHERE `id` = 1 LIMIT 1   [ RunTime:0.0003s ]
INFO: Run Behavior\ParseTemplateBehavior [ RunTime:0.017777s ]
INFO: [ view_parse ] --END-- [ RunTime:0.017939s ]
INFO: [ view_filter ] --START--
INFO: Run Behavior\WriteHtmlCacheBehavior [ RunTime:0.000537s ]
INFO: [ view_filter ] --END-- [ RunTime:0.000677s ]
INFO: [ app_end ] --START--
INFO: Run Behavior\ShowPageTraceBehavior [ RunTime:0.000861s ]
INFO: [ app_end ] --END-- [ RunTime:0.001009s ]

[ 2015-12-21T08:58:13+08:00 ] ::1 /project2.1/index.php/Home/Main/Maindown
INFO: [ app_init ] --START--
INFO: Run Behavior\BuildLiteBehavior [ RunTime:0.000037s ]
INFO: [ app_init ] --END-- [ RunTime:0.000644s ]
INFO: [ app_begin ] --START--
INFO: Run Behavior\ReadHtmlCacheBehavior [ RunTime:0.001222s ]
INFO: [ app_begin ] --END-- [ RunTime:0.001444s ]
SQL: SHOW COLUMNS FROM `p_user` [ RunTime:0.0028s ]
SQL: SELECT * FROM `p_user` WHERE `ID` = 300000000  [ RunTime:0.0003s ]
INFO: [ view_parse ] --START--
INFO: [ template_filter ] --START--
INFO: Run Behavior\ContentReplaceBehavior [ RunTime:0.000060s ]
INFO: [ template_filter ] --END-- [ RunTime:0.000166s ]
INFO: Run Behavior\ParseTemplateBehavior [ RunTime:0.005932s ]
INFO: [ view_parse ] --END-- [ RunTime:0.006044s ]
INFO: [ view_filter ] --START--
INFO: Run Behavior\WriteHtmlCacheBehavior [ RunTime:0.000310s ]
INFO: [ view_filter ] --END-- [ RunTime:0.000390s ]
INFO: [ app_end ] --START--
INFO: Run Behavior\ShowPageTraceBehavior [ RunTime:0.000550s ]
INFO: [ app_end ] --END-- [ RunTime:0.000640s ]

[ 2015-12-21T08:58:16+08:00 ] ::1 /project2.1/index.php/Home/User/Exitlogin
INFO: [ app_init ] --START--
INFO: Run Behavior\BuildLiteBehavior [ RunTime:0.000037s ]
INFO: [ app_init ] --END-- [ RunTime:0.000784s ]
INFO: [ app_begin ] --START--
INFO: Run Behavior\ReadHtmlCacheBehavior [ RunTime:0.001006s ]
INFO: [ app_begin ] --END-- [ RunTime:0.001200s ]
NOTIC: [8] Undefined index: id F:\Demo\project2.1\App\Home\Controller\UserController.class.php 第 7 行.
SQL: SHOW COLUMNS FROM `p_signin` [ RunTime:0.0032s ]
SQL: SELECT COUNT(*) AS tp_count FROM `p_signin` WHERE `TIME` = '2015-12-21' LIMIT 1   [ RunTime:0.0003s ]
NOTIC: [8] Undefined variable: signid F:\Demo\project2.1\App\Home\Controller\UserController.class.php 第 28 行.
INFO: [ view_parse ] --START--
INFO: [ template_filter ] --START--
INFO: Run Behavior\ContentReplaceBehavior [ RunTime:0.000069s ]
INFO: [ template_filter ] --END-- [ RunTime:0.000171s ]
SQL: SHOW COLUMNS FROM `p_mycounter` [ RunTime:0.0023s ]
SQL: SELECT `counter` FROM `p_mycounter` WHERE `id` = 1 LIMIT 1   [ RunTime:0.0002s ]
NOTIC: [8] Undefined variable: root F:\Demo\project2.1\App\Runtime\Cache\Home\ea340386924792ccc65576071a30eec1.php 第 126 行.
INFO: Run Behavior\ParseTemplateBehavior [ RunTime:0.012175s ]
INFO: [ view_parse ] --END-- [ RunTime:0.012299s ]
INFO: [ view_filter ] --START--
INFO: Run Behavior\WriteHtmlCacheBehavior [ RunTime:0.000479s ]
INFO: [ view_filter ] --END-- [ RunTime:0.000575s ]
INFO: [ app_end ] --START--
INFO: Run Behavior\ShowPageTraceBehavior [ RunTime:0.000611s ]
INFO: [ app_end ] --END-- [ RunTime:0.000701s ]

[ 2015-12-21T08:58:17+08:00 ] ::1 /project2.1/index.php/Home/Main/Maindown
INFO: [ app_init ] --START--
INFO: Run Behavior\BuildLiteBehavior [ RunTime:0.000024s ]
INFO: [ app_init ] --END-- [ RunTime:0.000574s ]
INFO: [ app_begin ] --START--
INFO: Run Behavior\ReadHtmlCacheBehavior [ RunTime:0.001266s ]
INFO: [ app_begin ] --END-- [ RunTime:0.001433s ]
NOTIC: [8] Undefined index: id F:\Demo\project2.1\App\Home\Controller\MainController.class.php 第 34 行.
SQL: SHOW COLUMNS FROM `p_user` [ RunTime:0.0044s ]
SQL: SELECT * FROM `p_user` WHERE `ID` = null  [ RunTime:0.0004s ]
NOTIC: [8] Undefined offset: 0 F:\Demo\project2.1\App\Home\Controller\MainController.class.php 第 36 行.
NOTIC: [8] Undefined offset: 0 F:\Demo\project2.1\App\Home\Controller\MainController.class.php 第 38 行.
INFO: [ view_parse ] --START--
INFO: [ template_filter ] --START--
INFO: Run Behavior\ContentReplaceBehavior [ RunTime:0.000060s ]
INFO: [ template_filter ] --END-- [ RunTime:0.000165s ]
INFO: Run Behavior\ParseTemplateBehavior [ RunTime:0.006291s ]
INFO: [ view_parse ] --END-- [ RunTime:0.006430s ]
INFO: [ view_filter ] --START--
INFO: Run Behavior\WriteHtmlCacheBehavior [ RunTime:0.000288s ]
INFO: [ view_filter ] --END-- [ RunTime:0.000367s ]
INFO: [ app_end ] --START--
INFO: Run Behavior\ShowPageTraceBehavior [ RunTime:0.000523s ]
INFO: [ app_end ] --END-- [ RunTime:0.000614s ]

[ 2015-12-21T08:58:19+08:00 ] ::1 /project2.1/index.php/Home/User/Regist
INFO: [ app_init ] --START--
INFO: Run Behavior\BuildLiteBehavior [ RunTime:0.000025s ]
INFO: [ app_init ] --END-- [ RunTime:0.000516s ]
INFO: [ app_begin ] --START--
INFO: Run Behavior\ReadHtmlCacheBehavior [ RunTime:0.000567s ]
INFO: [ app_begin ] --END-- [ RunTime:0.000674s ]
INFO: [ view_parse ] --START--
INFO: [ template_filter ] --START--
INFO: Run Behavior\ContentReplaceBehavior [ RunTime:0.000088s ]
INFO: [ template_filter ] --END-- [ RunTime:0.000215s ]
INFO: Run Behavior\ParseTemplateBehavior [ RunTime:0.009676s ]
INFO: [ view_parse ] --END-- [ RunTime:0.009905s ]
INFO: [ view_filter ] --START--
INFO: Run Behavior\WriteHtmlCacheBehavior [ RunTime:0.000509s ]
INFO: [ view_filter ] --END-- [ RunTime:0.000615s ]
INFO: [ app_end ] --START--
INFO: Run Behavior\ShowPageTraceBehavior [ RunTime:0.000643s ]
INFO: [ app_end ] --END-- [ RunTime:0.000757s ]

[ 2015-12-21T08:58:54+08:00 ] ::1 /project2.1/index.php/Home/User/Regists
INFO: [ app_init ] --START--
INFO: Run Behavior\BuildLiteBehavior [ RunTime:0.000026s ]
INFO: [ app_init ] --END-- [ RunTime:0.000580s ]
INFO: [ app_begin ] --START--
INFO: Run Behavior\ReadHtmlCacheBehavior [ RunTime:0.000603s ]
INFO: [ app_begin ] --END-- [ RunTime:0.000760s ]
SQL: SHOW COLUMNS FROM `p_user` [ RunTime:0.0043s ]
SQL: SELECT * FROM `p_user` WHERE ( username='文振中' )  [ RunTime:0.0004s ]
NOTIC: [8] Undefined variable: where F:\Demo\project2.1\App\Home\Controller\UserController.class.php 第 102 行.
NOTIC: [8] Undefined variable: where F:\Demo\project2.1\App\Home\Controller\UserController.class.php 第 103 行.
ERR: 1062:Duplicate entry '300000000' for key 'PRIMARY'
 [ SQL语句 ] : INSERT INTO `p_user` (`USERNAME`,`PASSWORD`,`SEX`,`DEPARTMENT`,`ID`,`E_MAIL`,`QQ`) VALUES ('文振中','4297f44b13955235245b2497399d7a93','男','信息科学与技术学院','300000000','2@3.com','456')
ERR: 1062:Duplicate entry '300000000' for key 'PRIMARY'
 [ SQL语句 ] : INSERT INTO `p_user` (`USERNAME`,`PASSWORD`,`SEX`,`DEPARTMENT`,`ID`,`E_MAIL`,`QQ`) VALUES ('文振中','4297f44b13955235245b2497399d7a93','男','信息科学与技术学院','300000000','2@3.com','456')

[ 2015-12-21T09:00:26+08:00 ] ::1 /project2.1/index.php/Home/User/Regists
INFO: [ app_init ] --START--
INFO: Run Behavior\BuildLiteBehavior [ RunTime:0.000022s ]
INFO: [ app_init ] --END-- [ RunTime:0.000505s ]
INFO: [ app_begin ] --START--
INFO: Run Behavior\ReadHtmlCacheBehavior [ RunTime:0.000533s ]
INFO: [ app_begin ] --END-- [ RunTime:0.000622s ]
SQL: SHOW COLUMNS FROM `p_user` [ RunTime:0.0044s ]
SQL: SELECT * FROM `p_user` WHERE ( username='文振中' )  [ RunTime:0.0004s ]
NOTIC: [8] Undefined variable: where F:\Demo\project2.1\App\Home\Controller\UserController.class.php 第 102 行.
NOTIC: [8] Undefined variable: where F:\Demo\project2.1\App\Home\Controller\UserController.class.php 第 103 行.
SQL: SELECT COUNT(*) AS tp_count FROM `p_user` LIMIT 1   [ RunTime:0.0002s ]
SQL: INSERT INTO `p_user` (`USERNAME`,`PASSWORD`,`SEX`,`DEPARTMENT`,`ID`,`E_MAIL`,`QQ`) VALUES ('文振中','4297f44b13955235245b2497399d7a93','男','信息科学与技术学院','300000001','3@qq.com','456') [ RunTime:0.0209s ]
SQL: SHOW COLUMNS FROM `p_signin` [ RunTime:0.0038s ]
SQL: SELECT COUNT(*) AS tp_count FROM `p_signin` WHERE `TIME` = '2015-12-21' LIMIT 1   [ RunTime:0.0003s ]
SQL: SELECT * FROM `p_user` WHERE `ID` = 300000001  [ RunTime:0.0002s ]
SQL: SELECT * FROM `p_signin` WHERE `TIME` = '2015-12-21' AND `USERID` = 300000001  [ RunTime:0.0002s ]
INFO: [ view_parse ] --START--
INFO: [ template_filter ] --START--
INFO: Run Behavior\ContentReplaceBehavior [ RunTime:0.000071s ]
INFO: [ template_filter ] --END-- [ RunTime:0.000177s ]
NOTIC: [8] A session had already been started - ignoring session_start() F:\Demo\project2.1\App\Runtime\Cache\Home\ea340386924792ccc65576071a30eec1.php 第 6 行.
SQL: SHOW COLUMNS FROM `p_mycounter` [ RunTime:0.0030s ]
SQL: SELECT `counter` FROM `p_mycounter` WHERE `id` = 1 LIMIT 1   [ RunTime:0.0003s ]
INFO: Run Behavior\ParseTemplateBehavior [ RunTime:0.013547s ]
INFO: [ view_parse ] --END-- [ RunTime:0.013660s ]
INFO: [ view_filter ] --START--
INFO: Run Behavior\WriteHtmlCacheBehavior [ RunTime:0.000542s ]
INFO: [ view_filter ] --END-- [ RunTime:0.000638s ]
INFO: [ app_end ] --START--
INFO: Run Behavior\ShowPageTraceBehavior [ RunTime:0.000856s ]
INFO: [ app_end ] --END-- [ RunTime:0.000959s ]

[ 2015-12-21T09:00:32+08:00 ] ::1 /project2.1/index.php/Home/Main/Maindown
INFO: [ app_init ] --START--
INFO: Run Behavior\BuildLiteBehavior [ RunTime:0.000073s ]
INFO: [ app_init ] --END-- [ RunTime:0.002377s ]
INFO: [ app_begin ] --START--
INFO: Run Behavior\ReadHtmlCacheBehavior [ RunTime:0.000586s ]
INFO: [ app_begin ] --END-- [ RunTime:0.000699s ]
SQL: SHOW COLUMNS FROM `p_user` [ RunTime:0.0029s ]
SQL: SELECT * FROM `p_user` WHERE `ID` = 300000001  [ RunTime:0.0004s ]
INFO: [ view_parse ] --START--
INFO: [ template_filter ] --START--
INFO: Run Behavior\ContentReplaceBehavior [ RunTime:0.000065s ]
INFO: [ template_filter ] --END-- [ RunTime:0.000193s ]
INFO: Run Behavior\ParseTemplateBehavior [ RunTime:0.006338s ]
INFO: [ view_parse ] --END-- [ RunTime:0.006442s ]
INFO: [ view_filter ] --START--
INFO: Run Behavior\WriteHtmlCacheBehavior [ RunTime:0.000292s ]
INFO: [ view_filter ] --END-- [ RunTime:0.000373s ]
INFO: [ app_end ] --START--
INFO: Run Behavior\ShowPageTraceBehavior [ RunTime:0.000521s ]
INFO: [ app_end ] --END-- [ RunTime:0.000604s ]

[ 2015-12-21T09:00:36+08:00 ] ::1 /project2.1/index.php/Home/User/Exitlogin
INFO: [ app_init ] --START--
INFO: Run Behavior\BuildLiteBehavior [ RunTime:0.000035s ]
INFO: [ app_init ] --END-- [ RunTime:0.000729s ]
INFO: [ app_begin ] --START--
INFO: Run Behavior\ReadHtmlCacheBehavior [ RunTime:0.000555s ]
INFO: [ app_begin ] --END-- [ RunTime:0.000656s ]
NOTIC: [8] Undefined index: id F:\Demo\project2.1\App\Home\Controller\UserController.class.php 第 7 行.
SQL: SHOW COLUMNS FROM `p_signin` [ RunTime:0.0026s ]
SQL: SELECT COUNT(*) AS tp_count FROM `p_signin` WHERE `TIME` = '2015-12-21' LIMIT 1   [ RunTime:0.0002s ]
NOTIC: [8] Undefined variable: signid F:\Demo\project2.1\App\Home\Controller\UserController.class.php 第 28 行.
INFO: [ view_parse ] --START--
INFO: [ template_filter ] --START--
INFO: Run Behavior\ContentReplaceBehavior [ RunTime:0.000191s ]
INFO: [ template_filter ] --END-- [ RunTime:0.000392s ]
SQL: SHOW COLUMNS FROM `p_mycounter` [ RunTime:0.0052s ]
SQL: SELECT `counter` FROM `p_mycounter` WHERE `id` = 1 LIMIT 1   [ RunTime:0.0002s ]
NOTIC: [8] Undefined variable: root F:\Demo\project2.1\App\Runtime\Cache\Home\ea340386924792ccc65576071a30eec1.php 第 126 行.
INFO: Run Behavior\ParseTemplateBehavior [ RunTime:0.018872s ]
INFO: [ view_parse ] --END-- [ RunTime:0.018982s ]
INFO: [ view_filter ] --START--
INFO: Run Behavior\WriteHtmlCacheBehavior [ RunTime:0.000404s ]
INFO: [ view_filter ] --END-- [ RunTime:0.000485s ]
INFO: [ app_end ] --START--
INFO: Run Behavior\ShowPageTraceBehavior [ RunTime:0.000668s ]
INFO: [ app_end ] --END-- [ RunTime:0.000773s ]

[ 2015-12-21T09:00:37+08:00 ] ::1 /project2.1/index.php/Home/Main/Maindown
INFO: [ app_init ] --START--
INFO: Run Behavior\BuildLiteBehavior [ RunTime:0.000038s ]
INFO: [ app_init ] --END-- [ RunTime:0.000752s ]
INFO: [ app_begin ] --START--
INFO: Run Behavior\ReadHtmlCacheBehavior [ RunTime:0.001080s ]
INFO: [ app_begin ] --END-- [ RunTime:0.001264s ]
NOTIC: [8] Undefined index: id F:\Demo\project2.1\App\Home\Controller\MainController.class.php 第 34 行.
SQL: SHOW COLUMNS FROM `p_user` [ RunTime:0.0081s ]
SQL: SELECT * FROM `p_user` WHERE `ID` = null  [ RunTime:0.0003s ]
NOTIC: [8] Undefined offset: 0 F:\Demo\project2.1\App\Home\Controller\MainController.class.php 第 36 行.
NOTIC: [8] Undefined offset: 0 F:\Demo\project2.1\App\Home\Controller\MainController.class.php 第 38 行.
INFO: [ view_parse ] --START--
INFO: [ template_filter ] --START--
INFO: Run Behavior\ContentReplaceBehavior [ RunTime:0.000063s ]
INFO: [ template_filter ] --END-- [ RunTime:0.000175s ]
INFO: Run Behavior\ParseTemplateBehavior [ RunTime:0.007049s ]
INFO: [ view_parse ] --END-- [ RunTime:0.007437s ]
INFO: [ view_filter ] --START--
INFO: Run Behavior\WriteHtmlCacheBehavior [ RunTime:0.000999s ]
INFO: [ view_filter ] --END-- [ RunTime:0.001176s ]
INFO: [ app_end ] --START--
INFO: Run Behavior\ShowPageTraceBehavior [ RunTime:0.003346s ]
INFO: [ app_end ] --END-- [ RunTime:0.003564s ]

[ 2015-12-21T09:00:39+08:00 ] ::1 /project2.1/index.php/Home/User/Regist
INFO: [ app_init ] --START--
INFO: Run Behavior\BuildLiteBehavior [ RunTime:0.000034s ]
INFO: [ app_init ] --END-- [ RunTime:0.000462s ]
INFO: [ app_begin ] --START--
INFO: Run Behavior\ReadHtmlCacheBehavior [ RunTime:0.000627s ]
INFO: [ app_begin ] --END-- [ RunTime:0.000784s ]
INFO: [ view_parse ] --START--
INFO: [ template_filter ] --START--
INFO: Run Behavior\ContentReplaceBehavior [ RunTime:0.000103s ]
INFO: [ template_filter ] --END-- [ RunTime:0.000266s ]
INFO: Run Behavior\ParseTemplateBehavior [ RunTime:0.008455s ]
INFO: [ view_parse ] --END-- [ RunTime:0.008711s ]
INFO: [ view_filter ] --START--
INFO: Run Behavior\WriteHtmlCacheBehavior [ RunTime:0.000561s ]
INFO: [ view_filter ] --END-- [ RunTime:0.000713s ]
INFO: [ app_end ] --START--
INFO: Run Behavior\ShowPageTraceBehavior [ RunTime:0.000605s ]
INFO: [ app_end ] --END-- [ RunTime:0.000701s ]

[ 2015-12-21T09:03:43+08:00 ] ::1 /project2.1/index.php
INFO: [ app_init ] --START--
INFO: Run Behavior\BuildLiteBehavior [ RunTime:0.000021s ]
INFO: [ app_init ] --END-- [ RunTime:0.000491s ]
INFO: [ app_begin ] --START--
INFO: Run Behavior\ReadHtmlCacheBehavior [ RunTime:0.000557s ]
INFO: [ app_begin ] --END-- [ RunTime:0.000650s ]
NOTIC: [8] Undefined index: id F:\Demo\project2.1\App\Home\Controller\MainController.class.php 第 7 行.
SQL: SHOW COLUMNS FROM `p_signin` [ RunTime:0.0027s ]
SQL: SELECT COUNT(*) AS tp_count FROM `p_signin` WHERE `TIME` = '2015-12-21' LIMIT 1   [ RunTime:0.0003s ]
NOTIC: [8] Undefined variable: signid F:\Demo\project2.1\App\Home\Controller\MainController.class.php 第 27 行.
NOTIC: [8] Undefined variable: root F:\Demo\project2.1\App\Home\Controller\MainController.class.php 第 29 行.
INFO: [ view_parse ] --START--
INFO: [ template_filter ] --START--
INFO: Run Behavior\ContentReplaceBehavior [ RunTime:0.000068s ]
INFO: [ template_filter ] --END-- [ RunTime:0.000163s ]
NOTIC: [8] A session had already been started - ignoring session_start() F:\Demo\project2.1\App\Runtime\Cache\Home\ea340386924792ccc65576071a30eec1.php 第 6 行.
SQL: SHOW COLUMNS FROM `p_mycounter` [ RunTime:0.0028s ]
SQL: SELECT `counter` FROM `p_mycounter` WHERE `id` = 1 LIMIT 1   [ RunTime:0.0002s ]
INFO: Run Behavior\ParseTemplateBehavior [ RunTime:0.012058s ]
INFO: [ view_parse ] --END-- [ RunTime:0.012162s ]
INFO: [ view_filter ] --START--
INFO: Run Behavior\WriteHtmlCacheBehavior [ RunTime:0.000490s ]
INFO: [ view_filter ] --END-- [ RunTime:0.000574s ]
INFO: [ app_end ] --START--
INFO: Run Behavior\ShowPageTraceBehavior [ RunTime:0.000639s ]
INFO: [ app_end ] --END-- [ RunTime:0.000728s ]

[ 2015-12-21T09:03:44+08:00 ] ::1 /project2.1/index.php/Home/Main/Maindown
INFO: [ app_init ] --START--
INFO: Run Behavior\BuildLiteBehavior [ RunTime:0.000034s ]
INFO: [ app_init ] --END-- [ RunTime:0.001055s ]
INFO: [ app_begin ] --START--
INFO: Run Behavior\ReadHtmlCacheBehavior [ RunTime:0.000924s ]
INFO: [ app_begin ] --END-- [ RunTime:0.001106s ]
NOTIC: [8] Undefined index: id F:\Demo\project2.1\App\Home\Controller\MainController.class.php 第 34 行.
SQL: SHOW COLUMNS FROM `p_user` [ RunTime:0.0024s ]
SQL: SELECT * FROM `p_user` WHERE `ID` = null  [ RunTime:0.0002s ]
NOTIC: [8] Undefined offset: 0 F:\Demo\project2.1\App\Home\Controller\MainController.class.php 第 36 行.
NOTIC: [8] Undefined offset: 0 F:\Demo\project2.1\App\Home\Controller\MainController.class.php 第 38 行.
INFO: [ view_parse ] --START--
INFO: [ template_filter ] --START--
INFO: Run Behavior\ContentReplaceBehavior [ RunTime:0.000067s ]
INFO: [ template_filter ] --END-- [ RunTime:0.000187s ]
INFO: Run Behavior\ParseTemplateBehavior [ RunTime:0.007140s ]
INFO: [ view_parse ] --END-- [ RunTime:0.007271s ]
INFO: [ view_filter ] --START--
INFO: Run Behavior\WriteHtmlCacheBehavior [ RunTime:0.000384s ]
INFO: [ view_filter ] --END-- [ RunTime:0.000489s ]
INFO: [ app_end ] --START--
INFO: Run Behavior\ShowPageTraceBehavior [ RunTime:0.000589s ]
INFO: [ app_end ] --END-- [ RunTime:0.000681s ]

[ 2015-12-21T09:03:46+08:00 ] ::1 /project2.1/index.php/Home/User/Regist
INFO: [ app_init ] --START--
INFO: Run Behavior\BuildLiteBehavior [ RunTime:0.000025s ]
INFO: [ app_init ] --END-- [ RunTime:0.000652s ]
INFO: [ app_begin ] --START--
INFO: Run Behavior\ReadHtmlCacheBehavior [ RunTime:0.000800s ]
INFO: [ app_begin ] --END-- [ RunTime:0.000938s ]
INFO: [ view_parse ] --START--
INFO: [ template_filter ] --START--
INFO: Run Behavior\ContentReplaceBehavior [ RunTime:0.000089s ]
INFO: [ template_filter ] --END-- [ RunTime:0.000227s ]
INFO: Run Behavior\ParseTemplateBehavior [ RunTime:0.008587s ]
INFO: [ view_parse ] --END-- [ RunTime:0.008703s ]
INFO: [ view_filter ] --START--
INFO: Run Behavior\WriteHtmlCacheBehavior [ RunTime:0.000405s ]
INFO: [ view_filter ] --END-- [ RunTime:0.000515s ]
INFO: [ app_end ] --START--
INFO: Run Behavior\ShowPageTraceBehavior [ RunTime:0.000685s ]
INFO: [ app_end ] --END-- [ RunTime:0.000801s ]

[ 2015-12-21T09:07:27+08:00 ] ::1 /project2.1/index.php/Home/User/Regist
INFO: [ app_init ] --START--
INFO: Run Behavior\BuildLiteBehavior [ RunTime:0.000026s ]
INFO: [ app_init ] --END-- [ RunTime:0.000624s ]
INFO: [ app_begin ] --START--
INFO: Run Behavior\ReadHtmlCacheBehavior [ RunTime:0.000742s ]
INFO: [ app_begin ] --END-- [ RunTime:0.000855s ]
INFO: [ view_parse ] --START--
INFO: [ template_filter ] --START--
INFO: Run Behavior\ContentReplaceBehavior [ RunTime:0.000088s ]
INFO: [ template_filter ] --END-- [ RunTime:0.000234s ]
INFO: Run Behavior\ParseTemplateBehavior [ RunTime:0.009374s ]
INFO: [ view_parse ] --END-- [ RunTime:0.009537s ]
INFO: [ view_filter ] --START--
INFO: Run Behavior\WriteHtmlCacheBehavior [ RunTime:0.000664s ]
INFO: [ view_filter ] --END-- [ RunTime:0.000792s ]
INFO: [ app_end ] --START--
INFO: Run Behavior\ShowPageTraceBehavior [ RunTime:0.000811s ]
INFO: [ app_end ] --END-- [ RunTime:0.000915s ]

[ 2015-12-21T09:08:26+08:00 ] ::1 /project2.1/index.php/Home/User/Regist
INFO: [ app_init ] --START--
INFO: Run Behavior\BuildLiteBehavior [ RunTime:0.000023s ]
INFO: [ app_init ] --END-- [ RunTime:0.000578s ]
INFO: [ app_begin ] --START--
INFO: Run Behavior\ReadHtmlCacheBehavior [ RunTime:0.000707s ]
INFO: [ app_begin ] --END-- [ RunTime:0.000825s ]
INFO: [ view_parse ] --START--
INFO: [ template_filter ] --START--
INFO: Run Behavior\ContentReplaceBehavior [ RunTime:0.000072s ]
INFO: [ template_filter ] --END-- [ RunTime:0.000171s ]
INFO: Run Behavior\ParseTemplateBehavior [ RunTime:0.006674s ]
INFO: [ view_parse ] --END-- [ RunTime:0.006777s ]
INFO: [ view_filter ] --START--
INFO: Run Behavior\WriteHtmlCacheBehavior [ RunTime:0.000294s ]
INFO: [ view_filter ] --END-- [ RunTime:0.000376s ]
INFO: [ app_end ] --START--
INFO: Run Behavior\ShowPageTraceBehavior [ RunTime:0.000526s ]
INFO: [ app_end ] --END-- [ RunTime:0.000617s ]

[ 2015-12-21T09:09:43+08:00 ] ::1 /project2.1/index.php/Home/User/Regist
INFO: [ app_init ] --START--
INFO: Run Behavior\BuildLiteBehavior [ RunTime:0.000028s ]
INFO: [ app_init ] --END-- [ RunTime:0.000897s ]
INFO: [ app_begin ] --START--
INFO: Run Behavior\ReadHtmlCacheBehavior [ RunTime:0.001378s ]
INFO: [ app_begin ] --END-- [ RunTime:0.001531s ]
INFO: [ view_parse ] --START--
INFO: [ template_filter ] --START--
INFO: Run Behavior\ContentReplaceBehavior [ RunTime:0.000131s ]
INFO: [ template_filter ] --END-- [ RunTime:0.000323s ]
INFO: Run Behavior\ParseTemplateBehavior [ RunTime:0.009023s ]
INFO: [ view_parse ] --END-- [ RunTime:0.009159s ]
INFO: [ view_filter ] --START--
INFO: Run Behavior\WriteHtmlCacheBehavior [ RunTime:0.000739s ]
INFO: [ view_filter ] --END-- [ RunTime:0.000870s ]
INFO: [ app_end ] --START--
INFO: Run Behavior\ShowPageTraceBehavior [ RunTime:0.000858s ]
INFO: [ app_end ] --END-- [ RunTime:0.000953s ]

[ 2015-12-21T09:12:22+08:00 ] ::1 /project2.1/index.php/Home/User/Regist
INFO: [ app_init ] --START--
INFO: Run Behavior\BuildLiteBehavior [ RunTime:0.000024s ]
INFO: [ app_init ] --END-- [ RunTime:0.000577s ]
INFO: [ app_begin ] --START--
INFO: Run Behavior\ReadHtmlCacheBehavior [ RunTime:0.000673s ]
INFO: [ app_begin ] --END-- [ RunTime:0.000781s ]
INFO: [ view_parse ] --START--
INFO: [ template_filter ] --START--
INFO: Run Behavior\ContentReplaceBehavior [ RunTime:0.000073s ]
INFO: [ template_filter ] --END-- [ RunTime:0.000176s ]
INFO: Run Behavior\ParseTemplateBehavior [ RunTime:0.007123s ]
INFO: [ view_parse ] --END-- [ RunTime:0.007228s ]
INFO: [ view_filter ] --START--
INFO: Run Behavior\WriteHtmlCacheBehavior [ RunTime:0.000376s ]
INFO: [ view_filter ] --END-- [ RunTime:0.000456s ]
INFO: [ app_end ] --START--
INFO: Run Behavior\ShowPageTraceBehavior [ RunTime:0.000564s ]
INFO: [ app_end ] --END-- [ RunTime:0.000654s ]

[ 2015-12-21T09:12:27+08:00 ] ::1 /project2.1/index.php/Home/Search/
INFO: [ app_init ] --START--
INFO: Run Behavior\BuildLiteBehavior [ RunTime:0.000024s ]
INFO: [ app_init ] --END-- [ RunTime:0.000528s ]
INFO: [ app_begin ] --START--
INFO: Run Behavior\ReadHtmlCacheBehavior [ RunTime:0.000565s ]
INFO: [ app_begin ] --END-- [ RunTime:0.000680s ]
NOTIC: [8] Undefined index: id F:\Demo\project2.1\App\Home\Controller\SearchController.class.php 第 91 行.
SQL: SHOW COLUMNS FROM `p_user` [ RunTime:0.0032s ]
SQL: SELECT * FROM `p_user` WHERE `ID` = null  [ RunTime:0.0003s ]
NOTIC: [8] Undefined offset: 0 F:\Demo\project2.1\App\Home\Controller\SearchController.class.php 第 93 行.
NOTIC: [8] Undefined index: id F:\Demo\project2.1\App\Home\Controller\SearchController.class.php 第 94 行.

[ 2015-12-21T09:12:27+08:00 ] ::1 /project2.1/index.php/Home/File/ShowFile
INFO: [ app_init ] --START--
INFO: Run Behavior\BuildLiteBehavior [ RunTime:0.000027s ]
INFO: [ app_init ] --END-- [ RunTime:0.000604s ]
INFO: [ app_begin ] --START--
INFO: Run Behavior\ReadHtmlCacheBehavior [ RunTime:0.000662s ]
INFO: [ app_begin ] --END-- [ RunTime:0.000837s ]
NOTIC: [8] Undefined index: id F:\Demo\project2.1\App\Home\Controller\FileController.class.php 第 95 行.
SQL: SHOW COLUMNS FROM `p_user` [ RunTime:0.0036s ]
SQL: SELECT * FROM `p_user` WHERE `ID` = null  [ RunTime:0.0004s ]
NOTIC: [8] Undefined offset: 0 F:\Demo\project2.1\App\Home\Controller\FileController.class.php 第 97 行.
NOTIC: [8] Undefined index: id F:\Demo\project2.1\App\Home\Controller\FileController.class.php 第 98 行.

[ 2015-12-21T09:12:28+08:00 ] ::1 /project2.1/index.php/Home/Video/index
INFO: [ app_init ] --START--
INFO: Run Behavior\BuildLiteBehavior [ RunTime:0.000027s ]
INFO: [ app_init ] --END-- [ RunTime:0.000688s ]
INFO: [ app_begin ] --START--
INFO: Run Behavior\ReadHtmlCacheBehavior [ RunTime:0.000758s ]
INFO: [ app_begin ] --END-- [ RunTime:0.000875s ]
NOTIC: [8] Undefined index: id F:\Demo\project2.1\App\Home\Controller\VideoController.class.php 第 202 行.
SQL: SHOW COLUMNS FROM `p_user` [ RunTime:0.0026s ]
SQL: SELECT * FROM `p_user` WHERE `ID` = null  [ RunTime:0.0002s ]
NOTIC: [8] Undefined offset: 0 F:\Demo\project2.1\App\Home\Controller\VideoController.class.php 第 204 行.
NOTIC: [8] Undefined index: id F:\Demo\project2.1\App\Home\Controller\VideoController.class.php 第 205 行.

[ 2015-12-21T09:12:28+08:00 ] ::1 /project2.1/index.php/Home/BBS
INFO: [ app_init ] --START--
INFO: Run Behavior\BuildLiteBehavior [ RunTime:0.000030s ]
INFO: [ app_init ] --END-- [ RunTime:0.000629s ]
INFO: [ app_begin ] --START--
INFO: Run Behavior\ReadHtmlCacheBehavior [ RunTime:0.000640s ]
INFO: [ app_begin ] --END-- [ RunTime:0.000750s ]
NOTIC: [8] Undefined index: id F:\Demo\project2.1\App\Home\Controller\BBSController.class.php 第 177 行.
SQL: SHOW COLUMNS FROM `p_user` [ RunTime:0.0030s ]
SQL: SELECT * FROM `p_user` WHERE `ID` = null  [ RunTime:0.0003s ]
NOTIC: [8] Undefined offset: 0 F:\Demo\project2.1\App\Home\Controller\BBSController.class.php 第 179 行.
NOTIC: [8] Undefined index: id F:\Demo\project2.1\App\Home\Controller\BBSController.class.php 第 180 行.

[ 2015-12-21T09:12:29+08:00 ] ::1 /project2.1/index.php/Home/User/Userhome
INFO: [ app_init ] --START--
INFO: Run Behavior\BuildLiteBehavior [ RunTime:0.000024s ]
INFO: [ app_init ] --END-- [ RunTime:0.000587s ]
INFO: [ app_begin ] --START--
INFO: Run Behavior\ReadHtmlCacheBehavior [ RunTime:0.000604s ]
INFO: [ app_begin ] --END-- [ RunTime:0.000714s ]
NOTIC: [8] Undefined index: id F:\Demo\project2.1\App\Home\Controller\UserController.class.php 第 141 行.

[ 2015-12-21T09:12:29+08:00 ] ::1 /project2.1/index.php/Home/Main/Maindown
INFO: [ app_init ] --START--
INFO: Run Behavior\BuildLiteBehavior [ RunTime:0.000027s ]
INFO: [ app_init ] --END-- [ RunTime:0.000623s ]
INFO: [ app_begin ] --START--
INFO: Run Behavior\ReadHtmlCacheBehavior [ RunTime:0.000803s ]
INFO: [ app_begin ] --END-- [ RunTime:0.000947s ]
NOTIC: [8] Undefined index: id F:\Demo\project2.1\App\Home\Controller\MainController.class.php 第 34 行.
SQL: SHOW COLUMNS FROM `p_user` [ RunTime:0.0028s ]
SQL: SELECT * FROM `p_user` WHERE `ID` = null  [ RunTime:0.0003s ]
NOTIC: [8] Undefined offset: 0 F:\Demo\project2.1\App\Home\Controller\MainController.class.php 第 36 行.
NOTIC: [8] Undefined offset: 0 F:\Demo\project2.1\App\Home\Controller\MainController.class.php 第 38 行.
INFO: [ view_parse ] --START--
INFO: [ template_filter ] --START--
INFO: Run Behavior\ContentReplaceBehavior [ RunTime:0.000067s ]
INFO: [ template_filter ] --END-- [ RunTime:0.000172s ]
INFO: Run Behavior\ParseTemplateBehavior [ RunTime:0.006383s ]
INFO: [ view_parse ] --END-- [ RunTime:0.006507s ]
INFO: [ view_filter ] --START--
INFO: Run Behavior\WriteHtmlCacheBehavior [ RunTime:0.000371s ]
INFO: [ view_filter ] --END-- [ RunTime:0.000451s ]
INFO: [ app_end ] --START--
INFO: Run Behavior\ShowPageTraceBehavior [ RunTime:0.000718s ]
INFO: [ app_end ] --END-- [ RunTime:0.000814s ]

[ 2015-12-21T09:12:30+08:00 ] ::1 /project2.1/index.php/Home/User/Userhome
INFO: [ app_init ] --START--
INFO: Run Behavior\BuildLiteBehavior [ RunTime:0.000026s ]
INFO: [ app_init ] --END-- [ RunTime:0.000603s ]
INFO: [ app_begin ] --START--
INFO: Run Behavior\ReadHtmlCacheBehavior [ RunTime:0.000645s ]
INFO: [ app_begin ] --END-- [ RunTime:0.000754s ]
NOTIC: [8] Undefined index: id F:\Demo\project2.1\App\Home\Controller\UserController.class.php 第 141 行.

[ 2015-12-21T09:12:30+08:00 ] ::1 /project2.1/index.php/Home/BBS
INFO: [ app_init ] --START--
INFO: Run Behavior\BuildLiteBehavior [ RunTime:0.000040s ]
INFO: [ app_init ] --END-- [ RunTime:0.000786s ]
INFO: [ app_begin ] --START--
INFO: Run Behavior\ReadHtmlCacheBehavior [ RunTime:0.000850s ]
INFO: [ app_begin ] --END-- [ RunTime:0.001023s ]
NOTIC: [8] Undefined index: id F:\Demo\project2.1\App\Home\Controller\BBSController.class.php 第 177 行.
SQL: SHOW COLUMNS FROM `p_user` [ RunTime:0.0063s ]
SQL: SELECT * FROM `p_user` WHERE `ID` = null  [ RunTime:0.0004s ]
NOTIC: [8] Undefined offset: 0 F:\Demo\project2.1\App\Home\Controller\BBSController.class.php 第 179 行.
NOTIC: [8] Undefined index: id F:\Demo\project2.1\App\Home\Controller\BBSController.class.php 第 180 行.

[ 2015-12-21T09:12:30+08:00 ] ::1 /project2.1/index.php/Home/File/ShowFile
INFO: [ app_init ] --START--
INFO: Run Behavior\BuildLiteBehavior [ RunTime:0.000045s ]
INFO: [ app_init ] --END-- [ RunTime:0.000935s ]
INFO: [ app_begin ] --START--
INFO: Run Behavior\ReadHtmlCacheBehavior [ RunTime:0.001163s ]
INFO: [ app_begin ] --END-- [ RunTime:0.001427s ]
NOTIC: [8] Undefined index: id F:\Demo\project2.1\App\Home\Controller\FileController.class.php 第 95 行.
SQL: SHOW COLUMNS FROM `p_user` [ RunTime:0.0032s ]
SQL: SELECT * FROM `p_user` WHERE `ID` = null  [ RunTime:0.0002s ]
NOTIC: [8] Undefined offset: 0 F:\Demo\project2.1\App\Home\Controller\FileController.class.php 第 97 行.
NOTIC: [8] Undefined index: id F:\Demo\project2.1\App\Home\Controller\FileController.class.php 第 98 行.

[ 2015-12-21T09:12:31+08:00 ] ::1 /project2.1/index.php/Home/Main/Maindown
INFO: [ app_init ] --START--
INFO: Run Behavior\BuildLiteBehavior [ RunTime:0.000024s ]
INFO: [ app_init ] --END-- [ RunTime:0.000581s ]
INFO: [ app_begin ] --START--
INFO: Run Behavior\ReadHtmlCacheBehavior [ RunTime:0.000565s ]
INFO: [ app_begin ] --END-- [ RunTime:0.000669s ]
NOTIC: [8] Undefined index: id F:\Demo\project2.1\App\Home\Controller\MainController.class.php 第 34 行.
SQL: SHOW COLUMNS FROM `p_user` [ RunTime:0.0027s ]
SQL: SELECT * FROM `p_user` WHERE `ID` = null  [ RunTime:0.0002s ]
NOTIC: [8] Undefined offset: 0 F:\Demo\project2.1\App\Home\Controller\MainController.class.php 第 36 行.
NOTIC: [8] Undefined offset: 0 F:\Demo\project2.1\App\Home\Controller\MainController.class.php 第 38 行.
INFO: [ view_parse ] --START--
INFO: [ template_filter ] --START--
INFO: Run Behavior\ContentReplaceBehavior [ RunTime:0.000084s ]
INFO: [ template_filter ] --END-- [ RunTime:0.000279s ]
INFO: Run Behavior\ParseTemplateBehavior [ RunTime:0.008166s ]
INFO: [ view_parse ] --END-- [ RunTime:0.008301s ]
INFO: [ view_filter ] --START--
INFO: Run Behavior\WriteHtmlCacheBehavior [ RunTime:0.000366s ]
INFO: [ view_filter ] --END-- [ RunTime:0.000447s ]
INFO: [ app_end ] --START--
INFO: Run Behavior\ShowPageTraceBehavior [ RunTime:0.000743s ]
INFO: [ app_end ] --END-- [ RunTime:0.000838s ]

[ 2015-12-21T09:12:32+08:00 ] ::1 /project2.1/index.php/Home/Game/index
INFO: [ app_init ] --START--
INFO: Run Behavior\BuildLiteBehavior [ RunTime:0.000027s ]
INFO: [ app_init ] --END-- [ RunTime:0.000555s ]
INFO: [ app_begin ] --START--
INFO: Run Behavior\ReadHtmlCacheBehavior [ RunTime:0.000647s ]
INFO: [ app_begin ] --END-- [ RunTime:0.000797s ]
INFO: [ view_parse ] --START--
INFO: [ template_filter ] --START--
INFO: Run Behavior\ContentReplaceBehavior [ RunTime:0.000098s ]
INFO: [ template_filter ] --END-- [ RunTime:0.000254s ]
INFO: Run Behavior\ParseTemplateBehavior [ RunTime:0.008283s ]
INFO: [ view_parse ] --END-- [ RunTime:0.008419s ]
INFO: [ view_filter ] --START--
INFO: Run Behavior\WriteHtmlCacheBehavior [ RunTime:0.000434s ]
INFO: [ view_filter ] --END-- [ RunTime:0.000534s ]
INFO: [ app_end ] --START--
INFO: Run Behavior\ShowPageTraceBehavior [ RunTime:0.000771s ]
INFO: [ app_end ] --END-- [ RunTime:0.000873s ]

[ 2015-12-21T09:15:12+08:00 ] ::1 /project2.1/index.php/Home/Main/Maindown
INFO: [ app_init ] --START--
INFO: Run Behavior\BuildLiteBehavior [ RunTime:0.000025s ]
INFO: [ app_init ] --END-- [ RunTime:0.000645s ]
INFO: [ app_begin ] --START--
INFO: Run Behavior\ReadHtmlCacheBehavior [ RunTime:0.000736s ]
INFO: [ app_begin ] --END-- [ RunTime:0.000856s ]
NOTIC: [8] Undefined index: id F:\Demo\project2.1\App\Home\Controller\MainController.class.php 第 34 行.
SQL: SHOW COLUMNS FROM `p_user` [ RunTime:0.0032s ]
SQL: SELECT * FROM `p_user` WHERE `ID` = null  [ RunTime:0.0003s ]
NOTIC: [8] Undefined offset: 0 F:\Demo\project2.1\App\Home\Controller\MainController.class.php 第 36 行.
NOTIC: [8] Undefined offset: 0 F:\Demo\project2.1\App\Home\Controller\MainController.class.php 第 38 行.
INFO: [ view_parse ] --START--
INFO: [ template_filter ] --START--
INFO: Run Behavior\ContentReplaceBehavior [ RunTime:0.000066s ]
INFO: [ template_filter ] --END-- [ RunTime:0.000191s ]
INFO: Run Behavior\ParseTemplateBehavior [ RunTime:0.006377s ]
INFO: [ view_parse ] --END-- [ RunTime:0.006530s ]
INFO: [ view_filter ] --START--
INFO: Run Behavior\WriteHtmlCacheBehavior [ RunTime:0.000518s ]
INFO: [ view_filter ] --END-- [ RunTime:0.000605s ]
INFO: [ app_end ] --START--
INFO: Run Behavior\ShowPageTraceBehavior [ RunTime:0.000943s ]
INFO: [ app_end ] --END-- [ RunTime:0.001044s ]

