[ 2015-12-10T00:06:19+08:00 ] ::1 /project2.1/index.php/Home/Main/Maindown
INFO: [ app_init ] --START--
INFO: Run Behavior\BuildLiteBehavior [ RunTime:0.000028s ]
INFO: [ app_init ] --END-- [ RunTime:0.008861s ]
INFO: [ app_begin ] --START--
INFO: Run Behavior\ReadHtmlCacheBehavior [ RunTime:0.005588s ]
INFO: [ app_begin ] --END-- [ RunTime:0.005726s ]
SQL: SHOW COLUMNS FROM `p_user` [ RunTime:0.0797s ]
SQL: SELECT * FROM `p_user` WHERE `ID` = '565c4ac30a604'  [ RunTime:0.0170s ]
INFO: [ view_parse ] --START--
INFO: [ template_filter ] --START--
INFO: Run Behavior\ContentReplaceBehavior [ RunTime:0.000070s ]
INFO: [ template_filter ] --END-- [ RunTime:0.000183s ]
INFO: Run Behavior\ParseTemplateBehavior [ RunTime:0.079910s ]
INFO: [ view_parse ] --END-- [ RunTime:0.080055s ]
INFO: [ view_filter ] --START--
INFO: Run Behavior\WriteHtmlCacheBehavior [ RunTime:0.016058s ]
INFO: [ view_filter ] --END-- [ RunTime:0.016173s ]
INFO: [ app_end ] --START--
INFO: Run Behavior\ShowPageTraceBehavior [ RunTime:0.008473s ]
INFO: [ app_end ] --END-- [ RunTime:0.008591s ]

[ 2015-12-10T00:06:26+08:00 ] ::1 /project2.1/index.php/Home/File/ShowFile
INFO: [ app_init ] --START--
INFO: Run Behavior\BuildLiteBehavior [ RunTime:0.000023s ]
INFO: [ app_init ] --END-- [ RunTime:0.000444s ]
INFO: [ app_begin ] --START--
INFO: Run Behavior\ReadHtmlCacheBehavior [ RunTime:0.000486s ]
INFO: [ app_begin ] --END-- [ RunTime:0.000577s ]
SQL: SHOW COLUMNS FROM `p_user` [ RunTime:0.0030s ]
SQL: SELECT * FROM `p_user` WHERE `ID` = '565c4ac30a604'  [ RunTime:0.0003s ]
SQL: SELECT * FROM `p_user` WHERE `ID` = '565c4ac30a604'  [ RunTime:0.0002s ]
SQL: SHOW COLUMNS FROM `p_file` [ RunTime:0.0580s ]
SQL: SELECT COUNT(*) AS tp_count FROM `p_file` LIMIT 1   [ RunTime:0.0270s ]
NOTIC: [8] Undefined variable: where F:\Demo\project2.1\App\Home\Controller\FileController.class.php 第 48 行.
NOTIC: [8] Undefined variable: where F:\Demo\project2.1\App\Home\Controller\FileController.class.php 第 49 行.
SQL: SELECT * FROM `p_file` LIMIT 0,10   [ RunTime:0.0003s ]
INFO: [ view_parse ] --START--
INFO: [ template_filter ] --START--
INFO: Run Behavior\ContentReplaceBehavior [ RunTime:0.000068s ]
INFO: [ template_filter ] --END-- [ RunTime:0.000169s ]
INFO: Run Behavior\ParseTemplateBehavior [ RunTime:0.034025s ]
INFO: [ view_parse ] --END-- [ RunTime:0.034204s ]
INFO: [ view_filter ] --START--
INFO: Run Behavior\WriteHtmlCacheBehavior [ RunTime:0.000391s ]
INFO: [ view_filter ] --END-- [ RunTime:0.000482s ]
INFO: [ app_end ] --START--
INFO: Run Behavior\ShowPageTraceBehavior [ RunTime:0.000598s ]
INFO: [ app_end ] --END-- [ RunTime:0.000691s ]

[ 2015-12-10T00:06:36+08:00 ] ::1 /project2.1/index.php/Home/Main/Maindown
INFO: [ app_init ] --START--
INFO: Run Behavior\BuildLiteBehavior [ RunTime:0.000042s ]
INFO: [ app_init ] --END-- [ RunTime:0.000877s ]
INFO: [ app_begin ] --START--
INFO: Run Behavior\ReadHtmlCacheBehavior [ RunTime:0.000572s ]
INFO: [ app_begin ] --END-- [ RunTime:0.000679s ]
SQL: SHOW COLUMNS FROM `p_user` [ RunTime:0.0047s ]
SQL: SELECT * FROM `p_user` WHERE `ID` = '565c4ac30a604'  [ RunTime:0.0003s ]
INFO: [ view_parse ] --START--
INFO: [ template_filter ] --START--
INFO: Run Behavior\ContentReplaceBehavior [ RunTime:0.000062s ]
INFO: [ template_filter ] --END-- [ RunTime:0.000165s ]
INFO: Run Behavior\ParseTemplateBehavior [ RunTime:0.005575s ]
INFO: [ view_parse ] --END-- [ RunTime:0.005699s ]
INFO: [ view_filter ] --START--
INFO: Run Behavior\WriteHtmlCacheBehavior [ RunTime:0.000328s ]
INFO: [ view_filter ] --END-- [ RunTime:0.000412s ]
INFO: [ app_end ] --START--
INFO: Run Behavior\ShowPageTraceBehavior [ RunTime:0.000521s ]
INFO: [ app_end ] --END-- [ RunTime:0.000607s ]

[ 2015-12-10T10:52:33+08:00 ] ::1 /project2.1/index.php
INFO: [ app_init ] --START--
INFO: Run Behavior\BuildLiteBehavior [ RunTime:0.000109s ]
INFO: [ app_init ] --END-- [ RunTime:0.002152s ]
INFO: [ app_begin ] --START--
INFO: Run Behavior\ReadHtmlCacheBehavior [ RunTime:0.012416s ]
INFO: [ app_begin ] --END-- [ RunTime:0.012806s ]
NOTIC: [8] Undefined index: id F:\Demo\project2.1\App\Home\Controller\MainController.class.php 第 7 行.
SQL: SHOW COLUMNS FROM `p_signin` [ RunTime:0.0056s ]
SQL: SELECT COUNT(*) AS tp_count FROM `p_signin` WHERE `TIME` = '2015-12-10' LIMIT 1   [ RunTime:0.0005s ]
NOTIC: [8] Undefined variable: signid F:\Demo\project2.1\App\Home\Controller\MainController.class.php 第 27 行.
NOTIC: [8] Undefined variable: root F:\Demo\project2.1\App\Home\Controller\MainController.class.php 第 29 行.
INFO: [ view_parse ] --START--
INFO: [ template_filter ] --START--
INFO: Run Behavior\ContentReplaceBehavior [ RunTime:0.000071s ]
INFO: [ template_filter ] --END-- [ RunTime:0.000194s ]
NOTIC: [8] A session had already been started - ignoring session_start() F:\Demo\project2.1\App\Runtime\Cache\Home\ea340386924792ccc65576071a30eec1.php 第 11 行.
INFO: Run Behavior\ParseTemplateBehavior [ RunTime:0.083141s ]
INFO: [ view_parse ] --END-- [ RunTime:0.083323s ]
INFO: [ view_filter ] --START--
INFO: Run Behavior\WriteHtmlCacheBehavior [ RunTime:0.015896s ]
INFO: [ view_filter ] --END-- [ RunTime:0.016038s ]
INFO: [ app_end ] --START--
INFO: Run Behavior\ShowPageTraceBehavior [ RunTime:0.001945s ]
INFO: [ app_end ] --END-- [ RunTime:0.002078s ]

[ 2015-12-10T10:52:33+08:00 ] ::1 /project2.1/index.php/Home/Main/Maindown
INFO: [ app_init ] --START--
INFO: Run Behavior\BuildLiteBehavior [ RunTime:0.000020s ]
INFO: [ app_init ] --END-- [ RunTime:0.000540s ]
INFO: [ app_begin ] --START--
INFO: Run Behavior\ReadHtmlCacheBehavior [ RunTime:0.000577s ]
INFO: [ app_begin ] --END-- [ RunTime:0.000667s ]
NOTIC: [8] Undefined index: id F:\Demo\project2.1\App\Home\Controller\MainController.class.php 第 34 行.
SQL: SHOW COLUMNS FROM `p_user` [ RunTime:0.0031s ]
SQL: SELECT * FROM `p_user` WHERE `ID` = null  [ RunTime:0.0003s ]
NOTIC: [8] Undefined offset: 0 F:\Demo\project2.1\App\Home\Controller\MainController.class.php 第 36 行.
NOTIC: [8] Undefined offset: 0 F:\Demo\project2.1\App\Home\Controller\MainController.class.php 第 38 行.
INFO: [ view_parse ] --START--
INFO: [ template_filter ] --START--
INFO: Run Behavior\ContentReplaceBehavior [ RunTime:0.000121s ]
INFO: [ template_filter ] --END-- [ RunTime:0.000256s ]
INFO: Run Behavior\ParseTemplateBehavior [ RunTime:0.028447s ]
INFO: [ view_parse ] --END-- [ RunTime:0.028597s ]
INFO: [ view_filter ] --START--
INFO: Run Behavior\WriteHtmlCacheBehavior [ RunTime:0.000515s ]
INFO: [ view_filter ] --END-- [ RunTime:0.000618s ]
INFO: [ app_end ] --START--
INFO: Run Behavior\ShowPageTraceBehavior [ RunTime:0.000518s ]
INFO: [ app_end ] --END-- [ RunTime:0.000618s ]

[ 2015-12-10T10:52:36+08:00 ] ::1 /project2.1/index.php/Home/User/Login
INFO: [ app_init ] --START--
INFO: Run Behavior\BuildLiteBehavior [ RunTime:0.000023s ]
INFO: [ app_init ] --END-- [ RunTime:0.000552s ]
INFO: [ app_begin ] --START--
INFO: Run Behavior\ReadHtmlCacheBehavior [ RunTime:0.000606s ]
INFO: [ app_begin ] --END-- [ RunTime:0.000719s ]
NOTIC: [8] A session had already been started - ignoring session_start() F:\Demo\project2.1\App\Home\Controller\UserController.class.php 第 35 行.
INFO: [ view_parse ] --START--
INFO: [ template_filter ] --START--
INFO: Run Behavior\ContentReplaceBehavior [ RunTime:0.000061s ]
INFO: [ template_filter ] --END-- [ RunTime:0.000177s ]
INFO: Run Behavior\ParseTemplateBehavior [ RunTime:0.048116s ]
INFO: [ view_parse ] --END-- [ RunTime:0.048275s ]
INFO: [ view_filter ] --START--
INFO: Run Behavior\WriteHtmlCacheBehavior [ RunTime:0.000616s ]
INFO: [ view_filter ] --END-- [ RunTime:0.000720s ]
INFO: [ app_end ] --START--
INFO: Run Behavior\ShowPageTraceBehavior [ RunTime:0.000678s ]
INFO: [ app_end ] --END-- [ RunTime:0.000766s ]

[ 2015-12-10T10:52:42+08:00 ] ::1 /project2.1/index.php/Home/User/Logins
INFO: [ app_init ] --START--
INFO: Run Behavior\BuildLiteBehavior [ RunTime:0.000026s ]
INFO: [ app_init ] --END-- [ RunTime:0.000669s ]
INFO: [ app_begin ] --START--
INFO: Run Behavior\ReadHtmlCacheBehavior [ RunTime:0.000695s ]
INFO: [ app_begin ] --END-- [ RunTime:0.000857s ]
SQL: SHOW COLUMNS FROM `p_user` [ RunTime:0.0041s ]
SQL: SELECT * FROM `p_user` WHERE `USERNAME` = '温志远' AND `PASSWORD` = '202cb962ac59075b964b07152d234b70'  [ RunTime:0.0643s ]
SQL: SELECT `ID` FROM `p_user` WHERE `USERNAME` = '温志远' AND `PASSWORD` = '202cb962ac59075b964b07152d234b70' LIMIT 1   [ RunTime:0.0002s ]
SQL: SHOW COLUMNS FROM `p_signin` [ RunTime:0.0031s ]
SQL: SELECT COUNT(*) AS tp_count FROM `p_signin` WHERE `TIME` = '2015-12-10' LIMIT 1   [ RunTime:0.0002s ]
SQL: SELECT * FROM `p_user` WHERE `ID` = '565c4ac30a604'  [ RunTime:0.0002s ]
SQL: SELECT * FROM `p_signin` WHERE `TIME` = '2015-12-10' AND `USERID` = '565c4ac30a604'  [ RunTime:0.0002s ]
INFO: [ view_parse ] --START--
INFO: [ template_filter ] --START--
INFO: Run Behavior\ContentReplaceBehavior [ RunTime:0.000069s ]
INFO: [ template_filter ] --END-- [ RunTime:0.000165s ]
NOTIC: [8] A session had already been started - ignoring session_start() F:\Demo\project2.1\App\Runtime\Cache\Home\ea340386924792ccc65576071a30eec1.php 第 11 行.
INFO: Run Behavior\ParseTemplateBehavior [ RunTime:0.006802s ]
INFO: [ view_parse ] --END-- [ RunTime:0.006911s ]
INFO: [ view_filter ] --START--
INFO: Run Behavior\WriteHtmlCacheBehavior [ RunTime:0.000396s ]
INFO: [ view_filter ] --END-- [ RunTime:0.000478s ]
INFO: [ app_end ] --START--
INFO: Run Behavior\ShowPageTraceBehavior [ RunTime:0.000671s ]
INFO: [ app_end ] --END-- [ RunTime:0.000793s ]

[ 2015-12-10T10:52:44+08:00 ] ::1 /project2.1/index.php/Home/Main/Maindown
INFO: [ app_init ] --START--
INFO: Run Behavior\BuildLiteBehavior [ RunTime:0.000021s ]
INFO: [ app_init ] --END-- [ RunTime:0.000677s ]
INFO: [ app_begin ] --START--
INFO: Run Behavior\ReadHtmlCacheBehavior [ RunTime:0.000620s ]
INFO: [ app_begin ] --END-- [ RunTime:0.000717s ]
SQL: SHOW COLUMNS FROM `p_user` [ RunTime:0.0035s ]
SQL: SELECT * FROM `p_user` WHERE `ID` = '565c4ac30a604'  [ RunTime:0.0003s ]
INFO: [ view_parse ] --START--
INFO: [ template_filter ] --START--
INFO: Run Behavior\ContentReplaceBehavior [ RunTime:0.000058s ]
INFO: [ template_filter ] --END-- [ RunTime:0.000157s ]
INFO: Run Behavior\ParseTemplateBehavior [ RunTime:0.007062s ]
INFO: [ view_parse ] --END-- [ RunTime:0.007165s ]
INFO: [ view_filter ] --START--
INFO: Run Behavior\WriteHtmlCacheBehavior [ RunTime:0.000480s ]
INFO: [ view_filter ] --END-- [ RunTime:0.000567s ]
INFO: [ app_end ] --START--
INFO: Run Behavior\ShowPageTraceBehavior [ RunTime:0.000727s ]
INFO: [ app_end ] --END-- [ RunTime:0.000831s ]

[ 2015-12-10T10:52:47+08:00 ] ::1 /project2.1/index.php/Home/BBS/index
INFO: [ app_init ] --START--
INFO: Run Behavior\BuildLiteBehavior [ RunTime:0.000034s ]
INFO: [ app_init ] --END-- [ RunTime:0.000756s ]
INFO: [ app_begin ] --START--
INFO: Run Behavior\ReadHtmlCacheBehavior [ RunTime:0.000828s ]
INFO: [ app_begin ] --END-- [ RunTime:0.001020s ]
SQL: SHOW COLUMNS FROM `p_user` [ RunTime:0.0032s ]
SQL: SELECT * FROM `p_user` WHERE `ID` = '565c4ac30a604'  [ RunTime:0.0003s ]
SQL: SELECT * FROM `p_user` WHERE `ID` = '565c4ac30a604'  [ RunTime:0.0002s ]
SQL: SHOW COLUMNS FROM `p_bbs1` [ RunTime:0.0269s ]
SQL: SELECT * FROM `p_bbs1` WHERE `CONDITION` = 0  [ RunTime:0.0130s ]
INFO: [ view_parse ] --START--
INFO: [ template_filter ] --START--
INFO: Run Behavior\ContentReplaceBehavior [ RunTime:0.000061s ]
INFO: [ template_filter ] --END-- [ RunTime:0.000167s ]
INFO: Run Behavior\ParseTemplateBehavior [ RunTime:0.030636s ]
INFO: [ view_parse ] --END-- [ RunTime:0.030773s ]
INFO: [ view_filter ] --START--
INFO: Run Behavior\WriteHtmlCacheBehavior [ RunTime:0.000530s ]
INFO: [ view_filter ] --END-- [ RunTime:0.000638s ]
INFO: [ app_end ] --START--
INFO: Run Behavior\ShowPageTraceBehavior [ RunTime:0.000679s ]
INFO: [ app_end ] --END-- [ RunTime:0.000773s ]

[ 2015-12-10T10:52:48+08:00 ] ::1 /project2.1/index.php/Home/BBS/Creat2?id=6
INFO: [ app_init ] --START--
INFO: Run Behavior\BuildLiteBehavior [ RunTime:0.000027s ]
INFO: [ app_init ] --END-- [ RunTime:0.000732s ]
INFO: [ app_begin ] --START--
INFO: Run Behavior\ReadHtmlCacheBehavior [ RunTime:0.000719s ]
INFO: [ app_begin ] --END-- [ RunTime:0.000832s ]
SQL: SHOW COLUMNS FROM `p_user` [ RunTime:0.0031s ]
SQL: SELECT * FROM `p_user` WHERE `ID` = '565c4ac30a604'  [ RunTime:0.0003s ]
SQL: SELECT * FROM `p_user` WHERE `ID` = '565c4ac30a604'  [ RunTime:0.0002s ]
SQL: SHOW COLUMNS FROM `p_bbs1` [ RunTime:0.0030s ]
SQL: SELECT * FROM `p_bbs1` WHERE `ID` = 6  [ RunTime:0.0003s ]
SQL: SHOW COLUMNS FROM `p_bbs2` [ RunTime:0.1597s ]
SQL: SELECT * FROM `p_bbs2` WHERE `FID` = 6 AND `CONDITION` = 0  [ RunTime:0.0003s ]
INFO: [ view_parse ] --START--
INFO: [ template_filter ] --START--
INFO: Run Behavior\ContentReplaceBehavior [ RunTime:0.000062s ]
INFO: [ template_filter ] --END-- [ RunTime:0.000151s ]
NOTIC: [8] Undefined variable: data1 F:\Demo\project2.1\App\Runtime\Cache\Home\12a0bcefce4b9d2f89bc6ecf3801c6e0.php 第 30 行.
INFO: Run Behavior\ParseTemplateBehavior [ RunTime:0.030662s ]
INFO: [ view_parse ] --END-- [ RunTime:0.030772s ]
INFO: [ view_filter ] --START--
INFO: Run Behavior\WriteHtmlCacheBehavior [ RunTime:0.000546s ]
INFO: [ view_filter ] --END-- [ RunTime:0.000645s ]
INFO: [ app_end ] --START--
INFO: Run Behavior\ShowPageTraceBehavior [ RunTime:0.000687s ]
INFO: [ app_end ] --END-- [ RunTime:0.000776s ]

[ 2015-12-10T10:53:01+08:00 ] ::1 /project2.1/index.php/Home/BBS/Creat2Next?id=6
INFO: [ app_init ] --START--
INFO: Run Behavior\BuildLiteBehavior [ RunTime:0.000024s ]
INFO: [ app_init ] --END-- [ RunTime:0.000511s ]
INFO: [ app_begin ] --START--
INFO: Run Behavior\ReadHtmlCacheBehavior [ RunTime:0.000645s ]
INFO: [ app_begin ] --END-- [ RunTime:0.000748s ]
SQL: SHOW COLUMNS FROM `p_user` [ RunTime:0.0124s ]
SQL: SELECT * FROM `p_user` WHERE `ID` = '565c4ac30a604'  [ RunTime:0.0004s ]
SQL: SELECT * FROM `p_user` WHERE `ID` = '565c4ac30a604'  [ RunTime:0.0002s ]
SQL: SHOW COLUMNS FROM `p_bbs2` [ RunTime:0.0033s ]
SQL: INSERT INTO `p_bbs2` (`FID`,`USERNAME`,`WORDS`,`TIME`) VALUES ('6','温志远','echo \"123\";','2015-12-10 10:53:01') [ RunTime:0.0576s ]
SQL: SELECT * FROM `p_user` WHERE `ID` = '565c4ac30a604'  [ RunTime:0.0003s ]
SQL: SELECT * FROM `p_user` WHERE `ID` = '565c4ac30a604'  [ RunTime:0.0002s ]
SQL: SHOW COLUMNS FROM `p_bbs1` [ RunTime:0.0035s ]
SQL: SELECT * FROM `p_bbs1` WHERE `ID` = 6  [ RunTime:0.0003s ]
SQL: SELECT * FROM `p_bbs2` WHERE `FID` = 6 AND `CONDITION` = 0  [ RunTime:0.0002s ]
INFO: [ view_parse ] --START--
INFO: [ template_filter ] --START--
INFO: Run Behavior\ContentReplaceBehavior [ RunTime:0.000064s ]
INFO: [ template_filter ] --END-- [ RunTime:0.000167s ]
NOTIC: [8] Undefined variable: data1 F:\Demo\project2.1\App\Runtime\Cache\Home\12a0bcefce4b9d2f89bc6ecf3801c6e0.php 第 30 行.
INFO: Run Behavior\ParseTemplateBehavior [ RunTime:0.009730s ]
INFO: [ view_parse ] --END-- [ RunTime:0.009850s ]
INFO: [ view_filter ] --START--
INFO: Run Behavior\WriteHtmlCacheBehavior [ RunTime:0.000430s ]
INFO: [ view_filter ] --END-- [ RunTime:0.000514s ]
INFO: [ app_end ] --START--
INFO: Run Behavior\ShowPageTraceBehavior [ RunTime:0.000548s ]
INFO: [ app_end ] --END-- [ RunTime:0.000639s ]

[ 2015-12-10T10:53:06+08:00 ] ::1 /project2.1/index.php/Home/BBS/Delete1?id1=6&id2=15
INFO: [ app_init ] --START--
INFO: Run Behavior\BuildLiteBehavior [ RunTime:0.000025s ]
INFO: [ app_init ] --END-- [ RunTime:0.000571s ]
INFO: [ app_begin ] --START--
INFO: Run Behavior\ReadHtmlCacheBehavior [ RunTime:0.000691s ]
INFO: [ app_begin ] --END-- [ RunTime:0.000817s ]
SQL: SHOW COLUMNS FROM `p_user` [ RunTime:0.0046s ]
SQL: SELECT * FROM `p_user` WHERE `ID` = '565c4ac30a604'  [ RunTime:0.0003s ]
SQL: SELECT * FROM `p_user` WHERE `ID` = '565c4ac30a604'  [ RunTime:0.0002s ]
SQL: SHOW COLUMNS FROM `p_bbs2` [ RunTime:0.0031s ]
SQL: SELECT * FROM `p_bbs2` WHERE `ID` = 15 AND `FID` = 6  [ RunTime:0.0003s ]
SQL: DELETE FROM `p_bbs2` WHERE `ID` = 15 AND `FID` = 6 [ RunTime:0.0221s ]
SQL: SELECT * FROM `p_user` WHERE `ID` = '565c4ac30a604'  [ RunTime:0.0004s ]
SQL: SELECT * FROM `p_user` WHERE `ID` = '565c4ac30a604'  [ RunTime:0.0004s ]
SQL: SHOW COLUMNS FROM `p_bbs1` [ RunTime:0.0031s ]
SQL: SELECT * FROM `p_bbs1` WHERE `ID` = 6  [ RunTime:0.0003s ]
SQL: SELECT * FROM `p_bbs2` WHERE `FID` = 6 AND `CONDITION` = 0  [ RunTime:0.0002s ]
INFO: [ view_parse ] --START--
INFO: [ template_filter ] --START--
INFO: Run Behavior\ContentReplaceBehavior [ RunTime:0.000063s ]
INFO: [ template_filter ] --END-- [ RunTime:0.000199s ]
NOTIC: [8] Undefined variable: data1 F:\Demo\project2.1\App\Runtime\Cache\Home\12a0bcefce4b9d2f89bc6ecf3801c6e0.php 第 30 行.
INFO: Run Behavior\ParseTemplateBehavior [ RunTime:0.010422s ]
INFO: [ view_parse ] --END-- [ RunTime:0.010540s ]
INFO: [ view_filter ] --START--
INFO: Run Behavior\WriteHtmlCacheBehavior [ RunTime:0.000470s ]
INFO: [ view_filter ] --END-- [ RunTime:0.000550s ]
INFO: [ app_end ] --START--
INFO: Run Behavior\ShowPageTraceBehavior [ RunTime:0.000768s ]
INFO: [ app_end ] --END-- [ RunTime:0.000850s ]

[ 2015-12-10T10:55:19+08:00 ] ::1 /project2.1/index.php/Home/BBS/Creat2Next?id=6
INFO: [ app_init ] --START--
INFO: Run Behavior\BuildLiteBehavior [ RunTime:0.000027s ]
INFO: [ app_init ] --END-- [ RunTime:0.000793s ]
INFO: [ app_begin ] --START--
INFO: Run Behavior\ReadHtmlCacheBehavior [ RunTime:0.000772s ]
INFO: [ app_begin ] --END-- [ RunTime:0.000892s ]
SQL: SHOW COLUMNS FROM `p_user` [ RunTime:0.0035s ]
SQL: SELECT * FROM `p_user` WHERE `ID` = '565c4ac30a604'  [ RunTime:0.0003s ]
SQL: SELECT * FROM `p_user` WHERE `ID` = '565c4ac30a604'  [ RunTime:0.0003s ]
SQL: SHOW COLUMNS FROM `p_bbs2` [ RunTime:0.0035s ]
SQL: INSERT INTO `p_bbs2` (`FID`,`USERNAME`,`WORDS`,`TIME`) VALUES ('6','温志远','<a href=\"www.baidu.com\">123</a>','2015-12-10 10:55:19') [ RunTime:0.0172s ]
SQL: SELECT * FROM `p_user` WHERE `ID` = '565c4ac30a604'  [ RunTime:0.0003s ]
SQL: SELECT * FROM `p_user` WHERE `ID` = '565c4ac30a604'  [ RunTime:0.0002s ]
SQL: SHOW COLUMNS FROM `p_bbs1` [ RunTime:0.0035s ]
SQL: SELECT * FROM `p_bbs1` WHERE `ID` = 6  [ RunTime:0.0003s ]
SQL: SELECT * FROM `p_bbs2` WHERE `FID` = 6 AND `CONDITION` = 0  [ RunTime:0.0003s ]
INFO: [ view_parse ] --START--
INFO: [ template_filter ] --START--
INFO: Run Behavior\ContentReplaceBehavior [ RunTime:0.000074s ]
INFO: [ template_filter ] --END-- [ RunTime:0.000184s ]
NOTIC: [8] Undefined variable: data1 F:\Demo\project2.1\App\Runtime\Cache\Home\12a0bcefce4b9d2f89bc6ecf3801c6e0.php 第 30 行.
INFO: Run Behavior\ParseTemplateBehavior [ RunTime:0.011381s ]
INFO: [ view_parse ] --END-- [ RunTime:0.011528s ]
INFO: [ view_filter ] --START--
INFO: Run Behavior\WriteHtmlCacheBehavior [ RunTime:0.000713s ]
INFO: [ view_filter ] --END-- [ RunTime:0.000847s ]
INFO: [ app_end ] --START--
INFO: Run Behavior\ShowPageTraceBehavior [ RunTime:0.000814s ]
INFO: [ app_end ] --END-- [ RunTime:0.000918s ]

[ 2015-12-10T10:55:27+08:00 ] ::1 /project2.1/index.php/Home/BBS/Delete1?id1=6&id2=16
INFO: [ app_init ] --START--
INFO: Run Behavior\BuildLiteBehavior [ RunTime:0.000026s ]
INFO: [ app_init ] --END-- [ RunTime:0.000608s ]
INFO: [ app_begin ] --START--
INFO: Run Behavior\ReadHtmlCacheBehavior [ RunTime:0.000675s ]
INFO: [ app_begin ] --END-- [ RunTime:0.000788s ]
SQL: SHOW COLUMNS FROM `p_user` [ RunTime:0.0032s ]
SQL: SELECT * FROM `p_user` WHERE `ID` = '565c4ac30a604'  [ RunTime:0.0003s ]
SQL: SELECT * FROM `p_user` WHERE `ID` = '565c4ac30a604'  [ RunTime:0.0002s ]
SQL: SHOW COLUMNS FROM `p_bbs2` [ RunTime:0.0030s ]
SQL: SELECT * FROM `p_bbs2` WHERE `ID` = 16 AND `FID` = 6  [ RunTime:0.0003s ]
SQL: DELETE FROM `p_bbs2` WHERE `ID` = 16 AND `FID` = 6 [ RunTime:0.0166s ]
SQL: SELECT * FROM `p_user` WHERE `ID` = '565c4ac30a604'  [ RunTime:0.0003s ]
SQL: SELECT * FROM `p_user` WHERE `ID` = '565c4ac30a604'  [ RunTime:0.0002s ]
SQL: SHOW COLUMNS FROM `p_bbs1` [ RunTime:0.0030s ]
SQL: SELECT * FROM `p_bbs1` WHERE `ID` = 6  [ RunTime:0.0002s ]
SQL: SELECT * FROM `p_bbs2` WHERE `FID` = 6 AND `CONDITION` = 0  [ RunTime:0.0004s ]
INFO: [ view_parse ] --START--
INFO: [ template_filter ] --START--
INFO: Run Behavior\ContentReplaceBehavior [ RunTime:0.000063s ]
INFO: [ template_filter ] --END-- [ RunTime:0.000155s ]
NOTIC: [8] Undefined variable: data1 F:\Demo\project2.1\App\Runtime\Cache\Home\12a0bcefce4b9d2f89bc6ecf3801c6e0.php 第 30 行.
INFO: Run Behavior\ParseTemplateBehavior [ RunTime:0.009419s ]
INFO: [ view_parse ] --END-- [ RunTime:0.009529s ]
INFO: [ view_filter ] --START--
INFO: Run Behavior\WriteHtmlCacheBehavior [ RunTime:0.000470s ]
INFO: [ view_filter ] --END-- [ RunTime:0.000551s ]
INFO: [ app_end ] --START--
INFO: Run Behavior\ShowPageTraceBehavior [ RunTime:0.000607s ]
INFO: [ app_end ] --END-- [ RunTime:0.000701s ]

[ 2015-12-10T10:55:56+08:00 ] ::1 /project2.1/index.php/Home/BBS/Creat2Next?id=6
INFO: [ app_init ] --START--
INFO: Run Behavior\BuildLiteBehavior [ RunTime:0.000026s ]
INFO: [ app_init ] --END-- [ RunTime:0.000648s ]
INFO: [ app_begin ] --START--
INFO: Run Behavior\ReadHtmlCacheBehavior [ RunTime:0.000670s ]
INFO: [ app_begin ] --END-- [ RunTime:0.000804s ]
SQL: SHOW COLUMNS FROM `p_user` [ RunTime:0.0031s ]
SQL: SELECT * FROM `p_user` WHERE `ID` = '565c4ac30a604'  [ RunTime:0.0003s ]
SQL: SELECT * FROM `p_user` WHERE `ID` = '565c4ac30a604'  [ RunTime:0.0002s ]
SQL: SHOW COLUMNS FROM `p_bbs2` [ RunTime:0.0034s ]
SQL: INSERT INTO `p_bbs2` (`FID`,`USERNAME`,`WORDS`,`TIME`) VALUES ('6','温志远','<p> {$url1}</p>','2015-12-10 10:55:56') [ RunTime:0.0198s ]
SQL: SELECT * FROM `p_user` WHERE `ID` = '565c4ac30a604'  [ RunTime:0.0003s ]
SQL: SELECT * FROM `p_user` WHERE `ID` = '565c4ac30a604'  [ RunTime:0.0002s ]
SQL: SHOW COLUMNS FROM `p_bbs1` [ RunTime:0.0031s ]
SQL: SELECT * FROM `p_bbs1` WHERE `ID` = 6  [ RunTime:0.0002s ]
SQL: SELECT * FROM `p_bbs2` WHERE `FID` = 6 AND `CONDITION` = 0  [ RunTime:0.0002s ]
INFO: [ view_parse ] --START--
INFO: [ template_filter ] --START--
INFO: Run Behavior\ContentReplaceBehavior [ RunTime:0.000062s ]
INFO: [ template_filter ] --END-- [ RunTime:0.000158s ]
NOTIC: [8] Undefined variable: data1 F:\Demo\project2.1\App\Runtime\Cache\Home\12a0bcefce4b9d2f89bc6ecf3801c6e0.php 第 30 行.
INFO: Run Behavior\ParseTemplateBehavior [ RunTime:0.009250s ]
INFO: [ view_parse ] --END-- [ RunTime:0.009405s ]
INFO: [ view_filter ] --START--
INFO: Run Behavior\WriteHtmlCacheBehavior [ RunTime:0.000570s ]
INFO: [ view_filter ] --END-- [ RunTime:0.000670s ]
INFO: [ app_end ] --START--
INFO: Run Behavior\ShowPageTraceBehavior [ RunTime:0.000626s ]
INFO: [ app_end ] --END-- [ RunTime:0.000710s ]

[ 2015-12-10T10:55:58+08:00 ] ::1 /project2.1/index.php/Home/BBS/Delete1?id1=6&id2=17
INFO: [ app_init ] --START--
INFO: Run Behavior\BuildLiteBehavior [ RunTime:0.000029s ]
INFO: [ app_init ] --END-- [ RunTime:0.000636s ]
INFO: [ app_begin ] --START--
INFO: Run Behavior\ReadHtmlCacheBehavior [ RunTime:0.000679s ]
INFO: [ app_begin ] --END-- [ RunTime:0.000794s ]
SQL: SHOW COLUMNS FROM `p_user` [ RunTime:0.0039s ]
SQL: SELECT * FROM `p_user` WHERE `ID` = '565c4ac30a604'  [ RunTime:0.0003s ]
SQL: SELECT * FROM `p_user` WHERE `ID` = '565c4ac30a604'  [ RunTime:0.0002s ]
SQL: SHOW COLUMNS FROM `p_bbs2` [ RunTime:0.0031s ]
SQL: SELECT * FROM `p_bbs2` WHERE `ID` = 17 AND `FID` = 6  [ RunTime:0.0003s ]
SQL: DELETE FROM `p_bbs2` WHERE `ID` = 17 AND `FID` = 6 [ RunTime:0.0271s ]
SQL: SELECT * FROM `p_user` WHERE `ID` = '565c4ac30a604'  [ RunTime:0.0005s ]
SQL: SELECT * FROM `p_user` WHERE `ID` = '565c4ac30a604'  [ RunTime:0.0002s ]
SQL: SHOW COLUMNS FROM `p_bbs1` [ RunTime:0.0037s ]
SQL: SELECT * FROM `p_bbs1` WHERE `ID` = 6  [ RunTime:0.0003s ]
SQL: SELECT * FROM `p_bbs2` WHERE `FID` = 6 AND `CONDITION` = 0  [ RunTime:0.0002s ]
INFO: [ view_parse ] --START--
INFO: [ template_filter ] --START--
INFO: Run Behavior\ContentReplaceBehavior [ RunTime:0.000076s ]
INFO: [ template_filter ] --END-- [ RunTime:0.000190s ]
NOTIC: [8] Undefined variable: data1 F:\Demo\project2.1\App\Runtime\Cache\Home\12a0bcefce4b9d2f89bc6ecf3801c6e0.php 第 30 行.
INFO: Run Behavior\ParseTemplateBehavior [ RunTime:0.012124s ]
INFO: [ view_parse ] --END-- [ RunTime:0.012276s ]
INFO: [ view_filter ] --START--
INFO: Run Behavior\WriteHtmlCacheBehavior [ RunTime:0.000554s ]
INFO: [ view_filter ] --END-- [ RunTime:0.000664s ]
INFO: [ app_end ] --START--
INFO: Run Behavior\ShowPageTraceBehavior [ RunTime:0.000885s ]
INFO: [ app_end ] --END-- [ RunTime:0.000995s ]

[ 2015-12-10T10:56:23+08:00 ] ::1 /project2.1/index.php/Home/BBS/Creat2Next?id=6
INFO: [ app_init ] --START--
INFO: Run Behavior\BuildLiteBehavior [ RunTime:0.000022s ]
INFO: [ app_init ] --END-- [ RunTime:0.000454s ]
INFO: [ app_begin ] --START--
INFO: Run Behavior\ReadHtmlCacheBehavior [ RunTime:0.000516s ]
INFO: [ app_begin ] --END-- [ RunTime:0.000622s ]
SQL: SHOW COLUMNS FROM `p_user` [ RunTime:0.0032s ]
SQL: SELECT * FROM `p_user` WHERE `ID` = '565c4ac30a604'  [ RunTime:0.0003s ]
SQL: SELECT * FROM `p_user` WHERE `ID` = '565c4ac30a604'  [ RunTime:0.0002s ]
SQL: SHOW COLUMNS FROM `p_bbs2` [ RunTime:0.0031s ]
SQL: INSERT INTO `p_bbs2` (`FID`,`USERNAME`,`WORDS`,`TIME`) VALUES ('6','温志远','<php>$url1</php>','2015-12-10 10:56:23') [ RunTime:0.0037s ]
SQL: SELECT * FROM `p_user` WHERE `ID` = '565c4ac30a604'  [ RunTime:0.0003s ]
SQL: SELECT * FROM `p_user` WHERE `ID` = '565c4ac30a604'  [ RunTime:0.0003s ]
SQL: SHOW COLUMNS FROM `p_bbs1` [ RunTime:0.0030s ]
SQL: SELECT * FROM `p_bbs1` WHERE `ID` = 6  [ RunTime:0.0003s ]
SQL: SELECT * FROM `p_bbs2` WHERE `FID` = 6 AND `CONDITION` = 0  [ RunTime:0.0002s ]
INFO: [ view_parse ] --START--
INFO: [ template_filter ] --START--
INFO: Run Behavior\ContentReplaceBehavior [ RunTime:0.000062s ]
INFO: [ template_filter ] --END-- [ RunTime:0.000160s ]
NOTIC: [8] Undefined variable: data1 F:\Demo\project2.1\App\Runtime\Cache\Home\12a0bcefce4b9d2f89bc6ecf3801c6e0.php 第 30 行.
INFO: Run Behavior\ParseTemplateBehavior [ RunTime:0.009778s ]
INFO: [ view_parse ] --END-- [ RunTime:0.009887s ]
INFO: [ view_filter ] --START--
INFO: Run Behavior\WriteHtmlCacheBehavior [ RunTime:0.000513s ]
INFO: [ view_filter ] --END-- [ RunTime:0.000595s ]
INFO: [ app_end ] --START--
INFO: Run Behavior\ShowPageTraceBehavior [ RunTime:0.000857s ]
INFO: [ app_end ] --END-- [ RunTime:0.000940s ]

[ 2015-12-10T10:56:25+08:00 ] ::1 /project2.1/index.php/Home/BBS/Delete1?id1=6&id2=18
INFO: [ app_init ] --START--
INFO: Run Behavior\BuildLiteBehavior [ RunTime:0.000021s ]
INFO: [ app_init ] --END-- [ RunTime:0.000544s ]
INFO: [ app_begin ] --START--
INFO: Run Behavior\ReadHtmlCacheBehavior [ RunTime:0.000548s ]
INFO: [ app_begin ] --END-- [ RunTime:0.000648s ]
SQL: SHOW COLUMNS FROM `p_user` [ RunTime:0.0033s ]
SQL: SELECT * FROM `p_user` WHERE `ID` = '565c4ac30a604'  [ RunTime:0.0003s ]
SQL: SELECT * FROM `p_user` WHERE `ID` = '565c4ac30a604'  [ RunTime:0.0002s ]
SQL: SHOW COLUMNS FROM `p_bbs2` [ RunTime:0.0032s ]
SQL: SELECT * FROM `p_bbs2` WHERE `ID` = 18 AND `FID` = 6  [ RunTime:0.0003s ]
SQL: DELETE FROM `p_bbs2` WHERE `ID` = 18 AND `FID` = 6 [ RunTime:0.0592s ]
SQL: SELECT * FROM `p_user` WHERE `ID` = '565c4ac30a604'  [ RunTime:0.0003s ]
SQL: SELECT * FROM `p_user` WHERE `ID` = '565c4ac30a604'  [ RunTime:0.0002s ]
SQL: SHOW COLUMNS FROM `p_bbs1` [ RunTime:0.0039s ]
SQL: SELECT * FROM `p_bbs1` WHERE `ID` = 6  [ RunTime:0.0003s ]
SQL: SELECT * FROM `p_bbs2` WHERE `FID` = 6 AND `CONDITION` = 0  [ RunTime:0.0005s ]
INFO: [ view_parse ] --START--
INFO: [ template_filter ] --START--
INFO: Run Behavior\ContentReplaceBehavior [ RunTime:0.000078s ]
INFO: [ template_filter ] --END-- [ RunTime:0.000192s ]
NOTIC: [8] Undefined variable: data1 F:\Demo\project2.1\App\Runtime\Cache\Home\12a0bcefce4b9d2f89bc6ecf3801c6e0.php 第 30 行.
INFO: Run Behavior\ParseTemplateBehavior [ RunTime:0.011094s ]
INFO: [ view_parse ] --END-- [ RunTime:0.011218s ]
INFO: [ view_filter ] --START--
INFO: Run Behavior\WriteHtmlCacheBehavior [ RunTime:0.000559s ]
INFO: [ view_filter ] --END-- [ RunTime:0.000679s ]
INFO: [ app_end ] --START--
INFO: Run Behavior\ShowPageTraceBehavior [ RunTime:0.000652s ]
INFO: [ app_end ] --END-- [ RunTime:0.000773s ]

[ 2015-12-10T10:57:03+08:00 ] ::1 /project2.1/index.php/Home/BBS/Creat2Next?id=6
INFO: [ app_init ] --START--
INFO: Run Behavior\BuildLiteBehavior [ RunTime:0.000037s ]
INFO: [ app_init ] --END-- [ RunTime:0.000703s ]
INFO: [ app_begin ] --START--
INFO: Run Behavior\ReadHtmlCacheBehavior [ RunTime:0.000694s ]
INFO: [ app_begin ] --END-- [ RunTime:0.000901s ]
SQL: SHOW COLUMNS FROM `p_user` [ RunTime:0.0031s ]
SQL: SELECT * FROM `p_user` WHERE `ID` = '565c4ac30a604'  [ RunTime:0.0003s ]
SQL: SELECT * FROM `p_user` WHERE `ID` = '565c4ac30a604'  [ RunTime:0.0002s ]
SQL: SHOW COLUMNS FROM `p_bbs2` [ RunTime:0.0032s ]
SQL: INSERT INTO `p_bbs2` (`FID`,`USERNAME`,`WORDS`,`TIME`) VALUES ('6','温志远','<table>
<tr>
<td>jige</td>
</tr>
</table>','2015-12-10 10:57:03') [ RunTime:0.0234s ]
SQL: SELECT * FROM `p_user` WHERE `ID` = '565c4ac30a604'  [ RunTime:0.0003s ]
SQL: SELECT * FROM `p_user` WHERE `ID` = '565c4ac30a604'  [ RunTime:0.0002s ]
SQL: SHOW COLUMNS FROM `p_bbs1` [ RunTime:0.0038s ]
SQL: SELECT * FROM `p_bbs1` WHERE `ID` = 6  [ RunTime:0.0003s ]
SQL: SELECT * FROM `p_bbs2` WHERE `FID` = 6 AND `CONDITION` = 0  [ RunTime:0.0004s ]
INFO: [ view_parse ] --START--
INFO: [ template_filter ] --START--
INFO: Run Behavior\ContentReplaceBehavior [ RunTime:0.000062s ]
INFO: [ template_filter ] --END-- [ RunTime:0.000153s ]
NOTIC: [8] Undefined variable: data1 F:\Demo\project2.1\App\Runtime\Cache\Home\12a0bcefce4b9d2f89bc6ecf3801c6e0.php 第 30 行.
INFO: Run Behavior\ParseTemplateBehavior [ RunTime:0.009251s ]
INFO: [ view_parse ] --END-- [ RunTime:0.009359s ]
INFO: [ view_filter ] --START--
INFO: Run Behavior\WriteHtmlCacheBehavior [ RunTime:0.000488s ]
INFO: [ view_filter ] --END-- [ RunTime:0.000586s ]
INFO: [ app_end ] --START--
INFO: Run Behavior\ShowPageTraceBehavior [ RunTime:0.000613s ]
INFO: [ app_end ] --END-- [ RunTime:0.000695s ]

[ 2015-12-10T10:57:12+08:00 ] ::1 /project2.1/index.php/Home/BBS/Delete1?id1=6&id2=19
INFO: [ app_init ] --START--
INFO: Run Behavior\BuildLiteBehavior [ RunTime:0.000028s ]
INFO: [ app_init ] --END-- [ RunTime:0.000550s ]
INFO: [ app_begin ] --START--
INFO: Run Behavior\ReadHtmlCacheBehavior [ RunTime:0.000701s ]
INFO: [ app_begin ] --END-- [ RunTime:0.000858s ]
SQL: SHOW COLUMNS FROM `p_user` [ RunTime:0.0030s ]
SQL: SELECT * FROM `p_user` WHERE `ID` = '565c4ac30a604'  [ RunTime:0.0003s ]
SQL: SELECT * FROM `p_user` WHERE `ID` = '565c4ac30a604'  [ RunTime:0.0162s ]
SQL: SHOW COLUMNS FROM `p_bbs2` [ RunTime:0.0033s ]
SQL: SELECT * FROM `p_bbs2` WHERE `ID` = 19 AND `FID` = 6  [ RunTime:0.0003s ]
SQL: DELETE FROM `p_bbs2` WHERE `ID` = 19 AND `FID` = 6 [ RunTime:0.0063s ]
SQL: SELECT * FROM `p_user` WHERE `ID` = '565c4ac30a604'  [ RunTime:0.0002s ]
SQL: SELECT * FROM `p_user` WHERE `ID` = '565c4ac30a604'  [ RunTime:0.0002s ]
SQL: SHOW COLUMNS FROM `p_bbs1` [ RunTime:0.0041s ]
SQL: SELECT * FROM `p_bbs1` WHERE `ID` = 6  [ RunTime:0.0003s ]
SQL: SELECT * FROM `p_bbs2` WHERE `FID` = 6 AND `CONDITION` = 0  [ RunTime:0.0003s ]
INFO: [ view_parse ] --START--
INFO: [ template_filter ] --START--
INFO: Run Behavior\ContentReplaceBehavior [ RunTime:0.000063s ]
INFO: [ template_filter ] --END-- [ RunTime:0.000158s ]
NOTIC: [8] Undefined variable: data1 F:\Demo\project2.1\App\Runtime\Cache\Home\12a0bcefce4b9d2f89bc6ecf3801c6e0.php 第 30 行.
INFO: Run Behavior\ParseTemplateBehavior [ RunTime:0.010055s ]
INFO: [ view_parse ] --END-- [ RunTime:0.010197s ]
INFO: [ view_filter ] --START--
INFO: Run Behavior\WriteHtmlCacheBehavior [ RunTime:0.000619s ]
INFO: [ view_filter ] --END-- [ RunTime:0.000710s ]
INFO: [ app_end ] --START--
INFO: Run Behavior\ShowPageTraceBehavior [ RunTime:0.000616s ]
INFO: [ app_end ] --END-- [ RunTime:0.000700s ]

[ 2015-12-10T10:58:04+08:00 ] ::1 /project2.1/index.php/Home/BBS/Creat2Next?id=6
INFO: [ app_init ] --START--
INFO: Run Behavior\BuildLiteBehavior [ RunTime:0.000027s ]
INFO: [ app_init ] --END-- [ RunTime:0.000489s ]
INFO: [ app_begin ] --START--
INFO: Run Behavior\ReadHtmlCacheBehavior [ RunTime:0.000701s ]
INFO: [ app_begin ] --END-- [ RunTime:0.000838s ]
SQL: SHOW COLUMNS FROM `p_user` [ RunTime:0.0034s ]
SQL: SELECT * FROM `p_user` WHERE `ID` = '565c4ac30a604'  [ RunTime:0.0003s ]
SQL: SELECT * FROM `p_user` WHERE `ID` = '565c4ac30a604'  [ RunTime:0.0002s ]
SQL: SHOW COLUMNS FROM `p_bbs2` [ RunTime:0.0034s ]
SQL: INSERT INTO `p_bbs2` (`FID`,`USERNAME`,`WORDS`,`TIME`) VALUES ('6','温志远','<table><tr><td>1</td><td>2</td></tr>
<tr><td>3</td><td>4</td></tr></table>','2015-12-10 10:58:04') [ RunTime:0.0587s ]
SQL: SELECT * FROM `p_user` WHERE `ID` = '565c4ac30a604'  [ RunTime:0.0007s ]
SQL: SELECT * FROM `p_user` WHERE `ID` = '565c4ac30a604'  [ RunTime:0.0007s ]
SQL: SHOW COLUMNS FROM `p_bbs1` [ RunTime:0.0104s ]
SQL: SELECT * FROM `p_bbs1` WHERE `ID` = 6  [ RunTime:0.0007s ]
SQL: SELECT * FROM `p_bbs2` WHERE `FID` = 6 AND `CONDITION` = 0  [ RunTime:0.0008s ]
INFO: [ view_parse ] --START--
INFO: [ template_filter ] --START--
INFO: Run Behavior\ContentReplaceBehavior [ RunTime:0.000131s ]
INFO: [ template_filter ] --END-- [ RunTime:0.000333s ]
NOTIC: [8] Undefined variable: data1 F:\Demo\project2.1\App\Runtime\Cache\Home\12a0bcefce4b9d2f89bc6ecf3801c6e0.php 第 30 行.
INFO: Run Behavior\ParseTemplateBehavior [ RunTime:0.024306s ]
INFO: [ view_parse ] --END-- [ RunTime:0.024591s ]
INFO: [ view_filter ] --START--
INFO: Run Behavior\WriteHtmlCacheBehavior [ RunTime:0.000997s ]
INFO: [ view_filter ] --END-- [ RunTime:0.001185s ]
INFO: [ app_end ] --START--
INFO: Run Behavior\ShowPageTraceBehavior [ RunTime:0.001866s ]
INFO: [ app_end ] --END-- [ RunTime:0.002288s ]

[ 2015-12-10T10:59:19+08:00 ] ::1 /project2.1/index.php/Home/BBS/Creat2Next?id=6
INFO: [ app_init ] --START--
INFO: Run Behavior\BuildLiteBehavior [ RunTime:0.000025s ]
INFO: [ app_init ] --END-- [ RunTime:0.000527s ]
INFO: [ app_begin ] --START--
INFO: Run Behavior\ReadHtmlCacheBehavior [ RunTime:0.000901s ]
INFO: [ app_begin ] --END-- [ RunTime:0.001076s ]
SQL: SHOW COLUMNS FROM `p_user` [ RunTime:0.0030s ]
SQL: SELECT * FROM `p_user` WHERE `ID` = '565c4ac30a604'  [ RunTime:0.0003s ]
SQL: SELECT * FROM `p_user` WHERE `ID` = '565c4ac30a604'  [ RunTime:0.0002s ]
SQL: SHOW COLUMNS FROM `p_bbs2` [ RunTime:0.0033s ]
SQL: INSERT INTO `p_bbs2` (`FID`,`USERNAME`,`WORDS`,`TIME`) VALUES ('6','温志远','\"<table><tr><td>1</td><td>2</td></tr>
<tr><td>3</td><td>4</td></tr></table>\"','2015-12-10 10:59:19') [ RunTime:0.0164s ]
SQL: SELECT * FROM `p_user` WHERE `ID` = '565c4ac30a604'  [ RunTime:0.0003s ]
SQL: SELECT * FROM `p_user` WHERE `ID` = '565c4ac30a604'  [ RunTime:0.0002s ]
SQL: SHOW COLUMNS FROM `p_bbs1` [ RunTime:0.0031s ]
SQL: SELECT * FROM `p_bbs1` WHERE `ID` = 6  [ RunTime:0.0002s ]
SQL: SELECT * FROM `p_bbs2` WHERE `FID` = 6 AND `CONDITION` = 0  [ RunTime:0.0002s ]
INFO: [ view_parse ] --START--
INFO: [ template_filter ] --START--
INFO: Run Behavior\ContentReplaceBehavior [ RunTime:0.000063s ]
INFO: [ template_filter ] --END-- [ RunTime:0.000163s ]
NOTIC: [8] Undefined variable: data1 F:\Demo\project2.1\App\Runtime\Cache\Home\12a0bcefce4b9d2f89bc6ecf3801c6e0.php 第 30 行.
INFO: Run Behavior\ParseTemplateBehavior [ RunTime:0.010251s ]
INFO: [ view_parse ] --END-- [ RunTime:0.010377s ]
INFO: [ view_filter ] --START--
INFO: Run Behavior\WriteHtmlCacheBehavior [ RunTime:0.000492s ]
INFO: [ view_filter ] --END-- [ RunTime:0.000573s ]
INFO: [ app_end ] --START--
INFO: Run Behavior\ShowPageTraceBehavior [ RunTime:0.000677s ]
INFO: [ app_end ] --END-- [ RunTime:0.000785s ]

[ 2015-12-10T10:59:47+08:00 ] ::1 /project2.1/index.php/Home/BBS/Creat2Next?id=6
INFO: [ app_init ] --START--
INFO: Run Behavior\BuildLiteBehavior [ RunTime:0.000024s ]
INFO: [ app_init ] --END-- [ RunTime:0.000520s ]
INFO: [ app_begin ] --START--
INFO: Run Behavior\ReadHtmlCacheBehavior [ RunTime:0.000575s ]
INFO: [ app_begin ] --END-- [ RunTime:0.000686s ]
SQL: SHOW COLUMNS FROM `p_user` [ RunTime:0.0035s ]
SQL: SELECT * FROM `p_user` WHERE `ID` = '565c4ac30a604'  [ RunTime:0.0003s ]
SQL: SELECT * FROM `p_user` WHERE `ID` = '565c4ac30a604'  [ RunTime:0.0002s ]
SQL: SHOW COLUMNS FROM `p_bbs2` [ RunTime:0.0032s ]
SQL: INSERT INTO `p_bbs2` (`FID`,`USERNAME`,`WORDS`,`TIME`) VALUES ('6','温志远','<!--<table><tr><td>1</td><td>2</td></tr>
<tr><td>3</td><td>4</td></tr></table>
!-->','2015-12-10 10:59:47') [ RunTime:0.0126s ]
SQL: SELECT * FROM `p_user` WHERE `ID` = '565c4ac30a604'  [ RunTime:0.0003s ]
SQL: SELECT * FROM `p_user` WHERE `ID` = '565c4ac30a604'  [ RunTime:0.0002s ]
SQL: SHOW COLUMNS FROM `p_bbs1` [ RunTime:0.0033s ]
SQL: SELECT * FROM `p_bbs1` WHERE `ID` = 6  [ RunTime:0.0003s ]
SQL: SELECT * FROM `p_bbs2` WHERE `FID` = 6 AND `CONDITION` = 0  [ RunTime:0.0002s ]
INFO: [ view_parse ] --START--
INFO: [ template_filter ] --START--
INFO: Run Behavior\ContentReplaceBehavior [ RunTime:0.000066s ]
INFO: [ template_filter ] --END-- [ RunTime:0.000173s ]
NOTIC: [8] Undefined variable: data1 F:\Demo\project2.1\App\Runtime\Cache\Home\12a0bcefce4b9d2f89bc6ecf3801c6e0.php 第 30 行.
INFO: Run Behavior\ParseTemplateBehavior [ RunTime:0.009743s ]
INFO: [ view_parse ] --END-- [ RunTime:0.009890s ]
INFO: [ view_filter ] --START--
INFO: Run Behavior\WriteHtmlCacheBehavior [ RunTime:0.000468s ]
INFO: [ view_filter ] --END-- [ RunTime:0.000551s ]
INFO: [ app_end ] --START--
INFO: Run Behavior\ShowPageTraceBehavior [ RunTime:0.000701s ]
INFO: [ app_end ] --END-- [ RunTime:0.000787s ]

[ 2015-12-10T11:01:51+08:00 ] ::1 /project2.1/index.php/Home/BBS/Creat2Next?id=6
INFO: [ app_init ] --START--
INFO: Run Behavior\BuildLiteBehavior [ RunTime:0.000026s ]
INFO: [ app_init ] --END-- [ RunTime:0.000735s ]
INFO: [ app_begin ] --START--
INFO: Run Behavior\ReadHtmlCacheBehavior [ RunTime:0.000857s ]
INFO: [ app_begin ] --END-- [ RunTime:0.000979s ]
SQL: SHOW COLUMNS FROM `p_user` [ RunTime:0.0037s ]
SQL: SELECT * FROM `p_user` WHERE `ID` = '565c4ac30a604'  [ RunTime:0.0004s ]
SQL: SELECT * FROM `p_user` WHERE `ID` = '565c4ac30a604'  [ RunTime:0.0002s ]
SQL: SHOW COLUMNS FROM `p_bbs2` [ RunTime:0.0038s ]
SQL: INSERT INTO `p_bbs2` (`FID`,`USERNAME`,`WORDS`,`TIME`) VALUES ('6','温志远','<script type=\"text/javascript\">
$(document).ready(function(){
	$(\"#logintype\").change(function(){
      var output=$(\"#logintype option:selected\").text()+\':\';
      $(\"#username\").text(output);
	  });
	});
</script>','2015-12-10 11:01:51') [ RunTime:0.0319s ]
SQL: SELECT * FROM `p_user` WHERE `ID` = '565c4ac30a604'  [ RunTime:0.0003s ]
SQL: SELECT * FROM `p_user` WHERE `ID` = '565c4ac30a604'  [ RunTime:0.0002s ]
SQL: SHOW COLUMNS FROM `p_bbs1` [ RunTime:0.0033s ]
SQL: SELECT * FROM `p_bbs1` WHERE `ID` = 6  [ RunTime:0.0003s ]
SQL: SELECT * FROM `p_bbs2` WHERE `FID` = 6 AND `CONDITION` = 0  [ RunTime:0.0003s ]
INFO: [ view_parse ] --START--
INFO: [ template_filter ] --START--
INFO: Run Behavior\ContentReplaceBehavior [ RunTime:0.000076s ]
INFO: [ template_filter ] --END-- [ RunTime:0.000197s ]
NOTIC: [8] Undefined variable: data1 F:\Demo\project2.1\App\Runtime\Cache\Home\12a0bcefce4b9d2f89bc6ecf3801c6e0.php 第 30 行.
INFO: Run Behavior\ParseTemplateBehavior [ RunTime:0.012006s ]
INFO: [ view_parse ] --END-- [ RunTime:0.012324s ]
INFO: [ view_filter ] --START--
INFO: Run Behavior\WriteHtmlCacheBehavior [ RunTime:0.000744s ]
INFO: [ view_filter ] --END-- [ RunTime:0.000878s ]
INFO: [ app_end ] --START--
INFO: Run Behavior\ShowPageTraceBehavior [ RunTime:0.000796s ]
INFO: [ app_end ] --END-- [ RunTime:0.000898s ]

[ 2015-12-10T11:01:56+08:00 ] ::1 /project2.1/index.php/Home/BBS/Delete1?id1=6&id2=22
INFO: [ app_init ] --START--
INFO: Run Behavior\BuildLiteBehavior [ RunTime:0.000029s ]
INFO: [ app_init ] --END-- [ RunTime:0.000664s ]
INFO: [ app_begin ] --START--
INFO: Run Behavior\ReadHtmlCacheBehavior [ RunTime:0.000661s ]
INFO: [ app_begin ] --END-- [ RunTime:0.000776s ]
SQL: SHOW COLUMNS FROM `p_user` [ RunTime:0.0042s ]
SQL: SELECT * FROM `p_user` WHERE `ID` = '565c4ac30a604'  [ RunTime:0.0003s ]
SQL: SELECT * FROM `p_user` WHERE `ID` = '565c4ac30a604'  [ RunTime:0.0002s ]
SQL: SHOW COLUMNS FROM `p_bbs2` [ RunTime:0.0030s ]
SQL: SELECT * FROM `p_bbs2` WHERE `ID` = 22 AND `FID` = 6  [ RunTime:0.0003s ]
SQL: DELETE FROM `p_bbs2` WHERE `ID` = 22 AND `FID` = 6 [ RunTime:0.0161s ]
SQL: SELECT * FROM `p_user` WHERE `ID` = '565c4ac30a604'  [ RunTime:0.0003s ]
SQL: SELECT * FROM `p_user` WHERE `ID` = '565c4ac30a604'  [ RunTime:0.0002s ]
SQL: SHOW COLUMNS FROM `p_bbs1` [ RunTime:0.0032s ]
SQL: SELECT * FROM `p_bbs1` WHERE `ID` = 6  [ RunTime:0.0002s ]
SQL: SELECT * FROM `p_bbs2` WHERE `FID` = 6 AND `CONDITION` = 0  [ RunTime:0.0002s ]
INFO: [ view_parse ] --START--
INFO: [ template_filter ] --START--
INFO: Run Behavior\ContentReplaceBehavior [ RunTime:0.000061s ]
INFO: [ template_filter ] --END-- [ RunTime:0.000151s ]
NOTIC: [8] Undefined variable: data1 F:\Demo\project2.1\App\Runtime\Cache\Home\12a0bcefce4b9d2f89bc6ecf3801c6e0.php 第 30 行.
INFO: Run Behavior\ParseTemplateBehavior [ RunTime:0.009840s ]
INFO: [ view_parse ] --END-- [ RunTime:0.009942s ]
INFO: [ view_filter ] --START--
INFO: Run Behavior\WriteHtmlCacheBehavior [ RunTime:0.000553s ]
INFO: [ view_filter ] --END-- [ RunTime:0.000638s ]
INFO: [ app_end ] --START--
INFO: Run Behavior\ShowPageTraceBehavior [ RunTime:0.000619s ]
INFO: [ app_end ] --END-- [ RunTime:0.000703s ]

[ 2015-12-10T11:01:59+08:00 ] ::1 /project2.1/index.php/Home/BBS/Delete1?id1=6&id2=21
INFO: [ app_init ] --START--
INFO: Run Behavior\BuildLiteBehavior [ RunTime:0.000028s ]
INFO: [ app_init ] --END-- [ RunTime:0.000646s ]
INFO: [ app_begin ] --START--
INFO: Run Behavior\ReadHtmlCacheBehavior [ RunTime:0.000643s ]
INFO: [ app_begin ] --END-- [ RunTime:0.000765s ]
SQL: SHOW COLUMNS FROM `p_user` [ RunTime:0.0034s ]
SQL: SELECT * FROM `p_user` WHERE `ID` = '565c4ac30a604'  [ RunTime:0.0003s ]
SQL: SELECT * FROM `p_user` WHERE `ID` = '565c4ac30a604'  [ RunTime:0.0002s ]
SQL: SHOW COLUMNS FROM `p_bbs2` [ RunTime:0.0044s ]
SQL: SELECT * FROM `p_bbs2` WHERE `ID` = 21 AND `FID` = 6  [ RunTime:0.0003s ]
SQL: DELETE FROM `p_bbs2` WHERE `ID` = 21 AND `FID` = 6 [ RunTime:0.0017s ]
SQL: SELECT * FROM `p_user` WHERE `ID` = '565c4ac30a604'  [ RunTime:0.0002s ]
SQL: SELECT * FROM `p_user` WHERE `ID` = '565c4ac30a604'  [ RunTime:0.0002s ]
SQL: SHOW COLUMNS FROM `p_bbs1` [ RunTime:0.0032s ]
SQL: SELECT * FROM `p_bbs1` WHERE `ID` = 6  [ RunTime:0.0003s ]
SQL: SELECT * FROM `p_bbs2` WHERE `FID` = 6 AND `CONDITION` = 0  [ RunTime:0.0002s ]
INFO: [ view_parse ] --START--
INFO: [ template_filter ] --START--
INFO: Run Behavior\ContentReplaceBehavior [ RunTime:0.000082s ]
INFO: [ template_filter ] --END-- [ RunTime:0.000204s ]
NOTIC: [8] Undefined variable: data1 F:\Demo\project2.1\App\Runtime\Cache\Home\12a0bcefce4b9d2f89bc6ecf3801c6e0.php 第 30 行.
INFO: Run Behavior\ParseTemplateBehavior [ RunTime:0.010418s ]
INFO: [ view_parse ] --END-- [ RunTime:0.010549s ]
INFO: [ view_filter ] --START--
INFO: Run Behavior\WriteHtmlCacheBehavior [ RunTime:0.000417s ]
INFO: [ view_filter ] --END-- [ RunTime:0.000499s ]
INFO: [ app_end ] --START--
INFO: Run Behavior\ShowPageTraceBehavior [ RunTime:0.000617s ]
INFO: [ app_end ] --END-- [ RunTime:0.000707s ]

[ 2015-12-10T11:02:32+08:00 ] ::1 /project2.1/index.php/Home/User/
INFO: [ app_init ] --START--
INFO: Run Behavior\BuildLiteBehavior [ RunTime:0.000033s ]
INFO: [ app_init ] --END-- [ RunTime:0.000552s ]
INFO: [ app_begin ] --START--
INFO: Run Behavior\ReadHtmlCacheBehavior [ RunTime:0.000595s ]
INFO: [ app_begin ] --END-- [ RunTime:0.000709s ]
SQL: SHOW COLUMNS FROM `p_signin` [ RunTime:0.0031s ]
SQL: SELECT COUNT(*) AS tp_count FROM `p_signin` WHERE `TIME` = '2015-12-10' LIMIT 1   [ RunTime:0.0003s ]
SQL: SHOW COLUMNS FROM `p_user` [ RunTime:0.0031s ]
SQL: SELECT * FROM `p_user` WHERE `ID` = '565c4ac30a604'  [ RunTime:0.0003s ]
SQL: SELECT * FROM `p_signin` WHERE `TIME` = '2015-12-10' AND `USERID` = '565c4ac30a604'  [ RunTime:0.0002s ]
INFO: [ view_parse ] --START--
INFO: [ template_filter ] --START--
INFO: Run Behavior\ContentReplaceBehavior [ RunTime:0.000059s ]
INFO: [ template_filter ] --END-- [ RunTime:0.000150s ]
NOTIC: [8] A session had already been started - ignoring session_start() F:\Demo\project2.1\App\Runtime\Cache\Home\ea340386924792ccc65576071a30eec1.php 第 11 行.
INFO: Run Behavior\ParseTemplateBehavior [ RunTime:0.006818s ]
INFO: [ view_parse ] --END-- [ RunTime:0.006928s ]
INFO: [ view_filter ] --START--
INFO: Run Behavior\WriteHtmlCacheBehavior [ RunTime:0.000631s ]
INFO: [ view_filter ] --END-- [ RunTime:0.000728s ]
INFO: [ app_end ] --START--
INFO: Run Behavior\ShowPageTraceBehavior [ RunTime:0.000722s ]
INFO: [ app_end ] --END-- [ RunTime:0.000825s ]

[ 2015-12-10T11:02:32+08:00 ] ::1 /project2.1/index.php/Home/Main/Maindown
INFO: [ app_init ] --START--
INFO: Run Behavior\BuildLiteBehavior [ RunTime:0.000021s ]
INFO: [ app_init ] --END-- [ RunTime:0.000463s ]
INFO: [ app_begin ] --START--
INFO: Run Behavior\ReadHtmlCacheBehavior [ RunTime:0.000574s ]
INFO: [ app_begin ] --END-- [ RunTime:0.000664s ]
SQL: SHOW COLUMNS FROM `p_user` [ RunTime:0.0048s ]
SQL: SELECT * FROM `p_user` WHERE `ID` = '565c4ac30a604'  [ RunTime:0.0003s ]
INFO: [ view_parse ] --START--
INFO: [ template_filter ] --START--
INFO: Run Behavior\ContentReplaceBehavior [ RunTime:0.000071s ]
INFO: [ template_filter ] --END-- [ RunTime:0.000168s ]
INFO: Run Behavior\ParseTemplateBehavior [ RunTime:0.005986s ]
INFO: [ view_parse ] --END-- [ RunTime:0.006092s ]
INFO: [ view_filter ] --START--
INFO: Run Behavior\WriteHtmlCacheBehavior [ RunTime:0.000382s ]
INFO: [ view_filter ] --END-- [ RunTime:0.000471s ]
INFO: [ app_end ] --START--
INFO: Run Behavior\ShowPageTraceBehavior [ RunTime:0.000528s ]
INFO: [ app_end ] --END-- [ RunTime:0.000613s ]

[ 2015-12-10T11:02:34+08:00 ] ::1 /project2.1/index.php/Home/BBS/index
INFO: [ app_init ] --START--
INFO: Run Behavior\BuildLiteBehavior [ RunTime:0.000036s ]
INFO: [ app_init ] --END-- [ RunTime:0.000668s ]
INFO: [ app_begin ] --START--
INFO: Run Behavior\ReadHtmlCacheBehavior [ RunTime:0.000760s ]
INFO: [ app_begin ] --END-- [ RunTime:0.000923s ]
SQL: SHOW COLUMNS FROM `p_user` [ RunTime:0.0696s ]
SQL: SELECT * FROM `p_user` WHERE `ID` = '565c4ac30a604'  [ RunTime:0.0004s ]
SQL: SELECT * FROM `p_user` WHERE `ID` = '565c4ac30a604'  [ RunTime:0.0003s ]
SQL: SHOW COLUMNS FROM `p_bbs1` [ RunTime:0.0047s ]
SQL: SELECT * FROM `p_bbs1` WHERE `CONDITION` = 0  [ RunTime:0.0003s ]
INFO: [ view_parse ] --START--
INFO: [ template_filter ] --START--
INFO: Run Behavior\ContentReplaceBehavior [ RunTime:0.000096s ]
INFO: [ template_filter ] --END-- [ RunTime:0.000257s ]
INFO: Run Behavior\ParseTemplateBehavior [ RunTime:0.010871s ]
INFO: [ view_parse ] --END-- [ RunTime:0.011038s ]
INFO: [ view_filter ] --START--
INFO: Run Behavior\WriteHtmlCacheBehavior [ RunTime:0.000736s ]
INFO: [ view_filter ] --END-- [ RunTime:0.000884s ]
INFO: [ app_end ] --START--
INFO: Run Behavior\ShowPageTraceBehavior [ RunTime:0.000788s ]
INFO: [ app_end ] --END-- [ RunTime:0.000932s ]

[ 2015-12-10T11:02:36+08:00 ] ::1 /project2.1/index.php/Home/BBS/Creat2?id=6
INFO: [ app_init ] --START--
INFO: Run Behavior\BuildLiteBehavior [ RunTime:0.000027s ]
INFO: [ app_init ] --END-- [ RunTime:0.000608s ]
INFO: [ app_begin ] --START--
INFO: Run Behavior\ReadHtmlCacheBehavior [ RunTime:0.000726s ]
INFO: [ app_begin ] --END-- [ RunTime:0.000869s ]
SQL: SHOW COLUMNS FROM `p_user` [ RunTime:0.0044s ]
SQL: SELECT * FROM `p_user` WHERE `ID` = '565c4ac30a604'  [ RunTime:0.0003s ]
SQL: SELECT * FROM `p_user` WHERE `ID` = '565c4ac30a604'  [ RunTime:0.0002s ]
SQL: SHOW COLUMNS FROM `p_bbs1` [ RunTime:0.0032s ]
SQL: SELECT * FROM `p_bbs1` WHERE `ID` = 6  [ RunTime:0.0003s ]
SQL: SHOW COLUMNS FROM `p_bbs2` [ RunTime:0.0034s ]
SQL: SELECT * FROM `p_bbs2` WHERE `FID` = 6 AND `CONDITION` = 0  [ RunTime:0.0003s ]
INFO: [ view_parse ] --START--
INFO: [ template_filter ] --START--
INFO: Run Behavior\ContentReplaceBehavior [ RunTime:0.000064s ]
INFO: [ template_filter ] --END-- [ RunTime:0.000163s ]
NOTIC: [8] Undefined variable: data1 F:\Demo\project2.1\App\Runtime\Cache\Home\12a0bcefce4b9d2f89bc6ecf3801c6e0.php 第 30 行.
INFO: Run Behavior\ParseTemplateBehavior [ RunTime:0.010223s ]
INFO: [ view_parse ] --END-- [ RunTime:0.010329s ]
INFO: [ view_filter ] --START--
INFO: Run Behavior\WriteHtmlCacheBehavior [ RunTime:0.000490s ]
INFO: [ view_filter ] --END-- [ RunTime:0.000579s ]
INFO: [ app_end ] --START--
INFO: Run Behavior\ShowPageTraceBehavior [ RunTime:0.000647s ]
INFO: [ app_end ] --END-- [ RunTime:0.000739s ]

[ 2015-12-10T11:03:07+08:00 ] ::1 /project2.1/index.php/Home/User/
INFO: [ app_init ] --START--
INFO: Run Behavior\BuildLiteBehavior [ RunTime:0.000027s ]
INFO: [ app_init ] --END-- [ RunTime:0.000674s ]
INFO: [ app_begin ] --START--
INFO: Run Behavior\ReadHtmlCacheBehavior [ RunTime:0.000767s ]
INFO: [ app_begin ] --END-- [ RunTime:0.000879s ]
SQL: SHOW COLUMNS FROM `p_signin` [ RunTime:0.0028s ]
SQL: SELECT COUNT(*) AS tp_count FROM `p_signin` WHERE `TIME` = '2015-12-10' LIMIT 1   [ RunTime:0.0003s ]
SQL: SHOW COLUMNS FROM `p_user` [ RunTime:0.0030s ]
SQL: SELECT * FROM `p_user` WHERE `ID` = '565c4ac30a604'  [ RunTime:0.0003s ]
SQL: SELECT * FROM `p_signin` WHERE `TIME` = '2015-12-10' AND `USERID` = '565c4ac30a604'  [ RunTime:0.0002s ]
INFO: [ view_parse ] --START--
INFO: [ template_filter ] --START--
INFO: Run Behavior\ContentReplaceBehavior [ RunTime:0.000061s ]
INFO: [ template_filter ] --END-- [ RunTime:0.000166s ]
NOTIC: [8] A session had already been started - ignoring session_start() F:\Demo\project2.1\App\Runtime\Cache\Home\ea340386924792ccc65576071a30eec1.php 第 11 行.
INFO: Run Behavior\ParseTemplateBehavior [ RunTime:0.006594s ]
INFO: [ view_parse ] --END-- [ RunTime:0.006695s ]
INFO: [ view_filter ] --START--
INFO: Run Behavior\WriteHtmlCacheBehavior [ RunTime:0.000455s ]
INFO: [ view_filter ] --END-- [ RunTime:0.000543s ]
INFO: [ app_end ] --START--
INFO: Run Behavior\ShowPageTraceBehavior [ RunTime:0.001168s ]
INFO: [ app_end ] --END-- [ RunTime:0.001298s ]

[ 2015-12-10T11:03:07+08:00 ] ::1 /project2.1/index.php/Home/Main/Maindown
INFO: [ app_init ] --START--
INFO: Run Behavior\BuildLiteBehavior [ RunTime:0.000021s ]
INFO: [ app_init ] --END-- [ RunTime:0.000432s ]
INFO: [ app_begin ] --START--
INFO: Run Behavior\ReadHtmlCacheBehavior [ RunTime:0.000515s ]
INFO: [ app_begin ] --END-- [ RunTime:0.000610s ]
SQL: SHOW COLUMNS FROM `p_user` [ RunTime:0.0031s ]
SQL: SELECT * FROM `p_user` WHERE `ID` = '565c4ac30a604'  [ RunTime:0.0003s ]
INFO: [ view_parse ] --START--
INFO: [ template_filter ] --START--
INFO: Run Behavior\ContentReplaceBehavior [ RunTime:0.000057s ]
INFO: [ template_filter ] --END-- [ RunTime:0.000154s ]
INFO: Run Behavior\ParseTemplateBehavior [ RunTime:0.005776s ]
INFO: [ view_parse ] --END-- [ RunTime:0.005869s ]
INFO: [ view_filter ] --START--
INFO: Run Behavior\WriteHtmlCacheBehavior [ RunTime:0.000418s ]
INFO: [ view_filter ] --END-- [ RunTime:0.000498s ]
INFO: [ app_end ] --START--
INFO: Run Behavior\ShowPageTraceBehavior [ RunTime:0.000532s ]
INFO: [ app_end ] --END-- [ RunTime:0.000614s ]

[ 2015-12-10T11:03:09+08:00 ] ::1 /project2.1/index.php/Home/BBS/index
INFO: [ app_init ] --START--
INFO: Run Behavior\BuildLiteBehavior [ RunTime:0.000026s ]
INFO: [ app_init ] --END-- [ RunTime:0.000599s ]
INFO: [ app_begin ] --START--
INFO: Run Behavior\ReadHtmlCacheBehavior [ RunTime:0.000607s ]
INFO: [ app_begin ] --END-- [ RunTime:0.000723s ]
SQL: SHOW COLUMNS FROM `p_user` [ RunTime:0.0034s ]
SQL: SELECT * FROM `p_user` WHERE `ID` = '565c4ac30a604'  [ RunTime:0.0003s ]
SQL: SELECT * FROM `p_user` WHERE `ID` = '565c4ac30a604'  [ RunTime:0.0002s ]
SQL: SHOW COLUMNS FROM `p_bbs1` [ RunTime:0.0033s ]
SQL: SELECT * FROM `p_bbs1` WHERE `CONDITION` = 0  [ RunTime:0.0003s ]
INFO: [ view_parse ] --START--
INFO: [ template_filter ] --START--
INFO: Run Behavior\ContentReplaceBehavior [ RunTime:0.000070s ]
INFO: [ template_filter ] --END-- [ RunTime:0.000181s ]
INFO: Run Behavior\ParseTemplateBehavior [ RunTime:0.009455s ]
INFO: [ view_parse ] --END-- [ RunTime:0.009580s ]
INFO: [ view_filter ] --START--
INFO: Run Behavior\WriteHtmlCacheBehavior [ RunTime:0.000553s ]
INFO: [ view_filter ] --END-- [ RunTime:0.000652s ]
INFO: [ app_end ] --START--
INFO: Run Behavior\ShowPageTraceBehavior [ RunTime:0.000674s ]
INFO: [ app_end ] --END-- [ RunTime:0.000775s ]

[ 2015-12-10T11:03:11+08:00 ] ::1 /project2.1/index.php/Home/BBS/Creat2?id=6
INFO: [ app_init ] --START--
INFO: Run Behavior\BuildLiteBehavior [ RunTime:0.000037s ]
INFO: [ app_init ] --END-- [ RunTime:0.000661s ]
INFO: [ app_begin ] --START--
INFO: Run Behavior\ReadHtmlCacheBehavior [ RunTime:0.000907s ]
INFO: [ app_begin ] --END-- [ RunTime:0.001082s ]
SQL: SHOW COLUMNS FROM `p_user` [ RunTime:0.0035s ]
SQL: SELECT * FROM `p_user` WHERE `ID` = '565c4ac30a604'  [ RunTime:0.0005s ]
SQL: SELECT * FROM `p_user` WHERE `ID` = '565c4ac30a604'  [ RunTime:0.0004s ]
SQL: SHOW COLUMNS FROM `p_bbs1` [ RunTime:0.0035s ]
SQL: SELECT * FROM `p_bbs1` WHERE `ID` = 6  [ RunTime:0.0003s ]
SQL: SHOW COLUMNS FROM `p_bbs2` [ RunTime:0.0031s ]
SQL: SELECT * FROM `p_bbs2` WHERE `FID` = 6 AND `CONDITION` = 0  [ RunTime:0.0003s ]
INFO: [ view_parse ] --START--
INFO: [ template_filter ] --START--
INFO: Run Behavior\ContentReplaceBehavior [ RunTime:0.000073s ]
INFO: [ template_filter ] --END-- [ RunTime:0.000197s ]
NOTIC: [8] Undefined variable: data1 F:\Demo\project2.1\App\Runtime\Cache\Home\12a0bcefce4b9d2f89bc6ecf3801c6e0.php 第 30 行.
INFO: Run Behavior\ParseTemplateBehavior [ RunTime:0.011531s ]
INFO: [ view_parse ] --END-- [ RunTime:0.011652s ]
INFO: [ view_filter ] --START--
INFO: Run Behavior\WriteHtmlCacheBehavior [ RunTime:0.000550s ]
INFO: [ view_filter ] --END-- [ RunTime:0.000649s ]
INFO: [ app_end ] --START--
INFO: Run Behavior\ShowPageTraceBehavior [ RunTime:0.000753s ]
INFO: [ app_end ] --END-- [ RunTime:0.000863s ]

[ 2015-12-10T11:04:24+08:00 ] ::1 /project2.1/index.php/Home/BBS/Creat2Next?id=6
INFO: [ app_init ] --START--
INFO: Run Behavior\BuildLiteBehavior [ RunTime:0.000032s ]
INFO: [ app_init ] --END-- [ RunTime:0.000811s ]
INFO: [ app_begin ] --START--
INFO: Run Behavior\ReadHtmlCacheBehavior [ RunTime:0.000720s ]
INFO: [ app_begin ] --END-- [ RunTime:0.000842s ]
SQL: SHOW COLUMNS FROM `p_user` [ RunTime:0.0030s ]
SQL: SELECT * FROM `p_user` WHERE `ID` = '565c4ac30a604'  [ RunTime:0.0003s ]
SQL: SELECT * FROM `p_user` WHERE `ID` = '565c4ac30a604'  [ RunTime:0.0002s ]
SQL: SHOW COLUMNS FROM `p_bbs2` [ RunTime:0.0031s ]
SQL: INSERT INTO `p_bbs2` (`FID`,`USERNAME`,`WORDS`,`TIME`) VALUES ('6','温志远','<!--
dsa
!-->','2015-12-10 11:04:24') [ RunTime:0.0013s ]
SQL: SELECT * FROM `p_user` WHERE `ID` = '565c4ac30a604'  [ RunTime:0.0002s ]
SQL: SELECT * FROM `p_user` WHERE `ID` = '565c4ac30a604'  [ RunTime:0.0002s ]
SQL: SHOW COLUMNS FROM `p_bbs1` [ RunTime:0.0036s ]
SQL: SELECT * FROM `p_bbs1` WHERE `ID` = 6  [ RunTime:0.0003s ]
SQL: SELECT * FROM `p_bbs2` WHERE `FID` = 6 AND `CONDITION` = 0  [ RunTime:0.0003s ]
INFO: [ view_parse ] --START--
INFO: [ template_filter ] --START--
INFO: Run Behavior\ContentReplaceBehavior [ RunTime:0.000064s ]
INFO: [ template_filter ] --END-- [ RunTime:0.000161s ]
NOTIC: [8] Undefined variable: data1 F:\Demo\project2.1\App\Runtime\Cache\Home\12a0bcefce4b9d2f89bc6ecf3801c6e0.php 第 30 行.
INFO: Run Behavior\ParseTemplateBehavior [ RunTime:0.047217s ]
INFO: [ view_parse ] --END-- [ RunTime:0.047350s ]
INFO: [ view_filter ] --START--
INFO: Run Behavior\WriteHtmlCacheBehavior [ RunTime:0.000492s ]
INFO: [ view_filter ] --END-- [ RunTime:0.000572s ]
INFO: [ app_end ] --START--
INFO: Run Behavior\ShowPageTraceBehavior [ RunTime:0.000719s ]
INFO: [ app_end ] --END-- [ RunTime:0.000815s ]

[ 2015-12-10T11:06:20+08:00 ] ::1 /project2.1/index.php/Home/BBS/Creat2Next?id=6
INFO: [ app_init ] --START--
INFO: Run Behavior\BuildLiteBehavior [ RunTime:0.000021s ]
INFO: [ app_init ] --END-- [ RunTime:0.000462s ]
INFO: [ app_begin ] --START--
INFO: Run Behavior\ReadHtmlCacheBehavior [ RunTime:0.000524s ]
INFO: [ app_begin ] --END-- [ RunTime:0.000622s ]
SQL: SHOW COLUMNS FROM `p_user` [ RunTime:0.0073s ]
SQL: SELECT * FROM `p_user` WHERE `ID` = '565c4ac30a604'  [ RunTime:0.0003s ]
SQL: SELECT * FROM `p_user` WHERE `ID` = '565c4ac30a604'  [ RunTime:0.0002s ]
SQL: SHOW COLUMNS FROM `p_bbs2` [ RunTime:0.0032s ]
SQL: INSERT INTO `p_bbs2` (`FID`,`USERNAME`,`WORDS`,`TIME`) VALUES ('6','温志远','<script type=\"text/javascript\" src={$url1}>
</script>
<script type=\"text/javascript\">
$(document).ready(function(){
	alert(\"dou bi\");  });
</script>','2015-12-10 11:06:20') [ RunTime:0.0116s ]
SQL: SELECT * FROM `p_user` WHERE `ID` = '565c4ac30a604'  [ RunTime:0.0003s ]
SQL: SELECT * FROM `p_user` WHERE `ID` = '565c4ac30a604'  [ RunTime:0.0002s ]
SQL: SHOW COLUMNS FROM `p_bbs1` [ RunTime:0.0035s ]
SQL: SELECT * FROM `p_bbs1` WHERE `ID` = 6  [ RunTime:0.0003s ]
SQL: SELECT * FROM `p_bbs2` WHERE `FID` = 6 AND `CONDITION` = 0  [ RunTime:0.0002s ]
INFO: [ view_parse ] --START--
INFO: [ template_filter ] --START--
INFO: Run Behavior\ContentReplaceBehavior [ RunTime:0.000065s ]
INFO: [ template_filter ] --END-- [ RunTime:0.000164s ]
NOTIC: [8] Undefined variable: data1 F:\Demo\project2.1\App\Runtime\Cache\Home\12a0bcefce4b9d2f89bc6ecf3801c6e0.php 第 30 行.
INFO: Run Behavior\ParseTemplateBehavior [ RunTime:0.009455s ]
INFO: [ view_parse ] --END-- [ RunTime:0.009590s ]
INFO: [ view_filter ] --START--
INFO: Run Behavior\WriteHtmlCacheBehavior [ RunTime:0.000456s ]
INFO: [ view_filter ] --END-- [ RunTime:0.000541s ]
INFO: [ app_end ] --START--
INFO: Run Behavior\ShowPageTraceBehavior [ RunTime:0.000571s ]
INFO: [ app_end ] --END-- [ RunTime:0.000655s ]

[ 2015-12-10T11:06:20+08:00 ] ::1 /project2.1/index.php/Home/BBS/%7B$url1%7D
INFO: [ app_init ] --START--
INFO: Run Behavior\BuildLiteBehavior [ RunTime:0.000023s ]
INFO: [ app_init ] --END-- [ RunTime:0.000561s ]
INFO: [ app_begin ] --START--
INFO: Run Behavior\ReadHtmlCacheBehavior [ RunTime:0.000707s ]
INFO: [ app_begin ] --END-- [ RunTime:0.000799s ]
ERR: 非法操作:{$url1}

[ 2015-12-10T11:06:25+08:00 ] ::1 /project2.1/index.php/Home/BBS
INFO: [ app_init ] --START--
INFO: Run Behavior\BuildLiteBehavior [ RunTime:0.000021s ]
INFO: [ app_init ] --END-- [ RunTime:0.000628s ]
INFO: [ app_begin ] --START--
INFO: Run Behavior\ReadHtmlCacheBehavior [ RunTime:0.000602s ]
INFO: [ app_begin ] --END-- [ RunTime:0.000698s ]
SQL: SHOW COLUMNS FROM `p_user` [ RunTime:0.0030s ]
SQL: SELECT * FROM `p_user` WHERE `ID` = '565c4ac30a604'  [ RunTime:0.0003s ]
SQL: SELECT * FROM `p_user` WHERE `ID` = '565c4ac30a604'  [ RunTime:0.0002s ]
SQL: SHOW COLUMNS FROM `p_bbs1` [ RunTime:0.0030s ]
SQL: SELECT * FROM `p_bbs1` WHERE `CONDITION` = 0  [ RunTime:0.0003s ]
INFO: [ view_parse ] --START--
INFO: [ template_filter ] --START--
INFO: Run Behavior\ContentReplaceBehavior [ RunTime:0.000060s ]
INFO: [ template_filter ] --END-- [ RunTime:0.000162s ]
INFO: Run Behavior\ParseTemplateBehavior [ RunTime:0.009309s ]
INFO: [ view_parse ] --END-- [ RunTime:0.009450s ]
INFO: [ view_filter ] --START--
INFO: Run Behavior\WriteHtmlCacheBehavior [ RunTime:0.000474s ]
INFO: [ view_filter ] --END-- [ RunTime:0.000559s ]
INFO: [ app_end ] --START--
INFO: Run Behavior\ShowPageTraceBehavior [ RunTime:0.000629s ]
INFO: [ app_end ] --END-- [ RunTime:0.000712s ]

[ 2015-12-10T11:06:27+08:00 ] ::1 /project2.1/index.php/Home/BBS/Creat2?id=6
INFO: [ app_init ] --START--
INFO: Run Behavior\BuildLiteBehavior [ RunTime:0.000034s ]
INFO: [ app_init ] --END-- [ RunTime:0.000710s ]
INFO: [ app_begin ] --START--
INFO: Run Behavior\ReadHtmlCacheBehavior [ RunTime:0.000968s ]
INFO: [ app_begin ] --END-- [ RunTime:0.001159s ]
SQL: SHOW COLUMNS FROM `p_user` [ RunTime:0.0037s ]
SQL: SELECT * FROM `p_user` WHERE `ID` = '565c4ac30a604'  [ RunTime:0.0003s ]
SQL: SELECT * FROM `p_user` WHERE `ID` = '565c4ac30a604'  [ RunTime:0.0002s ]
SQL: SHOW COLUMNS FROM `p_bbs1` [ RunTime:0.0043s ]
SQL: SELECT * FROM `p_bbs1` WHERE `ID` = 6  [ RunTime:0.0002s ]
SQL: SHOW COLUMNS FROM `p_bbs2` [ RunTime:0.0030s ]
SQL: SELECT * FROM `p_bbs2` WHERE `FID` = 6 AND `CONDITION` = 0  [ RunTime:0.0003s ]
INFO: [ view_parse ] --START--
INFO: [ template_filter ] --START--
INFO: Run Behavior\ContentReplaceBehavior [ RunTime:0.000067s ]
INFO: [ template_filter ] --END-- [ RunTime:0.000171s ]
NOTIC: [8] Undefined variable: data1 F:\Demo\project2.1\App\Runtime\Cache\Home\12a0bcefce4b9d2f89bc6ecf3801c6e0.php 第 30 行.
INFO: Run Behavior\ParseTemplateBehavior [ RunTime:0.011338s ]
INFO: [ view_parse ] --END-- [ RunTime:0.011482s ]
INFO: [ view_filter ] --START--
INFO: Run Behavior\WriteHtmlCacheBehavior [ RunTime:0.000680s ]
INFO: [ view_filter ] --END-- [ RunTime:0.000821s ]
INFO: [ app_end ] --START--
INFO: Run Behavior\ShowPageTraceBehavior [ RunTime:0.000890s ]
INFO: [ app_end ] --END-- [ RunTime:0.001039s ]

[ 2015-12-10T11:06:27+08:00 ] ::1 /project2.1/index.php/Home/BBS/%7B$url1%7D
INFO: [ app_init ] --START--
INFO: Run Behavior\BuildLiteBehavior [ RunTime:0.000037s ]
INFO: [ app_init ] --END-- [ RunTime:0.000652s ]
INFO: [ app_begin ] --START--
INFO: Run Behavior\ReadHtmlCacheBehavior [ RunTime:0.000792s ]
INFO: [ app_begin ] --END-- [ RunTime:0.000964s ]
ERR: 非法操作:{$url1}

[ 2015-12-10T11:07:29+08:00 ] ::1 /project2.1/index.php/Home/BBS/Creat2Next?id=6
INFO: [ app_init ] --START--
INFO: Run Behavior\BuildLiteBehavior [ RunTime:0.000032s ]
INFO: [ app_init ] --END-- [ RunTime:0.000645s ]
INFO: [ app_begin ] --START--
INFO: Run Behavior\ReadHtmlCacheBehavior [ RunTime:0.000899s ]
INFO: [ app_begin ] --END-- [ RunTime:0.001065s ]
SQL: SHOW COLUMNS FROM `p_user` [ RunTime:0.0042s ]
SQL: SELECT * FROM `p_user` WHERE `ID` = '565c4ac30a604'  [ RunTime:0.0003s ]
SQL: SELECT * FROM `p_user` WHERE `ID` = '565c4ac30a604'  [ RunTime:0.0002s ]
SQL: SHOW COLUMNS FROM `p_bbs2` [ RunTime:0.0030s ]
SQL: INSERT INTO `p_bbs2` (`FID`,`USERNAME`,`WORDS`,`TIME`) VALUES ('6','温志远','<script type=\'text/javascript\'>alert(\'用户名或密码为空\')</script>','2015-12-10 11:07:29') [ RunTime:0.0215s ]
SQL: SELECT * FROM `p_user` WHERE `ID` = '565c4ac30a604'  [ RunTime:0.0003s ]
SQL: SELECT * FROM `p_user` WHERE `ID` = '565c4ac30a604'  [ RunTime:0.0002s ]
SQL: SHOW COLUMNS FROM `p_bbs1` [ RunTime:0.0033s ]
SQL: SELECT * FROM `p_bbs1` WHERE `ID` = 6  [ RunTime:0.0002s ]
SQL: SELECT * FROM `p_bbs2` WHERE `FID` = 6 AND `CONDITION` = 0  [ RunTime:0.0002s ]
INFO: [ view_parse ] --START--
INFO: [ template_filter ] --START--
INFO: Run Behavior\ContentReplaceBehavior [ RunTime:0.000100s ]
INFO: [ template_filter ] --END-- [ RunTime:0.000253s ]
NOTIC: [8] Undefined variable: data1 F:\Demo\project2.1\App\Runtime\Cache\Home\12a0bcefce4b9d2f89bc6ecf3801c6e0.php 第 30 行.
INFO: Run Behavior\ParseTemplateBehavior [ RunTime:0.012435s ]
INFO: [ view_parse ] --END-- [ RunTime:0.012538s ]
INFO: [ view_filter ] --START--
INFO: Run Behavior\WriteHtmlCacheBehavior [ RunTime:0.000419s ]
INFO: [ view_filter ] --END-- [ RunTime:0.000503s ]
INFO: [ app_end ] --START--
INFO: Run Behavior\ShowPageTraceBehavior [ RunTime:0.000760s ]
INFO: [ app_end ] --END-- [ RunTime:0.000861s ]

[ 2015-12-10T11:07:29+08:00 ] ::1 /project2.1/index.php/Home/BBS/%7B$url1%7D
INFO: [ app_init ] --START--
INFO: Run Behavior\BuildLiteBehavior [ RunTime:0.000023s ]
INFO: [ app_init ] --END-- [ RunTime:0.000610s ]
INFO: [ app_begin ] --START--
INFO: Run Behavior\ReadHtmlCacheBehavior [ RunTime:0.000487s ]
INFO: [ app_begin ] --END-- [ RunTime:0.000586s ]
ERR: 非法操作:{$url1}

[ 2015-12-10T11:07:47+08:00 ] ::1 /project2.1/index.php/Home/BBS
INFO: [ app_init ] --START--
INFO: Run Behavior\BuildLiteBehavior [ RunTime:0.000034s ]
INFO: [ app_init ] --END-- [ RunTime:0.000682s ]
INFO: [ app_begin ] --START--
INFO: Run Behavior\ReadHtmlCacheBehavior [ RunTime:0.000784s ]
INFO: [ app_begin ] --END-- [ RunTime:0.000947s ]
SQL: SHOW COLUMNS FROM `p_user` [ RunTime:0.0046s ]
SQL: SELECT * FROM `p_user` WHERE `ID` = '565c4ac30a604'  [ RunTime:0.0004s ]
SQL: SELECT * FROM `p_user` WHERE `ID` = '565c4ac30a604'  [ RunTime:0.0003s ]
SQL: SHOW COLUMNS FROM `p_bbs1` [ RunTime:0.0047s ]
SQL: SELECT * FROM `p_bbs1` WHERE `CONDITION` = 0  [ RunTime:0.0004s ]
INFO: [ view_parse ] --START--
INFO: [ template_filter ] --START--
INFO: Run Behavior\ContentReplaceBehavior [ RunTime:0.000101s ]
INFO: [ template_filter ] --END-- [ RunTime:0.000277s ]
INFO: Run Behavior\ParseTemplateBehavior [ RunTime:0.011684s ]
INFO: [ view_parse ] --END-- [ RunTime:0.011860s ]
INFO: [ view_filter ] --START--
INFO: Run Behavior\WriteHtmlCacheBehavior [ RunTime:0.000700s ]
INFO: [ view_filter ] --END-- [ RunTime:0.000851s ]
INFO: [ app_end ] --START--
INFO: Run Behavior\ShowPageTraceBehavior [ RunTime:0.000938s ]
INFO: [ app_end ] --END-- [ RunTime:0.001097s ]

[ 2015-12-10T11:07:49+08:00 ] ::1 /project2.1/index.php/Home/BBS/Creat2?id=6
INFO: [ app_init ] --START--
INFO: Run Behavior\BuildLiteBehavior [ RunTime:0.000021s ]
INFO: [ app_init ] --END-- [ RunTime:0.000435s ]
INFO: [ app_begin ] --START--
INFO: Run Behavior\ReadHtmlCacheBehavior [ RunTime:0.000518s ]
INFO: [ app_begin ] --END-- [ RunTime:0.000610s ]
SQL: SHOW COLUMNS FROM `p_user` [ RunTime:0.0040s ]
SQL: SELECT * FROM `p_user` WHERE `ID` = '565c4ac30a604'  [ RunTime:0.0003s ]
SQL: SELECT * FROM `p_user` WHERE `ID` = '565c4ac30a604'  [ RunTime:0.0002s ]
SQL: SHOW COLUMNS FROM `p_bbs1` [ RunTime:0.0028s ]
SQL: SELECT * FROM `p_bbs1` WHERE `ID` = 6  [ RunTime:0.0002s ]
SQL: SHOW COLUMNS FROM `p_bbs2` [ RunTime:0.0037s ]
SQL: SELECT * FROM `p_bbs2` WHERE `FID` = 6 AND `CONDITION` = 0  [ RunTime:0.0003s ]
INFO: [ view_parse ] --START--
INFO: [ template_filter ] --START--
INFO: Run Behavior\ContentReplaceBehavior [ RunTime:0.000064s ]
INFO: [ template_filter ] --END-- [ RunTime:0.000164s ]
NOTIC: [8] Undefined variable: data1 F:\Demo\project2.1\App\Runtime\Cache\Home\12a0bcefce4b9d2f89bc6ecf3801c6e0.php 第 30 行.
INFO: Run Behavior\ParseTemplateBehavior [ RunTime:0.009851s ]
INFO: [ view_parse ] --END-- [ RunTime:0.010038s ]
INFO: [ view_filter ] --START--
INFO: Run Behavior\WriteHtmlCacheBehavior [ RunTime:0.000393s ]
INFO: [ view_filter ] --END-- [ RunTime:0.000474s ]
INFO: [ app_end ] --START--
INFO: Run Behavior\ShowPageTraceBehavior [ RunTime:0.000599s ]
INFO: [ app_end ] --END-- [ RunTime:0.000683s ]

[ 2015-12-10T11:09:42+08:00 ] ::1 /project2.1/index.php/Home/BBS/Creat2Next?id=6
INFO: [ app_init ] --START--
INFO: Run Behavior\BuildLiteBehavior [ RunTime:0.000021s ]
INFO: [ app_init ] --END-- [ RunTime:0.000475s ]
INFO: [ app_begin ] --START--
INFO: Run Behavior\ReadHtmlCacheBehavior [ RunTime:0.000615s ]
INFO: [ app_begin ] --END-- [ RunTime:0.000725s ]
SQL: SHOW COLUMNS FROM `p_user` [ RunTime:0.0032s ]
SQL: SELECT * FROM `p_user` WHERE `ID` = '565c4ac30a604'  [ RunTime:0.0003s ]
SQL: SELECT * FROM `p_user` WHERE `ID` = '565c4ac30a604'  [ RunTime:0.0002s ]
SQL: SHOW COLUMNS FROM `p_bbs2` [ RunTime:0.0030s ]
SQL: INSERT INTO `p_bbs2` (`FID`,`USERNAME`,`WORDS`,`TIME`) VALUES ('6','温志远','<script type=\'text/javascript\'>alert(\'用户名或密码为空\')</script>','2015-12-10 11:09:41') [ RunTime:0.0219s ]
SQL: SELECT * FROM `p_user` WHERE `ID` = '565c4ac30a604'  [ RunTime:0.0002s ]
SQL: SELECT * FROM `p_user` WHERE `ID` = '565c4ac30a604'  [ RunTime:0.0002s ]
SQL: SHOW COLUMNS FROM `p_bbs1` [ RunTime:0.0042s ]
SQL: SELECT * FROM `p_bbs1` WHERE `ID` = 6  [ RunTime:0.0002s ]
SQL: SELECT * FROM `p_bbs2` WHERE `FID` = 6 AND `CONDITION` = 0  [ RunTime:0.0002s ]
INFO: [ view_parse ] --START--
INFO: [ template_filter ] --START--
INFO: Run Behavior\ContentReplaceBehavior [ RunTime:0.000083s ]
INFO: [ template_filter ] --END-- [ RunTime:0.000205s ]
NOTIC: [8] Undefined variable: data1 F:\Demo\project2.1\App\Runtime\Cache\Home\12a0bcefce4b9d2f89bc6ecf3801c6e0.php 第 30 行.
INFO: Run Behavior\ParseTemplateBehavior [ RunTime:0.009767s ]
INFO: [ view_parse ] --END-- [ RunTime:0.009874s ]
INFO: [ view_filter ] --START--
INFO: Run Behavior\WriteHtmlCacheBehavior [ RunTime:0.000424s ]
INFO: [ view_filter ] --END-- [ RunTime:0.000506s ]
INFO: [ app_end ] --START--
INFO: Run Behavior\ShowPageTraceBehavior [ RunTime:0.000909s ]
INFO: [ app_end ] --END-- [ RunTime:0.001065s ]

[ 2015-12-10T11:09:56+08:00 ] ::1 /project2.1/index.php/Home/BBS/Creat2Next?id=6
INFO: [ app_init ] --START--
INFO: Run Behavior\BuildLiteBehavior [ RunTime:0.000022s ]
INFO: [ app_init ] --END-- [ RunTime:0.000448s ]
INFO: [ app_begin ] --START--
INFO: Run Behavior\ReadHtmlCacheBehavior [ RunTime:0.000678s ]
INFO: [ app_begin ] --END-- [ RunTime:0.000806s ]
SQL: SHOW COLUMNS FROM `p_user` [ RunTime:0.0041s ]
SQL: SELECT * FROM `p_user` WHERE `ID` = '565c4ac30a604'  [ RunTime:0.0004s ]
SQL: SELECT * FROM `p_user` WHERE `ID` = '565c4ac30a604'  [ RunTime:0.0002s ]
SQL: SHOW COLUMNS FROM `p_bbs2` [ RunTime:0.0033s ]
SQL: INSERT INTO `p_bbs2` (`FID`,`USERNAME`,`WORDS`,`TIME`) VALUES ('6','温志远','<php></php>','2015-12-10 11:09:56') [ RunTime:0.0240s ]
SQL: SELECT * FROM `p_user` WHERE `ID` = '565c4ac30a604'  [ RunTime:0.0003s ]
SQL: SELECT * FROM `p_user` WHERE `ID` = '565c4ac30a604'  [ RunTime:0.0002s ]
SQL: SHOW COLUMNS FROM `p_bbs1` [ RunTime:0.0032s ]
SQL: SELECT * FROM `p_bbs1` WHERE `ID` = 6  [ RunTime:0.0002s ]
SQL: SELECT * FROM `p_bbs2` WHERE `FID` = 6 AND `CONDITION` = 0  [ RunTime:0.0002s ]
INFO: [ view_parse ] --START--
INFO: [ template_filter ] --START--
INFO: Run Behavior\ContentReplaceBehavior [ RunTime:0.000097s ]
INFO: [ template_filter ] --END-- [ RunTime:0.000227s ]
NOTIC: [8] Undefined variable: data1 F:\Demo\project2.1\App\Runtime\Cache\Home\12a0bcefce4b9d2f89bc6ecf3801c6e0.php 第 30 行.
INFO: Run Behavior\ParseTemplateBehavior [ RunTime:0.010133s ]
INFO: [ view_parse ] --END-- [ RunTime:0.010234s ]
INFO: [ view_filter ] --START--
INFO: Run Behavior\WriteHtmlCacheBehavior [ RunTime:0.000396s ]
INFO: [ view_filter ] --END-- [ RunTime:0.000477s ]
INFO: [ app_end ] --START--
INFO: Run Behavior\ShowPageTraceBehavior [ RunTime:0.000637s ]
INFO: [ app_end ] --END-- [ RunTime:0.000748s ]

[ 2015-12-10T11:10:19+08:00 ] ::1 /project2.1/index.php/Home/BBS/Creat2Next?id=6
INFO: [ app_init ] --START--
INFO: Run Behavior\BuildLiteBehavior [ RunTime:0.000022s ]
INFO: [ app_init ] --END-- [ RunTime:0.000462s ]
INFO: [ app_begin ] --START--
INFO: Run Behavior\ReadHtmlCacheBehavior [ RunTime:0.000476s ]
INFO: [ app_begin ] --END-- [ RunTime:0.000569s ]
SQL: SHOW COLUMNS FROM `p_user` [ RunTime:0.0030s ]
SQL: SELECT * FROM `p_user` WHERE `ID` = '565c4ac30a604'  [ RunTime:0.0005s ]
SQL: SELECT * FROM `p_user` WHERE `ID` = '565c4ac30a604'  [ RunTime:0.0003s ]
SQL: SHOW COLUMNS FROM `p_bbs2` [ RunTime:0.0034s ]
SQL: INSERT INTO `p_bbs2` (`FID`,`USERNAME`,`WORDS`,`TIME`) VALUES ('6','温志远','<php>echo \"123\"</php>','2015-12-10 11:10:19') [ RunTime:0.0159s ]
SQL: SELECT * FROM `p_user` WHERE `ID` = '565c4ac30a604'  [ RunTime:0.0003s ]
SQL: SELECT * FROM `p_user` WHERE `ID` = '565c4ac30a604'  [ RunTime:0.0003s ]
SQL: SHOW COLUMNS FROM `p_bbs1` [ RunTime:0.0029s ]
SQL: SELECT * FROM `p_bbs1` WHERE `ID` = 6  [ RunTime:0.0002s ]
SQL: SELECT * FROM `p_bbs2` WHERE `FID` = 6 AND `CONDITION` = 0  [ RunTime:0.0002s ]
INFO: [ view_parse ] --START--
INFO: [ template_filter ] --START--
INFO: Run Behavior\ContentReplaceBehavior [ RunTime:0.000102s ]
INFO: [ template_filter ] --END-- [ RunTime:0.000258s ]
NOTIC: [8] Undefined variable: data1 F:\Demo\project2.1\App\Runtime\Cache\Home\12a0bcefce4b9d2f89bc6ecf3801c6e0.php 第 30 行.
INFO: Run Behavior\ParseTemplateBehavior [ RunTime:0.010046s ]
INFO: [ view_parse ] --END-- [ RunTime:0.010146s ]
INFO: [ view_filter ] --START--
INFO: Run Behavior\WriteHtmlCacheBehavior [ RunTime:0.000396s ]
INFO: [ view_filter ] --END-- [ RunTime:0.000477s ]
INFO: [ app_end ] --START--
INFO: Run Behavior\ShowPageTraceBehavior [ RunTime:0.000510s ]
INFO: [ app_end ] --END-- [ RunTime:0.000595s ]

[ 2015-12-10T11:11:25+08:00 ] ::1 /project2.1/index.php/Home/BBS/Creat2Next?id=6
INFO: [ app_init ] --START--
INFO: Run Behavior\BuildLiteBehavior [ RunTime:0.000021s ]
INFO: [ app_init ] --END-- [ RunTime:0.000507s ]
INFO: [ app_begin ] --START--
INFO: Run Behavior\ReadHtmlCacheBehavior [ RunTime:0.000570s ]
INFO: [ app_begin ] --END-- [ RunTime:0.000677s ]
SQL: SHOW COLUMNS FROM `p_user` [ RunTime:0.0032s ]
SQL: SELECT * FROM `p_user` WHERE `ID` = '565c4ac30a604'  [ RunTime:0.0003s ]
SQL: SELECT * FROM `p_user` WHERE `ID` = '565c4ac30a604'  [ RunTime:0.0002s ]
SQL: SHOW COLUMNS FROM `p_bbs2` [ RunTime:0.0030s ]
SQL: INSERT INTO `p_bbs2` (`FID`,`USERNAME`,`WORDS`,`TIME`) VALUES ('6','温志远','<code><a href>123</a></code>','2015-12-10 11:11:25') [ RunTime:0.0413s ]
SQL: SELECT * FROM `p_user` WHERE `ID` = '565c4ac30a604'  [ RunTime:0.0002s ]
SQL: SELECT * FROM `p_user` WHERE `ID` = '565c4ac30a604'  [ RunTime:0.0002s ]
SQL: SHOW COLUMNS FROM `p_bbs1` [ RunTime:0.0030s ]
SQL: SELECT * FROM `p_bbs1` WHERE `ID` = 6  [ RunTime:0.0002s ]
SQL: SELECT * FROM `p_bbs2` WHERE `FID` = 6 AND `CONDITION` = 0  [ RunTime:0.0002s ]
INFO: [ view_parse ] --START--
INFO: [ template_filter ] --START--
INFO: Run Behavior\ContentReplaceBehavior [ RunTime:0.000064s ]
INFO: [ template_filter ] --END-- [ RunTime:0.000163s ]
NOTIC: [8] Undefined variable: data1 F:\Demo\project2.1\App\Runtime\Cache\Home\12a0bcefce4b9d2f89bc6ecf3801c6e0.php 第 30 行.
INFO: Run Behavior\ParseTemplateBehavior [ RunTime:0.009907s ]
INFO: [ view_parse ] --END-- [ RunTime:0.010010s ]
INFO: [ view_filter ] --START--
INFO: Run Behavior\WriteHtmlCacheBehavior [ RunTime:0.000420s ]
INFO: [ view_filter ] --END-- [ RunTime:0.000509s ]
INFO: [ app_end ] --START--
INFO: Run Behavior\ShowPageTraceBehavior [ RunTime:0.000544s ]
INFO: [ app_end ] --END-- [ RunTime:0.000630s ]

[ 2015-12-10T11:11:28+08:00 ] ::1 /project2.1/index.php/Home/BBS/Creat2Next?id=6
INFO: [ app_init ] --START--
INFO: Run Behavior\BuildLiteBehavior [ RunTime:0.000036s ]
INFO: [ app_init ] --END-- [ RunTime:0.000738s ]
INFO: [ app_begin ] --START--
INFO: Run Behavior\ReadHtmlCacheBehavior [ RunTime:0.000902s ]
INFO: [ app_begin ] --END-- [ RunTime:0.001080s ]
SQL: SHOW COLUMNS FROM `p_user` [ RunTime:0.0128s ]
SQL: SELECT * FROM `p_user` WHERE `ID` = '565c4ac30a604'  [ RunTime:0.0003s ]
SQL: SELECT * FROM `p_user` WHERE `ID` = '565c4ac30a604'  [ RunTime:0.0003s ]
NOTIC: [8] Undefined index: words F:\Demo\project2.1\App\Home\Controller\BBSController.class.php 第 97 行.
SQL: SELECT * FROM `p_user` WHERE `ID` = '565c4ac30a604'  [ RunTime:0.0003s ]
SQL: SELECT * FROM `p_user` WHERE `ID` = '565c4ac30a604'  [ RunTime:0.0003s ]
SQL: SHOW COLUMNS FROM `p_bbs1` [ RunTime:0.0051s ]
SQL: SELECT * FROM `p_bbs1` WHERE `ID` = 6  [ RunTime:0.0004s ]
SQL: SHOW COLUMNS FROM `p_bbs2` [ RunTime:0.0048s ]
SQL: SELECT * FROM `p_bbs2` WHERE `FID` = 6 AND `CONDITION` = 0  [ RunTime:0.0003s ]
INFO: [ view_parse ] --START--
INFO: [ template_filter ] --START--
INFO: Run Behavior\ContentReplaceBehavior [ RunTime:0.000067s ]
INFO: [ template_filter ] --END-- [ RunTime:0.000166s ]
NOTIC: [8] Undefined variable: data1 F:\Demo\project2.1\App\Runtime\Cache\Home\12a0bcefce4b9d2f89bc6ecf3801c6e0.php 第 30 行.
INFO: Run Behavior\ParseTemplateBehavior [ RunTime:0.009931s ]
INFO: [ view_parse ] --END-- [ RunTime:0.010066s ]
INFO: [ view_filter ] --START--
INFO: Run Behavior\WriteHtmlCacheBehavior [ RunTime:0.000417s ]
INFO: [ view_filter ] --END-- [ RunTime:0.000498s ]
INFO: [ app_end ] --START--
INFO: Run Behavior\ShowPageTraceBehavior [ RunTime:0.000757s ]
INFO: [ app_end ] --END-- [ RunTime:0.000870s ]

[ 2015-12-10T11:11:34+08:00 ] ::1 /project2.1/index.php/Home/BBS/Delete1?id1=6&id2=30
INFO: [ app_init ] --START--
INFO: Run Behavior\BuildLiteBehavior [ RunTime:0.000036s ]
INFO: [ app_init ] --END-- [ RunTime:0.000706s ]
INFO: [ app_begin ] --START--
INFO: Run Behavior\ReadHtmlCacheBehavior [ RunTime:0.000819s ]
INFO: [ app_begin ] --END-- [ RunTime:0.000989s ]
SQL: SHOW COLUMNS FROM `p_user` [ RunTime:0.0033s ]
SQL: SELECT * FROM `p_user` WHERE `ID` = '565c4ac30a604'  [ RunTime:0.0003s ]
SQL: SELECT * FROM `p_user` WHERE `ID` = '565c4ac30a604'  [ RunTime:0.0002s ]
SQL: SHOW COLUMNS FROM `p_bbs2` [ RunTime:0.0032s ]
SQL: SELECT * FROM `p_bbs2` WHERE `ID` = 30 AND `FID` = 6  [ RunTime:0.0002s ]
SQL: DELETE FROM `p_bbs2` WHERE `ID` = 30 AND `FID` = 6 [ RunTime:0.0256s ]
SQL: SELECT * FROM `p_user` WHERE `ID` = '565c4ac30a604'  [ RunTime:0.0003s ]
SQL: SELECT * FROM `p_user` WHERE `ID` = '565c4ac30a604'  [ RunTime:0.0002s ]
SQL: SHOW COLUMNS FROM `p_bbs1` [ RunTime:0.0033s ]
SQL: SELECT * FROM `p_bbs1` WHERE `ID` = 6  [ RunTime:0.0002s ]
SQL: SELECT * FROM `p_bbs2` WHERE `FID` = 6 AND `CONDITION` = 0  [ RunTime:0.0003s ]
INFO: [ view_parse ] --START--
INFO: [ template_filter ] --START--
INFO: Run Behavior\ContentReplaceBehavior [ RunTime:0.000101s ]
INFO: [ template_filter ] --END-- [ RunTime:0.000283s ]
NOTIC: [8] Undefined variable: data1 F:\Demo\project2.1\App\Runtime\Cache\Home\12a0bcefce4b9d2f89bc6ecf3801c6e0.php 第 30 行.
INFO: Run Behavior\ParseTemplateBehavior [ RunTime:0.013406s ]
INFO: [ view_parse ] --END-- [ RunTime:0.013513s ]
INFO: [ view_filter ] --START--
INFO: Run Behavior\WriteHtmlCacheBehavior [ RunTime:0.000438s ]
INFO: [ view_filter ] --END-- [ RunTime:0.000528s ]
INFO: [ app_end ] --START--
INFO: Run Behavior\ShowPageTraceBehavior [ RunTime:0.000605s ]
INFO: [ app_end ] --END-- [ RunTime:0.000689s ]

[ 2015-12-10T11:11:37+08:00 ] ::1 /project2.1/index.php/Home/BBS/Delete1?id1=6&id2=28
INFO: [ app_init ] --START--
INFO: Run Behavior\BuildLiteBehavior [ RunTime:0.000030s ]
INFO: [ app_init ] --END-- [ RunTime:0.000563s ]
INFO: [ app_begin ] --START--
INFO: Run Behavior\ReadHtmlCacheBehavior [ RunTime:0.000528s ]
INFO: [ app_begin ] --END-- [ RunTime:0.000641s ]
SQL: SHOW COLUMNS FROM `p_user` [ RunTime:0.0049s ]
SQL: SELECT * FROM `p_user` WHERE `ID` = '565c4ac30a604'  [ RunTime:0.0004s ]
SQL: SELECT * FROM `p_user` WHERE `ID` = '565c4ac30a604'  [ RunTime:0.0002s ]
SQL: SHOW COLUMNS FROM `p_bbs2` [ RunTime:0.0041s ]
SQL: SELECT * FROM `p_bbs2` WHERE `ID` = 28 AND `FID` = 6  [ RunTime:0.0003s ]
SQL: DELETE FROM `p_bbs2` WHERE `ID` = 28 AND `FID` = 6 [ RunTime:0.0015s ]
SQL: SELECT * FROM `p_user` WHERE `ID` = '565c4ac30a604'  [ RunTime:0.0002s ]
SQL: SELECT * FROM `p_user` WHERE `ID` = '565c4ac30a604'  [ RunTime:0.0002s ]
SQL: SHOW COLUMNS FROM `p_bbs1` [ RunTime:0.0039s ]
SQL: SELECT * FROM `p_bbs1` WHERE `ID` = 6  [ RunTime:0.0003s ]
SQL: SELECT * FROM `p_bbs2` WHERE `FID` = 6 AND `CONDITION` = 0  [ RunTime:0.0003s ]
INFO: [ view_parse ] --START--
INFO: [ template_filter ] --START--
INFO: Run Behavior\ContentReplaceBehavior [ RunTime:0.000123s ]
INFO: [ template_filter ] --END-- [ RunTime:0.000251s ]
NOTIC: [8] Undefined variable: data1 F:\Demo\project2.1\App\Runtime\Cache\Home\12a0bcefce4b9d2f89bc6ecf3801c6e0.php 第 30 行.
INFO: Run Behavior\ParseTemplateBehavior [ RunTime:0.009923s ]
INFO: [ view_parse ] --END-- [ RunTime:0.010037s ]
INFO: [ view_filter ] --START--
INFO: Run Behavior\WriteHtmlCacheBehavior [ RunTime:0.000408s ]
INFO: [ view_filter ] --END-- [ RunTime:0.000489s ]
INFO: [ app_end ] --START--
INFO: Run Behavior\ShowPageTraceBehavior [ RunTime:0.000801s ]
INFO: [ app_end ] --END-- [ RunTime:0.000943s ]

[ 2015-12-10T11:11:40+08:00 ] ::1 /project2.1/index.php/Home/BBS/Delete1?id1=6&id2=27
INFO: [ app_init ] --START--
INFO: Run Behavior\BuildLiteBehavior [ RunTime:0.000021s ]
INFO: [ app_init ] --END-- [ RunTime:0.000446s ]
INFO: [ app_begin ] --START--
INFO: Run Behavior\ReadHtmlCacheBehavior [ RunTime:0.000859s ]
INFO: [ app_begin ] --END-- [ RunTime:0.001032s ]
SQL: SHOW COLUMNS FROM `p_user` [ RunTime:0.0039s ]
SQL: SELECT * FROM `p_user` WHERE `ID` = '565c4ac30a604'  [ RunTime:0.0003s ]
SQL: SELECT * FROM `p_user` WHERE `ID` = '565c4ac30a604'  [ RunTime:0.0002s ]
SQL: SHOW COLUMNS FROM `p_bbs2` [ RunTime:0.0047s ]
SQL: SELECT * FROM `p_bbs2` WHERE `ID` = 27 AND `FID` = 6  [ RunTime:0.0002s ]
SQL: DELETE FROM `p_bbs2` WHERE `ID` = 27 AND `FID` = 6 [ RunTime:0.0017s ]
SQL: SELECT * FROM `p_user` WHERE `ID` = '565c4ac30a604'  [ RunTime:0.0002s ]
SQL: SELECT * FROM `p_user` WHERE `ID` = '565c4ac30a604'  [ RunTime:0.0002s ]
SQL: SHOW COLUMNS FROM `p_bbs1` [ RunTime:0.0029s ]
SQL: SELECT * FROM `p_bbs1` WHERE `ID` = 6  [ RunTime:0.0002s ]
SQL: SELECT * FROM `p_bbs2` WHERE `FID` = 6 AND `CONDITION` = 0  [ RunTime:0.0002s ]
INFO: [ view_parse ] --START--
INFO: [ template_filter ] --START--
INFO: Run Behavior\ContentReplaceBehavior [ RunTime:0.000065s ]
INFO: [ template_filter ] --END-- [ RunTime:0.000161s ]
NOTIC: [8] Undefined variable: data1 F:\Demo\project2.1\App\Runtime\Cache\Home\12a0bcefce4b9d2f89bc6ecf3801c6e0.php 第 30 行.
INFO: Run Behavior\ParseTemplateBehavior [ RunTime:0.010372s ]
INFO: [ view_parse ] --END-- [ RunTime:0.010509s ]
INFO: [ view_filter ] --START--
INFO: Run Behavior\WriteHtmlCacheBehavior [ RunTime:0.000420s ]
INFO: [ view_filter ] --END-- [ RunTime:0.000501s ]
INFO: [ app_end ] --START--
INFO: Run Behavior\ShowPageTraceBehavior [ RunTime:0.000586s ]
INFO: [ app_end ] --END-- [ RunTime:0.000671s ]

[ 2015-12-10T11:17:43+08:00 ] ::1 /project2.1/index.php/Home/BBS/Creat2Next?id=6
INFO: [ app_init ] --START--
INFO: Run Behavior\BuildLiteBehavior [ RunTime:0.000032s ]
INFO: [ app_init ] --END-- [ RunTime:0.000740s ]
INFO: [ app_begin ] --START--
INFO: Run Behavior\ReadHtmlCacheBehavior [ RunTime:0.000959s ]
INFO: [ app_begin ] --END-- [ RunTime:0.001109s ]
SQL: SHOW COLUMNS FROM `p_user` [ RunTime:0.0041s ]
SQL: SELECT * FROM `p_user` WHERE `ID` = '565c4ac30a604'  [ RunTime:0.0004s ]
SQL: SELECT * FROM `p_user` WHERE `ID` = '565c4ac30a604'  [ RunTime:0.0004s ]
SQL: SHOW COLUMNS FROM `p_bbs2` [ RunTime:0.0045s ]
SQL: INSERT INTO `p_bbs2` (`FID`,`USERNAME`,`WORDS`,`TIME`) VALUES ('6','温志远','<p>123</p>','2015-12-10 11:17:43') [ RunTime:0.0180s ]
SQL: SELECT * FROM `p_user` WHERE `ID` = '565c4ac30a604'  [ RunTime:0.0003s ]
SQL: SELECT * FROM `p_user` WHERE `ID` = '565c4ac30a604'  [ RunTime:0.0002s ]
SQL: SHOW COLUMNS FROM `p_bbs1` [ RunTime:0.0041s ]
SQL: SELECT * FROM `p_bbs1` WHERE `ID` = 6  [ RunTime:0.0002s ]
SQL: SELECT * FROM `p_bbs2` WHERE `FID` = 6 AND `CONDITION` = 0  [ RunTime:0.0003s ]
INFO: [ view_parse ] --START--
INFO: [ template_filter ] --START--
INFO: Run Behavior\ContentReplaceBehavior [ RunTime:0.000108s ]
INFO: [ template_filter ] --END-- [ RunTime:0.000273s ]
NOTIC: [8] Undefined variable: data1 F:\Demo\project2.1\App\Runtime\Cache\Home\12a0bcefce4b9d2f89bc6ecf3801c6e0.php 第 30 行.
INFO: Run Behavior\ParseTemplateBehavior [ RunTime:0.014062s ]
INFO: [ view_parse ] --END-- [ RunTime:0.014225s ]
INFO: [ view_filter ] --START--
INFO: Run Behavior\WriteHtmlCacheBehavior [ RunTime:0.000612s ]
INFO: [ view_filter ] --END-- [ RunTime:0.000740s ]
INFO: [ app_end ] --START--
INFO: Run Behavior\ShowPageTraceBehavior [ RunTime:0.000714s ]
INFO: [ app_end ] --END-- [ RunTime:0.000821s ]

[ 2015-12-10T13:51:31+08:00 ] ::1 /project2.1/index.php/Home/User/Exitlogin
INFO: [ app_init ] --START--
INFO: Run Behavior\BuildLiteBehavior [ RunTime:0.000026s ]
INFO: [ app_init ] --END-- [ RunTime:0.000649s ]
INFO: [ app_begin ] --START--
INFO: Run Behavior\ReadHtmlCacheBehavior [ RunTime:0.000792s ]
INFO: [ app_begin ] --END-- [ RunTime:0.000907s ]
NOTIC: [8] Undefined index: id F:\Demo\project2.1\App\Home\Controller\UserController.class.php 第 7 行.
SQL: SHOW COLUMNS FROM `p_signin` [ RunTime:0.0046s ]
SQL: SELECT COUNT(*) AS tp_count FROM `p_signin` WHERE `TIME` = '2015-12-10' LIMIT 1   [ RunTime:0.0005s ]
NOTIC: [8] Undefined variable: signid F:\Demo\project2.1\App\Home\Controller\UserController.class.php 第 28 行.
INFO: [ view_parse ] --START--
INFO: [ template_filter ] --START--
INFO: Run Behavior\ContentReplaceBehavior [ RunTime:0.000111s ]
INFO: [ template_filter ] --END-- [ RunTime:0.000283s ]
INFO: Run Behavior\ParseTemplateBehavior [ RunTime:0.030010s ]
INFO: [ view_parse ] --END-- [ RunTime:0.030229s ]
INFO: [ view_filter ] --START--
INFO: Run Behavior\WriteHtmlCacheBehavior [ RunTime:0.001598s ]
INFO: [ view_filter ] --END-- [ RunTime:0.001917s ]
INFO: [ app_end ] --START--
INFO: Run Behavior\ShowPageTraceBehavior [ RunTime:0.002270s ]
INFO: [ app_end ] --END-- [ RunTime:0.002592s ]

[ 2015-12-10T13:51:33+08:00 ] ::1 /project2.1/index.php/Home/Main/Maindown
INFO: [ app_init ] --START--
INFO: Run Behavior\BuildLiteBehavior [ RunTime:0.000029s ]
INFO: [ app_init ] --END-- [ RunTime:0.000600s ]
INFO: [ app_begin ] --START--
INFO: Run Behavior\ReadHtmlCacheBehavior [ RunTime:0.000818s ]
INFO: [ app_begin ] --END-- [ RunTime:0.000999s ]
NOTIC: [8] Undefined index: id F:\Demo\project2.1\App\Home\Controller\MainController.class.php 第 34 行.
SQL: SHOW COLUMNS FROM `p_user` [ RunTime:0.0066s ]
SQL: SELECT * FROM `p_user` WHERE `ID` = null  [ RunTime:0.0006s ]
NOTIC: [8] Undefined offset: 0 F:\Demo\project2.1\App\Home\Controller\MainController.class.php 第 36 行.
NOTIC: [8] Undefined offset: 0 F:\Demo\project2.1\App\Home\Controller\MainController.class.php 第 38 行.
INFO: [ view_parse ] --START--
INFO: [ template_filter ] --START--
INFO: Run Behavior\ContentReplaceBehavior [ RunTime:0.000146s ]
INFO: [ template_filter ] --END-- [ RunTime:0.000395s ]
INFO: Run Behavior\ParseTemplateBehavior [ RunTime:0.014930s ]
INFO: [ view_parse ] --END-- [ RunTime:0.015217s ]
INFO: [ view_filter ] --START--
INFO: Run Behavior\WriteHtmlCacheBehavior [ RunTime:0.001198s ]
INFO: [ view_filter ] --END-- [ RunTime:0.001430s ]
INFO: [ app_end ] --START--
INFO: Run Behavior\ShowPageTraceBehavior [ RunTime:0.002231s ]
INFO: [ app_end ] --END-- [ RunTime:0.002528s ]

[ 2015-12-10T13:51:35+08:00 ] ::1 /project2.1/index.php/Home/User/Login
INFO: [ app_init ] --START--
INFO: Run Behavior\BuildLiteBehavior [ RunTime:0.000026s ]
INFO: [ app_init ] --END-- [ RunTime:0.000664s ]
INFO: [ app_begin ] --START--
INFO: Run Behavior\ReadHtmlCacheBehavior [ RunTime:0.000662s ]
INFO: [ app_begin ] --END-- [ RunTime:0.000776s ]
NOTIC: [8] A session had already been started - ignoring session_start() F:\Demo\project2.1\App\Home\Controller\UserController.class.php 第 35 行.
INFO: [ view_parse ] --START--
INFO: [ template_filter ] --START--
INFO: Run Behavior\ContentReplaceBehavior [ RunTime:0.000197s ]
INFO: [ template_filter ] --END-- [ RunTime:0.000610s ]
INFO: Run Behavior\ParseTemplateBehavior [ RunTime:0.042439s ]
INFO: [ view_parse ] --END-- [ RunTime:0.042738s ]
INFO: [ view_filter ] --START--
INFO: Run Behavior\WriteHtmlCacheBehavior [ RunTime:0.001552s ]
INFO: [ view_filter ] --END-- [ RunTime:0.001866s ]
INFO: [ app_end ] --START--
INFO: Run Behavior\ShowPageTraceBehavior [ RunTime:0.001945s ]
INFO: [ app_end ] --END-- [ RunTime:0.002296s ]

[ 2015-12-10T13:51:43+08:00 ] ::1 /project2.1/index.php/Home/User/Logins
INFO: [ app_init ] --START--
INFO: Run Behavior\BuildLiteBehavior [ RunTime:0.000034s ]
INFO: [ app_init ] --END-- [ RunTime:0.000619s ]
INFO: [ app_begin ] --START--
INFO: Run Behavior\ReadHtmlCacheBehavior [ RunTime:0.000707s ]
INFO: [ app_begin ] --END-- [ RunTime:0.000851s ]
SQL: SHOW COLUMNS FROM `p_user` [ RunTime:0.0030s ]
SQL: SELECT * FROM `p_user` WHERE `USERNAME` = '文振中' AND `PASSWORD` = '202cb962ac59075b964b07152d234b70'  [ RunTime:0.0004s ]
SQL: SELECT `ID` FROM `p_user` WHERE `USERNAME` = '文振中' AND `PASSWORD` = '202cb962ac59075b964b07152d234b70' LIMIT 1   [ RunTime:0.0002s ]
SQL: SHOW COLUMNS FROM `p_signin` [ RunTime:0.0031s ]
SQL: SELECT COUNT(*) AS tp_count FROM `p_signin` WHERE `TIME` = '2015-12-10' LIMIT 1   [ RunTime:0.0003s ]
SQL: SELECT * FROM `p_user` WHERE `ID` = '2147483647'  [ RunTime:0.0002s ]
SQL: SELECT * FROM `p_signin` WHERE `TIME` = '2015-12-10' AND `USERID` = '2147483647'  [ RunTime:0.0002s ]
INFO: [ view_parse ] --START--
INFO: [ template_filter ] --START--
INFO: Run Behavior\ContentReplaceBehavior [ RunTime:0.000072s ]
INFO: [ template_filter ] --END-- [ RunTime:0.000189s ]
NOTIC: [8] A session had already been started - ignoring session_start() F:\Demo\project2.1\App\Runtime\Cache\Home\ea340386924792ccc65576071a30eec1.php 第 11 行.
INFO: Run Behavior\ParseTemplateBehavior [ RunTime:0.007529s ]
INFO: [ view_parse ] --END-- [ RunTime:0.007646s ]
INFO: [ view_filter ] --START--
INFO: Run Behavior\WriteHtmlCacheBehavior [ RunTime:0.000557s ]
INFO: [ view_filter ] --END-- [ RunTime:0.000658s ]
INFO: [ app_end ] --START--
INFO: Run Behavior\ShowPageTraceBehavior [ RunTime:0.000716s ]
INFO: [ app_end ] --END-- [ RunTime:0.000818s ]

[ 2015-12-10T13:51:44+08:00 ] ::1 /project2.1/index.php/Home/Main/Maindown
INFO: [ app_init ] --START--
INFO: Run Behavior\BuildLiteBehavior [ RunTime:0.000026s ]
INFO: [ app_init ] --END-- [ RunTime:0.000566s ]
INFO: [ app_begin ] --START--
INFO: Run Behavior\ReadHtmlCacheBehavior [ RunTime:0.000830s ]
INFO: [ app_begin ] --END-- [ RunTime:0.000993s ]
SQL: SHOW COLUMNS FROM `p_user` [ RunTime:0.0028s ]
SQL: SELECT * FROM `p_user` WHERE `ID` = '2147483647'  [ RunTime:0.0004s ]
INFO: [ view_parse ] --START--
INFO: [ template_filter ] --START--
INFO: Run Behavior\ContentReplaceBehavior [ RunTime:0.000082s ]
INFO: [ template_filter ] --END-- [ RunTime:0.000211s ]
INFO: Run Behavior\ParseTemplateBehavior [ RunTime:0.006505s ]
INFO: [ view_parse ] --END-- [ RunTime:0.006637s ]
INFO: [ view_filter ] --START--
INFO: Run Behavior\WriteHtmlCacheBehavior [ RunTime:0.000538s ]
INFO: [ view_filter ] --END-- [ RunTime:0.000638s ]
INFO: [ app_end ] --START--
INFO: Run Behavior\ShowPageTraceBehavior [ RunTime:0.000676s ]
INFO: [ app_end ] --END-- [ RunTime:0.000778s ]

[ 2015-12-10T13:51:49+08:00 ] ::1 /project2.1/index.php/Home/BBS/index
INFO: [ app_init ] --START--
INFO: Run Behavior\BuildLiteBehavior [ RunTime:0.000025s ]
INFO: [ app_init ] --END-- [ RunTime:0.000567s ]
INFO: [ app_begin ] --START--
INFO: Run Behavior\ReadHtmlCacheBehavior [ RunTime:0.000649s ]
INFO: [ app_begin ] --END-- [ RunTime:0.000777s ]
SQL: SHOW COLUMNS FROM `p_user` [ RunTime:0.0027s ]
SQL: SELECT * FROM `p_user` WHERE `ID` = '2147483647'  [ RunTime:0.0003s ]
SQL: SELECT * FROM `p_user` WHERE `ID` = '2147483647'  [ RunTime:0.0002s ]
SQL: SHOW COLUMNS FROM `p_bbs1` [ RunTime:0.0026s ]
SQL: SELECT * FROM `p_bbs1` WHERE `CONDITION` = 0  [ RunTime:0.0003s ]
INFO: [ view_parse ] --START--
INFO: [ template_filter ] --START--
INFO: Run Behavior\ContentReplaceBehavior [ RunTime:0.000069s ]
INFO: [ template_filter ] --END-- [ RunTime:0.000180s ]
INFO: Run Behavior\ParseTemplateBehavior [ RunTime:0.017605s ]
INFO: [ view_parse ] --END-- [ RunTime:0.017737s ]
INFO: [ view_filter ] --START--
INFO: Run Behavior\WriteHtmlCacheBehavior [ RunTime:0.000569s ]
INFO: [ view_filter ] --END-- [ RunTime:0.000673s ]
INFO: [ app_end ] --START--
INFO: Run Behavior\ShowPageTraceBehavior [ RunTime:0.000648s ]
INFO: [ app_end ] --END-- [ RunTime:0.000751s ]

