[ 2015-12-17T20:23:27+08:00 ] ::1 /project2.1/index.php
INFO: [ app_init ] --START--
INFO: Run Behavior\BuildLiteBehavior [ RunTime:0.000072s ]
INFO: [ app_init ] --END-- [ RunTime:0.011750s ]
INFO: [ app_begin ] --START--
INFO: Run Behavior\ReadHtmlCacheBehavior [ RunTime:0.012753s ]
INFO: [ app_begin ] --END-- [ RunTime:0.013138s ]
NOTIC: [8] Undefined index: id F:\Demo\project2.1\App\Home\Controller\MainController.class.php 第 7 行.
SQL: SHOW COLUMNS FROM `p_signin` [ RunTime:0.0518s ]
SQL: SELECT COUNT(*) AS tp_count FROM `p_signin` WHERE `TIME` = '2015-12-17' LIMIT 1   [ RunTime:0.0006s ]
NOTIC: [8] Undefined variable: signid F:\Demo\project2.1\App\Home\Controller\MainController.class.php 第 27 行.
NOTIC: [8] Undefined variable: root F:\Demo\project2.1\App\Home\Controller\MainController.class.php 第 29 行.
INFO: [ view_parse ] --START--
INFO: [ template_filter ] --START--
INFO: Run Behavior\ContentReplaceBehavior [ RunTime:0.000107s ]
INFO: [ template_filter ] --END-- [ RunTime:0.000266s ]
NOTIC: [8] A session had already been started - ignoring session_start() F:\Demo\project2.1\App\Runtime\Cache\Home\ea340386924792ccc65576071a30eec1.php 第 6 行.
SQL: SHOW COLUMNS FROM `p_mycounter` [ RunTime:0.0468s ]
SQL: SELECT `counter` FROM `p_mycounter` WHERE `id` = 1 LIMIT 1   [ RunTime:0.0003s ]
INFO: Run Behavior\ParseTemplateBehavior [ RunTime:0.105089s ]
INFO: [ view_parse ] --END-- [ RunTime:0.105211s ]
INFO: [ view_filter ] --START--
INFO: Run Behavior\WriteHtmlCacheBehavior [ RunTime:0.026125s ]
INFO: [ view_filter ] --END-- [ RunTime:0.026241s ]
INFO: [ app_end ] --START--
INFO: Run Behavior\ShowPageTraceBehavior [ RunTime:0.008471s ]
INFO: [ app_end ] --END-- [ RunTime:0.008591s ]

[ 2015-12-17T20:23:28+08:00 ] ::1 /project2.1/index.php/Home/Main/Maindown
INFO: [ app_init ] --START--
INFO: Run Behavior\BuildLiteBehavior [ RunTime:0.000025s ]
INFO: [ app_init ] --END-- [ RunTime:0.000611s ]
INFO: [ app_begin ] --START--
INFO: Run Behavior\ReadHtmlCacheBehavior [ RunTime:0.000847s ]
INFO: [ app_begin ] --END-- [ RunTime:0.000980s ]
NOTIC: [8] Undefined index: id F:\Demo\project2.1\App\Home\Controller\MainController.class.php 第 34 行.
SQL: SHOW COLUMNS FROM `p_user` [ RunTime:0.0357s ]
SQL: SELECT * FROM `p_user` WHERE `ID` = null  [ RunTime:0.0003s ]
NOTIC: [8] Undefined offset: 0 F:\Demo\project2.1\App\Home\Controller\MainController.class.php 第 36 行.
NOTIC: [8] Undefined offset: 0 F:\Demo\project2.1\App\Home\Controller\MainController.class.php 第 38 行.
INFO: [ view_parse ] --START--
INFO: [ template_filter ] --START--
INFO: Run Behavior\ContentReplaceBehavior [ RunTime:0.000060s ]
INFO: [ template_filter ] --END-- [ RunTime:0.000202s ]
INFO: Run Behavior\ParseTemplateBehavior [ RunTime:0.028698s ]
INFO: [ view_parse ] --END-- [ RunTime:0.028881s ]
INFO: [ view_filter ] --START--
INFO: Run Behavior\WriteHtmlCacheBehavior [ RunTime:0.000438s ]
INFO: [ view_filter ] --END-- [ RunTime:0.000538s ]
INFO: [ app_end ] --START--
INFO: Run Behavior\ShowPageTraceBehavior [ RunTime:0.000661s ]
INFO: [ app_end ] --END-- [ RunTime:0.000744s ]

[ 2015-12-17T20:32:34+08:00 ] ::1 /project2.1/index.php
INFO: [ app_init ] --START--
INFO: Run Behavior\BuildLiteBehavior [ RunTime:0.000023s ]
INFO: [ app_init ] --END-- [ RunTime:0.000489s ]
INFO: [ app_begin ] --START--
INFO: Run Behavior\ReadHtmlCacheBehavior [ RunTime:0.000770s ]
INFO: [ app_begin ] --END-- [ RunTime:0.000909s ]
NOTIC: [8] Undefined index: id F:\Demo\project2.1\App\Home\Controller\MainController.class.php 第 7 行.
SQL: SHOW COLUMNS FROM `p_signin` [ RunTime:0.0048s ]
SQL: SELECT COUNT(*) AS tp_count FROM `p_signin` WHERE `TIME` = '2015-12-17' LIMIT 1   [ RunTime:0.0010s ]
NOTIC: [8] Undefined variable: signid F:\Demo\project2.1\App\Home\Controller\MainController.class.php 第 27 行.
NOTIC: [8] Undefined variable: root F:\Demo\project2.1\App\Home\Controller\MainController.class.php 第 29 行.
INFO: [ view_parse ] --START--
INFO: [ template_filter ] --START--
INFO: Run Behavior\ContentReplaceBehavior [ RunTime:0.000068s ]
INFO: [ template_filter ] --END-- [ RunTime:0.000165s ]
NOTIC: [8] A session had already been started - ignoring session_start() F:\Demo\project2.1\App\Runtime\Cache\Home\ea340386924792ccc65576071a30eec1.php 第 6 行.
SQL: SHOW COLUMNS FROM `p_mycounter` [ RunTime:0.0032s ]
SQL: SELECT `counter` FROM `p_mycounter` WHERE `id` = 1 LIMIT 1   [ RunTime:0.0002s ]
INFO: Run Behavior\ParseTemplateBehavior [ RunTime:0.012619s ]
INFO: [ view_parse ] --END-- [ RunTime:0.012764s ]
INFO: [ view_filter ] --START--
INFO: Run Behavior\WriteHtmlCacheBehavior [ RunTime:0.000561s ]
INFO: [ view_filter ] --END-- [ RunTime:0.000667s ]
INFO: [ app_end ] --START--
INFO: Run Behavior\ShowPageTraceBehavior [ RunTime:0.000708s ]
INFO: [ app_end ] --END-- [ RunTime:0.000809s ]

[ 2015-12-17T20:32:34+08:00 ] ::1 /project2.1/index.php/Home/Main/Maindown
INFO: [ app_init ] --START--
INFO: Run Behavior\BuildLiteBehavior [ RunTime:0.000040s ]
INFO: [ app_init ] --END-- [ RunTime:0.000933s ]
INFO: [ app_begin ] --START--
INFO: Run Behavior\ReadHtmlCacheBehavior [ RunTime:0.000504s ]
INFO: [ app_begin ] --END-- [ RunTime:0.000597s ]
NOTIC: [8] Undefined index: id F:\Demo\project2.1\App\Home\Controller\MainController.class.php 第 34 行.
SQL: SHOW COLUMNS FROM `p_user` [ RunTime:0.0041s ]
SQL: SELECT * FROM `p_user` WHERE `ID` = null  [ RunTime:0.0003s ]
NOTIC: [8] Undefined offset: 0 F:\Demo\project2.1\App\Home\Controller\MainController.class.php 第 36 行.
NOTIC: [8] Undefined offset: 0 F:\Demo\project2.1\App\Home\Controller\MainController.class.php 第 38 行.
INFO: [ view_parse ] --START--
INFO: [ template_filter ] --START--
INFO: Run Behavior\ContentReplaceBehavior [ RunTime:0.000089s ]
INFO: [ template_filter ] --END-- [ RunTime:0.000208s ]
INFO: Run Behavior\ParseTemplateBehavior [ RunTime:0.005905s ]
INFO: [ view_parse ] --END-- [ RunTime:0.006013s ]
INFO: [ view_filter ] --START--
INFO: Run Behavior\WriteHtmlCacheBehavior [ RunTime:0.000298s ]
INFO: [ view_filter ] --END-- [ RunTime:0.000378s ]
INFO: [ app_end ] --START--
INFO: Run Behavior\ShowPageTraceBehavior [ RunTime:0.000507s ]
INFO: [ app_end ] --END-- [ RunTime:0.000590s ]

[ 2015-12-17T20:44:45+08:00 ] ::1 /project2.1/index.php
INFO: [ app_init ] --START--
INFO: Run Behavior\BuildLiteBehavior [ RunTime:0.000022s ]
INFO: [ app_init ] --END-- [ RunTime:0.000520s ]
INFO: [ app_begin ] --START--
INFO: Run Behavior\ReadHtmlCacheBehavior [ RunTime:0.000643s ]
INFO: [ app_begin ] --END-- [ RunTime:0.000734s ]
NOTIC: [8] Undefined index: id F:\Demo\project2.1\App\Home\Controller\MainController.class.php 第 7 行.
SQL: SHOW COLUMNS FROM `p_signin` [ RunTime:0.0052s ]
SQL: SELECT COUNT(*) AS tp_count FROM `p_signin` WHERE `TIME` = '2015-12-17' LIMIT 1   [ RunTime:0.0003s ]
NOTIC: [8] Undefined variable: signid F:\Demo\project2.1\App\Home\Controller\MainController.class.php 第 27 行.
NOTIC: [8] Undefined variable: root F:\Demo\project2.1\App\Home\Controller\MainController.class.php 第 29 行.
INFO: [ view_parse ] --START--
INFO: [ template_filter ] --START--
INFO: Run Behavior\ContentReplaceBehavior [ RunTime:0.000068s ]
INFO: [ template_filter ] --END-- [ RunTime:0.000167s ]
NOTIC: [8] A session had already been started - ignoring session_start() F:\Demo\project2.1\App\Runtime\Cache\Home\ea340386924792ccc65576071a30eec1.php 第 6 行.
SQL: SHOW COLUMNS FROM `p_mycounter` [ RunTime:0.0040s ]
SQL: SELECT `counter` FROM `p_mycounter` WHERE `id` = 1 LIMIT 1   [ RunTime:0.0004s ]
INFO: Run Behavior\ParseTemplateBehavior [ RunTime:0.013817s ]
INFO: [ view_parse ] --END-- [ RunTime:0.013959s ]
INFO: [ view_filter ] --START--
INFO: Run Behavior\WriteHtmlCacheBehavior [ RunTime:0.000589s ]
INFO: [ view_filter ] --END-- [ RunTime:0.000705s ]
INFO: [ app_end ] --START--
INFO: Run Behavior\ShowPageTraceBehavior [ RunTime:0.000793s ]
INFO: [ app_end ] --END-- [ RunTime:0.000919s ]

[ 2015-12-17T20:44:45+08:00 ] ::1 /project2.1/index.php/Home/Main/Maindown
INFO: [ app_init ] --START--
INFO: Run Behavior\BuildLiteBehavior [ RunTime:0.000026s ]
INFO: [ app_init ] --END-- [ RunTime:0.000816s ]
INFO: [ app_begin ] --START--
INFO: Run Behavior\ReadHtmlCacheBehavior [ RunTime:0.000582s ]
INFO: [ app_begin ] --END-- [ RunTime:0.000724s ]
NOTIC: [8] Undefined index: id F:\Demo\project2.1\App\Home\Controller\MainController.class.php 第 34 行.
SQL: SHOW COLUMNS FROM `p_user` [ RunTime:0.0035s ]
SQL: SELECT * FROM `p_user` WHERE `ID` = null  [ RunTime:0.0002s ]
NOTIC: [8] Undefined offset: 0 F:\Demo\project2.1\App\Home\Controller\MainController.class.php 第 36 行.
NOTIC: [8] Undefined offset: 0 F:\Demo\project2.1\App\Home\Controller\MainController.class.php 第 38 行.
INFO: [ view_parse ] --START--
INFO: [ template_filter ] --START--
INFO: Run Behavior\ContentReplaceBehavior [ RunTime:0.000095s ]
INFO: [ template_filter ] --END-- [ RunTime:0.000270s ]
INFO: Run Behavior\ParseTemplateBehavior [ RunTime:0.006780s ]
INFO: [ view_parse ] --END-- [ RunTime:0.006889s ]
INFO: [ view_filter ] --START--
INFO: Run Behavior\WriteHtmlCacheBehavior [ RunTime:0.000335s ]
INFO: [ view_filter ] --END-- [ RunTime:0.000415s ]
INFO: [ app_end ] --START--
INFO: Run Behavior\ShowPageTraceBehavior [ RunTime:0.000530s ]
INFO: [ app_end ] --END-- [ RunTime:0.000623s ]

[ 2015-12-17T20:44:46+08:00 ] ::1 /project2.1/index.php
INFO: [ app_init ] --START--
INFO: Run Behavior\BuildLiteBehavior [ RunTime:0.000023s ]
INFO: [ app_init ] --END-- [ RunTime:0.000667s ]
INFO: [ app_begin ] --START--
INFO: Run Behavior\ReadHtmlCacheBehavior [ RunTime:0.000650s ]
INFO: [ app_begin ] --END-- [ RunTime:0.000750s ]
NOTIC: [8] Undefined index: id F:\Demo\project2.1\App\Home\Controller\MainController.class.php 第 7 行.
SQL: SHOW COLUMNS FROM `p_signin` [ RunTime:0.0035s ]
SQL: SELECT COUNT(*) AS tp_count FROM `p_signin` WHERE `TIME` = '2015-12-17' LIMIT 1   [ RunTime:0.0003s ]
NOTIC: [8] Undefined variable: signid F:\Demo\project2.1\App\Home\Controller\MainController.class.php 第 27 行.
NOTIC: [8] Undefined variable: root F:\Demo\project2.1\App\Home\Controller\MainController.class.php 第 29 行.
INFO: [ view_parse ] --START--
INFO: [ template_filter ] --START--
INFO: Run Behavior\ContentReplaceBehavior [ RunTime:0.000068s ]
INFO: [ template_filter ] --END-- [ RunTime:0.000185s ]
NOTIC: [8] A session had already been started - ignoring session_start() F:\Demo\project2.1\App\Runtime\Cache\Home\ea340386924792ccc65576071a30eec1.php 第 6 行.
SQL: SHOW COLUMNS FROM `p_mycounter` [ RunTime:0.0042s ]
SQL: SELECT `counter` FROM `p_mycounter` WHERE `id` = 1 LIMIT 1   [ RunTime:0.0005s ]
INFO: Run Behavior\ParseTemplateBehavior [ RunTime:0.014750s ]
INFO: [ view_parse ] --END-- [ RunTime:0.014887s ]
INFO: [ view_filter ] --START--
INFO: Run Behavior\WriteHtmlCacheBehavior [ RunTime:0.000784s ]
INFO: [ view_filter ] --END-- [ RunTime:0.000904s ]
INFO: [ app_end ] --START--
INFO: Run Behavior\ShowPageTraceBehavior [ RunTime:0.000747s ]
INFO: [ app_end ] --END-- [ RunTime:0.000866s ]

[ 2015-12-17T20:44:47+08:00 ] ::1 /project2.1/index.php/Home/Main/Maindown
INFO: [ app_init ] --START--
INFO: Run Behavior\BuildLiteBehavior [ RunTime:0.000023s ]
INFO: [ app_init ] --END-- [ RunTime:0.000455s ]
INFO: [ app_begin ] --START--
INFO: Run Behavior\ReadHtmlCacheBehavior [ RunTime:0.000493s ]
INFO: [ app_begin ] --END-- [ RunTime:0.000589s ]
NOTIC: [8] Undefined index: id F:\Demo\project2.1\App\Home\Controller\MainController.class.php 第 34 行.
SQL: SHOW COLUMNS FROM `p_user` [ RunTime:0.0033s ]
SQL: SELECT * FROM `p_user` WHERE `ID` = null  [ RunTime:0.0003s ]
NOTIC: [8] Undefined offset: 0 F:\Demo\project2.1\App\Home\Controller\MainController.class.php 第 36 行.
NOTIC: [8] Undefined offset: 0 F:\Demo\project2.1\App\Home\Controller\MainController.class.php 第 38 行.
INFO: [ view_parse ] --START--
INFO: [ template_filter ] --START--
INFO: Run Behavior\ContentReplaceBehavior [ RunTime:0.000059s ]
INFO: [ template_filter ] --END-- [ RunTime:0.000164s ]
INFO: Run Behavior\ParseTemplateBehavior [ RunTime:0.005837s ]
INFO: [ view_parse ] --END-- [ RunTime:0.005939s ]
INFO: [ view_filter ] --START--
INFO: Run Behavior\WriteHtmlCacheBehavior [ RunTime:0.000283s ]
INFO: [ view_filter ] --END-- [ RunTime:0.000362s ]
INFO: [ app_end ] --START--
INFO: Run Behavior\ShowPageTraceBehavior [ RunTime:0.000502s ]
INFO: [ app_end ] --END-- [ RunTime:0.000592s ]

[ 2015-12-17T20:50:04+08:00 ] ::1 /project2.1/index.php
INFO: [ app_init ] --START--
INFO: Run Behavior\BuildLiteBehavior [ RunTime:0.000036s ]
INFO: [ app_init ] --END-- [ RunTime:0.000747s ]
INFO: [ app_begin ] --START--
INFO: Run Behavior\ReadHtmlCacheBehavior [ RunTime:0.000757s ]
INFO: [ app_begin ] --END-- [ RunTime:0.000870s ]
NOTIC: [8] Undefined index: id F:\Demo\project2.1\App\Home\Controller\MainController.class.php 第 7 行.
SQL: SHOW COLUMNS FROM `p_signin` [ RunTime:0.0045s ]
SQL: SELECT COUNT(*) AS tp_count FROM `p_signin` WHERE `TIME` = '2015-12-17' LIMIT 1   [ RunTime:0.0003s ]
NOTIC: [8] Undefined variable: signid F:\Demo\project2.1\App\Home\Controller\MainController.class.php 第 27 行.
NOTIC: [8] Undefined variable: root F:\Demo\project2.1\App\Home\Controller\MainController.class.php 第 29 行.
INFO: [ view_parse ] --START--
INFO: [ template_filter ] --START--
INFO: Run Behavior\ContentReplaceBehavior [ RunTime:0.000099s ]
INFO: [ template_filter ] --END-- [ RunTime:0.000238s ]
NOTIC: [8] A session had already been started - ignoring session_start() F:\Demo\project2.1\App\Runtime\Cache\Home\ea340386924792ccc65576071a30eec1.php 第 6 行.
SQL: SHOW COLUMNS FROM `p_mycounter` [ RunTime:0.0060s ]
SQL: SELECT `counter` FROM `p_mycounter` WHERE `id` = 1 LIMIT 1   [ RunTime:0.0002s ]
INFO: Run Behavior\ParseTemplateBehavior [ RunTime:0.016437s ]
INFO: [ view_parse ] --END-- [ RunTime:0.016538s ]
INFO: [ view_filter ] --START--
INFO: Run Behavior\WriteHtmlCacheBehavior [ RunTime:0.000509s ]
INFO: [ view_filter ] --END-- [ RunTime:0.000595s ]
INFO: [ app_end ] --START--
INFO: Run Behavior\ShowPageTraceBehavior [ RunTime:0.000685s ]
INFO: [ app_end ] --END-- [ RunTime:0.000780s ]

[ 2015-12-17T20:50:04+08:00 ] ::1 /project2.1/index.php/Home/Main/Maindown
INFO: [ app_init ] --START--
INFO: Run Behavior\BuildLiteBehavior [ RunTime:0.000022s ]
INFO: [ app_init ] --END-- [ RunTime:0.000451s ]
INFO: [ app_begin ] --START--
INFO: Run Behavior\ReadHtmlCacheBehavior [ RunTime:0.000492s ]
INFO: [ app_begin ] --END-- [ RunTime:0.000584s ]
NOTIC: [8] Undefined index: id F:\Demo\project2.1\App\Home\Controller\MainController.class.php 第 34 行.
SQL: SHOW COLUMNS FROM `p_user` [ RunTime:0.0040s ]
SQL: SELECT * FROM `p_user` WHERE `ID` = null  [ RunTime:0.0006s ]
NOTIC: [8] Undefined offset: 0 F:\Demo\project2.1\App\Home\Controller\MainController.class.php 第 36 行.
NOTIC: [8] Undefined offset: 0 F:\Demo\project2.1\App\Home\Controller\MainController.class.php 第 38 行.
INFO: [ view_parse ] --START--
INFO: [ template_filter ] --START--
INFO: Run Behavior\ContentReplaceBehavior [ RunTime:0.000062s ]
INFO: [ template_filter ] --END-- [ RunTime:0.000163s ]
INFO: Run Behavior\ParseTemplateBehavior [ RunTime:0.005848s ]
INFO: [ view_parse ] --END-- [ RunTime:0.006000s ]
INFO: [ view_filter ] --START--
INFO: Run Behavior\WriteHtmlCacheBehavior [ RunTime:0.000307s ]
INFO: [ view_filter ] --END-- [ RunTime:0.000388s ]
INFO: [ app_end ] --START--
INFO: Run Behavior\ShowPageTraceBehavior [ RunTime:0.000773s ]
INFO: [ app_end ] --END-- [ RunTime:0.000915s ]

