[ 2016-01-05T12:51:44+08:00 ] ::1 /project2.1/project2.1/
INFO: [ app_init ] --START--
INFO: Run Behavior\BuildLiteBehavior [ RunTime:0.000075s ]
INFO: [ app_init ] --END-- [ RunTime:0.001801s ]
INFO: [ app_begin ] --START--
INFO: Run Behavior\ReadHtmlCacheBehavior [ RunTime:0.002165s ]
INFO: [ app_begin ] --END-- [ RunTime:0.002565s ]
NOTIC: [8] Undefined index: id F:\Demo\project2.1\project2.1\App\Home\Controller\MainController.class.php 第 7 行.
SQL: SHOW COLUMNS FROM `p_signin` [ RunTime:0.0106s ]
SQL: SELECT COUNT(*) AS tp_count FROM `p_signin` WHERE `TIME` = '2016-01-05' LIMIT 1   [ RunTime:0.0011s ]
NOTIC: [8] Undefined variable: signid F:\Demo\project2.1\project2.1\App\Home\Controller\MainController.class.php 第 27 行.
NOTIC: [8] Undefined variable: root F:\Demo\project2.1\project2.1\App\Home\Controller\MainController.class.php 第 29 行.
INFO: [ view_parse ] --START--
INFO: [ template_filter ] --START--
INFO: Run Behavior\ContentReplaceBehavior [ RunTime:0.000234s ]
INFO: [ template_filter ] --END-- [ RunTime:0.000576s ]
NOTIC: [8] A session had already been started - ignoring session_start() F:\Demo\project2.1\project2.1\App\Runtime\Cache\Home\ea340386924792ccc65576071a30eec1.php 第 6 行.
SQL: SHOW COLUMNS FROM `p_mycounter` [ RunTime:0.0084s ]
SQL: SELECT `counter` FROM `p_mycounter` WHERE `id` = 1 LIMIT 1   [ RunTime:0.0007s ]
INFO: Run Behavior\ParseTemplateBehavior [ RunTime:0.054632s ]
INFO: [ view_parse ] --END-- [ RunTime:0.054961s ]
INFO: [ view_filter ] --START--
INFO: Run Behavior\WriteHtmlCacheBehavior [ RunTime:0.001668s ]
INFO: [ view_filter ] --END-- [ RunTime:0.002105s ]
INFO: [ app_end ] --START--
INFO: Run Behavior\ShowPageTraceBehavior [ RunTime:0.002464s ]
INFO: [ app_end ] --END-- [ RunTime:0.002891s ]

[ 2016-01-05T12:55:01+08:00 ] ::1 /project2.1/project2.1/
INFO: [ app_init ] --START--
INFO: Run Behavior\BuildLiteBehavior [ RunTime:0.000051s ]
INFO: [ app_init ] --END-- [ RunTime:0.001233s ]
INFO: [ app_begin ] --START--
INFO: Run Behavior\ReadHtmlCacheBehavior [ RunTime:0.001573s ]
INFO: [ app_begin ] --END-- [ RunTime:0.001846s ]
NOTIC: [8] Undefined index: id F:\Demo\project2.1\project2.1\App\Home\Controller\MainController.class.php 第 7 行.
SQL: SHOW COLUMNS FROM `p_signin` [ RunTime:0.0064s ]
SQL: SELECT COUNT(*) AS tp_count FROM `p_signin` WHERE `TIME` = '2016-01-05' LIMIT 1   [ RunTime:0.0006s ]
NOTIC: [8] Undefined variable: signid F:\Demo\project2.1\project2.1\App\Home\Controller\MainController.class.php 第 27 行.
NOTIC: [8] Undefined variable: root F:\Demo\project2.1\project2.1\App\Home\Controller\MainController.class.php 第 29 行.
INFO: [ view_parse ] --START--
INFO: [ template_filter ] --START--
INFO: Run Behavior\ContentReplaceBehavior [ RunTime:0.000160s ]
INFO: [ template_filter ] --END-- [ RunTime:0.000395s ]
NOTIC: [8] A session had already been started - ignoring session_start() F:\Demo\project2.1\project2.1\App\Runtime\Cache\Home\ea340386924792ccc65576071a30eec1.php 第 6 行.
SQL: SHOW COLUMNS FROM `p_mycounter` [ RunTime:0.0053s ]
SQL: SELECT `counter` FROM `p_mycounter` WHERE `id` = 1 LIMIT 1   [ RunTime:0.0005s ]
INFO: Run Behavior\ParseTemplateBehavior [ RunTime:0.030464s ]
INFO: [ view_parse ] --END-- [ RunTime:0.030867s ]
INFO: [ view_filter ] --START--
INFO: Run Behavior\WriteHtmlCacheBehavior [ RunTime:0.001109s ]
INFO: [ view_filter ] --END-- [ RunTime:0.001326s ]
INFO: [ app_end ] --START--
INFO: Run Behavior\ShowPageTraceBehavior [ RunTime:0.001766s ]
INFO: [ app_end ] --END-- [ RunTime:0.002022s ]

[ 2016-01-05T12:55:52+08:00 ] ::1 /project2.1/index.php
INFO: [ app_init ] --START--
INFO: Run Behavior\BuildLiteBehavior [ RunTime:0.000042s ]
INFO: [ app_init ] --END-- [ RunTime:0.001058s ]
INFO: [ app_begin ] --START--
INFO: Run Behavior\ReadHtmlCacheBehavior [ RunTime:0.001238s ]
INFO: [ app_begin ] --END-- [ RunTime:0.001437s ]
NOTIC: [8] Undefined index: id F:\Demo\project2.1\App\Home\Controller\MainController.class.php 第 7 行.
SQL: SHOW COLUMNS FROM `p_signin` [ RunTime:0.0044s ]
SQL: SELECT COUNT(*) AS tp_count FROM `p_signin` WHERE `TIME` = '2016-01-05' LIMIT 1   [ RunTime:0.0005s ]
NOTIC: [8] Undefined variable: signid F:\Demo\project2.1\App\Home\Controller\MainController.class.php 第 27 行.
NOTIC: [8] Undefined variable: root F:\Demo\project2.1\App\Home\Controller\MainController.class.php 第 29 行.
INFO: [ view_parse ] --START--
INFO: [ template_filter ] --START--
INFO: Run Behavior\ContentReplaceBehavior [ RunTime:0.000207s ]
INFO: [ template_filter ] --END-- [ RunTime:0.000500s ]
NOTIC: [8] A session had already been started - ignoring session_start() F:\Demo\project2.1\App\Runtime\Cache\Home\ea340386924792ccc65576071a30eec1.php 第 6 行.
SQL: SHOW COLUMNS FROM `p_mycounter` [ RunTime:0.0071s ]
SQL: SELECT `counter` FROM `p_mycounter` WHERE `id` = 1 LIMIT 1   [ RunTime:0.0007s ]
INFO: Run Behavior\ParseTemplateBehavior [ RunTime:0.036228s ]
INFO: [ view_parse ] --END-- [ RunTime:0.036488s ]
INFO: [ view_filter ] --START--
INFO: Run Behavior\WriteHtmlCacheBehavior [ RunTime:0.001259s ]
INFO: [ view_filter ] --END-- [ RunTime:0.001560s ]
INFO: [ app_end ] --START--
INFO: Run Behavior\ShowPageTraceBehavior [ RunTime:0.001836s ]
INFO: [ app_end ] --END-- [ RunTime:0.002148s ]

[ 2016-01-05T12:55:52+08:00 ] ::1 /project2.1/index.php/Home/Main/Maindown
INFO: [ app_init ] --START--
INFO: Run Behavior\BuildLiteBehavior [ RunTime:0.000024s ]
INFO: [ app_init ] --END-- [ RunTime:0.000655s ]
INFO: [ app_begin ] --START--
INFO: Run Behavior\ReadHtmlCacheBehavior [ RunTime:0.000733s ]
INFO: [ app_begin ] --END-- [ RunTime:0.000840s ]
NOTIC: [8] Undefined index: id F:\Demo\project2.1\App\Home\Controller\MainController.class.php 第 34 行.
SQL: SHOW COLUMNS FROM `p_user` [ RunTime:0.0433s ]
SQL: SELECT * FROM `p_user` WHERE `ID` = null  [ RunTime:0.0003s ]
NOTIC: [8] Undefined offset: 0 F:\Demo\project2.1\App\Home\Controller\MainController.class.php 第 36 行.
NOTIC: [8] Undefined offset: 0 F:\Demo\project2.1\App\Home\Controller\MainController.class.php 第 38 行.
INFO: [ view_parse ] --START--
INFO: [ template_filter ] --START--
INFO: Run Behavior\ContentReplaceBehavior [ RunTime:0.000108s ]
INFO: [ template_filter ] --END-- [ RunTime:0.000297s ]
INFO: Run Behavior\ParseTemplateBehavior [ RunTime:0.010100s ]
INFO: [ view_parse ] --END-- [ RunTime:0.010248s ]
INFO: [ view_filter ] --START--
INFO: Run Behavior\WriteHtmlCacheBehavior [ RunTime:0.000739s ]
INFO: [ view_filter ] --END-- [ RunTime:0.000884s ]
INFO: [ app_end ] --START--
INFO: Run Behavior\ShowPageTraceBehavior [ RunTime:0.001117s ]
INFO: [ app_end ] --END-- [ RunTime:0.001273s ]

[ 2016-01-05T12:56:01+08:00 ] ::1 /project2.1/
INFO: [ app_init ] --START--
INFO: Run Behavior\BuildLiteBehavior [ RunTime:0.000028s ]
INFO: [ app_init ] --END-- [ RunTime:0.000653s ]
INFO: [ app_begin ] --START--
INFO: Run Behavior\ReadHtmlCacheBehavior [ RunTime:0.000782s ]
INFO: [ app_begin ] --END-- [ RunTime:0.000901s ]
NOTIC: [8] Undefined index: id F:\Demo\project2.1\App\Home\Controller\MainController.class.php 第 7 行.
SQL: SHOW COLUMNS FROM `p_signin` [ RunTime:0.0038s ]
SQL: SELECT COUNT(*) AS tp_count FROM `p_signin` WHERE `TIME` = '2016-01-05' LIMIT 1   [ RunTime:0.0003s ]
NOTIC: [8] Undefined variable: signid F:\Demo\project2.1\App\Home\Controller\MainController.class.php 第 27 行.
NOTIC: [8] Undefined variable: root F:\Demo\project2.1\App\Home\Controller\MainController.class.php 第 29 行.
INFO: [ view_parse ] --START--
INFO: [ template_filter ] --START--
INFO: Run Behavior\ContentReplaceBehavior [ RunTime:0.000079s ]
INFO: [ template_filter ] --END-- [ RunTime:0.000209s ]
NOTIC: [8] A session had already been started - ignoring session_start() F:\Demo\project2.1\App\Runtime\Cache\Home\ea340386924792ccc65576071a30eec1.php 第 6 行.
SQL: SHOW COLUMNS FROM `p_mycounter` [ RunTime:0.0026s ]
SQL: SELECT `counter` FROM `p_mycounter` WHERE `id` = 1 LIMIT 1   [ RunTime:0.0003s ]
INFO: Run Behavior\ParseTemplateBehavior [ RunTime:0.014053s ]
INFO: [ view_parse ] --END-- [ RunTime:0.014175s ]
INFO: [ view_filter ] --START--
INFO: Run Behavior\WriteHtmlCacheBehavior [ RunTime:0.000831s ]
INFO: [ view_filter ] --END-- [ RunTime:0.001093s ]
INFO: [ app_end ] --START--
INFO: Run Behavior\ShowPageTraceBehavior [ RunTime:0.001032s ]
INFO: [ app_end ] --END-- [ RunTime:0.001172s ]

[ 2016-01-05T12:56:01+08:00 ] ::1 /project2.1/index.php/Home/Main/Maindown
INFO: [ app_init ] --START--
INFO: Run Behavior\BuildLiteBehavior [ RunTime:0.000025s ]
INFO: [ app_init ] --END-- [ RunTime:0.000634s ]
INFO: [ app_begin ] --START--
INFO: Run Behavior\ReadHtmlCacheBehavior [ RunTime:0.000972s ]
INFO: [ app_begin ] --END-- [ RunTime:0.001127s ]
NOTIC: [8] Undefined index: id F:\Demo\project2.1\App\Home\Controller\MainController.class.php 第 34 行.
SQL: SHOW COLUMNS FROM `p_user` [ RunTime:0.0034s ]
SQL: SELECT * FROM `p_user` WHERE `ID` = null  [ RunTime:0.0003s ]
NOTIC: [8] Undefined offset: 0 F:\Demo\project2.1\App\Home\Controller\MainController.class.php 第 36 行.
NOTIC: [8] Undefined offset: 0 F:\Demo\project2.1\App\Home\Controller\MainController.class.php 第 38 行.
INFO: [ view_parse ] --START--
INFO: [ template_filter ] --START--
INFO: Run Behavior\ContentReplaceBehavior [ RunTime:0.000070s ]
INFO: [ template_filter ] --END-- [ RunTime:0.000191s ]
INFO: Run Behavior\ParseTemplateBehavior [ RunTime:0.008393s ]
INFO: [ view_parse ] --END-- [ RunTime:0.008609s ]
INFO: [ view_filter ] --START--
INFO: Run Behavior\WriteHtmlCacheBehavior [ RunTime:0.001305s ]
INFO: [ view_filter ] --END-- [ RunTime:0.001808s ]
INFO: [ app_end ] --START--
INFO: Run Behavior\ShowPageTraceBehavior [ RunTime:0.002381s ]
INFO: [ app_end ] --END-- [ RunTime:0.002513s ]

[ 2016-01-05T12:56:10+08:00 ] ::1 /project2.1/index.php/Home/User/Login
INFO: [ app_init ] --START--
INFO: Run Behavior\BuildLiteBehavior [ RunTime:0.000026s ]
INFO: [ app_init ] --END-- [ RunTime:0.000638s ]
INFO: [ app_begin ] --START--
INFO: Run Behavior\ReadHtmlCacheBehavior [ RunTime:0.000731s ]
INFO: [ app_begin ] --END-- [ RunTime:0.000843s ]
NOTIC: [8] A session had already been started - ignoring session_start() F:\Demo\project2.1\App\Home\Controller\UserController.class.php 第 41 行.
INFO: [ view_parse ] --START--
INFO: [ template_filter ] --START--
INFO: Run Behavior\ContentReplaceBehavior [ RunTime:0.000123s ]
INFO: [ template_filter ] --END-- [ RunTime:0.000360s ]
INFO: Run Behavior\ParseTemplateBehavior [ RunTime:0.021816s ]
INFO: [ view_parse ] --END-- [ RunTime:0.022024s ]
INFO: [ view_filter ] --START--
INFO: Run Behavior\WriteHtmlCacheBehavior [ RunTime:0.000838s ]
INFO: [ view_filter ] --END-- [ RunTime:0.001017s ]
INFO: [ app_end ] --START--
INFO: Run Behavior\ShowPageTraceBehavior [ RunTime:0.001253s ]
INFO: [ app_end ] --END-- [ RunTime:0.001437s ]

[ 2016-01-05T12:56:20+08:00 ] ::1 /project2.1/index.php/Home/User/Logins?id=1
INFO: [ app_init ] --START--
INFO: Run Behavior\BuildLiteBehavior [ RunTime:0.000025s ]
INFO: [ app_init ] --END-- [ RunTime:0.000606s ]
INFO: [ app_begin ] --START--
INFO: Run Behavior\ReadHtmlCacheBehavior [ RunTime:0.000652s ]
INFO: [ app_begin ] --END-- [ RunTime:0.000772s ]
SQL: SHOW COLUMNS FROM `p_user` [ RunTime:0.0031s ]
SQL: SELECT * FROM `p_user` WHERE `USERNAME` = '温志远' AND `PASSWORD` = '4297f44b13955235245b2497399d7a93'  [ RunTime:0.0005s ]
SQL: SELECT `ID` FROM `p_user` WHERE `USERNAME` = '温志远' AND `PASSWORD` = '4297f44b13955235245b2497399d7a93' LIMIT 1   [ RunTime:0.0005s ]
SQL: SHOW COLUMNS FROM `p_signin` [ RunTime:0.0045s ]
SQL: SELECT COUNT(*) AS tp_count FROM `p_signin` WHERE `TIME` = '2016-01-05' LIMIT 1   [ RunTime:0.0004s ]
SQL: SELECT * FROM `p_user` WHERE `ID` = '300000015'  [ RunTime:0.0005s ]
SQL: SELECT * FROM `p_signin` WHERE `TIME` = '2016-01-05' AND `USERID` = '300000015'  [ RunTime:0.0004s ]
INFO: [ view_parse ] --START--
INFO: [ template_filter ] --START--
INFO: Run Behavior\ContentReplaceBehavior [ RunTime:0.000122s ]
INFO: [ template_filter ] --END-- [ RunTime:0.000290s ]
NOTIC: [8] A session had already been started - ignoring session_start() F:\Demo\project2.1\App\Runtime\Cache\Home\ea340386924792ccc65576071a30eec1.php 第 6 行.
SQL: SHOW COLUMNS FROM `p_mycounter` [ RunTime:0.0038s ]
SQL: SELECT `counter` FROM `p_mycounter` WHERE `id` = 1 LIMIT 1   [ RunTime:0.0004s ]
INFO: Run Behavior\ParseTemplateBehavior [ RunTime:0.019267s ]
INFO: [ view_parse ] --END-- [ RunTime:0.019481s ]
INFO: [ view_filter ] --START--
INFO: Run Behavior\WriteHtmlCacheBehavior [ RunTime:0.001368s ]
INFO: [ view_filter ] --END-- [ RunTime:0.001808s ]
INFO: [ app_end ] --START--
INFO: Run Behavior\ShowPageTraceBehavior [ RunTime:0.001284s ]
INFO: [ app_end ] --END-- [ RunTime:0.001451s ]

[ 2016-01-05T12:56:22+08:00 ] ::1 /project2.1/index.php/Home/Main/Maindown
INFO: [ app_init ] --START--
INFO: Run Behavior\BuildLiteBehavior [ RunTime:0.000045s ]
INFO: [ app_init ] --END-- [ RunTime:0.001182s ]
INFO: [ app_begin ] --START--
INFO: Run Behavior\ReadHtmlCacheBehavior [ RunTime:0.001041s ]
INFO: [ app_begin ] --END-- [ RunTime:0.001256s ]
SQL: SHOW COLUMNS FROM `p_user` [ RunTime:0.0042s ]
SQL: SELECT * FROM `p_user` WHERE `ID` = '300000015'  [ RunTime:0.0004s ]
INFO: [ view_parse ] --START--
INFO: [ template_filter ] --START--
INFO: Run Behavior\ContentReplaceBehavior [ RunTime:0.000101s ]
INFO: [ template_filter ] --END-- [ RunTime:0.000299s ]
INFO: Run Behavior\ParseTemplateBehavior [ RunTime:0.011494s ]
INFO: [ view_parse ] --END-- [ RunTime:0.011700s ]
INFO: [ view_filter ] --START--
INFO: Run Behavior\WriteHtmlCacheBehavior [ RunTime:0.000647s ]
INFO: [ view_filter ] --END-- [ RunTime:0.000832s ]
INFO: [ app_end ] --START--
INFO: Run Behavior\ShowPageTraceBehavior [ RunTime:0.001160s ]
INFO: [ app_end ] --END-- [ RunTime:0.001357s ]

[ 2016-01-05T12:56:23+08:00 ] ::1 /project2.1/index.php/Home/User/Userhome
INFO: [ app_init ] --START--
INFO: Run Behavior\BuildLiteBehavior [ RunTime:0.000025s ]
INFO: [ app_init ] --END-- [ RunTime:0.000583s ]
INFO: [ app_begin ] --START--
INFO: Run Behavior\ReadHtmlCacheBehavior [ RunTime:0.000629s ]
INFO: [ app_begin ] --END-- [ RunTime:0.000739s ]
SQL: SHOW COLUMNS FROM `p_user` [ RunTime:0.0035s ]
SQL: SELECT * FROM `p_user` WHERE `ID` = '300000015'  [ RunTime:0.0003s ]
SQL: SHOW COLUMNS FROM `p_signin` [ RunTime:0.0024s ]
SQL: SELECT COUNT(*) AS tp_count FROM `p_signin` WHERE `USERID` = '300000015' LIMIT 1   [ RunTime:0.0003s ]
INFO: [ view_parse ] --START--
INFO: [ template_filter ] --START--
INFO: Run Behavior\ContentReplaceBehavior [ RunTime:0.000082s ]
INFO: [ template_filter ] --END-- [ RunTime:0.000199s ]
INFO: Run Behavior\ParseTemplateBehavior [ RunTime:0.039452s ]
INFO: [ view_parse ] --END-- [ RunTime:0.039575s ]
INFO: [ view_filter ] --START--
INFO: Run Behavior\WriteHtmlCacheBehavior [ RunTime:0.000402s ]
INFO: [ view_filter ] --END-- [ RunTime:0.000501s ]
INFO: [ app_end ] --START--
INFO: Run Behavior\ShowPageTraceBehavior [ RunTime:0.000670s ]
INFO: [ app_end ] --END-- [ RunTime:0.000770s ]

[ 2016-01-05T12:56:26+08:00 ] ::1 /project2.1/index.php/Home/Main/Maindown
INFO: [ app_init ] --START--
INFO: Run Behavior\BuildLiteBehavior [ RunTime:0.000024s ]
INFO: [ app_init ] --END-- [ RunTime:0.000580s ]
INFO: [ app_begin ] --START--
INFO: Run Behavior\ReadHtmlCacheBehavior [ RunTime:0.000880s ]
INFO: [ app_begin ] --END-- [ RunTime:0.001053s ]
SQL: SHOW COLUMNS FROM `p_user` [ RunTime:0.0027s ]
SQL: SELECT * FROM `p_user` WHERE `ID` = '300000015'  [ RunTime:0.0003s ]
INFO: [ view_parse ] --START--
INFO: [ template_filter ] --START--
INFO: Run Behavior\ContentReplaceBehavior [ RunTime:0.000079s ]
INFO: [ template_filter ] --END-- [ RunTime:0.000203s ]
INFO: Run Behavior\ParseTemplateBehavior [ RunTime:0.007028s ]
INFO: [ view_parse ] --END-- [ RunTime:0.007169s ]
INFO: [ view_filter ] --START--
INFO: Run Behavior\WriteHtmlCacheBehavior [ RunTime:0.000441s ]
INFO: [ view_filter ] --END-- [ RunTime:0.000555s ]
INFO: [ app_end ] --START--
INFO: Run Behavior\ShowPageTraceBehavior [ RunTime:0.000682s ]
INFO: [ app_end ] --END-- [ RunTime:0.000782s ]

[ 2016-01-05T12:56:29+08:00 ] ::1 /project2.1/index.php/Home/BBS
INFO: [ app_init ] --START--
INFO: Run Behavior\BuildLiteBehavior [ RunTime:0.000026s ]
INFO: [ app_init ] --END-- [ RunTime:0.000524s ]
INFO: [ app_begin ] --START--
INFO: Run Behavior\ReadHtmlCacheBehavior [ RunTime:0.000833s ]
INFO: [ app_begin ] --END-- [ RunTime:0.001020s ]
SQL: SHOW COLUMNS FROM `p_user` [ RunTime:0.0072s ]
SQL: SELECT * FROM `p_user` WHERE `ID` = '300000015'  [ RunTime:0.0011s ]
SQL: SELECT * FROM `p_user` WHERE `ID` = '300000015'  [ RunTime:0.0008s ]
SQL: SHOW COLUMNS FROM `p_bbs1` [ RunTime:0.0533s ]
SQL: SELECT COUNT(*) AS tp_count FROM `p_bbs1` WHERE `CONDITION` = 0 LIMIT 1   [ RunTime:0.0006s ]
SQL: SELECT * FROM `p_bbs1` WHERE `CONDITION` = 0 LIMIT 0,10   [ RunTime:0.0007s ]
INFO: [ view_parse ] --START--
INFO: [ template_filter ] --START--
INFO: Run Behavior\ContentReplaceBehavior [ RunTime:0.000219s ]
INFO: [ template_filter ] --END-- [ RunTime:0.000522s ]
INFO: Run Behavior\ParseTemplateBehavior [ RunTime:0.030127s ]
INFO: [ view_parse ] --END-- [ RunTime:0.030451s ]
INFO: [ view_filter ] --START--
INFO: Run Behavior\WriteHtmlCacheBehavior [ RunTime:0.001073s ]
INFO: [ view_filter ] --END-- [ RunTime:0.001354s ]
INFO: [ app_end ] --START--
INFO: Run Behavior\ShowPageTraceBehavior [ RunTime:0.001802s ]
INFO: [ app_end ] --END-- [ RunTime:0.002082s ]

[ 2016-01-05T12:56:37+08:00 ] ::1 /project2.1/index.php/Home/Video/index
INFO: [ app_init ] --START--
INFO: Run Behavior\BuildLiteBehavior [ RunTime:0.000024s ]
INFO: [ app_init ] --END-- [ RunTime:0.000561s ]
INFO: [ app_begin ] --START--
INFO: Run Behavior\ReadHtmlCacheBehavior [ RunTime:0.000624s ]
INFO: [ app_begin ] --END-- [ RunTime:0.000734s ]
SQL: SHOW COLUMNS FROM `p_user` [ RunTime:0.0062s ]
SQL: SELECT * FROM `p_user` WHERE `ID` = '300000015'  [ RunTime:0.0006s ]
SQL: SELECT * FROM `p_user` WHERE `ID` = '300000015'  [ RunTime:0.0004s ]
SQL: SHOW COLUMNS FROM `p_lecture` [ RunTime:0.0520s ]
SQL: SELECT COUNT(*) AS tp_count FROM `p_lecture` LIMIT 1   [ RunTime:0.0004s ]
NOTIC: [8] Undefined variable: where F:\Demo\project2.1\App\Home\Controller\VideoController.class.php 第 102 行.
NOTIC: [8] Undefined variable: where F:\Demo\project2.1\App\Home\Controller\VideoController.class.php 第 103 行.
SQL: SELECT * FROM `p_lecture` LIMIT 0,10   [ RunTime:0.0006s ]
INFO: [ view_parse ] --START--
INFO: [ template_filter ] --START--
INFO: Run Behavior\ContentReplaceBehavior [ RunTime:0.000127s ]
INFO: [ template_filter ] --END-- [ RunTime:0.000387s ]
NOTIC: [8] Undefined variable: num F:\Demo\project2.1\App\Runtime\Cache\Home\8df35a12df0627c9ee35c26aeed26e66.php 第 144 行.
INFO: Run Behavior\ParseTemplateBehavior [ RunTime:0.030382s ]
INFO: [ view_parse ] --END-- [ RunTime:0.030615s ]
INFO: [ view_filter ] --START--
INFO: Run Behavior\WriteHtmlCacheBehavior [ RunTime:0.001128s ]
INFO: [ view_filter ] --END-- [ RunTime:0.001322s ]
INFO: [ app_end ] --START--
INFO: Run Behavior\ShowPageTraceBehavior [ RunTime:0.001108s ]
INFO: [ app_end ] --END-- [ RunTime:0.001291s ]

[ 2016-01-05T12:56:38+08:00 ] ::1 /project2.1/index.php/Home/Search/
INFO: [ app_init ] --START--
INFO: Run Behavior\BuildLiteBehavior [ RunTime:0.000026s ]
INFO: [ app_init ] --END-- [ RunTime:0.000616s ]
INFO: [ app_begin ] --START--
INFO: Run Behavior\ReadHtmlCacheBehavior [ RunTime:0.000634s ]
INFO: [ app_begin ] --END-- [ RunTime:0.000745s ]
SQL: SHOW COLUMNS FROM `p_user` [ RunTime:0.0032s ]
SQL: SELECT * FROM `p_user` WHERE `ID` = '300000015'  [ RunTime:0.0003s ]
SQL: SELECT * FROM `p_user` WHERE `ID` = '300000015'  [ RunTime:0.0002s ]
NOTIC: [8] Undefined index: department F:\Demo\project2.1\App\Home\Controller\SearchController.class.php 第 12 行.
NOTIC: [8] Undefined index: sex F:\Demo\project2.1\App\Home\Controller\SearchController.class.php 第 13 行.
NOTIC: [8] Undefined index: root F:\Demo\project2.1\App\Home\Controller\SearchController.class.php 第 14 行.
INFO: [ view_parse ] --START--
INFO: [ template_filter ] --START--
INFO: Run Behavior\ContentReplaceBehavior [ RunTime:0.000106s ]
INFO: [ template_filter ] --END-- [ RunTime:0.000277s ]
INFO: Run Behavior\ParseTemplateBehavior [ RunTime:0.024916s ]
INFO: [ view_parse ] --END-- [ RunTime:0.025094s ]
INFO: [ view_filter ] --START--
INFO: Run Behavior\WriteHtmlCacheBehavior [ RunTime:0.000728s ]
INFO: [ view_filter ] --END-- [ RunTime:0.000890s ]
INFO: [ app_end ] --START--
INFO: Run Behavior\ShowPageTraceBehavior [ RunTime:0.001277s ]
INFO: [ app_end ] --END-- [ RunTime:0.001470s ]

[ 2016-01-05T12:56:38+08:00 ] ::1 /project2.1/index.php/Home/Search/Table
INFO: [ app_init ] --START--
INFO: Run Behavior\BuildLiteBehavior [ RunTime:0.000031s ]
INFO: [ app_init ] --END-- [ RunTime:0.000732s ]
INFO: [ app_begin ] --START--
INFO: Run Behavior\ReadHtmlCacheBehavior [ RunTime:0.000783s ]
INFO: [ app_begin ] --END-- [ RunTime:0.000920s ]
SQL: SHOW COLUMNS FROM `p_user` [ RunTime:0.0033s ]
SQL: SELECT * FROM `p_user` WHERE `ID` = '300000015'  [ RunTime:0.0004s ]
SQL: SELECT COUNT(*) AS tp_count FROM `p_user` WHERE `DEPARTMENT` = null AND `SEX` = null AND `ROOT` = null LIMIT 1   [ RunTime:0.0010s ]
SQL: SELECT * FROM `p_user` WHERE `DEPARTMENT` = null AND `SEX` = null AND `ROOT` = null ORDER BY id LIMIT 0,10   [ RunTime:0.0004s ]
INFO: [ view_parse ] --START--
INFO: [ template_filter ] --START--
INFO: Run Behavior\ContentReplaceBehavior [ RunTime:0.000100s ]
INFO: [ template_filter ] --END-- [ RunTime:0.000238s ]
INFO: Run Behavior\ParseTemplateBehavior [ RunTime:0.016397s ]
INFO: [ view_parse ] --END-- [ RunTime:0.016703s ]
INFO: [ view_filter ] --START--
INFO: Run Behavior\WriteHtmlCacheBehavior [ RunTime:0.000727s ]
INFO: [ view_filter ] --END-- [ RunTime:0.000883s ]
INFO: [ app_end ] --START--
INFO: Run Behavior\ShowPageTraceBehavior [ RunTime:0.000813s ]
INFO: [ app_end ] --END-- [ RunTime:0.000944s ]

[ 2016-01-05T12:56:40+08:00 ] ::1 /project2.1/index.php/Home/File/ShowFile
INFO: [ app_init ] --START--
INFO: Run Behavior\BuildLiteBehavior [ RunTime:0.000026s ]
INFO: [ app_init ] --END-- [ RunTime:0.000706s ]
INFO: [ app_begin ] --START--
INFO: Run Behavior\ReadHtmlCacheBehavior [ RunTime:0.000634s ]
INFO: [ app_begin ] --END-- [ RunTime:0.000743s ]
SQL: SHOW COLUMNS FROM `p_user` [ RunTime:0.0027s ]
SQL: SELECT * FROM `p_user` WHERE `ID` = '300000015'  [ RunTime:0.0003s ]
SQL: SELECT * FROM `p_user` WHERE `ID` = '300000015'  [ RunTime:0.0002s ]
SQL: SHOW COLUMNS FROM `p_file` [ RunTime:0.0507s ]
SQL: SELECT COUNT(*) AS tp_count FROM `p_file` LIMIT 1   [ RunTime:0.0002s ]
NOTIC: [8] Undefined variable: where F:\Demo\project2.1\App\Home\Controller\FileController.class.php 第 48 行.
NOTIC: [8] Undefined variable: where F:\Demo\project2.1\App\Home\Controller\FileController.class.php 第 49 行.
SQL: SELECT * FROM `p_file` LIMIT 0,10   [ RunTime:0.0003s ]
INFO: [ view_parse ] --START--
INFO: [ template_filter ] --START--
INFO: Run Behavior\ContentReplaceBehavior [ RunTime:0.000087s ]
INFO: [ template_filter ] --END-- [ RunTime:0.000199s ]
INFO: Run Behavior\ParseTemplateBehavior [ RunTime:0.039260s ]
INFO: [ view_parse ] --END-- [ RunTime:0.039386s ]
INFO: [ view_filter ] --START--
INFO: Run Behavior\WriteHtmlCacheBehavior [ RunTime:0.000439s ]
INFO: [ view_filter ] --END-- [ RunTime:0.000539s ]
INFO: [ app_end ] --START--
INFO: Run Behavior\ShowPageTraceBehavior [ RunTime:0.000647s ]
INFO: [ app_end ] --END-- [ RunTime:0.000757s ]

[ 2016-01-05T12:56:42+08:00 ] ::1 /project2.1/index.php/Home/Video/index
INFO: [ app_init ] --START--
INFO: Run Behavior\BuildLiteBehavior [ RunTime:0.000025s ]
INFO: [ app_init ] --END-- [ RunTime:0.000590s ]
INFO: [ app_begin ] --START--
INFO: Run Behavior\ReadHtmlCacheBehavior [ RunTime:0.000758s ]
INFO: [ app_begin ] --END-- [ RunTime:0.000874s ]
SQL: SHOW COLUMNS FROM `p_user` [ RunTime:0.0027s ]
SQL: SELECT * FROM `p_user` WHERE `ID` = '300000015'  [ RunTime:0.0003s ]
SQL: SELECT * FROM `p_user` WHERE `ID` = '300000015'  [ RunTime:0.0003s ]
SQL: SHOW COLUMNS FROM `p_lecture` [ RunTime:0.0026s ]
SQL: SELECT COUNT(*) AS tp_count FROM `p_lecture` LIMIT 1   [ RunTime:0.0002s ]
NOTIC: [8] Undefined variable: where F:\Demo\project2.1\App\Home\Controller\VideoController.class.php 第 102 行.
NOTIC: [8] Undefined variable: where F:\Demo\project2.1\App\Home\Controller\VideoController.class.php 第 103 行.
SQL: SELECT * FROM `p_lecture` LIMIT 0,10   [ RunTime:0.0003s ]
INFO: [ view_parse ] --START--
INFO: [ template_filter ] --START--
INFO: Run Behavior\ContentReplaceBehavior [ RunTime:0.000075s ]
INFO: [ template_filter ] --END-- [ RunTime:0.000189s ]
NOTIC: [8] Undefined variable: num F:\Demo\project2.1\App\Runtime\Cache\Home\8df35a12df0627c9ee35c26aeed26e66.php 第 144 行.
INFO: Run Behavior\ParseTemplateBehavior [ RunTime:0.008962s ]
INFO: [ view_parse ] --END-- [ RunTime:0.009069s ]
INFO: [ view_filter ] --START--
INFO: Run Behavior\WriteHtmlCacheBehavior [ RunTime:0.000407s ]
INFO: [ view_filter ] --END-- [ RunTime:0.000509s ]
INFO: [ app_end ] --START--
INFO: Run Behavior\ShowPageTraceBehavior [ RunTime:0.000699s ]
INFO: [ app_end ] --END-- [ RunTime:0.000800s ]

[ 2016-01-05T12:56:44+08:00 ] ::1 /project2.1/index.php/Home/Main/Maindown
INFO: [ app_init ] --START--
INFO: Run Behavior\BuildLiteBehavior [ RunTime:0.000025s ]
INFO: [ app_init ] --END-- [ RunTime:0.000589s ]
INFO: [ app_begin ] --START--
INFO: Run Behavior\ReadHtmlCacheBehavior [ RunTime:0.000632s ]
INFO: [ app_begin ] --END-- [ RunTime:0.000743s ]
SQL: SHOW COLUMNS FROM `p_user` [ RunTime:0.0034s ]
SQL: SELECT * FROM `p_user` WHERE `ID` = '300000015'  [ RunTime:0.0003s ]
INFO: [ view_parse ] --START--
INFO: [ template_filter ] --START--
INFO: Run Behavior\ContentReplaceBehavior [ RunTime:0.000068s ]
INFO: [ template_filter ] --END-- [ RunTime:0.000182s ]
INFO: Run Behavior\ParseTemplateBehavior [ RunTime:0.006296s ]
INFO: [ view_parse ] --END-- [ RunTime:0.006408s ]
INFO: [ view_filter ] --START--
INFO: Run Behavior\WriteHtmlCacheBehavior [ RunTime:0.000348s ]
INFO: [ view_filter ] --END-- [ RunTime:0.000449s ]
INFO: [ app_end ] --START--
INFO: Run Behavior\ShowPageTraceBehavior [ RunTime:0.001049s ]
INFO: [ app_end ] --END-- [ RunTime:0.001152s ]

[ 2016-01-05T12:56:51+08:00 ] ::1 /project2.1/index.php/Home/User/Userhome
INFO: [ app_init ] --START--
INFO: Run Behavior\BuildLiteBehavior [ RunTime:0.000025s ]
INFO: [ app_init ] --END-- [ RunTime:0.000596s ]
INFO: [ app_begin ] --START--
INFO: Run Behavior\ReadHtmlCacheBehavior [ RunTime:0.000638s ]
INFO: [ app_begin ] --END-- [ RunTime:0.000748s ]
SQL: SHOW COLUMNS FROM `p_user` [ RunTime:0.0035s ]
SQL: SELECT * FROM `p_user` WHERE `ID` = '300000015'  [ RunTime:0.0003s ]
SQL: SHOW COLUMNS FROM `p_signin` [ RunTime:0.0026s ]
SQL: SELECT COUNT(*) AS tp_count FROM `p_signin` WHERE `USERID` = '300000015' LIMIT 1   [ RunTime:0.0003s ]
INFO: [ view_parse ] --START--
INFO: [ template_filter ] --START--
INFO: Run Behavior\ContentReplaceBehavior [ RunTime:0.000089s ]
INFO: [ template_filter ] --END-- [ RunTime:0.000244s ]
INFO: Run Behavior\ParseTemplateBehavior [ RunTime:0.009402s ]
INFO: [ view_parse ] --END-- [ RunTime:0.009529s ]
INFO: [ view_filter ] --START--
INFO: Run Behavior\WriteHtmlCacheBehavior [ RunTime:0.000445s ]
INFO: [ view_filter ] --END-- [ RunTime:0.000576s ]
INFO: [ app_end ] --START--
INFO: Run Behavior\ShowPageTraceBehavior [ RunTime:0.000748s ]
INFO: [ app_end ] --END-- [ RunTime:0.000876s ]

[ 2016-01-05T12:56:53+08:00 ] ::1 /project2.1/index.php/Home/BBS
INFO: [ app_init ] --START--
INFO: Run Behavior\BuildLiteBehavior [ RunTime:0.000025s ]
INFO: [ app_init ] --END-- [ RunTime:0.000618s ]
INFO: [ app_begin ] --START--
INFO: Run Behavior\ReadHtmlCacheBehavior [ RunTime:0.000680s ]
INFO: [ app_begin ] --END-- [ RunTime:0.000791s ]
SQL: SHOW COLUMNS FROM `p_user` [ RunTime:0.0028s ]
SQL: SELECT * FROM `p_user` WHERE `ID` = '300000015'  [ RunTime:0.0003s ]
SQL: SELECT * FROM `p_user` WHERE `ID` = '300000015'  [ RunTime:0.0003s ]
SQL: SHOW COLUMNS FROM `p_bbs1` [ RunTime:0.0030s ]
SQL: SELECT COUNT(*) AS tp_count FROM `p_bbs1` WHERE `CONDITION` = 0 LIMIT 1   [ RunTime:0.0003s ]
SQL: SELECT * FROM `p_bbs1` WHERE `CONDITION` = 0 LIMIT 0,10   [ RunTime:0.0003s ]
INFO: [ view_parse ] --START--
INFO: [ template_filter ] --START--
INFO: Run Behavior\ContentReplaceBehavior [ RunTime:0.000084s ]
INFO: [ template_filter ] --END-- [ RunTime:0.000198s ]
INFO: Run Behavior\ParseTemplateBehavior [ RunTime:0.009291s ]
INFO: [ view_parse ] --END-- [ RunTime:0.009406s ]
INFO: [ view_filter ] --START--
INFO: Run Behavior\WriteHtmlCacheBehavior [ RunTime:0.000419s ]
INFO: [ view_filter ] --END-- [ RunTime:0.000518s ]
INFO: [ app_end ] --START--
INFO: Run Behavior\ShowPageTraceBehavior [ RunTime:0.000716s ]
INFO: [ app_end ] --END-- [ RunTime:0.000819s ]

[ 2016-01-05T12:56:55+08:00 ] ::1 /project2.1/index.php/Home/Video/index
INFO: [ app_init ] --START--
INFO: Run Behavior\BuildLiteBehavior [ RunTime:0.000027s ]
INFO: [ app_init ] --END-- [ RunTime:0.000551s ]
INFO: [ app_begin ] --START--
INFO: Run Behavior\ReadHtmlCacheBehavior [ RunTime:0.000619s ]
INFO: [ app_begin ] --END-- [ RunTime:0.000735s ]
SQL: SHOW COLUMNS FROM `p_user` [ RunTime:0.0035s ]
SQL: SELECT * FROM `p_user` WHERE `ID` = '300000015'  [ RunTime:0.0004s ]
SQL: SELECT * FROM `p_user` WHERE `ID` = '300000015'  [ RunTime:0.0003s ]
SQL: SHOW COLUMNS FROM `p_lecture` [ RunTime:0.0027s ]
SQL: SELECT COUNT(*) AS tp_count FROM `p_lecture` LIMIT 1   [ RunTime:0.0002s ]
NOTIC: [8] Undefined variable: where F:\Demo\project2.1\App\Home\Controller\VideoController.class.php 第 102 行.
NOTIC: [8] Undefined variable: where F:\Demo\project2.1\App\Home\Controller\VideoController.class.php 第 103 行.
SQL: SELECT * FROM `p_lecture` LIMIT 0,10   [ RunTime:0.0003s ]
INFO: [ view_parse ] --START--
INFO: [ template_filter ] --START--
INFO: Run Behavior\ContentReplaceBehavior [ RunTime:0.000063s ]
INFO: [ template_filter ] --END-- [ RunTime:0.000158s ]
NOTIC: [8] Undefined variable: num F:\Demo\project2.1\App\Runtime\Cache\Home\8df35a12df0627c9ee35c26aeed26e66.php 第 144 行.
INFO: Run Behavior\ParseTemplateBehavior [ RunTime:0.007420s ]
INFO: [ view_parse ] --END-- [ RunTime:0.007515s ]
INFO: [ view_filter ] --START--
INFO: Run Behavior\WriteHtmlCacheBehavior [ RunTime:0.000406s ]
INFO: [ view_filter ] --END-- [ RunTime:0.000489s ]
INFO: [ app_end ] --START--
INFO: Run Behavior\ShowPageTraceBehavior [ RunTime:0.000582s ]
INFO: [ app_end ] --END-- [ RunTime:0.000663s ]

[ 2016-01-05T12:56:57+08:00 ] ::1 /project2.1/index.php/Home/File/ShowFile
INFO: [ app_init ] --START--
INFO: Run Behavior\BuildLiteBehavior [ RunTime:0.000026s ]
INFO: [ app_init ] --END-- [ RunTime:0.000596s ]
INFO: [ app_begin ] --START--
INFO: Run Behavior\ReadHtmlCacheBehavior [ RunTime:0.000634s ]
INFO: [ app_begin ] --END-- [ RunTime:0.000743s ]
SQL: SHOW COLUMNS FROM `p_user` [ RunTime:0.0029s ]
SQL: SELECT * FROM `p_user` WHERE `ID` = '300000015'  [ RunTime:0.0003s ]
SQL: SELECT * FROM `p_user` WHERE `ID` = '300000015'  [ RunTime:0.0003s ]
SQL: SHOW COLUMNS FROM `p_file` [ RunTime:0.0026s ]
SQL: SELECT COUNT(*) AS tp_count FROM `p_file` LIMIT 1   [ RunTime:0.0002s ]
NOTIC: [8] Undefined variable: where F:\Demo\project2.1\App\Home\Controller\FileController.class.php 第 48 行.
NOTIC: [8] Undefined variable: where F:\Demo\project2.1\App\Home\Controller\FileController.class.php 第 49 行.
SQL: SELECT * FROM `p_file` LIMIT 0,10   [ RunTime:0.0002s ]
INFO: [ view_parse ] --START--
INFO: [ template_filter ] --START--
INFO: Run Behavior\ContentReplaceBehavior [ RunTime:0.000089s ]
INFO: [ template_filter ] --END-- [ RunTime:0.000207s ]
INFO: Run Behavior\ParseTemplateBehavior [ RunTime:0.009386s ]
INFO: [ view_parse ] --END-- [ RunTime:0.009504s ]
INFO: [ view_filter ] --START--
INFO: Run Behavior\WriteHtmlCacheBehavior [ RunTime:0.000465s ]
INFO: [ view_filter ] --END-- [ RunTime:0.000567s ]
INFO: [ app_end ] --START--
INFO: Run Behavior\ShowPageTraceBehavior [ RunTime:0.000672s ]
INFO: [ app_end ] --END-- [ RunTime:0.000802s ]

[ 2016-01-05T12:56:59+08:00 ] ::1 /project2.1/index.php/Home/Search/
INFO: [ app_init ] --START--
INFO: Run Behavior\BuildLiteBehavior [ RunTime:0.000021s ]
INFO: [ app_init ] --END-- [ RunTime:0.000538s ]
INFO: [ app_begin ] --START--
INFO: Run Behavior\ReadHtmlCacheBehavior [ RunTime:0.000453s ]
INFO: [ app_begin ] --END-- [ RunTime:0.000543s ]
SQL: SHOW COLUMNS FROM `p_user` [ RunTime:0.0024s ]
SQL: SELECT * FROM `p_user` WHERE `ID` = '300000015'  [ RunTime:0.0003s ]
SQL: SELECT * FROM `p_user` WHERE `ID` = '300000015'  [ RunTime:0.0002s ]
NOTIC: [8] Undefined index: department F:\Demo\project2.1\App\Home\Controller\SearchController.class.php 第 12 行.
NOTIC: [8] Undefined index: sex F:\Demo\project2.1\App\Home\Controller\SearchController.class.php 第 13 行.
NOTIC: [8] Undefined index: root F:\Demo\project2.1\App\Home\Controller\SearchController.class.php 第 14 行.
INFO: [ view_parse ] --START--
INFO: [ template_filter ] --START--
INFO: Run Behavior\ContentReplaceBehavior [ RunTime:0.000061s ]
INFO: [ template_filter ] --END-- [ RunTime:0.000156s ]
INFO: Run Behavior\ParseTemplateBehavior [ RunTime:0.005658s ]
INFO: [ view_parse ] --END-- [ RunTime:0.005770s ]
INFO: [ view_filter ] --START--
INFO: Run Behavior\WriteHtmlCacheBehavior [ RunTime:0.000289s ]
INFO: [ view_filter ] --END-- [ RunTime:0.000367s ]
INFO: [ app_end ] --START--
INFO: Run Behavior\ShowPageTraceBehavior [ RunTime:0.000483s ]
INFO: [ app_end ] --END-- [ RunTime:0.000566s ]

[ 2016-01-05T12:56:59+08:00 ] ::1 /project2.1/index.php/Home/Search/Table
INFO: [ app_init ] --START--
INFO: Run Behavior\BuildLiteBehavior [ RunTime:0.000022s ]
INFO: [ app_init ] --END-- [ RunTime:0.000582s ]
INFO: [ app_begin ] --START--
INFO: Run Behavior\ReadHtmlCacheBehavior [ RunTime:0.000549s ]
INFO: [ app_begin ] --END-- [ RunTime:0.000660s ]
SQL: SHOW COLUMNS FROM `p_user` [ RunTime:0.0040s ]
SQL: SELECT * FROM `p_user` WHERE `ID` = '300000015'  [ RunTime:0.0003s ]
SQL: SELECT COUNT(*) AS tp_count FROM `p_user` WHERE `DEPARTMENT` = null AND `SEX` = null AND `ROOT` = null LIMIT 1   [ RunTime:0.0002s ]
SQL: SELECT * FROM `p_user` WHERE `DEPARTMENT` = null AND `SEX` = null AND `ROOT` = null ORDER BY id LIMIT 0,10   [ RunTime:0.0003s ]
INFO: [ view_parse ] --START--
INFO: [ template_filter ] --START--
INFO: Run Behavior\ContentReplaceBehavior [ RunTime:0.000065s ]
INFO: [ template_filter ] --END-- [ RunTime:0.000158s ]
INFO: Run Behavior\ParseTemplateBehavior [ RunTime:0.007873s ]
INFO: [ view_parse ] --END-- [ RunTime:0.008137s ]
INFO: [ view_filter ] --START--
INFO: Run Behavior\WriteHtmlCacheBehavior [ RunTime:0.000730s ]
INFO: [ view_filter ] --END-- [ RunTime:0.000848s ]
INFO: [ app_end ] --START--
INFO: Run Behavior\ShowPageTraceBehavior [ RunTime:0.000714s ]
INFO: [ app_end ] --END-- [ RunTime:0.000833s ]

[ 2016-01-05T12:57:32+08:00 ] ::1 /project2.1/index.php/Home/User/Exitlogin
INFO: [ app_init ] --START--
INFO: Run Behavior\BuildLiteBehavior [ RunTime:0.000045s ]
INFO: [ app_init ] --END-- [ RunTime:0.001481s ]
INFO: [ app_begin ] --START--
INFO: Run Behavior\ReadHtmlCacheBehavior [ RunTime:0.001648s ]
INFO: [ app_begin ] --END-- [ RunTime:0.002431s ]
NOTIC: [8] Undefined index: id F:\Demo\project2.1\App\Home\Controller\UserController.class.php 第 7 行.
SQL: SHOW COLUMNS FROM `p_signin` [ RunTime:0.0032s ]
SQL: SELECT COUNT(*) AS tp_count FROM `p_signin` WHERE `TIME` = '2016-01-05' LIMIT 1   [ RunTime:0.0004s ]
NOTIC: [8] Undefined variable: signid F:\Demo\project2.1\App\Home\Controller\UserController.class.php 第 28 行.
INFO: [ view_parse ] --START--
INFO: [ template_filter ] --START--
INFO: Run Behavior\ContentReplaceBehavior [ RunTime:0.000075s ]
INFO: [ template_filter ] --END-- [ RunTime:0.000274s ]
SQL: SHOW COLUMNS FROM `p_mycounter` [ RunTime:0.0038s ]
SQL: SELECT `counter` FROM `p_mycounter` WHERE `id` = 1 LIMIT 1   [ RunTime:0.0003s ]
NOTIC: [8] Undefined variable: root F:\Demo\project2.1\App\Runtime\Cache\Home\ea340386924792ccc65576071a30eec1.php 第 126 行.
INFO: Run Behavior\ParseTemplateBehavior [ RunTime:0.015999s ]
INFO: [ view_parse ] --END-- [ RunTime:0.016132s ]
INFO: [ view_filter ] --START--
INFO: Run Behavior\WriteHtmlCacheBehavior [ RunTime:0.000425s ]
INFO: [ view_filter ] --END-- [ RunTime:0.000510s ]
INFO: [ app_end ] --START--
INFO: Run Behavior\ShowPageTraceBehavior [ RunTime:0.000558s ]
INFO: [ app_end ] --END-- [ RunTime:0.000649s ]

[ 2016-01-05T12:57:34+08:00 ] ::1 /project2.1/index.php/Home/Main/Maindown
INFO: [ app_init ] --START--
INFO: Run Behavior\BuildLiteBehavior [ RunTime:0.000028s ]
INFO: [ app_init ] --END-- [ RunTime:0.000637s ]
INFO: [ app_begin ] --START--
INFO: Run Behavior\ReadHtmlCacheBehavior [ RunTime:0.000667s ]
INFO: [ app_begin ] --END-- [ RunTime:0.000785s ]
NOTIC: [8] Undefined index: id F:\Demo\project2.1\App\Home\Controller\MainController.class.php 第 34 行.
SQL: SHOW COLUMNS FROM `p_user` [ RunTime:0.0032s ]
SQL: SELECT * FROM `p_user` WHERE `ID` = null  [ RunTime:0.0003s ]
NOTIC: [8] Undefined offset: 0 F:\Demo\project2.1\App\Home\Controller\MainController.class.php 第 36 行.
NOTIC: [8] Undefined offset: 0 F:\Demo\project2.1\App\Home\Controller\MainController.class.php 第 38 行.
INFO: [ view_parse ] --START--
INFO: [ template_filter ] --START--
INFO: Run Behavior\ContentReplaceBehavior [ RunTime:0.000069s ]
INFO: [ template_filter ] --END-- [ RunTime:0.000179s ]
INFO: Run Behavior\ParseTemplateBehavior [ RunTime:0.006335s ]
INFO: [ view_parse ] --END-- [ RunTime:0.006514s ]
INFO: [ view_filter ] --START--
INFO: Run Behavior\WriteHtmlCacheBehavior [ RunTime:0.001141s ]
INFO: [ view_filter ] --END-- [ RunTime:0.001358s ]
INFO: [ app_end ] --START--
INFO: Run Behavior\ShowPageTraceBehavior [ RunTime:0.000615s ]
INFO: [ app_end ] --END-- [ RunTime:0.000715s ]

[ 2016-01-05T12:57:37+08:00 ] ::1 /project2.1/index.php/Home/User/Login
INFO: [ app_init ] --START--
INFO: Run Behavior\BuildLiteBehavior [ RunTime:0.000025s ]
INFO: [ app_init ] --END-- [ RunTime:0.000597s ]
INFO: [ app_begin ] --START--
INFO: Run Behavior\ReadHtmlCacheBehavior [ RunTime:0.000648s ]
INFO: [ app_begin ] --END-- [ RunTime:0.000759s ]
NOTIC: [8] A session had already been started - ignoring session_start() F:\Demo\project2.1\App\Home\Controller\UserController.class.php 第 41 行.
INFO: [ view_parse ] --START--
INFO: [ template_filter ] --START--
INFO: Run Behavior\ContentReplaceBehavior [ RunTime:0.000074s ]
INFO: [ template_filter ] --END-- [ RunTime:0.000243s ]
INFO: Run Behavior\ParseTemplateBehavior [ RunTime:0.047991s ]
INFO: [ view_parse ] --END-- [ RunTime:0.048249s ]
INFO: [ view_filter ] --START--
INFO: Run Behavior\WriteHtmlCacheBehavior [ RunTime:0.001593s ]
INFO: [ view_filter ] --END-- [ RunTime:0.001956s ]
INFO: [ app_end ] --START--
INFO: Run Behavior\ShowPageTraceBehavior [ RunTime:0.001926s ]
INFO: [ app_end ] --END-- [ RunTime:0.002247s ]

[ 2016-01-05T12:57:41+08:00 ] ::1 /project2.1/index.php/Home/User/Regist
INFO: [ app_init ] --START--
INFO: Run Behavior\BuildLiteBehavior [ RunTime:0.000025s ]
INFO: [ app_init ] --END-- [ RunTime:0.000620s ]
INFO: [ app_begin ] --START--
INFO: Run Behavior\ReadHtmlCacheBehavior [ RunTime:0.000751s ]
INFO: [ app_begin ] --END-- [ RunTime:0.000868s ]
INFO: [ view_parse ] --START--
INFO: [ template_filter ] --START--
INFO: Run Behavior\ContentReplaceBehavior [ RunTime:0.000195s ]
INFO: [ template_filter ] --END-- [ RunTime:0.000469s ]
INFO: Run Behavior\ParseTemplateBehavior [ RunTime:0.019395s ]
INFO: [ view_parse ] --END-- [ RunTime:0.019542s ]
INFO: [ view_filter ] --START--
INFO: Run Behavior\WriteHtmlCacheBehavior [ RunTime:0.000729s ]
INFO: [ view_filter ] --END-- [ RunTime:0.000885s ]
INFO: [ app_end ] --START--
INFO: Run Behavior\ShowPageTraceBehavior [ RunTime:0.001110s ]
INFO: [ app_end ] --END-- [ RunTime:0.001309s ]

[ 2016-01-05T12:57:43+08:00 ] ::1 /project2.1/index.php/Home/User/regist_E.html
INFO: [ app_init ] --START--
INFO: Run Behavior\BuildLiteBehavior [ RunTime:0.000041s ]
INFO: [ app_init ] --END-- [ RunTime:0.000617s ]
INFO: [ app_begin ] --START--
INFO: Run Behavior\ReadHtmlCacheBehavior [ RunTime:0.000647s ]
INFO: [ app_begin ] --END-- [ RunTime:0.000773s ]
INFO: [ view_parse ] --START--
INFO: [ template_filter ] --START--
INFO: Run Behavior\ContentReplaceBehavior [ RunTime:0.000104s ]
INFO: [ template_filter ] --END-- [ RunTime:0.000247s ]
INFO: Run Behavior\ParseTemplateBehavior [ RunTime:0.035854s ]
INFO: [ view_parse ] --END-- [ RunTime:0.036038s ]
INFO: [ view_filter ] --START--
INFO: Run Behavior\WriteHtmlCacheBehavior [ RunTime:0.000430s ]
INFO: [ view_filter ] --END-- [ RunTime:0.000539s ]
INFO: [ app_end ] --START--
INFO: Run Behavior\ShowPageTraceBehavior [ RunTime:0.000545s ]
INFO: [ app_end ] --END-- [ RunTime:0.000644s ]

[ 2016-01-05T12:57:45+08:00 ] ::1 /project2.1/index.php/Home/User/regist.html
INFO: [ app_init ] --START--
INFO: Run Behavior\BuildLiteBehavior [ RunTime:0.000026s ]
INFO: [ app_init ] --END-- [ RunTime:0.000586s ]
INFO: [ app_begin ] --START--
INFO: Run Behavior\ReadHtmlCacheBehavior [ RunTime:0.000628s ]
INFO: [ app_begin ] --END-- [ RunTime:0.000738s ]
INFO: [ view_parse ] --START--
INFO: [ template_filter ] --START--
INFO: Run Behavior\ContentReplaceBehavior [ RunTime:0.000088s ]
INFO: [ template_filter ] --END-- [ RunTime:0.000224s ]
INFO: Run Behavior\ParseTemplateBehavior [ RunTime:0.010265s ]
INFO: [ view_parse ] --END-- [ RunTime:0.010392s ]
INFO: [ view_filter ] --START--
INFO: Run Behavior\WriteHtmlCacheBehavior [ RunTime:0.000452s ]
INFO: [ view_filter ] --END-- [ RunTime:0.000552s ]
INFO: [ app_end ] --START--
INFO: Run Behavior\ShowPageTraceBehavior [ RunTime:0.000679s ]
INFO: [ app_end ] --END-- [ RunTime:0.000794s ]

[ 2016-01-05T12:57:46+08:00 ] ::1 /project2.1/index.php/Home/User/index
INFO: [ app_init ] --START--
INFO: Run Behavior\BuildLiteBehavior [ RunTime:0.000025s ]
INFO: [ app_init ] --END-- [ RunTime:0.000595s ]
INFO: [ app_begin ] --START--
INFO: Run Behavior\ReadHtmlCacheBehavior [ RunTime:0.000566s ]
INFO: [ app_begin ] --END-- [ RunTime:0.000680s ]
NOTIC: [8] Undefined index: id F:\Demo\project2.1\App\Home\Controller\UserController.class.php 第 7 行.
SQL: SHOW COLUMNS FROM `p_signin` [ RunTime:0.0026s ]
SQL: SELECT COUNT(*) AS tp_count FROM `p_signin` WHERE `TIME` = '2016-01-05' LIMIT 1   [ RunTime:0.0003s ]
NOTIC: [8] Undefined variable: signid F:\Demo\project2.1\App\Home\Controller\UserController.class.php 第 28 行.
INFO: [ view_parse ] --START--
INFO: [ template_filter ] --START--
INFO: Run Behavior\ContentReplaceBehavior [ RunTime:0.000081s ]
INFO: [ template_filter ] --END-- [ RunTime:0.000201s ]
NOTIC: [8] A session had already been started - ignoring session_start() F:\Demo\project2.1\App\Runtime\Cache\Home\ea340386924792ccc65576071a30eec1.php 第 6 行.
SQL: SHOW COLUMNS FROM `p_mycounter` [ RunTime:0.0043s ]
SQL: SELECT `counter` FROM `p_mycounter` WHERE `id` = 1 LIMIT 1   [ RunTime:0.0003s ]
NOTIC: [8] Undefined variable: root F:\Demo\project2.1\App\Runtime\Cache\Home\ea340386924792ccc65576071a30eec1.php 第 126 行.
INFO: Run Behavior\ParseTemplateBehavior [ RunTime:0.016443s ]
INFO: [ view_parse ] --END-- [ RunTime:0.016556s ]
INFO: [ view_filter ] --START--
INFO: Run Behavior\WriteHtmlCacheBehavior [ RunTime:0.000528s ]
INFO: [ view_filter ] --END-- [ RunTime:0.000634s ]
INFO: [ app_end ] --START--
INFO: Run Behavior\ShowPageTraceBehavior [ RunTime:0.000626s ]
INFO: [ app_end ] --END-- [ RunTime:0.000726s ]

[ 2016-01-05T12:57:46+08:00 ] ::1 /project2.1/index.php/Home/Main/Maindown
INFO: [ app_init ] --START--
INFO: Run Behavior\BuildLiteBehavior [ RunTime:0.000029s ]
INFO: [ app_init ] --END-- [ RunTime:0.000800s ]
INFO: [ app_begin ] --START--
INFO: Run Behavior\ReadHtmlCacheBehavior [ RunTime:0.001381s ]
INFO: [ app_begin ] --END-- [ RunTime:0.001552s ]
NOTIC: [8] Undefined index: id F:\Demo\project2.1\App\Home\Controller\MainController.class.php 第 34 行.
SQL: SHOW COLUMNS FROM `p_user` [ RunTime:0.0029s ]
SQL: SELECT * FROM `p_user` WHERE `ID` = null  [ RunTime:0.0003s ]
NOTIC: [8] Undefined offset: 0 F:\Demo\project2.1\App\Home\Controller\MainController.class.php 第 36 行.
NOTIC: [8] Undefined offset: 0 F:\Demo\project2.1\App\Home\Controller\MainController.class.php 第 38 行.
INFO: [ view_parse ] --START--
INFO: [ template_filter ] --START--
INFO: Run Behavior\ContentReplaceBehavior [ RunTime:0.000070s ]
INFO: [ template_filter ] --END-- [ RunTime:0.000192s ]
INFO: Run Behavior\ParseTemplateBehavior [ RunTime:0.007263s ]
INFO: [ view_parse ] --END-- [ RunTime:0.007382s ]
INFO: [ view_filter ] --START--
INFO: Run Behavior\WriteHtmlCacheBehavior [ RunTime:0.000421s ]
INFO: [ view_filter ] --END-- [ RunTime:0.000525s ]
INFO: [ app_end ] --START--
INFO: Run Behavior\ShowPageTraceBehavior [ RunTime:0.000729s ]
INFO: [ app_end ] --END-- [ RunTime:0.000918s ]

[ 2016-01-05T12:57:47+08:00 ] ::1 /project2.1/index.php/Home/User/Userhome
INFO: [ app_init ] --START--
INFO: Run Behavior\BuildLiteBehavior [ RunTime:0.000027s ]
INFO: [ app_init ] --END-- [ RunTime:0.000628s ]
INFO: [ app_begin ] --START--
INFO: Run Behavior\ReadHtmlCacheBehavior [ RunTime:0.000555s ]
INFO: [ app_begin ] --END-- [ RunTime:0.000663s ]
NOTIC: [8] Undefined index: id F:\Demo\project2.1\App\Home\Controller\UserController.class.php 第 143 行.

[ 2016-01-05T12:57:48+08:00 ] ::1 /project2.1/index.php/Home/BBS
INFO: [ app_init ] --START--
INFO: Run Behavior\BuildLiteBehavior [ RunTime:0.000028s ]
INFO: [ app_init ] --END-- [ RunTime:0.000988s ]
INFO: [ app_begin ] --START--
INFO: Run Behavior\ReadHtmlCacheBehavior [ RunTime:0.000806s ]
INFO: [ app_begin ] --END-- [ RunTime:0.000993s ]
NOTIC: [8] Undefined index: id F:\Demo\project2.1\App\Home\Controller\BBSController.class.php 第 177 行.
SQL: SHOW COLUMNS FROM `p_user` [ RunTime:0.0053s ]
SQL: SELECT * FROM `p_user` WHERE `ID` = null  [ RunTime:0.0005s ]
NOTIC: [8] Undefined offset: 0 F:\Demo\project2.1\App\Home\Controller\BBSController.class.php 第 179 行.
NOTIC: [8] Undefined index: id F:\Demo\project2.1\App\Home\Controller\BBSController.class.php 第 180 行.

[ 2016-01-05T12:57:49+08:00 ] ::1 /project2.1/index.php/Home/Video/index
INFO: [ app_init ] --START--
INFO: Run Behavior\BuildLiteBehavior [ RunTime:0.000026s ]
INFO: [ app_init ] --END-- [ RunTime:0.000596s ]
INFO: [ app_begin ] --START--
INFO: Run Behavior\ReadHtmlCacheBehavior [ RunTime:0.000634s ]
INFO: [ app_begin ] --END-- [ RunTime:0.000743s ]
NOTIC: [8] Undefined index: id F:\Demo\project2.1\App\Home\Controller\VideoController.class.php 第 269 行.
SQL: SHOW COLUMNS FROM `p_user` [ RunTime:0.0034s ]
SQL: SELECT * FROM `p_user` WHERE `ID` = null  [ RunTime:0.0003s ]
NOTIC: [8] Undefined offset: 0 F:\Demo\project2.1\App\Home\Controller\VideoController.class.php 第 271 行.
NOTIC: [8] Undefined index: id F:\Demo\project2.1\App\Home\Controller\VideoController.class.php 第 272 行.

[ 2016-01-05T12:57:50+08:00 ] ::1 /project2.1/index.php/Home/File/ShowFile
INFO: [ app_init ] --START--
INFO: Run Behavior\BuildLiteBehavior [ RunTime:0.000025s ]
INFO: [ app_init ] --END-- [ RunTime:0.000592s ]
INFO: [ app_begin ] --START--
INFO: Run Behavior\ReadHtmlCacheBehavior [ RunTime:0.000706s ]
INFO: [ app_begin ] --END-- [ RunTime:0.000882s ]
NOTIC: [8] Undefined index: id F:\Demo\project2.1\App\Home\Controller\FileController.class.php 第 95 行.
SQL: SHOW COLUMNS FROM `p_user` [ RunTime:0.0027s ]
SQL: SELECT * FROM `p_user` WHERE `ID` = null  [ RunTime:0.0004s ]
NOTIC: [8] Undefined offset: 0 F:\Demo\project2.1\App\Home\Controller\FileController.class.php 第 97 行.
NOTIC: [8] Undefined index: id F:\Demo\project2.1\App\Home\Controller\FileController.class.php 第 98 行.

[ 2016-01-05T12:57:52+08:00 ] ::1 /project2.1/index.php/Home/User/Login
INFO: [ app_init ] --START--
INFO: Run Behavior\BuildLiteBehavior [ RunTime:0.000026s ]
INFO: [ app_init ] --END-- [ RunTime:0.000595s ]
INFO: [ app_begin ] --START--
INFO: Run Behavior\ReadHtmlCacheBehavior [ RunTime:0.000683s ]
INFO: [ app_begin ] --END-- [ RunTime:0.000867s ]
NOTIC: [8] A session had already been started - ignoring session_start() F:\Demo\project2.1\App\Home\Controller\UserController.class.php 第 41 行.
INFO: [ view_parse ] --START--
INFO: [ template_filter ] --START--
INFO: Run Behavior\ContentReplaceBehavior [ RunTime:0.000100s ]
INFO: [ template_filter ] --END-- [ RunTime:0.000301s ]
INFO: Run Behavior\ParseTemplateBehavior [ RunTime:0.007969s ]
INFO: [ view_parse ] --END-- [ RunTime:0.008089s ]
INFO: [ view_filter ] --START--
INFO: Run Behavior\WriteHtmlCacheBehavior [ RunTime:0.000429s ]
INFO: [ view_filter ] --END-- [ RunTime:0.000530s ]
INFO: [ app_end ] --START--
INFO: Run Behavior\ShowPageTraceBehavior [ RunTime:0.000653s ]
INFO: [ app_end ] --END-- [ RunTime:0.000758s ]

[ 2016-01-05T12:58:05+08:00 ] ::1 /project2.1/index.php/Home/User/Logins?id=1
INFO: [ app_init ] --START--
INFO: Run Behavior\BuildLiteBehavior [ RunTime:0.000026s ]
INFO: [ app_init ] --END-- [ RunTime:0.000654s ]
INFO: [ app_begin ] --START--
INFO: Run Behavior\ReadHtmlCacheBehavior [ RunTime:0.000812s ]
INFO: [ app_begin ] --END-- [ RunTime:0.000927s ]
SQL: SHOW COLUMNS FROM `p_user` [ RunTime:0.0034s ]
SQL: SELECT * FROM `p_user` WHERE `USERNAME` = '温志远' AND `PASSWORD` = '4297f44b13955235245b2497399d7a93'  [ RunTime:0.0006s ]
SQL: SELECT `ID` FROM `p_user` WHERE `USERNAME` = '温志远' AND `PASSWORD` = '4297f44b13955235245b2497399d7a93' LIMIT 1   [ RunTime:0.0003s ]
SQL: SHOW COLUMNS FROM `p_signin` [ RunTime:0.0025s ]
SQL: SELECT COUNT(*) AS tp_count FROM `p_signin` WHERE `TIME` = '2016-01-05' LIMIT 1   [ RunTime:0.0003s ]
SQL: SELECT * FROM `p_user` WHERE `ID` = '300000015'  [ RunTime:0.0002s ]
SQL: SELECT * FROM `p_signin` WHERE `TIME` = '2016-01-05' AND `USERID` = '300000015'  [ RunTime:0.0002s ]
INFO: [ view_parse ] --START--
INFO: [ template_filter ] --START--
INFO: Run Behavior\ContentReplaceBehavior [ RunTime:0.000083s ]
INFO: [ template_filter ] --END-- [ RunTime:0.000195s ]
NOTIC: [8] A session had already been started - ignoring session_start() F:\Demo\project2.1\App\Runtime\Cache\Home\ea340386924792ccc65576071a30eec1.php 第 6 行.
SQL: SHOW COLUMNS FROM `p_mycounter` [ RunTime:0.0027s ]
SQL: SELECT `counter` FROM `p_mycounter` WHERE `id` = 1 LIMIT 1   [ RunTime:0.0003s ]
INFO: Run Behavior\ParseTemplateBehavior [ RunTime:0.013693s ]
INFO: [ view_parse ] --END-- [ RunTime:0.013836s ]
INFO: [ view_filter ] --START--
INFO: Run Behavior\WriteHtmlCacheBehavior [ RunTime:0.000653s ]
INFO: [ view_filter ] --END-- [ RunTime:0.000758s ]
INFO: [ app_end ] --START--
INFO: Run Behavior\ShowPageTraceBehavior [ RunTime:0.000808s ]
INFO: [ app_end ] --END-- [ RunTime:0.000912s ]

[ 2016-01-05T12:58:06+08:00 ] ::1 /project2.1/index.php/Home/Main/Maindown
INFO: [ app_init ] --START--
INFO: Run Behavior\BuildLiteBehavior [ RunTime:0.000026s ]
INFO: [ app_init ] --END-- [ RunTime:0.000636s ]
INFO: [ app_begin ] --START--
INFO: Run Behavior\ReadHtmlCacheBehavior [ RunTime:0.000829s ]
INFO: [ app_begin ] --END-- [ RunTime:0.000948s ]
SQL: SHOW COLUMNS FROM `p_user` [ RunTime:0.0029s ]
SQL: SELECT * FROM `p_user` WHERE `ID` = '300000015'  [ RunTime:0.0003s ]
INFO: [ view_parse ] --START--
INFO: [ template_filter ] --START--
INFO: Run Behavior\ContentReplaceBehavior [ RunTime:0.000071s ]
INFO: [ template_filter ] --END-- [ RunTime:0.000189s ]
INFO: Run Behavior\ParseTemplateBehavior [ RunTime:0.009117s ]
INFO: [ view_parse ] --END-- [ RunTime:0.009249s ]
INFO: [ view_filter ] --START--
INFO: Run Behavior\WriteHtmlCacheBehavior [ RunTime:0.000440s ]
INFO: [ view_filter ] --END-- [ RunTime:0.000541s ]
INFO: [ app_end ] --START--
INFO: Run Behavior\ShowPageTraceBehavior [ RunTime:0.000705s ]
INFO: [ app_end ] --END-- [ RunTime:0.000806s ]

[ 2016-01-05T12:58:08+08:00 ] ::1 /project2.1/index.php/Home/User/Userhome
INFO: [ app_init ] --START--
INFO: Run Behavior\BuildLiteBehavior [ RunTime:0.000026s ]
INFO: [ app_init ] --END-- [ RunTime:0.000544s ]
INFO: [ app_begin ] --START--
INFO: Run Behavior\ReadHtmlCacheBehavior [ RunTime:0.000724s ]
INFO: [ app_begin ] --END-- [ RunTime:0.000835s ]
SQL: SHOW COLUMNS FROM `p_user` [ RunTime:0.0031s ]
SQL: SELECT * FROM `p_user` WHERE `ID` = '300000015'  [ RunTime:0.0003s ]
SQL: SHOW COLUMNS FROM `p_signin` [ RunTime:0.0024s ]
SQL: SELECT COUNT(*) AS tp_count FROM `p_signin` WHERE `USERID` = '300000015' LIMIT 1   [ RunTime:0.0003s ]
INFO: [ view_parse ] --START--
INFO: [ template_filter ] --START--
INFO: Run Behavior\ContentReplaceBehavior [ RunTime:0.000081s ]
INFO: [ template_filter ] --END-- [ RunTime:0.000199s ]
INFO: Run Behavior\ParseTemplateBehavior [ RunTime:0.010037s ]
INFO: [ view_parse ] --END-- [ RunTime:0.010174s ]
INFO: [ view_filter ] --START--
INFO: Run Behavior\WriteHtmlCacheBehavior [ RunTime:0.000542s ]
INFO: [ view_filter ] --END-- [ RunTime:0.000651s ]
INFO: [ app_end ] --START--
INFO: Run Behavior\ShowPageTraceBehavior [ RunTime:0.000789s ]
INFO: [ app_end ] --END-- [ RunTime:0.000889s ]

[ 2016-01-05T12:58:09+08:00 ] ::1 /project2.1/index.php/Home/BBS
INFO: [ app_init ] --START--
INFO: Run Behavior\BuildLiteBehavior [ RunTime:0.000025s ]
INFO: [ app_init ] --END-- [ RunTime:0.000620s ]
INFO: [ app_begin ] --START--
INFO: Run Behavior\ReadHtmlCacheBehavior [ RunTime:0.000727s ]
INFO: [ app_begin ] --END-- [ RunTime:0.000838s ]
SQL: SHOW COLUMNS FROM `p_user` [ RunTime:0.0033s ]
SQL: SELECT * FROM `p_user` WHERE `ID` = '300000015'  [ RunTime:0.0003s ]
SQL: SELECT * FROM `p_user` WHERE `ID` = '300000015'  [ RunTime:0.0002s ]
SQL: SHOW COLUMNS FROM `p_bbs1` [ RunTime:0.0025s ]
SQL: SELECT COUNT(*) AS tp_count FROM `p_bbs1` WHERE `CONDITION` = 0 LIMIT 1   [ RunTime:0.0003s ]
SQL: SELECT * FROM `p_bbs1` WHERE `CONDITION` = 0 LIMIT 0,10   [ RunTime:0.0003s ]
INFO: [ view_parse ] --START--
INFO: [ template_filter ] --START--
INFO: Run Behavior\ContentReplaceBehavior [ RunTime:0.000084s ]
INFO: [ template_filter ] --END-- [ RunTime:0.000202s ]
INFO: Run Behavior\ParseTemplateBehavior [ RunTime:0.009825s ]
INFO: [ view_parse ] --END-- [ RunTime:0.009944s ]
INFO: [ view_filter ] --START--
INFO: Run Behavior\WriteHtmlCacheBehavior [ RunTime:0.000521s ]
INFO: [ view_filter ] --END-- [ RunTime:0.000623s ]
INFO: [ app_end ] --START--
INFO: Run Behavior\ShowPageTraceBehavior [ RunTime:0.000776s ]
INFO: [ app_end ] --END-- [ RunTime:0.000879s ]

[ 2016-01-05T12:58:11+08:00 ] ::1 /project2.1/index.php/Home/Video/index
INFO: [ app_init ] --START--
INFO: Run Behavior\BuildLiteBehavior [ RunTime:0.000028s ]
INFO: [ app_init ] --END-- [ RunTime:0.000641s ]
INFO: [ app_begin ] --START--
INFO: Run Behavior\ReadHtmlCacheBehavior [ RunTime:0.000754s ]
INFO: [ app_begin ] --END-- [ RunTime:0.000864s ]
SQL: SHOW COLUMNS FROM `p_user` [ RunTime:0.0037s ]
SQL: SELECT * FROM `p_user` WHERE `ID` = '300000015'  [ RunTime:0.0003s ]
SQL: SELECT * FROM `p_user` WHERE `ID` = '300000015'  [ RunTime:0.0002s ]
SQL: SHOW COLUMNS FROM `p_lecture` [ RunTime:0.0026s ]
SQL: SELECT COUNT(*) AS tp_count FROM `p_lecture` LIMIT 1   [ RunTime:0.0002s ]
NOTIC: [8] Undefined variable: where F:\Demo\project2.1\App\Home\Controller\VideoController.class.php 第 102 行.
NOTIC: [8] Undefined variable: where F:\Demo\project2.1\App\Home\Controller\VideoController.class.php 第 103 行.
SQL: SELECT * FROM `p_lecture` LIMIT 0,10   [ RunTime:0.0003s ]
INFO: [ view_parse ] --START--
INFO: [ template_filter ] --START--
INFO: Run Behavior\ContentReplaceBehavior [ RunTime:0.000075s ]
INFO: [ template_filter ] --END-- [ RunTime:0.000191s ]
NOTIC: [8] Undefined variable: num F:\Demo\project2.1\App\Runtime\Cache\Home\8df35a12df0627c9ee35c26aeed26e66.php 第 144 行.
INFO: Run Behavior\ParseTemplateBehavior [ RunTime:0.009556s ]
INFO: [ view_parse ] --END-- [ RunTime:0.009668s ]
INFO: [ view_filter ] --START--
INFO: Run Behavior\WriteHtmlCacheBehavior [ RunTime:0.000525s ]
INFO: [ view_filter ] --END-- [ RunTime:0.000628s ]
INFO: [ app_end ] --START--
INFO: Run Behavior\ShowPageTraceBehavior [ RunTime:0.000783s ]
INFO: [ app_end ] --END-- [ RunTime:0.000884s ]

[ 2016-01-05T12:58:12+08:00 ] ::1 /project2.1/index.php/Home/File/ShowFile
INFO: [ app_init ] --START--
INFO: Run Behavior\BuildLiteBehavior [ RunTime:0.000026s ]
INFO: [ app_init ] --END-- [ RunTime:0.000619s ]
INFO: [ app_begin ] --START--
INFO: Run Behavior\ReadHtmlCacheBehavior [ RunTime:0.000717s ]
INFO: [ app_begin ] --END-- [ RunTime:0.000828s ]
SQL: SHOW COLUMNS FROM `p_user` [ RunTime:0.0027s ]
SQL: SELECT * FROM `p_user` WHERE `ID` = '300000015'  [ RunTime:0.0003s ]
SQL: SELECT * FROM `p_user` WHERE `ID` = '300000015'  [ RunTime:0.0003s ]
SQL: SHOW COLUMNS FROM `p_file` [ RunTime:0.0027s ]
SQL: SELECT COUNT(*) AS tp_count FROM `p_file` LIMIT 1   [ RunTime:0.0002s ]
NOTIC: [8] Undefined variable: where F:\Demo\project2.1\App\Home\Controller\FileController.class.php 第 48 行.
NOTIC: [8] Undefined variable: where F:\Demo\project2.1\App\Home\Controller\FileController.class.php 第 49 行.
SQL: SELECT * FROM `p_file` LIMIT 0,10   [ RunTime:0.0002s ]
INFO: [ view_parse ] --START--
INFO: [ template_filter ] --START--
INFO: Run Behavior\ContentReplaceBehavior [ RunTime:0.000092s ]
INFO: [ template_filter ] --END-- [ RunTime:0.000215s ]
INFO: Run Behavior\ParseTemplateBehavior [ RunTime:0.010664s ]
INFO: [ view_parse ] --END-- [ RunTime:0.010839s ]
INFO: [ view_filter ] --START--
INFO: Run Behavior\WriteHtmlCacheBehavior [ RunTime:0.000661s ]
INFO: [ view_filter ] --END-- [ RunTime:0.000796s ]
INFO: [ app_end ] --START--
INFO: Run Behavior\ShowPageTraceBehavior [ RunTime:0.000799s ]
INFO: [ app_end ] --END-- [ RunTime:0.000943s ]

[ 2016-01-05T12:58:13+08:00 ] ::1 /project2.1/index.php/Home/Search/
INFO: [ app_init ] --START--
INFO: Run Behavior\BuildLiteBehavior [ RunTime:0.000026s ]
INFO: [ app_init ] --END-- [ RunTime:0.000619s ]
INFO: [ app_begin ] --START--
INFO: Run Behavior\ReadHtmlCacheBehavior [ RunTime:0.000777s ]
INFO: [ app_begin ] --END-- [ RunTime:0.000887s ]
SQL: SHOW COLUMNS FROM `p_user` [ RunTime:0.0039s ]
SQL: SELECT * FROM `p_user` WHERE `ID` = '300000015'  [ RunTime:0.0003s ]
SQL: SELECT * FROM `p_user` WHERE `ID` = '300000015'  [ RunTime:0.0002s ]
NOTIC: [8] Undefined index: department F:\Demo\project2.1\App\Home\Controller\SearchController.class.php 第 12 行.
NOTIC: [8] Undefined index: sex F:\Demo\project2.1\App\Home\Controller\SearchController.class.php 第 13 行.
NOTIC: [8] Undefined index: root F:\Demo\project2.1\App\Home\Controller\SearchController.class.php 第 14 行.
INFO: [ view_parse ] --START--
INFO: [ template_filter ] --START--
INFO: Run Behavior\ContentReplaceBehavior [ RunTime:0.000074s ]
INFO: [ template_filter ] --END-- [ RunTime:0.000188s ]
INFO: Run Behavior\ParseTemplateBehavior [ RunTime:0.007908s ]
INFO: [ view_parse ] --END-- [ RunTime:0.008033s ]
INFO: [ view_filter ] --START--
INFO: Run Behavior\WriteHtmlCacheBehavior [ RunTime:0.000515s ]
INFO: [ view_filter ] --END-- [ RunTime:0.000616s ]
INFO: [ app_end ] --START--
INFO: Run Behavior\ShowPageTraceBehavior [ RunTime:0.000782s ]
INFO: [ app_end ] --END-- [ RunTime:0.000886s ]

[ 2016-01-05T12:58:13+08:00 ] ::1 /project2.1/index.php/Home/Search/Table
INFO: [ app_init ] --START--
INFO: Run Behavior\BuildLiteBehavior [ RunTime:0.000028s ]
INFO: [ app_init ] --END-- [ RunTime:0.001163s ]
INFO: [ app_begin ] --START--
INFO: Run Behavior\ReadHtmlCacheBehavior [ RunTime:0.002124s ]
INFO: [ app_begin ] --END-- [ RunTime:0.005430s ]
SQL: SHOW COLUMNS FROM `p_user` [ RunTime:0.0026s ]
SQL: SELECT * FROM `p_user` WHERE `ID` = '300000015'  [ RunTime:0.0003s ]
SQL: SELECT COUNT(*) AS tp_count FROM `p_user` WHERE `DEPARTMENT` = null AND `SEX` = null AND `ROOT` = null LIMIT 1   [ RunTime:0.0002s ]
SQL: SELECT * FROM `p_user` WHERE `DEPARTMENT` = null AND `SEX` = null AND `ROOT` = null ORDER BY id LIMIT 0,10   [ RunTime:0.0002s ]
INFO: [ view_parse ] --START--
INFO: [ template_filter ] --START--
INFO: Run Behavior\ContentReplaceBehavior [ RunTime:0.000069s ]
INFO: [ template_filter ] --END-- [ RunTime:0.000165s ]
INFO: Run Behavior\ParseTemplateBehavior [ RunTime:0.011115s ]
INFO: [ view_parse ] --END-- [ RunTime:0.011496s ]
INFO: [ view_filter ] --START--
INFO: Run Behavior\WriteHtmlCacheBehavior [ RunTime:0.000686s ]
INFO: [ view_filter ] --END-- [ RunTime:0.000899s ]
INFO: [ app_end ] --START--
INFO: Run Behavior\ShowPageTraceBehavior [ RunTime:0.000767s ]
INFO: [ app_end ] --END-- [ RunTime:0.000887s ]

[ 2016-01-05T12:58:14+08:00 ] ::1 /project2.1/index.php/Home/Main/Maindown
INFO: [ app_init ] --START--
INFO: Run Behavior\BuildLiteBehavior [ RunTime:0.000025s ]
INFO: [ app_init ] --END-- [ RunTime:0.000616s ]
INFO: [ app_begin ] --START--
INFO: Run Behavior\ReadHtmlCacheBehavior [ RunTime:0.000742s ]
INFO: [ app_begin ] --END-- [ RunTime:0.000872s ]
SQL: SHOW COLUMNS FROM `p_user` [ RunTime:0.0030s ]
SQL: SELECT * FROM `p_user` WHERE `ID` = '300000015'  [ RunTime:0.0003s ]
INFO: [ view_parse ] --START--
INFO: [ template_filter ] --START--
INFO: Run Behavior\ContentReplaceBehavior [ RunTime:0.000086s ]
INFO: [ template_filter ] --END-- [ RunTime:0.000204s ]
INFO: Run Behavior\ParseTemplateBehavior [ RunTime:0.007168s ]
INFO: [ view_parse ] --END-- [ RunTime:0.007285s ]
INFO: [ view_filter ] --START--
INFO: Run Behavior\WriteHtmlCacheBehavior [ RunTime:0.000510s ]
INFO: [ view_filter ] --END-- [ RunTime:0.000616s ]
INFO: [ app_end ] --START--
INFO: Run Behavior\ShowPageTraceBehavior [ RunTime:0.000994s ]
INFO: [ app_end ] --END-- [ RunTime:0.001104s ]

[ 2016-01-05T12:58:24+08:00 ] ::1 /project2.1/index.php/Home/User/Userhome
INFO: [ app_init ] --START--
INFO: Run Behavior\BuildLiteBehavior [ RunTime:0.000040s ]
INFO: [ app_init ] --END-- [ RunTime:0.000724s ]
INFO: [ app_begin ] --START--
INFO: Run Behavior\ReadHtmlCacheBehavior [ RunTime:0.000753s ]
INFO: [ app_begin ] --END-- [ RunTime:0.000874s ]
SQL: SHOW COLUMNS FROM `p_user` [ RunTime:0.0036s ]
SQL: SELECT * FROM `p_user` WHERE `ID` = '300000015'  [ RunTime:0.0003s ]
SQL: SHOW COLUMNS FROM `p_signin` [ RunTime:0.0037s ]
SQL: SELECT COUNT(*) AS tp_count FROM `p_signin` WHERE `USERID` = '300000015' LIMIT 1   [ RunTime:0.0004s ]
INFO: [ view_parse ] --START--
INFO: [ template_filter ] --START--
INFO: Run Behavior\ContentReplaceBehavior [ RunTime:0.000081s ]
INFO: [ template_filter ] --END-- [ RunTime:0.000193s ]
INFO: Run Behavior\ParseTemplateBehavior [ RunTime:0.009460s ]
INFO: [ view_parse ] --END-- [ RunTime:0.009585s ]
INFO: [ view_filter ] --START--
INFO: Run Behavior\WriteHtmlCacheBehavior [ RunTime:0.000514s ]
INFO: [ view_filter ] --END-- [ RunTime:0.000616s ]
INFO: [ app_end ] --START--
INFO: Run Behavior\ShowPageTraceBehavior [ RunTime:0.000749s ]
INFO: [ app_end ] --END-- [ RunTime:0.000878s ]

[ 2016-01-05T12:58:25+08:00 ] ::1 /project2.1/index.php/Home/BBS
INFO: [ app_init ] --START--
INFO: Run Behavior\BuildLiteBehavior [ RunTime:0.000025s ]
INFO: [ app_init ] --END-- [ RunTime:0.000613s ]
INFO: [ app_begin ] --START--
INFO: Run Behavior\ReadHtmlCacheBehavior [ RunTime:0.000717s ]
INFO: [ app_begin ] --END-- [ RunTime:0.000827s ]
SQL: SHOW COLUMNS FROM `p_user` [ RunTime:0.0028s ]
SQL: SELECT * FROM `p_user` WHERE `ID` = '300000015'  [ RunTime:0.0004s ]
SQL: SELECT * FROM `p_user` WHERE `ID` = '300000015'  [ RunTime:0.0002s ]
SQL: SHOW COLUMNS FROM `p_bbs1` [ RunTime:0.0026s ]
SQL: SELECT COUNT(*) AS tp_count FROM `p_bbs1` WHERE `CONDITION` = 0 LIMIT 1   [ RunTime:0.0003s ]
SQL: SELECT * FROM `p_bbs1` WHERE `CONDITION` = 0 LIMIT 0,10   [ RunTime:0.0003s ]
INFO: [ view_parse ] --START--
INFO: [ template_filter ] --START--
INFO: Run Behavior\ContentReplaceBehavior [ RunTime:0.000084s ]
INFO: [ template_filter ] --END-- [ RunTime:0.000201s ]
INFO: Run Behavior\ParseTemplateBehavior [ RunTime:0.009943s ]
INFO: [ view_parse ] --END-- [ RunTime:0.010059s ]
INFO: [ view_filter ] --START--
INFO: Run Behavior\WriteHtmlCacheBehavior [ RunTime:0.000526s ]
INFO: [ view_filter ] --END-- [ RunTime:0.000627s ]
INFO: [ app_end ] --START--
INFO: Run Behavior\ShowPageTraceBehavior [ RunTime:0.000763s ]
INFO: [ app_end ] --END-- [ RunTime:0.000865s ]

[ 2016-01-05T12:58:31+08:00 ] ::1 /project2.1/index.php/Home/Video/index
INFO: [ app_init ] --START--
INFO: Run Behavior\BuildLiteBehavior [ RunTime:0.000026s ]
INFO: [ app_init ] --END-- [ RunTime:0.000626s ]
INFO: [ app_begin ] --START--
INFO: Run Behavior\ReadHtmlCacheBehavior [ RunTime:0.000718s ]
INFO: [ app_begin ] --END-- [ RunTime:0.000829s ]
SQL: SHOW COLUMNS FROM `p_user` [ RunTime:0.0032s ]
SQL: SELECT * FROM `p_user` WHERE `ID` = '300000015'  [ RunTime:0.0004s ]
SQL: SELECT * FROM `p_user` WHERE `ID` = '300000015'  [ RunTime:0.0003s ]
SQL: SHOW COLUMNS FROM `p_lecture` [ RunTime:0.0028s ]
SQL: SELECT COUNT(*) AS tp_count FROM `p_lecture` LIMIT 1   [ RunTime:0.0003s ]
NOTIC: [8] Undefined variable: where F:\Demo\project2.1\App\Home\Controller\VideoController.class.php 第 102 行.
NOTIC: [8] Undefined variable: where F:\Demo\project2.1\App\Home\Controller\VideoController.class.php 第 103 行.
SQL: SELECT * FROM `p_lecture` LIMIT 0,10   [ RunTime:0.0003s ]
INFO: [ view_parse ] --START--
INFO: [ template_filter ] --START--
INFO: Run Behavior\ContentReplaceBehavior [ RunTime:0.000080s ]
INFO: [ template_filter ] --END-- [ RunTime:0.000222s ]
NOTIC: [8] Undefined variable: num F:\Demo\project2.1\App\Runtime\Cache\Home\8df35a12df0627c9ee35c26aeed26e66.php 第 144 行.
INFO: Run Behavior\ParseTemplateBehavior [ RunTime:0.009420s ]
INFO: [ view_parse ] --END-- [ RunTime:0.009564s ]
INFO: [ view_filter ] --START--
INFO: Run Behavior\WriteHtmlCacheBehavior [ RunTime:0.000495s ]
INFO: [ view_filter ] --END-- [ RunTime:0.000598s ]
INFO: [ app_end ] --START--
INFO: Run Behavior\ShowPageTraceBehavior [ RunTime:0.000829s ]
INFO: [ app_end ] --END-- [ RunTime:0.000938s ]

[ 2016-01-05T12:58:33+08:00 ] ::1 /project2.1/index.php/Home/File/ShowFile
INFO: [ app_init ] --START--
INFO: Run Behavior\BuildLiteBehavior [ RunTime:0.000039s ]
INFO: [ app_init ] --END-- [ RunTime:0.000726s ]
INFO: [ app_begin ] --START--
INFO: Run Behavior\ReadHtmlCacheBehavior [ RunTime:0.000778s ]
INFO: [ app_begin ] --END-- [ RunTime:0.000901s ]
SQL: SHOW COLUMNS FROM `p_user` [ RunTime:0.0037s ]
SQL: SELECT * FROM `p_user` WHERE `ID` = '300000015'  [ RunTime:0.0003s ]
SQL: SELECT * FROM `p_user` WHERE `ID` = '300000015'  [ RunTime:0.0003s ]
SQL: SHOW COLUMNS FROM `p_file` [ RunTime:0.0034s ]
SQL: SELECT COUNT(*) AS tp_count FROM `p_file` LIMIT 1   [ RunTime:0.0003s ]
NOTIC: [8] Undefined variable: where F:\Demo\project2.1\App\Home\Controller\FileController.class.php 第 48 行.
NOTIC: [8] Undefined variable: where F:\Demo\project2.1\App\Home\Controller\FileController.class.php 第 49 行.
SQL: SELECT * FROM `p_file` LIMIT 0,10   [ RunTime:0.0002s ]
INFO: [ view_parse ] --START--
INFO: [ template_filter ] --START--
INFO: Run Behavior\ContentReplaceBehavior [ RunTime:0.000089s ]
INFO: [ template_filter ] --END-- [ RunTime:0.000205s ]
INFO: Run Behavior\ParseTemplateBehavior [ RunTime:0.009626s ]
INFO: [ view_parse ] --END-- [ RunTime:0.009777s ]
INFO: [ view_filter ] --START--
INFO: Run Behavior\WriteHtmlCacheBehavior [ RunTime:0.000668s ]
INFO: [ view_filter ] --END-- [ RunTime:0.000830s ]
INFO: [ app_end ] --START--
INFO: Run Behavior\ShowPageTraceBehavior [ RunTime:0.000898s ]
INFO: [ app_end ] --END-- [ RunTime:0.001052s ]

[ 2016-01-05T12:58:34+08:00 ] ::1 /project2.1/index.php/Home/BBS
INFO: [ app_init ] --START--
INFO: Run Behavior\BuildLiteBehavior [ RunTime:0.000040s ]
INFO: [ app_init ] --END-- [ RunTime:0.001013s ]
INFO: [ app_begin ] --START--
INFO: Run Behavior\ReadHtmlCacheBehavior [ RunTime:0.000755s ]
INFO: [ app_begin ] --END-- [ RunTime:0.000890s ]
SQL: SHOW COLUMNS FROM `p_user` [ RunTime:0.0037s ]
SQL: SELECT * FROM `p_user` WHERE `ID` = '300000015'  [ RunTime:0.0004s ]
SQL: SELECT * FROM `p_user` WHERE `ID` = '300000015'  [ RunTime:0.0004s ]
SQL: SHOW COLUMNS FROM `p_bbs1` [ RunTime:0.0035s ]
SQL: SELECT COUNT(*) AS tp_count FROM `p_bbs1` WHERE `CONDITION` = 0 LIMIT 1   [ RunTime:0.0003s ]
SQL: SELECT * FROM `p_bbs1` WHERE `CONDITION` = 0 LIMIT 0,10   [ RunTime:0.0003s ]
INFO: [ view_parse ] --START--
INFO: [ template_filter ] --START--
INFO: Run Behavior\ContentReplaceBehavior [ RunTime:0.000128s ]
INFO: [ template_filter ] --END-- [ RunTime:0.000330s ]
INFO: Run Behavior\ParseTemplateBehavior [ RunTime:0.012808s ]
INFO: [ view_parse ] --END-- [ RunTime:0.012999s ]
INFO: [ view_filter ] --START--
INFO: Run Behavior\WriteHtmlCacheBehavior [ RunTime:0.000563s ]
INFO: [ view_filter ] --END-- [ RunTime:0.000685s ]
INFO: [ app_end ] --START--
INFO: Run Behavior\ShowPageTraceBehavior [ RunTime:0.000696s ]
INFO: [ app_end ] --END-- [ RunTime:0.000813s ]

[ 2016-01-05T12:58:35+08:00 ] ::1 /project2.1/index.php/Home/Search/
INFO: [ app_init ] --START--
INFO: Run Behavior\BuildLiteBehavior [ RunTime:0.000038s ]
INFO: [ app_init ] --END-- [ RunTime:0.000687s ]
INFO: [ app_begin ] --START--
INFO: Run Behavior\ReadHtmlCacheBehavior [ RunTime:0.000758s ]
INFO: [ app_begin ] --END-- [ RunTime:0.000895s ]
SQL: SHOW COLUMNS FROM `p_user` [ RunTime:0.0032s ]
SQL: SELECT * FROM `p_user` WHERE `ID` = '300000015'  [ RunTime:0.0003s ]
SQL: SELECT * FROM `p_user` WHERE `ID` = '300000015'  [ RunTime:0.0003s ]
NOTIC: [8] Undefined index: department F:\Demo\project2.1\App\Home\Controller\SearchController.class.php 第 12 行.
NOTIC: [8] Undefined index: sex F:\Demo\project2.1\App\Home\Controller\SearchController.class.php 第 13 行.
NOTIC: [8] Undefined index: root F:\Demo\project2.1\App\Home\Controller\SearchController.class.php 第 14 行.
INFO: [ view_parse ] --START--
INFO: [ template_filter ] --START--
INFO: Run Behavior\ContentReplaceBehavior [ RunTime:0.000075s ]
INFO: [ template_filter ] --END-- [ RunTime:0.000196s ]
INFO: Run Behavior\ParseTemplateBehavior [ RunTime:0.008217s ]
INFO: [ view_parse ] --END-- [ RunTime:0.008355s ]
INFO: [ view_filter ] --START--
INFO: Run Behavior\WriteHtmlCacheBehavior [ RunTime:0.000548s ]
INFO: [ view_filter ] --END-- [ RunTime:0.000656s ]
INFO: [ app_end ] --START--
INFO: Run Behavior\ShowPageTraceBehavior [ RunTime:0.000784s ]
INFO: [ app_end ] --END-- [ RunTime:0.000889s ]

[ 2016-01-05T12:58:35+08:00 ] ::1 /project2.1/index.php/Home/Search/Table
INFO: [ app_init ] --START--
INFO: Run Behavior\BuildLiteBehavior [ RunTime:0.000026s ]
INFO: [ app_init ] --END-- [ RunTime:0.000643s ]
INFO: [ app_begin ] --START--
INFO: Run Behavior\ReadHtmlCacheBehavior [ RunTime:0.000883s ]
INFO: [ app_begin ] --END-- [ RunTime:0.001007s ]
SQL: SHOW COLUMNS FROM `p_user` [ RunTime:0.0026s ]
SQL: SELECT * FROM `p_user` WHERE `ID` = '300000015'  [ RunTime:0.0003s ]
SQL: SELECT COUNT(*) AS tp_count FROM `p_user` WHERE `DEPARTMENT` = null AND `SEX` = null AND `ROOT` = null LIMIT 1   [ RunTime:0.0002s ]
SQL: SELECT * FROM `p_user` WHERE `DEPARTMENT` = null AND `SEX` = null AND `ROOT` = null ORDER BY id LIMIT 0,10   [ RunTime:0.0004s ]
INFO: [ view_parse ] --START--
INFO: [ template_filter ] --START--
INFO: Run Behavior\ContentReplaceBehavior [ RunTime:0.000067s ]
INFO: [ template_filter ] --END-- [ RunTime:0.000156s ]
INFO: Run Behavior\ParseTemplateBehavior [ RunTime:0.008082s ]
INFO: [ view_parse ] --END-- [ RunTime:0.008197s ]
INFO: [ view_filter ] --START--
INFO: Run Behavior\WriteHtmlCacheBehavior [ RunTime:0.000732s ]
INFO: [ view_filter ] --END-- [ RunTime:0.000860s ]
INFO: [ app_end ] --START--
INFO: Run Behavior\ShowPageTraceBehavior [ RunTime:0.000897s ]
INFO: [ app_end ] --END-- [ RunTime:0.001023s ]

[ 2016-01-05T12:58:37+08:00 ] ::1 /project2.1/index.php/Home/File/ShowFile
INFO: [ app_init ] --START--
INFO: Run Behavior\BuildLiteBehavior [ RunTime:0.000024s ]
INFO: [ app_init ] --END-- [ RunTime:0.000613s ]
INFO: [ app_begin ] --START--
INFO: Run Behavior\ReadHtmlCacheBehavior [ RunTime:0.000668s ]
INFO: [ app_begin ] --END-- [ RunTime:0.000785s ]
SQL: SHOW COLUMNS FROM `p_user` [ RunTime:0.0028s ]
SQL: SELECT * FROM `p_user` WHERE `ID` = '300000015'  [ RunTime:0.0003s ]
SQL: SELECT * FROM `p_user` WHERE `ID` = '300000015'  [ RunTime:0.0003s ]
SQL: SHOW COLUMNS FROM `p_file` [ RunTime:0.0030s ]
SQL: SELECT COUNT(*) AS tp_count FROM `p_file` LIMIT 1   [ RunTime:0.0003s ]
NOTIC: [8] Undefined variable: where F:\Demo\project2.1\App\Home\Controller\FileController.class.php 第 48 行.
NOTIC: [8] Undefined variable: where F:\Demo\project2.1\App\Home\Controller\FileController.class.php 第 49 行.
SQL: SELECT * FROM `p_file` LIMIT 0,10   [ RunTime:0.0003s ]
INFO: [ view_parse ] --START--
INFO: [ template_filter ] --START--
INFO: Run Behavior\ContentReplaceBehavior [ RunTime:0.000089s ]
INFO: [ template_filter ] --END-- [ RunTime:0.000206s ]
INFO: Run Behavior\ParseTemplateBehavior [ RunTime:0.010044s ]
INFO: [ view_parse ] --END-- [ RunTime:0.010161s ]
INFO: [ view_filter ] --START--
INFO: Run Behavior\WriteHtmlCacheBehavior [ RunTime:0.000531s ]
INFO: [ view_filter ] --END-- [ RunTime:0.000631s ]
INFO: [ app_end ] --START--
INFO: Run Behavior\ShowPageTraceBehavior [ RunTime:0.000736s ]
INFO: [ app_end ] --END-- [ RunTime:0.000841s ]

[ 2016-01-05T12:58:38+08:00 ] ::1 /project2.1/index.php/Home/Main/Maindown
INFO: [ app_init ] --START--
INFO: Run Behavior\BuildLiteBehavior [ RunTime:0.000026s ]
INFO: [ app_init ] --END-- [ RunTime:0.000617s ]
INFO: [ app_begin ] --START--
INFO: Run Behavior\ReadHtmlCacheBehavior [ RunTime:0.000742s ]
INFO: [ app_begin ] --END-- [ RunTime:0.000865s ]
SQL: SHOW COLUMNS FROM `p_user` [ RunTime:0.0032s ]
SQL: SELECT * FROM `p_user` WHERE `ID` = '300000015'  [ RunTime:0.0003s ]
INFO: [ view_parse ] --START--
INFO: [ template_filter ] --START--
INFO: Run Behavior\ContentReplaceBehavior [ RunTime:0.000069s ]
INFO: [ template_filter ] --END-- [ RunTime:0.000184s ]
INFO: Run Behavior\ParseTemplateBehavior [ RunTime:0.007379s ]
INFO: [ view_parse ] --END-- [ RunTime:0.007502s ]
INFO: [ view_filter ] --START--
INFO: Run Behavior\WriteHtmlCacheBehavior [ RunTime:0.000468s ]
INFO: [ view_filter ] --END-- [ RunTime:0.000591s ]
INFO: [ app_end ] --START--
INFO: Run Behavior\ShowPageTraceBehavior [ RunTime:0.000767s ]
INFO: [ app_end ] --END-- [ RunTime:0.000871s ]

