[ 2016-03-10T10:37:04+08:00 ] ::1 /eclipse/project2/
INFO: [ app_init ] --START--
INFO: Run Behavior\BuildLiteBehavior [ RunTime:0.000024s ]
INFO: [ app_init ] --END-- [ RunTime:0.001612s ]
INFO: [ app_begin ] --START--
INFO: Run Behavior\ReadHtmlCacheBehavior [ RunTime:0.000798s ]
INFO: [ app_begin ] --END-- [ RunTime:0.000858s ]
SQL: SHOW COLUMNS FROM `p_signin` [ RunTime:0.0458s ]
SQL: SELECT COUNT(*) AS tp_count FROM `p_signin` WHERE `TIME` = '2016-03-10' LIMIT 1   [ RunTime:0.0106s ]
SQL: SHOW COLUMNS FROM `p_user` [ RunTime:0.0074s ]
SQL: SELECT * FROM `p_user` WHERE `ID` = '300000015'  [ RunTime:0.0044s ]
SQL: SELECT * FROM `p_signin` WHERE `TIME` = '2016-03-10' AND `USERID` = '300000015'  [ RunTime:0.0036s ]
INFO: [ view_parse ] --START--
INFO: [ template_filter ] --START--
INFO: Run Behavior\ContentReplaceBehavior [ RunTime:0.000344s ]
INFO: [ template_filter ] --END-- [ RunTime:0.000416s ]
NOTIC: [8] A session had already been started - ignoring session_start() /Applications/XAMPP/xamppfiles/htdocs/eclipse/project2/App/Runtime/Cache/Home/ea340386924792ccc65576071a30eec1.php 第 8 行.
SQL: SHOW COLUMNS FROM `p_mycounter` [ RunTime:0.0017s ]
SQL: SELECT `Counter` FROM `p_mycounter` WHERE `id` = 1 LIMIT 1   [ RunTime:0.0009s ]
SQL: UPDATE `p_mycounter` SET `Counter`='1096' WHERE `id` = 1 [ RunTime:0.0114s ]
INFO: Run Behavior\ParseTemplateBehavior [ RunTime:0.062369s ]
INFO: [ view_parse ] --END-- [ RunTime:0.062461s ]
INFO: [ view_filter ] --START--
INFO: Run Behavior\WriteHtmlCacheBehavior [ RunTime:0.000403s ]
INFO: [ view_filter ] --END-- [ RunTime:0.000437s ]
INFO: [ app_end ] --START--
INFO: Run Behavior\ShowPageTraceBehavior [ RunTime:0.000632s ]
INFO: [ app_end ] --END-- [ RunTime:0.000699s ]

[ 2016-03-10T10:37:37+08:00 ] ::1 /eclipse/project2/
INFO: [ app_init ] --START--
INFO: Run Behavior\BuildLiteBehavior [ RunTime:0.000036s ]
INFO: [ app_init ] --END-- [ RunTime:0.003703s ]
INFO: [ app_begin ] --START--
INFO: Run Behavior\ReadHtmlCacheBehavior [ RunTime:0.004435s ]
INFO: [ app_begin ] --END-- [ RunTime:0.004546s ]
SQL: SHOW COLUMNS FROM `p_signin` [ RunTime:0.0239s ]
SQL: SELECT COUNT(*) AS tp_count FROM `p_signin` WHERE `TIME` = '2016-03-10' LIMIT 1   [ RunTime:0.0005s ]
SQL: SHOW COLUMNS FROM `p_user` [ RunTime:0.0102s ]
SQL: SELECT * FROM `p_user` WHERE `ID` = '300000015'  [ RunTime:0.0005s ]
SQL: SELECT * FROM `p_signin` WHERE `TIME` = '2016-03-10' AND `USERID` = '300000015'  [ RunTime:0.0003s ]
INFO: [ view_parse ] --START--
INFO: [ template_filter ] --START--
INFO: Run Behavior\ContentReplaceBehavior [ RunTime:0.000193s ]
INFO: [ template_filter ] --END-- [ RunTime:0.000333s ]
NOTIC: [8] A session had already been started - ignoring session_start() /Applications/XAMPP/xamppfiles/htdocs/eclipse/project2/App/Runtime/Cache/Home/ea340386924792ccc65576071a30eec1.php 第 8 行.
SQL: SHOW COLUMNS FROM `p_mycounter` [ RunTime:0.0091s ]
SQL: SELECT `Counter` FROM `p_mycounter` WHERE `id` = 1 LIMIT 1   [ RunTime:0.0006s ]
SQL: UPDATE `p_mycounter` SET `Counter`='1097' WHERE `id` = 1 [ RunTime:0.0073s ]
INFO: Run Behavior\ParseTemplateBehavior [ RunTime:0.045936s ]
INFO: [ view_parse ] --END-- [ RunTime:0.046063s ]
INFO: [ view_filter ] --START--
INFO: Run Behavior\WriteHtmlCacheBehavior [ RunTime:0.001432s ]
INFO: [ view_filter ] --END-- [ RunTime:0.001507s ]
INFO: [ app_end ] --START--
INFO: Run Behavior\ShowPageTraceBehavior [ RunTime:0.003638s ]
INFO: [ app_end ] --END-- [ RunTime:0.003753s ]

[ 2016-03-10T10:37:37+08:00 ] ::1 /eclipse/project2//index.php/Home/Main/Maindown
INFO: [ app_init ] --START--
INFO: Run Behavior\BuildLiteBehavior [ RunTime:0.000818s ]
INFO: [ app_init ] --END-- [ RunTime:0.001203s ]
INFO: [ app_begin ] --START--
INFO: Run Behavior\ReadHtmlCacheBehavior [ RunTime:0.000455s ]
INFO: [ app_begin ] --END-- [ RunTime:0.000510s ]
SQL: SHOW COLUMNS FROM `p_user` [ RunTime:0.0044s ]
SQL: SELECT * FROM `p_user` WHERE `ID` = '300000015'  [ RunTime:0.0003s ]
SQL: SHOW COLUMNS FROM `p_info` [ RunTime:0.0039s ]
SQL: SELECT * FROM `p_info`  [ RunTime:0.0002s ]
SQL: SHOW COLUMNS FROM `p_text` [ RunTime:0.0055s ]
SQL: SELECT `TEXT` FROM `p_text` LIMIT 1   [ RunTime:0.0003s ]
INFO: [ view_parse ] --START--
INFO: [ template_filter ] --START--
INFO: Run Behavior\ContentReplaceBehavior [ RunTime:0.000051s ]
INFO: [ template_filter ] --END-- [ RunTime:0.000117s ]
NOTIC: [8] Use of undefined constant title - assumed 'title' /Applications/XAMPP/xamppfiles/htdocs/eclipse/project2/App/Runtime/Cache/Home/7c5c5a6da657e6bb9236c3f9016c9960.php 第 116 行.
NOTIC: [8] Use of undefined constant title - assumed 'title' /Applications/XAMPP/xamppfiles/htdocs/eclipse/project2/App/Runtime/Cache/Home/7c5c5a6da657e6bb9236c3f9016c9960.php 第 116 行.
NOTIC: [8] Use of undefined constant title - assumed 'title' /Applications/XAMPP/xamppfiles/htdocs/eclipse/project2/App/Runtime/Cache/Home/7c5c5a6da657e6bb9236c3f9016c9960.php 第 116 行.
NOTIC: [8] Use of undefined constant title - assumed 'title' /Applications/XAMPP/xamppfiles/htdocs/eclipse/project2/App/Runtime/Cache/Home/7c5c5a6da657e6bb9236c3f9016c9960.php 第 116 行.
INFO: Run Behavior\ParseTemplateBehavior [ RunTime:0.015418s ]
INFO: [ view_parse ] --END-- [ RunTime:0.015521s ]
INFO: [ view_filter ] --START--
INFO: Run Behavior\WriteHtmlCacheBehavior [ RunTime:0.000253s ]
INFO: [ view_filter ] --END-- [ RunTime:0.000300s ]
INFO: [ app_end ] --START--
INFO: Run Behavior\ShowPageTraceBehavior [ RunTime:0.003010s ]
INFO: [ app_end ] --END-- [ RunTime:0.003073s ]

[ 2016-03-10T10:38:27+08:00 ] ::1 /eclipse/project2/index.php/Home/Edit/index
INFO: [ app_init ] --START--
INFO: Run Behavior\BuildLiteBehavior [ RunTime:0.000062s ]
INFO: [ app_init ] --END-- [ RunTime:0.004185s ]
INFO: [ app_begin ] --START--
INFO: Run Behavior\ReadHtmlCacheBehavior [ RunTime:0.004193s ]
INFO: [ app_begin ] --END-- [ RunTime:0.004305s ]
SQL: SHOW COLUMNS FROM `p_info` [ RunTime:0.0268s ]
SQL: SELECT * FROM `p_info`  [ RunTime:0.0005s ]
SQL: SELECT COUNT(*) AS tp_count FROM `p_info` LIMIT 1   [ RunTime:0.0003s ]
INFO: [ view_parse ] --START--
INFO: [ template_filter ] --START--
INFO: Run Behavior\ContentReplaceBehavior [ RunTime:0.000133s ]
INFO: [ template_filter ] --END-- [ RunTime:0.000250s ]
INFO: Run Behavior\ParseTemplateBehavior [ RunTime:0.021828s ]
INFO: [ view_parse ] --END-- [ RunTime:0.021976s ]
INFO: [ view_filter ] --START--
INFO: Run Behavior\WriteHtmlCacheBehavior [ RunTime:0.003840s ]
INFO: [ view_filter ] --END-- [ RunTime:0.003920s ]
INFO: [ app_end ] --START--
INFO: Run Behavior\ShowPageTraceBehavior [ RunTime:0.003910s ]
INFO: [ app_end ] --END-- [ RunTime:0.004006s ]

[ 2016-03-10T10:38:27+08:00 ] ::1 /eclipse/project2/index.php/Home/Edit/bootstrap.min.css
INFO: [ app_init ] --START--
INFO: Run Behavior\BuildLiteBehavior [ RunTime:0.000011s ]
INFO: [ app_init ] --END-- [ RunTime:0.000240s ]
INFO: [ app_begin ] --START--
INFO: Run Behavior\ReadHtmlCacheBehavior [ RunTime:0.000328s ]
INFO: [ app_begin ] --END-- [ RunTime:0.000373s ]
ERR: 非法操作:bootstrap.min.css

[ 2016-03-10T10:38:27+08:00 ] ::1 /eclipse/project2/index.php/Home/Edit/jquery-2.2.0.js
INFO: [ app_init ] --START--
INFO: Run Behavior\BuildLiteBehavior [ RunTime:0.000017s ]
INFO: [ app_init ] --END-- [ RunTime:0.000387s ]
INFO: [ app_begin ] --START--
INFO: Run Behavior\ReadHtmlCacheBehavior [ RunTime:0.000433s ]
INFO: [ app_begin ] --END-- [ RunTime:0.000478s ]
ERR: 非法操作:jquery-2.2.0.js

[ 2016-03-10T10:38:27+08:00 ] ::1 /eclipse/project2/index.php/Home/Edit/bootstrap.min.js
INFO: [ app_init ] --START--
INFO: Run Behavior\BuildLiteBehavior [ RunTime:0.000017s ]
INFO: [ app_init ] --END-- [ RunTime:0.000400s ]
INFO: [ app_begin ] --START--
INFO: Run Behavior\ReadHtmlCacheBehavior [ RunTime:0.000755s ]
INFO: [ app_begin ] --END-- [ RunTime:0.000839s ]
ERR: 非法操作:bootstrap.min.js

[ 2016-03-10T10:39:10+08:00 ] ::1 /eclipse/project2/
INFO: [ app_init ] --START--
INFO: Run Behavior\BuildLiteBehavior [ RunTime:0.000024s ]
INFO: [ app_init ] --END-- [ RunTime:0.003989s ]
INFO: [ app_begin ] --START--
INFO: Run Behavior\ReadHtmlCacheBehavior [ RunTime:0.004439s ]
INFO: [ app_begin ] --END-- [ RunTime:0.004553s ]
SQL: SHOW COLUMNS FROM `p_signin` [ RunTime:0.0192s ]
SQL: SELECT COUNT(*) AS tp_count FROM `p_signin` WHERE `TIME` = '2016-03-10' LIMIT 1   [ RunTime:0.0008s ]
SQL: SHOW COLUMNS FROM `p_user` [ RunTime:0.0084s ]
SQL: SELECT * FROM `p_user` WHERE `ID` = '300000015'  [ RunTime:0.0007s ]
SQL: SELECT * FROM `p_signin` WHERE `TIME` = '2016-03-10' AND `USERID` = '300000015'  [ RunTime:0.0008s ]
INFO: [ view_parse ] --START--
INFO: [ template_filter ] --START--
INFO: Run Behavior\ContentReplaceBehavior [ RunTime:0.000116s ]
INFO: [ template_filter ] --END-- [ RunTime:0.000194s ]
NOTIC: [8] A session had already been started - ignoring session_start() /Applications/XAMPP/xamppfiles/htdocs/eclipse/project2/App/Runtime/Cache/Home/ea340386924792ccc65576071a30eec1.php 第 8 行.
SQL: SHOW COLUMNS FROM `p_mycounter` [ RunTime:0.0111s ]
SQL: SELECT `Counter` FROM `p_mycounter` WHERE `id` = 1 LIMIT 1   [ RunTime:0.0005s ]
SQL: UPDATE `p_mycounter` SET `Counter`='1098' WHERE `id` = 1 [ RunTime:0.0032s ]
INFO: Run Behavior\ParseTemplateBehavior [ RunTime:0.059298s ]
INFO: [ view_parse ] --END-- [ RunTime:0.059437s ]
INFO: [ view_filter ] --START--
INFO: Run Behavior\WriteHtmlCacheBehavior [ RunTime:0.001160s ]
INFO: [ view_filter ] --END-- [ RunTime:0.001221s ]
INFO: [ app_end ] --START--
INFO: Run Behavior\ShowPageTraceBehavior [ RunTime:0.004601s ]
INFO: [ app_end ] --END-- [ RunTime:0.004766s ]

[ 2016-03-10T10:39:11+08:00 ] ::1 /eclipse/project2//index.php/Home/Main/Maindown
INFO: [ app_init ] --START--
INFO: Run Behavior\BuildLiteBehavior [ RunTime:0.000026s ]
INFO: [ app_init ] --END-- [ RunTime:0.000566s ]
INFO: [ app_begin ] --START--
INFO: Run Behavior\ReadHtmlCacheBehavior [ RunTime:0.000772s ]
INFO: [ app_begin ] --END-- [ RunTime:0.000859s ]
SQL: SHOW COLUMNS FROM `p_user` [ RunTime:0.0034s ]
SQL: SELECT * FROM `p_user` WHERE `ID` = '300000015'  [ RunTime:0.0003s ]
SQL: SHOW COLUMNS FROM `p_info` [ RunTime:0.0044s ]
SQL: SELECT * FROM `p_info`  [ RunTime:0.0002s ]
SQL: SHOW COLUMNS FROM `p_text` [ RunTime:0.0034s ]
SQL: SELECT `TEXT` FROM `p_text` LIMIT 1   [ RunTime:0.0002s ]
INFO: [ view_parse ] --START--
INFO: [ template_filter ] --START--
INFO: Run Behavior\ContentReplaceBehavior [ RunTime:0.000155s ]
INFO: [ template_filter ] --END-- [ RunTime:0.000255s ]
NOTIC: [8] Use of undefined constant title - assumed 'title' /Applications/XAMPP/xamppfiles/htdocs/eclipse/project2/App/Runtime/Cache/Home/7c5c5a6da657e6bb9236c3f9016c9960.php 第 116 行.
NOTIC: [8] Use of undefined constant title - assumed 'title' /Applications/XAMPP/xamppfiles/htdocs/eclipse/project2/App/Runtime/Cache/Home/7c5c5a6da657e6bb9236c3f9016c9960.php 第 116 行.
NOTIC: [8] Use of undefined constant title - assumed 'title' /Applications/XAMPP/xamppfiles/htdocs/eclipse/project2/App/Runtime/Cache/Home/7c5c5a6da657e6bb9236c3f9016c9960.php 第 116 行.
NOTIC: [8] Use of undefined constant title - assumed 'title' /Applications/XAMPP/xamppfiles/htdocs/eclipse/project2/App/Runtime/Cache/Home/7c5c5a6da657e6bb9236c3f9016c9960.php 第 116 行.
INFO: Run Behavior\ParseTemplateBehavior [ RunTime:0.026188s ]
INFO: [ view_parse ] --END-- [ RunTime:0.026287s ]
INFO: [ view_filter ] --START--
INFO: Run Behavior\WriteHtmlCacheBehavior [ RunTime:0.000166s ]
INFO: [ view_filter ] --END-- [ RunTime:0.000203s ]
INFO: [ app_end ] --START--
INFO: Run Behavior\ShowPageTraceBehavior [ RunTime:0.000663s ]
INFO: [ app_end ] --END-- [ RunTime:0.000734s ]

[ 2016-03-10T10:39:13+08:00 ] ::1 /eclipse/project2/index.php/Home/Edit/index
INFO: [ app_init ] --START--
INFO: Run Behavior\BuildLiteBehavior [ RunTime:0.000010s ]
INFO: [ app_init ] --END-- [ RunTime:0.000251s ]
INFO: [ app_begin ] --START--
INFO: Run Behavior\ReadHtmlCacheBehavior [ RunTime:0.000302s ]
INFO: [ app_begin ] --END-- [ RunTime:0.000337s ]
SQL: SHOW COLUMNS FROM `p_info` [ RunTime:0.0129s ]
SQL: SELECT * FROM `p_info`  [ RunTime:0.0004s ]
SQL: SELECT COUNT(*) AS tp_count FROM `p_info` LIMIT 1   [ RunTime:0.0003s ]
INFO: [ view_parse ] --START--
INFO: [ template_filter ] --START--
INFO: Run Behavior\ContentReplaceBehavior [ RunTime:0.000028s ]
INFO: [ template_filter ] --END-- [ RunTime:0.000072s ]
INFO: Run Behavior\ParseTemplateBehavior [ RunTime:0.008839s ]
INFO: [ view_parse ] --END-- [ RunTime:0.008883s ]
INFO: [ view_filter ] --START--
INFO: Run Behavior\WriteHtmlCacheBehavior [ RunTime:0.000107s ]
INFO: [ view_filter ] --END-- [ RunTime:0.000130s ]
INFO: [ app_end ] --START--
INFO: Run Behavior\ShowPageTraceBehavior [ RunTime:0.000295s ]
INFO: [ app_end ] --END-- [ RunTime:0.000321s ]

[ 2016-03-10T10:49:27+08:00 ] ::1 /eclipse/project2//index.php/Home/Main/Maindown
INFO: [ app_init ] --START--
INFO: Run Behavior\BuildLiteBehavior [ RunTime:0.000044s ]
INFO: [ app_init ] --END-- [ RunTime:0.003971s ]
INFO: [ app_begin ] --START--
INFO: Run Behavior\ReadHtmlCacheBehavior [ RunTime:0.003777s ]
INFO: [ app_begin ] --END-- [ RunTime:0.003892s ]
SQL: SHOW COLUMNS FROM `p_user` [ RunTime:0.0297s ]
SQL: SELECT * FROM `p_user` WHERE `ID` = '300000015'  [ RunTime:0.0009s ]
SQL: SHOW COLUMNS FROM `p_info` [ RunTime:0.0104s ]
SQL: SELECT * FROM `p_info`  [ RunTime:0.0004s ]
SQL: SHOW COLUMNS FROM `p_text` [ RunTime:0.0077s ]
SQL: SELECT `TEXT` FROM `p_text` LIMIT 1   [ RunTime:0.0006s ]
INFO: [ view_parse ] --START--
INFO: [ template_filter ] --START--
INFO: Run Behavior\ContentReplaceBehavior [ RunTime:0.000116s ]
INFO: [ template_filter ] --END-- [ RunTime:0.000172s ]
NOTIC: [8] Use of undefined constant title - assumed 'title' /Applications/XAMPP/xamppfiles/htdocs/eclipse/project2/App/Runtime/Cache/Home/7c5c5a6da657e6bb9236c3f9016c9960.php 第 116 行.
NOTIC: [8] Use of undefined constant title - assumed 'title' /Applications/XAMPP/xamppfiles/htdocs/eclipse/project2/App/Runtime/Cache/Home/7c5c5a6da657e6bb9236c3f9016c9960.php 第 116 行.
NOTIC: [8] Use of undefined constant title - assumed 'title' /Applications/XAMPP/xamppfiles/htdocs/eclipse/project2/App/Runtime/Cache/Home/7c5c5a6da657e6bb9236c3f9016c9960.php 第 116 行.
NOTIC: [8] Use of undefined constant title - assumed 'title' /Applications/XAMPP/xamppfiles/htdocs/eclipse/project2/App/Runtime/Cache/Home/7c5c5a6da657e6bb9236c3f9016c9960.php 第 116 行.
INFO: Run Behavior\ParseTemplateBehavior [ RunTime:0.037350s ]
INFO: [ view_parse ] --END-- [ RunTime:0.037567s ]
INFO: [ view_filter ] --START--
INFO: Run Behavior\WriteHtmlCacheBehavior [ RunTime:0.003322s ]
INFO: [ view_filter ] --END-- [ RunTime:0.003378s ]
INFO: [ app_end ] --START--
INFO: Run Behavior\ShowPageTraceBehavior [ RunTime:0.003558s ]
INFO: [ app_end ] --END-- [ RunTime:0.003733s ]

[ 2016-03-10T10:49:28+08:00 ] ::1 /eclipse/project2/index.php/Home/Edit/index
INFO: [ app_init ] --START--
INFO: Run Behavior\BuildLiteBehavior [ RunTime:0.000009s ]
INFO: [ app_init ] --END-- [ RunTime:0.000207s ]
INFO: [ app_begin ] --START--
INFO: Run Behavior\ReadHtmlCacheBehavior [ RunTime:0.000261s ]
INFO: [ app_begin ] --END-- [ RunTime:0.000290s ]
SQL: SHOW COLUMNS FROM `p_info` [ RunTime:0.0089s ]
SQL: SELECT * FROM `p_info`  [ RunTime:0.0004s ]
SQL: SELECT COUNT(*) AS tp_count FROM `p_info` LIMIT 1   [ RunTime:0.0003s ]
INFO: [ view_parse ] --START--
INFO: [ template_filter ] --START--
INFO: Run Behavior\ContentReplaceBehavior [ RunTime:0.000095s ]
INFO: [ template_filter ] --END-- [ RunTime:0.000257s ]
INFO: Run Behavior\ParseTemplateBehavior [ RunTime:0.010533s ]
INFO: [ view_parse ] --END-- [ RunTime:0.010608s ]
INFO: [ view_filter ] --START--
INFO: Run Behavior\WriteHtmlCacheBehavior [ RunTime:0.000193s ]
INFO: [ view_filter ] --END-- [ RunTime:0.000230s ]
INFO: [ app_end ] --START--
INFO: Run Behavior\ShowPageTraceBehavior [ RunTime:0.000608s ]
INFO: [ app_end ] --END-- [ RunTime:0.000732s ]

