[ 2016-04-10T13:28:22+08:00 ] ::1 /eclipse/project2/
INFO: [ app_init ] --START--
INFO: Run Behavior\BuildLiteBehavior [ RunTime:0.000047s ]
INFO: [ app_init ] --END-- [ RunTime:0.007785s ]
INFO: [ app_begin ] --START--
INFO: Run Behavior\ReadHtmlCacheBehavior [ RunTime:0.004512s ]
INFO: [ app_begin ] --END-- [ RunTime:0.004635s ]
SQL: SHOW COLUMNS FROM `p_signin` [ RunTime:0.0562s ]
SQL: SELECT COUNT(*) AS tp_count FROM `p_signin` WHERE `TIME` = '2016-04-10' LIMIT 1   [ RunTime:0.0200s ]
SQL: SHOW COLUMNS FROM `p_user` [ RunTime:0.0152s ]
SQL: SELECT * FROM `p_user` WHERE `ID` = '300000015'  [ RunTime:0.0041s ]
SQL: SELECT * FROM `p_signin` WHERE `TIME` = '2016-04-10' AND `USERID` = '300000015'  [ RunTime:0.0037s ]
INFO: [ view_parse ] --START--
INFO: [ template_filter ] --START--
INFO: Run Behavior\ContentReplaceBehavior [ RunTime:0.000141s ]
INFO: [ template_filter ] --END-- [ RunTime:0.000217s ]
NOTIC: [8] A session had already been started - ignoring session_start() /Applications/XAMPP/xamppfiles/htdocs/eclipse/project2/App/Runtime/Cache/Home/ea340386924792ccc65576071a30eec1.php 第 8 行.
SQL: SHOW COLUMNS FROM `p_mycounter` [ RunTime:0.0074s ]
SQL: SELECT `Counter` FROM `p_mycounter` WHERE `id` = 1 LIMIT 1   [ RunTime:0.0040s ]
SQL: UPDATE `p_mycounter` SET `Counter`='1634' WHERE `id` = 1 [ RunTime:0.0137s ]
INFO: Run Behavior\ParseTemplateBehavior [ RunTime:0.079697s ]
INFO: [ view_parse ] --END-- [ RunTime:0.079819s ]
INFO: [ view_filter ] --START--
INFO: Run Behavior\WriteHtmlCacheBehavior [ RunTime:0.000552s ]
INFO: [ view_filter ] --END-- [ RunTime:0.000598s ]
INFO: [ app_end ] --START--
INFO: Run Behavior\ShowPageTraceBehavior [ RunTime:0.000831s ]
INFO: [ app_end ] --END-- [ RunTime:0.000893s ]

[ 2016-04-10T13:28:22+08:00 ] ::1 /eclipse/project2//index.php/Home/Main/Maindown
INFO: [ app_init ] --START--
INFO: Run Behavior\BuildLiteBehavior [ RunTime:0.000011s ]
INFO: [ app_init ] --END-- [ RunTime:0.000242s ]
INFO: [ app_begin ] --START--
INFO: Run Behavior\ReadHtmlCacheBehavior [ RunTime:0.000451s ]
INFO: [ app_begin ] --END-- [ RunTime:0.000507s ]
SQL: SHOW COLUMNS FROM `p_user` [ RunTime:0.0151s ]
SQL: SELECT * FROM `p_user` WHERE `ID` = '300000015'  [ RunTime:0.0004s ]
SQL: SHOW COLUMNS FROM `p_info` [ RunTime:0.0077s ]
SQL: SELECT * FROM `p_info`  [ RunTime:0.0002s ]
SQL: SHOW COLUMNS FROM `p_text` [ RunTime:0.0069s ]
SQL: SELECT `TEXT` FROM `p_text` LIMIT 1   [ RunTime:0.0002s ]
INFO: [ view_parse ] --START--
INFO: [ template_filter ] --START--
INFO: Run Behavior\ContentReplaceBehavior [ RunTime:0.000033s ]
INFO: [ template_filter ] --END-- [ RunTime:0.000095s ]
INFO: Run Behavior\ParseTemplateBehavior [ RunTime:0.012679s ]
INFO: [ view_parse ] --END-- [ RunTime:0.012758s ]
INFO: [ view_filter ] --START--
INFO: Run Behavior\WriteHtmlCacheBehavior [ RunTime:0.000325s ]
INFO: [ view_filter ] --END-- [ RunTime:0.000397s ]
INFO: [ app_end ] --START--
INFO: Run Behavior\ShowPageTraceBehavior [ RunTime:0.000843s ]
INFO: [ app_end ] --END-- [ RunTime:0.000928s ]

[ 2016-04-10T13:28:24+08:00 ] ::1 /eclipse/project2//index.php/Home/AboutUs/index
INFO: [ app_init ] --START--
INFO: Run Behavior\BuildLiteBehavior [ RunTime:0.000015s ]
INFO: [ app_init ] --END-- [ RunTime:0.000285s ]
INFO: [ app_begin ] --START--
INFO: Run Behavior\ReadHtmlCacheBehavior [ RunTime:0.000382s ]
INFO: [ app_begin ] --END-- [ RunTime:0.000429s ]
SQL: SHOW COLUMNS FROM `p_about` [ RunTime:0.0116s ]
SQL: SELECT `DES` FROM `p_about` LIMIT 1   [ RunTime:0.0042s ]
SQL: SHOW COLUMNS FROM `p_user` [ RunTime:0.0118s ]
SQL: SELECT * FROM `p_user` WHERE `ID` = '300000015'  [ RunTime:0.0003s ]
SQL: SHOW COLUMNS FROM `p_hr` [ RunTime:0.0185s ]
SQL: SELECT COUNT(*) AS tp_count FROM `p_hr` LIMIT 1   [ RunTime:0.0004s ]
NOTIC: [8] Undefined variable: where /Applications/XAMPP/xamppfiles/htdocs/eclipse/project2/App/Home/Controller/AboutUsController.class.php 第 20 行.
NOTIC: [8] Undefined variable: where /Applications/XAMPP/xamppfiles/htdocs/eclipse/project2/App/Home/Controller/AboutUsController.class.php 第 21 行.
SQL: SELECT * FROM `p_hr` LIMIT 0,10   [ RunTime:0.0005s ]
SQL: SHOW COLUMNS FROM `p_history` [ RunTime:0.0067s ]
SQL: SELECT COUNT(*) AS tp_count FROM `p_history` LIMIT 1   [ RunTime:0.0004s ]
NOTIC: [8] Undefined variable: where /Applications/XAMPP/xamppfiles/htdocs/eclipse/project2/App/Home/Controller/AboutUsController.class.php 第 30 行.
SQL: SELECT * FROM `p_history` LIMIT 0,10   [ RunTime:0.0003s ]
SQL: SELECT `CONN` FROM `p_about` LIMIT 1   [ RunTime:0.0002s ]
INFO: [ view_parse ] --START--
INFO: [ template_filter ] --START--
INFO: Run Behavior\ContentReplaceBehavior [ RunTime:0.000036s ]
INFO: [ template_filter ] --END-- [ RunTime:0.000078s ]
INFO: Run Behavior\ParseTemplateBehavior [ RunTime:0.015364s ]
INFO: [ view_parse ] --END-- [ RunTime:0.015429s ]
INFO: [ view_filter ] --START--
INFO: Run Behavior\WriteHtmlCacheBehavior [ RunTime:0.000109s ]
INFO: [ view_filter ] --END-- [ RunTime:0.000132s ]
INFO: [ app_end ] --START--
INFO: Run Behavior\ShowPageTraceBehavior [ RunTime:0.000451s ]
INFO: [ app_end ] --END-- [ RunTime:0.000497s ]

[ 2016-04-10T13:28:24+08:00 ] ::1 /eclipse/project2//index.php/Home/AboutUs/d41d8cd98f00b204e9800998ecf8427e.jpg
INFO: [ app_init ] --START--
INFO: Run Behavior\BuildLiteBehavior [ RunTime:0.000023s ]
INFO: [ app_init ] --END-- [ RunTime:0.000446s ]

[ 2016-04-10T13:28:24+08:00 ] ::1 /eclipse/project2//index.php/Home/AboutUs/d41d8cd98f00b204e9800998ecf8427e.jpg
INFO: [ app_init ] --START--
INFO: Run Behavior\BuildLiteBehavior [ RunTime:0.000009s ]
INFO: [ app_init ] --END-- [ RunTime:0.000302s ]

[ 2016-04-10T13:28:28+08:00 ] ::1 /eclipse/project2//index.php/Home/BBS
INFO: [ app_init ] --START--
INFO: Run Behavior\BuildLiteBehavior [ RunTime:0.000010s ]
INFO: [ app_init ] --END-- [ RunTime:0.000268s ]
INFO: [ app_begin ] --START--
INFO: Run Behavior\ReadHtmlCacheBehavior [ RunTime:0.000337s ]
INFO: [ app_begin ] --END-- [ RunTime:0.000378s ]
SQL: SHOW COLUMNS FROM `p_user` [ RunTime:0.0104s ]
SQL: SELECT * FROM `p_user` WHERE `ID` = '300000015'  [ RunTime:0.0006s ]
SQL: SELECT * FROM `p_user` WHERE `ID` = '300000015'  [ RunTime:0.0004s ]
SQL: SHOW COLUMNS FROM `p_bbs1` [ RunTime:0.0093s ]
SQL: SELECT COUNT(*) AS tp_count FROM `p_bbs1` WHERE `CONDITION` = 0 LIMIT 1   [ RunTime:0.0029s ]
SQL: SELECT * FROM `p_bbs1` WHERE `CONDITION` = 0 LIMIT 0,10   [ RunTime:0.0004s ]
INFO: [ view_parse ] --START--
INFO: [ template_filter ] --START--
INFO: Run Behavior\ContentReplaceBehavior [ RunTime:0.000052s ]
INFO: [ template_filter ] --END-- [ RunTime:0.000127s ]
NOTIC: [8] Undefined variable: vo /Applications/XAMPP/xamppfiles/htdocs/eclipse/project2/App/Runtime/Cache/Home/e709e71709e8ba173fbaec96b1491ec4.php 第 70 行.
NOTIC: [8] Undefined index: time /Applications/XAMPP/xamppfiles/htdocs/eclipse/project2/App/Runtime/Cache/Home/e709e71709e8ba173fbaec96b1491ec4.php 第 80 行.
INFO: Run Behavior\ParseTemplateBehavior [ RunTime:0.014235s ]
INFO: [ view_parse ] --END-- [ RunTime:0.014320s ]
INFO: [ view_filter ] --START--
INFO: Run Behavior\WriteHtmlCacheBehavior [ RunTime:0.000221s ]
INFO: [ view_filter ] --END-- [ RunTime:0.000258s ]
INFO: [ app_end ] --START--
INFO: Run Behavior\ShowPageTraceBehavior [ RunTime:0.000478s ]
INFO: [ app_end ] --END-- [ RunTime:0.000520s ]

[ 2016-04-10T13:35:15+08:00 ] ::1 /eclipse/project2//index.php/Home/Main/Maindown
INFO: [ app_init ] --START--
INFO: Run Behavior\BuildLiteBehavior [ RunTime:0.000029s ]
INFO: [ app_init ] --END-- [ RunTime:0.004954s ]
INFO: [ app_begin ] --START--
INFO: Run Behavior\ReadHtmlCacheBehavior [ RunTime:0.001626s ]
INFO: [ app_begin ] --END-- [ RunTime:0.001745s ]
SQL: SHOW COLUMNS FROM `p_user` [ RunTime:0.0718s ]
SQL: SELECT * FROM `p_user` WHERE `ID` = '300000015'  [ RunTime:0.0150s ]
SQL: SHOW COLUMNS FROM `p_info` [ RunTime:0.0114s ]
SQL: SELECT * FROM `p_info`  [ RunTime:0.0031s ]
SQL: SHOW COLUMNS FROM `p_text` [ RunTime:0.0075s ]
SQL: SELECT `TEXT` FROM `p_text` LIMIT 1   [ RunTime:0.0028s ]
INFO: [ view_parse ] --START--
INFO: [ template_filter ] --START--
INFO: Run Behavior\ContentReplaceBehavior [ RunTime:0.000128s ]
INFO: [ template_filter ] --END-- [ RunTime:0.000224s ]
INFO: Run Behavior\ParseTemplateBehavior [ RunTime:0.060184s ]
INFO: [ view_parse ] --END-- [ RunTime:0.060397s ]
INFO: [ view_filter ] --START--
INFO: Run Behavior\WriteHtmlCacheBehavior [ RunTime:0.002965s ]
INFO: [ view_filter ] --END-- [ RunTime:0.003050s ]
INFO: [ app_end ] --START--
INFO: Run Behavior\ShowPageTraceBehavior [ RunTime:0.005018s ]
INFO: [ app_end ] --END-- [ RunTime:0.005160s ]

[ 2016-04-10T13:35:22+08:00 ] ::1 /eclipse/project2/index.php/Home/DongTai/index
INFO: [ app_init ] --START--
INFO: Run Behavior\BuildLiteBehavior [ RunTime:0.000015s ]
INFO: [ app_init ] --END-- [ RunTime:0.000364s ]
INFO: [ app_begin ] --START--
INFO: Run Behavior\ReadHtmlCacheBehavior [ RunTime:0.000413s ]
INFO: [ app_begin ] --END-- [ RunTime:0.000454s ]
INFO: [ view_parse ] --START--
INFO: [ template_filter ] --START--
INFO: Run Behavior\ContentReplaceBehavior [ RunTime:0.000065s ]
INFO: [ template_filter ] --END-- [ RunTime:0.000144s ]
INFO: Run Behavior\ParseTemplateBehavior [ RunTime:0.008890s ]
INFO: [ view_parse ] --END-- [ RunTime:0.009021s ]
INFO: [ view_filter ] --START--
INFO: Run Behavior\WriteHtmlCacheBehavior [ RunTime:0.000162s ]
INFO: [ view_filter ] --END-- [ RunTime:0.000200s ]
INFO: [ app_end ] --START--
INFO: Run Behavior\ShowPageTraceBehavior [ RunTime:0.000672s ]
INFO: [ app_end ] --END-- [ RunTime:0.000736s ]

[ 2016-04-10T13:55:30+08:00 ] ::1 /eclipse/project2//index.php/Home/Main/Maindown
INFO: [ app_init ] --START--
INFO: Run Behavior\BuildLiteBehavior [ RunTime:0.000290s ]
INFO: [ app_init ] --END-- [ RunTime:0.006881s ]
INFO: [ app_begin ] --START--
INFO: Run Behavior\ReadHtmlCacheBehavior [ RunTime:0.004407s ]
INFO: [ app_begin ] --END-- [ RunTime:0.004533s ]
SQL: SHOW COLUMNS FROM `p_user` [ RunTime:0.0476s ]
SQL: SELECT * FROM `p_user` WHERE `ID` = '300000015'  [ RunTime:0.0225s ]
SQL: SHOW COLUMNS FROM `p_info` [ RunTime:0.0080s ]
SQL: SELECT * FROM `p_info`  [ RunTime:0.0035s ]
SQL: SHOW COLUMNS FROM `p_text` [ RunTime:0.0113s ]
SQL: SELECT `TEXT` FROM `p_text` LIMIT 1   [ RunTime:0.0032s ]
INFO: [ view_parse ] --START--
INFO: [ template_filter ] --START--
INFO: Run Behavior\ContentReplaceBehavior [ RunTime:0.003479s ]
INFO: [ template_filter ] --END-- [ RunTime:0.003609s ]
INFO: Run Behavior\ParseTemplateBehavior [ RunTime:0.054219s ]
INFO: [ view_parse ] --END-- [ RunTime:0.054432s ]
INFO: [ view_filter ] --START--
INFO: Run Behavior\WriteHtmlCacheBehavior [ RunTime:0.003049s ]
INFO: [ view_filter ] --END-- [ RunTime:0.003136s ]
INFO: [ app_end ] --START--
INFO: Run Behavior\ShowPageTraceBehavior [ RunTime:0.004966s ]
INFO: [ app_end ] --END-- [ RunTime:0.005095s ]

[ 2016-04-10T13:55:34+08:00 ] ::1 /eclipse/project2/index.php/Home/DongTai/index
INFO: [ app_init ] --START--
INFO: Run Behavior\BuildLiteBehavior [ RunTime:0.000014s ]
INFO: [ app_init ] --END-- [ RunTime:0.000356s ]
INFO: [ app_begin ] --START--
INFO: Run Behavior\ReadHtmlCacheBehavior [ RunTime:0.000461s ]
INFO: [ app_begin ] --END-- [ RunTime:0.000513s ]
INFO: [ view_parse ] --START--
INFO: [ template_filter ] --START--
INFO: Run Behavior\ContentReplaceBehavior [ RunTime:0.000031s ]
INFO: [ template_filter ] --END-- [ RunTime:0.000078s ]
INFO: Run Behavior\ParseTemplateBehavior [ RunTime:0.009084s ]
INFO: [ view_parse ] --END-- [ RunTime:0.009152s ]
INFO: [ view_filter ] --START--
INFO: Run Behavior\WriteHtmlCacheBehavior [ RunTime:0.000141s ]
INFO: [ view_filter ] --END-- [ RunTime:0.000167s ]
INFO: [ app_end ] --START--
INFO: Run Behavior\ShowPageTraceBehavior [ RunTime:0.000295s ]
INFO: [ app_end ] --END-- [ RunTime:0.000321s ]

[ 2016-04-10T13:55:34+08:00 ] ::1 /eclipse/project2/index.php/Home/DongTai/bootstrap.min.css
INFO: [ app_init ] --START--
INFO: Run Behavior\BuildLiteBehavior [ RunTime:0.000010s ]
INFO: [ app_init ] --END-- [ RunTime:0.000208s ]
INFO: [ app_begin ] --START--
INFO: Run Behavior\ReadHtmlCacheBehavior [ RunTime:0.000339s ]
INFO: [ app_begin ] --END-- [ RunTime:0.000381s ]
ERR: 非法操作:bootstrap.min.css

[ 2016-04-10T13:56:05+08:00 ] ::1 /eclipse/project2/
INFO: [ app_init ] --START--
INFO: Run Behavior\BuildLiteBehavior [ RunTime:0.000026s ]
INFO: [ app_init ] --END-- [ RunTime:0.001333s ]
INFO: [ app_begin ] --START--
INFO: Run Behavior\ReadHtmlCacheBehavior [ RunTime:0.003881s ]
INFO: [ app_begin ] --END-- [ RunTime:0.003956s ]
SQL: SHOW COLUMNS FROM `p_signin` [ RunTime:0.0118s ]
SQL: SELECT COUNT(*) AS tp_count FROM `p_signin` WHERE `TIME` = '2016-04-10' LIMIT 1   [ RunTime:0.0044s ]
SQL: SHOW COLUMNS FROM `p_user` [ RunTime:0.0069s ]
SQL: SELECT * FROM `p_user` WHERE `ID` = '300000015'  [ RunTime:0.0004s ]
SQL: SELECT * FROM `p_signin` WHERE `TIME` = '2016-04-10' AND `USERID` = '300000015'  [ RunTime:0.0046s ]
INFO: [ view_parse ] --START--
INFO: [ template_filter ] --START--
INFO: Run Behavior\ContentReplaceBehavior [ RunTime:0.000103s ]
INFO: [ template_filter ] --END-- [ RunTime:0.000158s ]
NOTIC: [8] A session had already been started - ignoring session_start() /Applications/XAMPP/xamppfiles/htdocs/eclipse/project2/App/Runtime/Cache/Home/ea340386924792ccc65576071a30eec1.php 第 8 行.
SQL: SHOW COLUMNS FROM `p_mycounter` [ RunTime:0.0055s ]
SQL: SELECT `Counter` FROM `p_mycounter` WHERE `id` = 1 LIMIT 1   [ RunTime:0.0029s ]
SQL: UPDATE `p_mycounter` SET `Counter`='1635' WHERE `id` = 1 [ RunTime:0.0087s ]
INFO: Run Behavior\ParseTemplateBehavior [ RunTime:0.050389s ]
INFO: [ view_parse ] --END-- [ RunTime:0.050471s ]
INFO: [ view_filter ] --START--
INFO: Run Behavior\WriteHtmlCacheBehavior [ RunTime:0.000577s ]
INFO: [ view_filter ] --END-- [ RunTime:0.000642s ]
INFO: [ app_end ] --START--
INFO: Run Behavior\ShowPageTraceBehavior [ RunTime:0.000936s ]
INFO: [ app_end ] --END-- [ RunTime:0.000979s ]

[ 2016-04-10T13:56:05+08:00 ] ::1 /eclipse/project2/
INFO: [ app_init ] --START--
INFO: Run Behavior\BuildLiteBehavior [ RunTime:0.000019s ]
INFO: [ app_init ] --END-- [ RunTime:0.000391s ]
INFO: [ app_begin ] --START--
INFO: Run Behavior\ReadHtmlCacheBehavior [ RunTime:0.002583s ]
INFO: [ app_begin ] --END-- [ RunTime:0.002647s ]
SQL: SHOW COLUMNS FROM `p_signin` [ RunTime:0.0047s ]
SQL: SELECT COUNT(*) AS tp_count FROM `p_signin` WHERE `TIME` = '2016-04-10' LIMIT 1   [ RunTime:0.0003s ]
SQL: SHOW COLUMNS FROM `p_user` [ RunTime:0.0032s ]
SQL: SELECT * FROM `p_user` WHERE `ID` = '300000015'  [ RunTime:0.0003s ]
SQL: SELECT * FROM `p_signin` WHERE `TIME` = '2016-04-10' AND `USERID` = '300000015'  [ RunTime:0.0002s ]
INFO: [ view_parse ] --START--
INFO: [ template_filter ] --START--
INFO: Run Behavior\ContentReplaceBehavior [ RunTime:0.000067s ]
INFO: [ template_filter ] --END-- [ RunTime:0.000120s ]
NOTIC: [8] A session had already been started - ignoring session_start() /Applications/XAMPP/xamppfiles/htdocs/eclipse/project2/App/Runtime/Cache/Home/ea340386924792ccc65576071a30eec1.php 第 8 行.
SQL: SHOW COLUMNS FROM `p_mycounter` [ RunTime:0.0066s ]
SQL: SELECT `Counter` FROM `p_mycounter` WHERE `id` = 1 LIMIT 1   [ RunTime:0.0003s ]
SQL: UPDATE `p_mycounter` SET `Counter`='1636' WHERE `id` = 1 [ RunTime:0.0023s ]
INFO: Run Behavior\ParseTemplateBehavior [ RunTime:0.027551s ]
INFO: [ view_parse ] --END-- [ RunTime:0.027618s ]
INFO: [ view_filter ] --START--
INFO: Run Behavior\WriteHtmlCacheBehavior [ RunTime:0.000177s ]
INFO: [ view_filter ] --END-- [ RunTime:0.000204s ]
INFO: [ app_end ] --START--
INFO: Run Behavior\ShowPageTraceBehavior [ RunTime:0.000404s ]
INFO: [ app_end ] --END-- [ RunTime:0.000436s ]

[ 2016-04-10T13:56:05+08:00 ] ::1 /eclipse/project2/
INFO: [ app_init ] --START--
INFO: Run Behavior\BuildLiteBehavior [ RunTime:0.000043s ]
INFO: [ app_init ] --END-- [ RunTime:0.000725s ]
INFO: [ app_begin ] --START--
INFO: Run Behavior\ReadHtmlCacheBehavior [ RunTime:0.000546s ]
INFO: [ app_begin ] --END-- [ RunTime:0.000624s ]
SQL: SHOW COLUMNS FROM `p_signin` [ RunTime:0.0034s ]
SQL: SELECT COUNT(*) AS tp_count FROM `p_signin` WHERE `TIME` = '2016-04-10' LIMIT 1   [ RunTime:0.0002s ]
SQL: SHOW COLUMNS FROM `p_user` [ RunTime:0.0067s ]
SQL: SELECT * FROM `p_user` WHERE `ID` = '300000015'  [ RunTime:0.0003s ]
SQL: SELECT * FROM `p_signin` WHERE `TIME` = '2016-04-10' AND `USERID` = '300000015'  [ RunTime:0.0001s ]
INFO: [ view_parse ] --START--
INFO: [ template_filter ] --START--
INFO: Run Behavior\ContentReplaceBehavior [ RunTime:0.000027s ]
INFO: [ template_filter ] --END-- [ RunTime:0.000062s ]
NOTIC: [8] A session had already been started - ignoring session_start() /Applications/XAMPP/xamppfiles/htdocs/eclipse/project2/App/Runtime/Cache/Home/ea340386924792ccc65576071a30eec1.php 第 8 行.
SQL: SHOW COLUMNS FROM `p_mycounter` [ RunTime:0.0024s ]
SQL: SELECT `Counter` FROM `p_mycounter` WHERE `id` = 1 LIMIT 1   [ RunTime:0.0002s ]
SQL: UPDATE `p_mycounter` SET `Counter`='1637' WHERE `id` = 1 [ RunTime:0.0029s ]
INFO: Run Behavior\ParseTemplateBehavior [ RunTime:0.010547s ]
INFO: [ view_parse ] --END-- [ RunTime:0.010584s ]
INFO: [ view_filter ] --START--
INFO: Run Behavior\WriteHtmlCacheBehavior [ RunTime:0.000178s ]
INFO: [ view_filter ] --END-- [ RunTime:0.000213s ]
INFO: [ app_end ] --START--
INFO: Run Behavior\ShowPageTraceBehavior [ RunTime:0.000467s ]
INFO: [ app_end ] --END-- [ RunTime:0.000516s ]

[ 2016-04-10T13:56:05+08:00 ] ::1 /eclipse/project2/index.php/Home/DongTai/index
INFO: [ app_init ] --START--
INFO: Run Behavior\BuildLiteBehavior [ RunTime:0.000009s ]
INFO: [ app_init ] --END-- [ RunTime:0.000211s ]
INFO: [ app_begin ] --START--
INFO: Run Behavior\ReadHtmlCacheBehavior [ RunTime:0.000261s ]
INFO: [ app_begin ] --END-- [ RunTime:0.000291s ]
INFO: [ view_parse ] --START--
INFO: [ template_filter ] --START--
INFO: Run Behavior\ContentReplaceBehavior [ RunTime:0.000049s ]
INFO: [ template_filter ] --END-- [ RunTime:0.000126s ]
INFO: Run Behavior\ParseTemplateBehavior [ RunTime:0.004266s ]
INFO: [ view_parse ] --END-- [ RunTime:0.004332s ]
INFO: [ view_filter ] --START--
INFO: Run Behavior\WriteHtmlCacheBehavior [ RunTime:0.000183s ]
INFO: [ view_filter ] --END-- [ RunTime:0.000228s ]
INFO: [ app_end ] --START--
INFO: Run Behavior\ShowPageTraceBehavior [ RunTime:0.000508s ]
INFO: [ app_end ] --END-- [ RunTime:0.000564s ]

[ 2016-04-10T13:57:38+08:00 ] ::1 /eclipse/project2/
INFO: [ app_init ] --START--
INFO: Run Behavior\BuildLiteBehavior [ RunTime:0.000022s ]
INFO: [ app_init ] --END-- [ RunTime:0.003779s ]
INFO: [ app_begin ] --START--
INFO: Run Behavior\ReadHtmlCacheBehavior [ RunTime:0.000804s ]
INFO: [ app_begin ] --END-- [ RunTime:0.000866s ]
SQL: SHOW COLUMNS FROM `p_signin` [ RunTime:0.0031s ]
SQL: SELECT COUNT(*) AS tp_count FROM `p_signin` WHERE `TIME` = '2016-04-10' LIMIT 1   [ RunTime:0.0003s ]
SQL: SHOW COLUMNS FROM `p_user` [ RunTime:0.0036s ]
SQL: SELECT * FROM `p_user` WHERE `ID` = '300000015'  [ RunTime:0.0003s ]
SQL: SELECT * FROM `p_signin` WHERE `TIME` = '2016-04-10' AND `USERID` = '300000015'  [ RunTime:0.0002s ]
INFO: [ view_parse ] --START--
INFO: [ template_filter ] --START--
INFO: Run Behavior\ContentReplaceBehavior [ RunTime:0.000084s ]
INFO: [ template_filter ] --END-- [ RunTime:0.000144s ]
NOTIC: [8] A session had already been started - ignoring session_start() /Applications/XAMPP/xamppfiles/htdocs/eclipse/project2/App/Runtime/Cache/Home/ea340386924792ccc65576071a30eec1.php 第 8 行.
SQL: SHOW COLUMNS FROM `p_mycounter` [ RunTime:0.0074s ]
SQL: SELECT `Counter` FROM `p_mycounter` WHERE `id` = 1 LIMIT 1   [ RunTime:0.0004s ]
SQL: UPDATE `p_mycounter` SET `Counter`='1638' WHERE `id` = 1 [ RunTime:0.0030s ]
INFO: Run Behavior\ParseTemplateBehavior [ RunTime:0.034251s ]
INFO: [ view_parse ] --END-- [ RunTime:0.034343s ]
INFO: [ view_filter ] --START--
INFO: Run Behavior\WriteHtmlCacheBehavior [ RunTime:0.003550s ]
INFO: [ view_filter ] --END-- [ RunTime:0.003623s ]
INFO: [ app_end ] --START--
INFO: Run Behavior\ShowPageTraceBehavior [ RunTime:0.004141s ]
INFO: [ app_end ] --END-- [ RunTime:0.004226s ]

[ 2016-04-10T13:57:38+08:00 ] ::1 /eclipse/project2/
INFO: [ app_init ] --START--
INFO: Run Behavior\BuildLiteBehavior [ RunTime:0.000009s ]
INFO: [ app_init ] --END-- [ RunTime:0.000235s ]
INFO: [ app_begin ] --START--
INFO: Run Behavior\ReadHtmlCacheBehavior [ RunTime:0.000270s ]
INFO: [ app_begin ] --END-- [ RunTime:0.000299s ]
SQL: SHOW COLUMNS FROM `p_signin` [ RunTime:0.0114s ]
SQL: SELECT COUNT(*) AS tp_count FROM `p_signin` WHERE `TIME` = '2016-04-10' LIMIT 1   [ RunTime:0.0004s ]
SQL: SHOW COLUMNS FROM `p_user` [ RunTime:0.0075s ]
SQL: SELECT * FROM `p_user` WHERE `ID` = '300000015'  [ RunTime:0.0004s ]
SQL: SELECT * FROM `p_signin` WHERE `TIME` = '2016-04-10' AND `USERID` = '300000015'  [ RunTime:0.0004s ]
INFO: [ view_parse ] --START--
INFO: [ template_filter ] --START--
INFO: Run Behavior\ContentReplaceBehavior [ RunTime:0.000040s ]
INFO: [ template_filter ] --END-- [ RunTime:0.000093s ]
NOTIC: [8] A session had already been started - ignoring session_start() /Applications/XAMPP/xamppfiles/htdocs/eclipse/project2/App/Runtime/Cache/Home/ea340386924792ccc65576071a30eec1.php 第 8 行.
SQL: SHOW COLUMNS FROM `p_mycounter` [ RunTime:0.0041s ]
SQL: SELECT `Counter` FROM `p_mycounter` WHERE `id` = 1 LIMIT 1   [ RunTime:0.0006s ]
SQL: UPDATE `p_mycounter` SET `Counter`='1639' WHERE `id` = 1 [ RunTime:0.0029s ]
INFO: Run Behavior\ParseTemplateBehavior [ RunTime:0.016240s ]
INFO: [ view_parse ] --END-- [ RunTime:0.016299s ]
INFO: [ view_filter ] --START--
INFO: Run Behavior\WriteHtmlCacheBehavior [ RunTime:0.000220s ]
INFO: [ view_filter ] --END-- [ RunTime:0.000259s ]
INFO: [ app_end ] --START--
INFO: Run Behavior\ShowPageTraceBehavior [ RunTime:0.000483s ]
INFO: [ app_end ] --END-- [ RunTime:0.000526s ]

[ 2016-04-10T13:57:38+08:00 ] ::1 /eclipse/project2/index.php/Home/DongTai/index
INFO: [ app_init ] --START--
INFO: Run Behavior\BuildLiteBehavior [ RunTime:0.000011s ]
INFO: [ app_init ] --END-- [ RunTime:0.000245s ]
INFO: [ app_begin ] --START--
INFO: Run Behavior\ReadHtmlCacheBehavior [ RunTime:0.000304s ]
INFO: [ app_begin ] --END-- [ RunTime:0.000339s ]
INFO: [ view_parse ] --START--
INFO: [ template_filter ] --START--
INFO: Run Behavior\ContentReplaceBehavior [ RunTime:0.000040s ]
INFO: [ template_filter ] --END-- [ RunTime:0.000109s ]
INFO: Run Behavior\ParseTemplateBehavior [ RunTime:0.008238s ]
INFO: [ view_parse ] --END-- [ RunTime:0.008323s ]
INFO: [ view_filter ] --START--
INFO: Run Behavior\WriteHtmlCacheBehavior [ RunTime:0.000170s ]
INFO: [ view_filter ] --END-- [ RunTime:0.000213s ]
INFO: [ app_end ] --START--
INFO: Run Behavior\ShowPageTraceBehavior [ RunTime:0.000518s ]
INFO: [ app_end ] --END-- [ RunTime:0.000575s ]

[ 2016-04-10T13:57:38+08:00 ] ::1 /eclipse/project2/
INFO: [ app_init ] --START--
INFO: Run Behavior\BuildLiteBehavior [ RunTime:0.000009s ]
INFO: [ app_init ] --END-- [ RunTime:0.000222s ]
INFO: [ app_begin ] --START--
INFO: Run Behavior\ReadHtmlCacheBehavior [ RunTime:0.000295s ]
INFO: [ app_begin ] --END-- [ RunTime:0.000326s ]
SQL: SHOW COLUMNS FROM `p_signin` [ RunTime:0.0063s ]
SQL: SELECT COUNT(*) AS tp_count FROM `p_signin` WHERE `TIME` = '2016-04-10' LIMIT 1   [ RunTime:0.0002s ]
SQL: SHOW COLUMNS FROM `p_user` [ RunTime:0.0068s ]
SQL: SELECT * FROM `p_user` WHERE `ID` = '300000015'  [ RunTime:0.0003s ]
SQL: SELECT * FROM `p_signin` WHERE `TIME` = '2016-04-10' AND `USERID` = '300000015'  [ RunTime:0.0002s ]
INFO: [ view_parse ] --START--
INFO: [ template_filter ] --START--
INFO: Run Behavior\ContentReplaceBehavior [ RunTime:0.000030s ]
INFO: [ template_filter ] --END-- [ RunTime:0.000066s ]
NOTIC: [8] A session had already been started - ignoring session_start() /Applications/XAMPP/xamppfiles/htdocs/eclipse/project2/App/Runtime/Cache/Home/ea340386924792ccc65576071a30eec1.php 第 8 行.
SQL: SHOW COLUMNS FROM `p_mycounter` [ RunTime:0.0024s ]
SQL: SELECT `Counter` FROM `p_mycounter` WHERE `id` = 1 LIMIT 1   [ RunTime:0.0002s ]
SQL: UPDATE `p_mycounter` SET `Counter`='1640' WHERE `id` = 1 [ RunTime:0.0027s ]
INFO: Run Behavior\ParseTemplateBehavior [ RunTime:0.010332s ]
INFO: [ view_parse ] --END-- [ RunTime:0.010372s ]
INFO: [ view_filter ] --START--
INFO: Run Behavior\WriteHtmlCacheBehavior [ RunTime:0.000153s ]
INFO: [ view_filter ] --END-- [ RunTime:0.000181s ]
INFO: [ app_end ] --START--
INFO: Run Behavior\ShowPageTraceBehavior [ RunTime:0.000418s ]
INFO: [ app_end ] --END-- [ RunTime:0.000453s ]

[ 2016-04-10T13:57:38+08:00 ] ::1 /eclipse/project2/index.php/Home/DongTai/index
INFO: [ app_init ] --START--
INFO: Run Behavior\BuildLiteBehavior [ RunTime:0.000010s ]
INFO: [ app_init ] --END-- [ RunTime:0.000318s ]
INFO: [ app_begin ] --START--
INFO: Run Behavior\ReadHtmlCacheBehavior [ RunTime:0.000414s ]
INFO: [ app_begin ] --END-- [ RunTime:0.000455s ]
INFO: [ view_parse ] --START--
INFO: [ template_filter ] --START--
INFO: Run Behavior\ContentReplaceBehavior [ RunTime:0.000068s ]
INFO: [ template_filter ] --END-- [ RunTime:0.000182s ]
INFO: Run Behavior\ParseTemplateBehavior [ RunTime:0.004659s ]
INFO: [ view_parse ] --END-- [ RunTime:0.004743s ]
INFO: [ view_filter ] --START--
INFO: Run Behavior\WriteHtmlCacheBehavior [ RunTime:0.000206s ]
INFO: [ view_filter ] --END-- [ RunTime:0.000252s ]
INFO: [ app_end ] --START--
INFO: Run Behavior\ShowPageTraceBehavior [ RunTime:0.000806s ]
INFO: [ app_end ] --END-- [ RunTime:0.000885s ]

[ 2016-04-10T13:58:22+08:00 ] ::1 /eclipse/project2/
INFO: [ app_init ] --START--
INFO: Run Behavior\BuildLiteBehavior [ RunTime:0.000022s ]
INFO: [ app_init ] --END-- [ RunTime:0.003916s ]
INFO: [ app_begin ] --START--
INFO: Run Behavior\ReadHtmlCacheBehavior [ RunTime:0.004182s ]
INFO: [ app_begin ] --END-- [ RunTime:0.004294s ]
SQL: SHOW COLUMNS FROM `p_signin` [ RunTime:0.0070s ]
SQL: SELECT COUNT(*) AS tp_count FROM `p_signin` WHERE `TIME` = '2016-04-10' LIMIT 1   [ RunTime:0.0004s ]
SQL: SHOW COLUMNS FROM `p_user` [ RunTime:0.0108s ]
SQL: SELECT * FROM `p_user` WHERE `ID` = '300000015'  [ RunTime:0.0005s ]
SQL: SELECT * FROM `p_signin` WHERE `TIME` = '2016-04-10' AND `USERID` = '300000015'  [ RunTime:0.0003s ]
INFO: [ view_parse ] --START--
INFO: [ template_filter ] --START--
INFO: Run Behavior\ContentReplaceBehavior [ RunTime:0.000068s ]
INFO: [ template_filter ] --END-- [ RunTime:0.000146s ]
NOTIC: [8] A session had already been started - ignoring session_start() /Applications/XAMPP/xamppfiles/htdocs/eclipse/project2/App/Runtime/Cache/Home/ea340386924792ccc65576071a30eec1.php 第 8 行.
SQL: SHOW COLUMNS FROM `p_mycounter` [ RunTime:0.0043s ]
SQL: SELECT `Counter` FROM `p_mycounter` WHERE `id` = 1 LIMIT 1   [ RunTime:0.0003s ]
SQL: UPDATE `p_mycounter` SET `Counter`='1641' WHERE `id` = 1 [ RunTime:0.0025s ]
INFO: Run Behavior\ParseTemplateBehavior [ RunTime:0.031964s ]
INFO: [ view_parse ] --END-- [ RunTime:0.032095s ]
INFO: [ view_filter ] --START--
INFO: Run Behavior\WriteHtmlCacheBehavior [ RunTime:0.003513s ]
INFO: [ view_filter ] --END-- [ RunTime:0.003564s ]
INFO: [ app_end ] --START--
INFO: Run Behavior\ShowPageTraceBehavior [ RunTime:0.004127s ]
INFO: [ app_end ] --END-- [ RunTime:0.004194s ]

[ 2016-04-10T13:58:22+08:00 ] ::1 /eclipse/project2/
INFO: [ app_init ] --START--
INFO: Run Behavior\BuildLiteBehavior [ RunTime:0.000032s ]
INFO: [ app_init ] --END-- [ RunTime:0.003949s ]
INFO: [ app_begin ] --START--
INFO: Run Behavior\ReadHtmlCacheBehavior [ RunTime:0.007858s ]
INFO: [ app_begin ] --END-- [ RunTime:0.007971s ]
SQL: SHOW COLUMNS FROM `p_signin` [ RunTime:0.0075s ]
SQL: SELECT COUNT(*) AS tp_count FROM `p_signin` WHERE `TIME` = '2016-04-10' LIMIT 1   [ RunTime:0.0003s ]
SQL: SHOW COLUMNS FROM `p_user` [ RunTime:0.0727s ]
SQL: SELECT * FROM `p_user` WHERE `ID` = '300000015'  [ RunTime:0.0003s ]
SQL: SELECT * FROM `p_signin` WHERE `TIME` = '2016-04-10' AND `USERID` = '300000015'  [ RunTime:0.0002s ]
INFO: [ view_parse ] --START--
INFO: [ template_filter ] --START--
INFO: Run Behavior\ContentReplaceBehavior [ RunTime:0.000159s ]
INFO: [ template_filter ] --END-- [ RunTime:0.000322s ]
NOTIC: [8] A session had already been started - ignoring session_start() /Applications/XAMPP/xamppfiles/htdocs/eclipse/project2/App/Runtime/Cache/Home/ea340386924792ccc65576071a30eec1.php 第 8 行.
SQL: SHOW COLUMNS FROM `p_mycounter` [ RunTime:0.0031s ]
SQL: SELECT `Counter` FROM `p_mycounter` WHERE `id` = 1 LIMIT 1   [ RunTime:0.0002s ]
SQL: UPDATE `p_mycounter` SET `Counter`='1642' WHERE `id` = 1 [ RunTime:0.0026s ]
INFO: Run Behavior\ParseTemplateBehavior [ RunTime:0.015177s ]
INFO: [ view_parse ] --END-- [ RunTime:0.015257s ]
INFO: [ view_filter ] --START--
INFO: Run Behavior\WriteHtmlCacheBehavior [ RunTime:0.000222s ]
INFO: [ view_filter ] --END-- [ RunTime:0.000270s ]
INFO: [ app_end ] --START--
INFO: Run Behavior\ShowPageTraceBehavior [ RunTime:0.000592s ]
INFO: [ app_end ] --END-- [ RunTime:0.000646s ]

[ 2016-04-10T13:58:22+08:00 ] ::1 /eclipse/project2/
INFO: [ app_init ] --START--
INFO: Run Behavior\BuildLiteBehavior [ RunTime:0.000018s ]
INFO: [ app_init ] --END-- [ RunTime:0.000323s ]
INFO: [ app_begin ] --START--
INFO: Run Behavior\ReadHtmlCacheBehavior [ RunTime:0.000328s ]
INFO: [ app_begin ] --END-- [ RunTime:0.000371s ]
SQL: SHOW COLUMNS FROM `p_signin` [ RunTime:0.0073s ]
SQL: SELECT COUNT(*) AS tp_count FROM `p_signin` WHERE `TIME` = '2016-04-10' LIMIT 1   [ RunTime:0.0008s ]
SQL: SHOW COLUMNS FROM `p_user` [ RunTime:0.0071s ]
SQL: SELECT * FROM `p_user` WHERE `ID` = '300000015'  [ RunTime:0.0031s ]
SQL: SELECT * FROM `p_signin` WHERE `TIME` = '2016-04-10' AND `USERID` = '300000015'  [ RunTime:0.0004s ]
INFO: [ view_parse ] --START--
INFO: [ template_filter ] --START--
INFO: Run Behavior\ContentReplaceBehavior [ RunTime:0.000053s ]
INFO: [ template_filter ] --END-- [ RunTime:0.000131s ]
NOTIC: [8] A session had already been started - ignoring session_start() /Applications/XAMPP/xamppfiles/htdocs/eclipse/project2/App/Runtime/Cache/Home/ea340386924792ccc65576071a30eec1.php 第 8 行.
SQL: SHOW COLUMNS FROM `p_mycounter` [ RunTime:0.0055s ]
SQL: SELECT `Counter` FROM `p_mycounter` WHERE `id` = 1 LIMIT 1   [ RunTime:0.0003s ]
SQL: UPDATE `p_mycounter` SET `Counter`='1643' WHERE `id` = 1 [ RunTime:0.0051s ]
INFO: Run Behavior\ParseTemplateBehavior [ RunTime:0.022150s ]
INFO: [ view_parse ] --END-- [ RunTime:0.022220s ]
INFO: [ view_filter ] --START--
INFO: Run Behavior\WriteHtmlCacheBehavior [ RunTime:0.000413s ]
INFO: [ view_filter ] --END-- [ RunTime:0.000463s ]
INFO: [ app_end ] --START--
INFO: Run Behavior\ShowPageTraceBehavior [ RunTime:0.000599s ]
INFO: [ app_end ] --END-- [ RunTime:0.000652s ]

[ 2016-04-10T13:58:22+08:00 ] ::1 /eclipse/project2/index.php/Home/DongTai/index
INFO: [ app_init ] --START--
INFO: Run Behavior\BuildLiteBehavior [ RunTime:0.000012s ]
INFO: [ app_init ] --END-- [ RunTime:0.000306s ]
INFO: [ app_begin ] --START--
INFO: Run Behavior\ReadHtmlCacheBehavior [ RunTime:0.000305s ]
INFO: [ app_begin ] --END-- [ RunTime:0.000340s ]
INFO: [ view_parse ] --START--
INFO: [ template_filter ] --START--
INFO: Run Behavior\ContentReplaceBehavior [ RunTime:0.000027s ]
INFO: [ template_filter ] --END-- [ RunTime:0.000072s ]
INFO: Run Behavior\ParseTemplateBehavior [ RunTime:0.008162s ]
INFO: [ view_parse ] --END-- [ RunTime:0.008227s ]
INFO: [ view_filter ] --START--
INFO: Run Behavior\WriteHtmlCacheBehavior [ RunTime:0.000120s ]
INFO: [ view_filter ] --END-- [ RunTime:0.000145s ]
INFO: [ app_end ] --START--
INFO: Run Behavior\ShowPageTraceBehavior [ RunTime:0.000317s ]
INFO: [ app_end ] --END-- [ RunTime:0.000347s ]

[ 2016-04-10T13:58:35+08:00 ] ::1 /eclipse/project2/
INFO: [ app_init ] --START--
INFO: Run Behavior\BuildLiteBehavior [ RunTime:0.000032s ]
INFO: [ app_init ] --END-- [ RunTime:0.000892s ]
INFO: [ app_begin ] --START--
INFO: Run Behavior\ReadHtmlCacheBehavior [ RunTime:0.001353s ]
INFO: [ app_begin ] --END-- [ RunTime:0.001529s ]
SQL: SHOW COLUMNS FROM `p_signin` [ RunTime:0.0041s ]
SQL: SELECT COUNT(*) AS tp_count FROM `p_signin` WHERE `TIME` = '2016-04-10' LIMIT 1   [ RunTime:0.0003s ]
SQL: SHOW COLUMNS FROM `p_user` [ RunTime:0.0050s ]
SQL: SELECT * FROM `p_user` WHERE `ID` = '300000015'  [ RunTime:0.0004s ]
SQL: SELECT * FROM `p_signin` WHERE `TIME` = '2016-04-10' AND `USERID` = '300000015'  [ RunTime:0.0003s ]
INFO: [ view_parse ] --START--
INFO: [ template_filter ] --START--
INFO: Run Behavior\ContentReplaceBehavior [ RunTime:0.000075s ]
INFO: [ template_filter ] --END-- [ RunTime:0.000129s ]
NOTIC: [8] A session had already been started - ignoring session_start() /Applications/XAMPP/xamppfiles/htdocs/eclipse/project2/App/Runtime/Cache/Home/ea340386924792ccc65576071a30eec1.php 第 8 行.
SQL: SHOW COLUMNS FROM `p_mycounter` [ RunTime:0.0091s ]
SQL: SELECT `Counter` FROM `p_mycounter` WHERE `id` = 1 LIMIT 1   [ RunTime:0.0003s ]
SQL: UPDATE `p_mycounter` SET `Counter`='1644' WHERE `id` = 1 [ RunTime:0.0051s ]
INFO: Run Behavior\ParseTemplateBehavior [ RunTime:0.026249s ]
INFO: [ view_parse ] --END-- [ RunTime:0.026330s ]
INFO: [ view_filter ] --START--
INFO: Run Behavior\WriteHtmlCacheBehavior [ RunTime:0.000185s ]
INFO: [ view_filter ] --END-- [ RunTime:0.000215s ]
INFO: [ app_end ] --START--
INFO: Run Behavior\ShowPageTraceBehavior [ RunTime:0.000377s ]
INFO: [ app_end ] --END-- [ RunTime:0.000406s ]

[ 2016-04-10T13:58:35+08:00 ] ::1 /eclipse/project2//index.php/Home/Main/Maindown
INFO: [ app_init ] --START--
INFO: Run Behavior\BuildLiteBehavior [ RunTime:0.000012s ]
INFO: [ app_init ] --END-- [ RunTime:0.000348s ]
INFO: [ app_begin ] --START--
INFO: Run Behavior\ReadHtmlCacheBehavior [ RunTime:0.000336s ]
INFO: [ app_begin ] --END-- [ RunTime:0.000374s ]
SQL: SHOW COLUMNS FROM `p_user` [ RunTime:0.0057s ]
SQL: SELECT * FROM `p_user` WHERE `ID` = '300000015'  [ RunTime:0.0003s ]
SQL: SHOW COLUMNS FROM `p_info` [ RunTime:0.0035s ]
SQL: SELECT * FROM `p_info`  [ RunTime:0.0004s ]
SQL: SHOW COLUMNS FROM `p_text` [ RunTime:0.0068s ]
SQL: SELECT `TEXT` FROM `p_text` LIMIT 1   [ RunTime:0.0004s ]
INFO: [ view_parse ] --START--
INFO: [ template_filter ] --START--
INFO: Run Behavior\ContentReplaceBehavior [ RunTime:0.000040s ]
INFO: [ template_filter ] --END-- [ RunTime:0.000100s ]
INFO: Run Behavior\ParseTemplateBehavior [ RunTime:0.013116s ]
INFO: [ view_parse ] --END-- [ RunTime:0.013200s ]
INFO: [ view_filter ] --START--
INFO: Run Behavior\WriteHtmlCacheBehavior [ RunTime:0.000175s ]
INFO: [ view_filter ] --END-- [ RunTime:0.000215s ]
INFO: [ app_end ] --START--
INFO: Run Behavior\ShowPageTraceBehavior [ RunTime:0.000480s ]
INFO: [ app_end ] --END-- [ RunTime:0.000524s ]

[ 2016-04-10T13:58:35+08:00 ] ::1 /eclipse/project2/
INFO: [ app_init ] --START--
INFO: Run Behavior\BuildLiteBehavior [ RunTime:0.000020s ]
INFO: [ app_init ] --END-- [ RunTime:0.000579s ]
INFO: [ app_begin ] --START--
INFO: Run Behavior\ReadHtmlCacheBehavior [ RunTime:0.000679s ]
INFO: [ app_begin ] --END-- [ RunTime:0.000780s ]
SQL: SHOW COLUMNS FROM `p_signin` [ RunTime:0.0039s ]
SQL: SELECT COUNT(*) AS tp_count FROM `p_signin` WHERE `TIME` = '2016-04-10' LIMIT 1   [ RunTime:0.0009s ]
SQL: SHOW COLUMNS FROM `p_user` [ RunTime:0.0067s ]
SQL: SELECT * FROM `p_user` WHERE `ID` = '300000015'  [ RunTime:0.0003s ]
SQL: SELECT * FROM `p_signin` WHERE `TIME` = '2016-04-10' AND `USERID` = '300000015'  [ RunTime:0.0002s ]
INFO: [ view_parse ] --START--
INFO: [ template_filter ] --START--
INFO: Run Behavior\ContentReplaceBehavior [ RunTime:0.000029s ]
INFO: [ template_filter ] --END-- [ RunTime:0.000069s ]
NOTIC: [8] A session had already been started - ignoring session_start() /Applications/XAMPP/xamppfiles/htdocs/eclipse/project2/App/Runtime/Cache/Home/ea340386924792ccc65576071a30eec1.php 第 8 行.
SQL: SHOW COLUMNS FROM `p_mycounter` [ RunTime:0.0022s ]
SQL: SELECT `Counter` FROM `p_mycounter` WHERE `id` = 1 LIMIT 1   [ RunTime:0.0003s ]
SQL: UPDATE `p_mycounter` SET `Counter`='1645' WHERE `id` = 1 [ RunTime:0.0028s ]
INFO: Run Behavior\ParseTemplateBehavior [ RunTime:0.010595s ]
INFO: [ view_parse ] --END-- [ RunTime:0.010677s ]
INFO: [ view_filter ] --START--
INFO: Run Behavior\WriteHtmlCacheBehavior [ RunTime:0.000303s ]
INFO: [ view_filter ] --END-- [ RunTime:0.000361s ]
INFO: [ app_end ] --START--
INFO: Run Behavior\ShowPageTraceBehavior [ RunTime:0.000520s ]
INFO: [ app_end ] --END-- [ RunTime:0.000564s ]

[ 2016-04-10T13:58:35+08:00 ] ::1 /eclipse/project2//index.php/Home/Main/Maindown
INFO: [ app_init ] --START--
INFO: Run Behavior\BuildLiteBehavior [ RunTime:0.000012s ]
INFO: [ app_init ] --END-- [ RunTime:0.000232s ]
INFO: [ app_begin ] --START--
INFO: Run Behavior\ReadHtmlCacheBehavior [ RunTime:0.000306s ]
INFO: [ app_begin ] --END-- [ RunTime:0.000341s ]
SQL: SHOW COLUMNS FROM `p_user` [ RunTime:0.0048s ]
SQL: SELECT * FROM `p_user` WHERE `ID` = '300000015'  [ RunTime:0.0003s ]
SQL: SHOW COLUMNS FROM `p_info` [ RunTime:0.0034s ]
SQL: SELECT * FROM `p_info`  [ RunTime:0.0002s ]
SQL: SHOW COLUMNS FROM `p_text` [ RunTime:0.0035s ]
SQL: SELECT `TEXT` FROM `p_text` LIMIT 1   [ RunTime:0.0002s ]
INFO: [ view_parse ] --START--
INFO: [ template_filter ] --START--
INFO: Run Behavior\ContentReplaceBehavior [ RunTime:0.000051s ]
INFO: [ template_filter ] --END-- [ RunTime:0.000137s ]
INFO: Run Behavior\ParseTemplateBehavior [ RunTime:0.005079s ]
INFO: [ view_parse ] --END-- [ RunTime:0.005160s ]
INFO: [ view_filter ] --START--
INFO: Run Behavior\WriteHtmlCacheBehavior [ RunTime:0.000299s ]
INFO: [ view_filter ] --END-- [ RunTime:0.000349s ]
INFO: [ app_end ] --START--
INFO: Run Behavior\ShowPageTraceBehavior [ RunTime:0.000438s ]
INFO: [ app_end ] --END-- [ RunTime:0.000476s ]

[ 2016-04-10T13:58:39+08:00 ] ::1 /eclipse/project2/index.php/Home/DongTai/index
INFO: [ app_init ] --START--
INFO: Run Behavior\BuildLiteBehavior [ RunTime:0.000013s ]
INFO: [ app_init ] --END-- [ RunTime:0.000412s ]
INFO: [ app_begin ] --START--
INFO: Run Behavior\ReadHtmlCacheBehavior [ RunTime:0.000367s ]
INFO: [ app_begin ] --END-- [ RunTime:0.000409s ]
INFO: [ view_parse ] --START--
INFO: [ template_filter ] --START--
INFO: Run Behavior\ContentReplaceBehavior [ RunTime:0.000056s ]
INFO: [ template_filter ] --END-- [ RunTime:0.000183s ]
INFO: Run Behavior\ParseTemplateBehavior [ RunTime:0.005647s ]
INFO: [ view_parse ] --END-- [ RunTime:0.005716s ]
INFO: [ view_filter ] --START--
INFO: Run Behavior\WriteHtmlCacheBehavior [ RunTime:0.000206s ]
INFO: [ view_filter ] --END-- [ RunTime:0.000251s ]
INFO: [ app_end ] --START--
INFO: Run Behavior\ShowPageTraceBehavior [ RunTime:0.000584s ]
INFO: [ app_end ] --END-- [ RunTime:0.000636s ]

[ 2016-04-10T14:03:40+08:00 ] ::1 /eclipse/project2/
INFO: [ app_init ] --START--
INFO: Run Behavior\BuildLiteBehavior [ RunTime:0.000020s ]
INFO: [ app_init ] --END-- [ RunTime:0.003608s ]
INFO: [ app_begin ] --START--
INFO: Run Behavior\ReadHtmlCacheBehavior [ RunTime:0.000684s ]
INFO: [ app_begin ] --END-- [ RunTime:0.000745s ]
SQL: SHOW COLUMNS FROM `p_signin` [ RunTime:0.0158s ]
SQL: SELECT COUNT(*) AS tp_count FROM `p_signin` WHERE `TIME` = '2016-04-10' LIMIT 1   [ RunTime:0.0005s ]
SQL: SHOW COLUMNS FROM `p_user` [ RunTime:0.0112s ]
SQL: SELECT * FROM `p_user` WHERE `ID` = '300000015'  [ RunTime:0.0006s ]
SQL: SELECT * FROM `p_signin` WHERE `TIME` = '2016-04-10' AND `USERID` = '300000015'  [ RunTime:0.0004s ]
INFO: [ view_parse ] --START--
INFO: [ template_filter ] --START--
INFO: Run Behavior\ContentReplaceBehavior [ RunTime:0.000112s ]
INFO: [ template_filter ] --END-- [ RunTime:0.000187s ]
NOTIC: [8] A session had already been started - ignoring session_start() /Applications/XAMPP/xamppfiles/htdocs/eclipse/project2/App/Runtime/Cache/Home/ea340386924792ccc65576071a30eec1.php 第 8 行.
SQL: SHOW COLUMNS FROM `p_mycounter` [ RunTime:0.0085s ]
SQL: SELECT `Counter` FROM `p_mycounter` WHERE `id` = 1 LIMIT 1   [ RunTime:0.0006s ]
SQL: UPDATE `p_mycounter` SET `Counter`='1646' WHERE `id` = 1 [ RunTime:0.0031s ]
INFO: Run Behavior\ParseTemplateBehavior [ RunTime:0.039039s ]
INFO: [ view_parse ] --END-- [ RunTime:0.039138s ]
INFO: [ view_filter ] --START--
INFO: Run Behavior\WriteHtmlCacheBehavior [ RunTime:0.003387s ]
INFO: [ view_filter ] --END-- [ RunTime:0.003465s ]
INFO: [ app_end ] --START--
INFO: Run Behavior\ShowPageTraceBehavior [ RunTime:0.003973s ]
INFO: [ app_end ] --END-- [ RunTime:0.004050s ]

[ 2016-04-10T14:03:40+08:00 ] ::1 /eclipse/project2/
INFO: [ app_init ] --START--
INFO: Run Behavior\BuildLiteBehavior [ RunTime:0.000019s ]
INFO: [ app_init ] --END-- [ RunTime:0.000484s ]
INFO: [ app_begin ] --START--
INFO: Run Behavior\ReadHtmlCacheBehavior [ RunTime:0.000407s ]
INFO: [ app_begin ] --END-- [ RunTime:0.000448s ]
SQL: SHOW COLUMNS FROM `p_signin` [ RunTime:0.0072s ]
SQL: SELECT COUNT(*) AS tp_count FROM `p_signin` WHERE `TIME` = '2016-04-10' LIMIT 1   [ RunTime:0.0035s ]
SQL: SHOW COLUMNS FROM `p_user` [ RunTime:0.0084s ]
SQL: SELECT * FROM `p_user` WHERE `ID` = '300000015'  [ RunTime:0.0004s ]
SQL: SELECT * FROM `p_signin` WHERE `TIME` = '2016-04-10' AND `USERID` = '300000015'  [ RunTime:0.0002s ]
INFO: [ view_parse ] --START--
INFO: [ template_filter ] --START--
INFO: Run Behavior\ContentReplaceBehavior [ RunTime:0.000087s ]
INFO: [ template_filter ] --END-- [ RunTime:0.000155s ]
NOTIC: [8] A session had already been started - ignoring session_start() /Applications/XAMPP/xamppfiles/htdocs/eclipse/project2/App/Runtime/Cache/Home/ea340386924792ccc65576071a30eec1.php 第 8 行.
SQL: SHOW COLUMNS FROM `p_mycounter` [ RunTime:0.0063s ]
SQL: SELECT `Counter` FROM `p_mycounter` WHERE `id` = 1 LIMIT 1   [ RunTime:0.0002s ]
SQL: UPDATE `p_mycounter` SET `Counter`='1647' WHERE `id` = 1 [ RunTime:0.0025s ]
INFO: Run Behavior\ParseTemplateBehavior [ RunTime:0.020536s ]
INFO: [ view_parse ] --END-- [ RunTime:0.020619s ]
INFO: [ view_filter ] --START--
INFO: Run Behavior\WriteHtmlCacheBehavior [ RunTime:0.000130s ]
INFO: [ view_filter ] --END-- [ RunTime:0.000158s ]
INFO: [ app_end ] --START--
INFO: Run Behavior\ShowPageTraceBehavior [ RunTime:0.000371s ]
INFO: [ app_end ] --END-- [ RunTime:0.000403s ]

[ 2016-04-10T14:03:40+08:00 ] ::1 /eclipse/project2/
INFO: [ app_init ] --START--
INFO: Run Behavior\BuildLiteBehavior [ RunTime:0.000015s ]
INFO: [ app_init ] --END-- [ RunTime:0.000318s ]
INFO: [ app_begin ] --START--
INFO: Run Behavior\ReadHtmlCacheBehavior [ RunTime:0.000318s ]
INFO: [ app_begin ] --END-- [ RunTime:0.000351s ]
SQL: SHOW COLUMNS FROM `p_signin` [ RunTime:0.0063s ]
SQL: SELECT COUNT(*) AS tp_count FROM `p_signin` WHERE `TIME` = '2016-04-10' LIMIT 1   [ RunTime:0.0004s ]
SQL: SHOW COLUMNS FROM `p_user` [ RunTime:0.0072s ]
SQL: SELECT * FROM `p_user` WHERE `ID` = '300000015'  [ RunTime:0.0029s ]
SQL: SELECT * FROM `p_signin` WHERE `TIME` = '2016-04-10' AND `USERID` = '300000015'  [ RunTime:0.0004s ]
INFO: [ view_parse ] --START--
INFO: [ template_filter ] --START--
INFO: Run Behavior\ContentReplaceBehavior [ RunTime:0.000111s ]
INFO: [ template_filter ] --END-- [ RunTime:0.000203s ]
NOTIC: [8] A session had already been started - ignoring session_start() /Applications/XAMPP/xamppfiles/htdocs/eclipse/project2/App/Runtime/Cache/Home/ea340386924792ccc65576071a30eec1.php 第 8 行.
SQL: SHOW COLUMNS FROM `p_mycounter` [ RunTime:0.0056s ]
SQL: SELECT `Counter` FROM `p_mycounter` WHERE `id` = 1 LIMIT 1   [ RunTime:0.0003s ]
SQL: UPDATE `p_mycounter` SET `Counter`='1648' WHERE `id` = 1 [ RunTime:0.0023s ]
INFO: Run Behavior\ParseTemplateBehavior [ RunTime:0.019348s ]
INFO: [ view_parse ] --END-- [ RunTime:0.019448s ]
INFO: [ view_filter ] --START--
INFO: Run Behavior\WriteHtmlCacheBehavior [ RunTime:0.000241s ]
INFO: [ view_filter ] --END-- [ RunTime:0.000283s ]
INFO: [ app_end ] --START--
INFO: Run Behavior\ShowPageTraceBehavior [ RunTime:0.000516s ]
INFO: [ app_end ] --END-- [ RunTime:0.000559s ]

[ 2016-04-10T14:03:41+08:00 ] ::1 /eclipse/project2/index.php/Home/DongTai/index
INFO: [ app_init ] --START--
INFO: Run Behavior\BuildLiteBehavior [ RunTime:0.000009s ]
INFO: [ app_init ] --END-- [ RunTime:0.000228s ]
INFO: [ app_begin ] --START--
INFO: Run Behavior\ReadHtmlCacheBehavior [ RunTime:0.000291s ]
INFO: [ app_begin ] --END-- [ RunTime:0.000324s ]
INFO: [ view_parse ] --START--
INFO: [ template_filter ] --START--
INFO: Run Behavior\ContentReplaceBehavior [ RunTime:0.000033s ]
INFO: [ template_filter ] --END-- [ RunTime:0.000091s ]
INFO: Run Behavior\ParseTemplateBehavior [ RunTime:0.006759s ]
INFO: [ view_parse ] --END-- [ RunTime:0.006815s ]
INFO: [ view_filter ] --START--
INFO: Run Behavior\WriteHtmlCacheBehavior [ RunTime:0.000114s ]
INFO: [ view_filter ] --END-- [ RunTime:0.000138s ]
INFO: [ app_end ] --START--
INFO: Run Behavior\ShowPageTraceBehavior [ RunTime:0.000295s ]
INFO: [ app_end ] --END-- [ RunTime:0.000322s ]

[ 2016-04-10T14:03:42+08:00 ] ::1 /eclipse/project2/
INFO: [ app_init ] --START--
INFO: Run Behavior\BuildLiteBehavior [ RunTime:0.000012s ]
INFO: [ app_init ] --END-- [ RunTime:0.000347s ]
INFO: [ app_begin ] --START--
INFO: Run Behavior\ReadHtmlCacheBehavior [ RunTime:0.000315s ]
INFO: [ app_begin ] --END-- [ RunTime:0.000350s ]
SQL: SHOW COLUMNS FROM `p_signin` [ RunTime:0.0037s ]
SQL: SELECT COUNT(*) AS tp_count FROM `p_signin` WHERE `TIME` = '2016-04-10' LIMIT 1   [ RunTime:0.0003s ]
SQL: SHOW COLUMNS FROM `p_user` [ RunTime:0.0048s ]
SQL: SELECT * FROM `p_user` WHERE `ID` = '300000015'  [ RunTime:0.0014s ]
SQL: SELECT * FROM `p_signin` WHERE `TIME` = '2016-04-10' AND `USERID` = '300000015'  [ RunTime:0.0005s ]
INFO: [ view_parse ] --START--
INFO: [ template_filter ] --START--
INFO: Run Behavior\ContentReplaceBehavior [ RunTime:0.000037s ]
INFO: [ template_filter ] --END-- [ RunTime:0.000090s ]
NOTIC: [8] A session had already been started - ignoring session_start() /Applications/XAMPP/xamppfiles/htdocs/eclipse/project2/App/Runtime/Cache/Home/ea340386924792ccc65576071a30eec1.php 第 8 行.
SQL: SHOW COLUMNS FROM `p_mycounter` [ RunTime:0.0064s ]
SQL: SELECT `Counter` FROM `p_mycounter` WHERE `id` = 1 LIMIT 1   [ RunTime:0.0005s ]
SQL: UPDATE `p_mycounter` SET `Counter`='1649' WHERE `id` = 1 [ RunTime:0.0026s ]
INFO: Run Behavior\ParseTemplateBehavior [ RunTime:0.018253s ]
INFO: [ view_parse ] --END-- [ RunTime:0.018336s ]
INFO: [ view_filter ] --START--
INFO: Run Behavior\WriteHtmlCacheBehavior [ RunTime:0.000338s ]
INFO: [ view_filter ] --END-- [ RunTime:0.000402s ]
INFO: [ app_end ] --START--
INFO: Run Behavior\ShowPageTraceBehavior [ RunTime:0.000611s ]
INFO: [ app_end ] --END-- [ RunTime:0.000666s ]

[ 2016-04-10T14:03:42+08:00 ] ::1 /eclipse/project2//index.php/Home/Main/Maindown
INFO: [ app_init ] --START--
INFO: Run Behavior\BuildLiteBehavior [ RunTime:0.000019s ]
INFO: [ app_init ] --END-- [ RunTime:0.000341s ]
INFO: [ app_begin ] --START--
INFO: Run Behavior\ReadHtmlCacheBehavior [ RunTime:0.000615s ]
INFO: [ app_begin ] --END-- [ RunTime:0.000707s ]
SQL: SHOW COLUMNS FROM `p_user` [ RunTime:0.0102s ]
SQL: SELECT * FROM `p_user` WHERE `ID` = '300000015'  [ RunTime:0.0005s ]
SQL: SHOW COLUMNS FROM `p_info` [ RunTime:0.0072s ]
SQL: SELECT * FROM `p_info`  [ RunTime:0.0004s ]
SQL: SHOW COLUMNS FROM `p_text` [ RunTime:0.0070s ]
SQL: SELECT `TEXT` FROM `p_text` LIMIT 1   [ RunTime:0.0004s ]
INFO: [ view_parse ] --START--
INFO: [ template_filter ] --START--
INFO: Run Behavior\ContentReplaceBehavior [ RunTime:0.000077s ]
INFO: [ template_filter ] --END-- [ RunTime:0.000128s ]
INFO: Run Behavior\ParseTemplateBehavior [ RunTime:0.012858s ]
INFO: [ view_parse ] --END-- [ RunTime:0.012961s ]
INFO: [ view_filter ] --START--
INFO: Run Behavior\WriteHtmlCacheBehavior [ RunTime:0.000163s ]
INFO: [ view_filter ] --END-- [ RunTime:0.000198s ]
INFO: [ app_end ] --START--
INFO: Run Behavior\ShowPageTraceBehavior [ RunTime:0.000482s ]
INFO: [ app_end ] --END-- [ RunTime:0.000520s ]

[ 2016-04-10T14:03:42+08:00 ] ::1 /eclipse/project2/
INFO: [ app_init ] --START--
INFO: Run Behavior\BuildLiteBehavior [ RunTime:0.000019s ]
INFO: [ app_init ] --END-- [ RunTime:0.000474s ]
INFO: [ app_begin ] --START--
INFO: Run Behavior\ReadHtmlCacheBehavior [ RunTime:0.000570s ]
INFO: [ app_begin ] --END-- [ RunTime:0.000635s ]
SQL: SHOW COLUMNS FROM `p_signin` [ RunTime:0.0078s ]
SQL: SELECT COUNT(*) AS tp_count FROM `p_signin` WHERE `TIME` = '2016-04-10' LIMIT 1   [ RunTime:0.0004s ]
SQL: SHOW COLUMNS FROM `p_user` [ RunTime:0.0070s ]
SQL: SELECT * FROM `p_user` WHERE `ID` = '300000015'  [ RunTime:0.0004s ]
SQL: SELECT * FROM `p_signin` WHERE `TIME` = '2016-04-10' AND `USERID` = '300000015'  [ RunTime:0.0003s ]
INFO: [ view_parse ] --START--
INFO: [ template_filter ] --START--
INFO: Run Behavior\ContentReplaceBehavior [ RunTime:0.000109s ]
INFO: [ template_filter ] --END-- [ RunTime:0.000242s ]
NOTIC: [8] A session had already been started - ignoring session_start() /Applications/XAMPP/xamppfiles/htdocs/eclipse/project2/App/Runtime/Cache/Home/ea340386924792ccc65576071a30eec1.php 第 8 行.
SQL: SHOW COLUMNS FROM `p_mycounter` [ RunTime:0.0023s ]
SQL: SELECT `Counter` FROM `p_mycounter` WHERE `id` = 1 LIMIT 1   [ RunTime:0.0003s ]
SQL: UPDATE `p_mycounter` SET `Counter`='1650' WHERE `id` = 1 [ RunTime:0.0030s ]
INFO: Run Behavior\ParseTemplateBehavior [ RunTime:0.016313s ]
INFO: [ view_parse ] --END-- [ RunTime:0.016376s ]
INFO: [ view_filter ] --START--
INFO: Run Behavior\WriteHtmlCacheBehavior [ RunTime:0.000257s ]
INFO: [ view_filter ] --END-- [ RunTime:0.000301s ]
INFO: [ app_end ] --START--
INFO: Run Behavior\ShowPageTraceBehavior [ RunTime:0.000551s ]
INFO: [ app_end ] --END-- [ RunTime:0.000590s ]

[ 2016-04-10T14:03:42+08:00 ] ::1 /eclipse/project2//index.php/Home/Main/Maindown
INFO: [ app_init ] --START--
INFO: Run Behavior\BuildLiteBehavior [ RunTime:0.000023s ]
INFO: [ app_init ] --END-- [ RunTime:0.000537s ]
INFO: [ app_begin ] --START--
INFO: Run Behavior\ReadHtmlCacheBehavior [ RunTime:0.000646s ]
INFO: [ app_begin ] --END-- [ RunTime:0.000734s ]
SQL: SHOW COLUMNS FROM `p_user` [ RunTime:0.0075s ]
SQL: SELECT * FROM `p_user` WHERE `ID` = '300000015'  [ RunTime:0.0005s ]
SQL: SHOW COLUMNS FROM `p_info` [ RunTime:0.0113s ]
SQL: SELECT * FROM `p_info`  [ RunTime:0.0003s ]
SQL: SHOW COLUMNS FROM `p_text` [ RunTime:0.0073s ]
SQL: SELECT `TEXT` FROM `p_text` LIMIT 1   [ RunTime:0.0003s ]
INFO: [ view_parse ] --START--
INFO: [ template_filter ] --START--
INFO: Run Behavior\ContentReplaceBehavior [ RunTime:0.000049s ]
INFO: [ template_filter ] --END-- [ RunTime:0.000127s ]
INFO: Run Behavior\ParseTemplateBehavior [ RunTime:0.009814s ]
INFO: [ view_parse ] --END-- [ RunTime:0.009890s ]
INFO: [ view_filter ] --START--
INFO: Run Behavior\WriteHtmlCacheBehavior [ RunTime:0.000215s ]
INFO: [ view_filter ] --END-- [ RunTime:0.000261s ]
INFO: [ app_end ] --START--
INFO: Run Behavior\ShowPageTraceBehavior [ RunTime:0.000585s ]
INFO: [ app_end ] --END-- [ RunTime:0.000637s ]

[ 2016-04-10T14:03:47+08:00 ] ::1 /eclipse/project2/index.php/Home/DongTai/index
INFO: [ app_init ] --START--
INFO: Run Behavior\BuildLiteBehavior [ RunTime:0.000012s ]
INFO: [ app_init ] --END-- [ RunTime:0.000264s ]
INFO: [ app_begin ] --START--
INFO: Run Behavior\ReadHtmlCacheBehavior [ RunTime:0.000276s ]
INFO: [ app_begin ] --END-- [ RunTime:0.000306s ]
INFO: [ view_parse ] --START--
INFO: [ template_filter ] --START--
INFO: Run Behavior\ContentReplaceBehavior [ RunTime:0.000022s ]
INFO: [ template_filter ] --END-- [ RunTime:0.000053s ]
INFO: Run Behavior\ParseTemplateBehavior [ RunTime:0.002963s ]
INFO: [ view_parse ] --END-- [ RunTime:0.002999s ]
INFO: [ view_filter ] --START--
INFO: Run Behavior\WriteHtmlCacheBehavior [ RunTime:0.000111s ]
INFO: [ view_filter ] --END-- [ RunTime:0.000135s ]
INFO: [ app_end ] --START--
INFO: Run Behavior\ShowPageTraceBehavior [ RunTime:0.000394s ]
INFO: [ app_end ] --END-- [ RunTime:0.000421s ]

[ 2016-04-10T14:03:53+08:00 ] ::1 /eclipse/project2/
INFO: [ app_init ] --START--
INFO: Run Behavior\BuildLiteBehavior [ RunTime:0.000015s ]
INFO: [ app_init ] --END-- [ RunTime:0.000297s ]
INFO: [ app_begin ] --START--
INFO: Run Behavior\ReadHtmlCacheBehavior [ RunTime:0.000313s ]
INFO: [ app_begin ] --END-- [ RunTime:0.000346s ]
SQL: SHOW COLUMNS FROM `p_signin` [ RunTime:0.0067s ]
SQL: SELECT COUNT(*) AS tp_count FROM `p_signin` WHERE `TIME` = '2016-04-10' LIMIT 1   [ RunTime:0.0003s ]
SQL: SHOW COLUMNS FROM `p_user` [ RunTime:0.0068s ]
SQL: SELECT * FROM `p_user` WHERE `ID` = '300000015'  [ RunTime:0.0003s ]
SQL: SELECT * FROM `p_signin` WHERE `TIME` = '2016-04-10' AND `USERID` = '300000015'  [ RunTime:0.0002s ]
INFO: [ view_parse ] --START--
INFO: [ template_filter ] --START--
INFO: Run Behavior\ContentReplaceBehavior [ RunTime:0.000061s ]
INFO: [ template_filter ] --END-- [ RunTime:0.000110s ]
NOTIC: [8] A session had already been started - ignoring session_start() /Applications/XAMPP/xamppfiles/htdocs/eclipse/project2/App/Runtime/Cache/Home/ea340386924792ccc65576071a30eec1.php 第 8 行.
SQL: SHOW COLUMNS FROM `p_mycounter` [ RunTime:0.0051s ]
SQL: SELECT `Counter` FROM `p_mycounter` WHERE `id` = 1 LIMIT 1   [ RunTime:0.0002s ]
SQL: UPDATE `p_mycounter` SET `Counter`='1651' WHERE `id` = 1 [ RunTime:0.0026s ]
INFO: Run Behavior\ParseTemplateBehavior [ RunTime:0.015514s ]
INFO: [ view_parse ] --END-- [ RunTime:0.015581s ]
INFO: [ view_filter ] --START--
INFO: Run Behavior\WriteHtmlCacheBehavior [ RunTime:0.000200s ]
INFO: [ view_filter ] --END-- [ RunTime:0.000243s ]
INFO: [ app_end ] --START--
INFO: Run Behavior\ShowPageTraceBehavior [ RunTime:0.000440s ]
INFO: [ app_end ] --END-- [ RunTime:0.000476s ]

[ 2016-04-10T14:03:53+08:00 ] ::1 /eclipse/project2//index.php/Home/Main/Maindown
INFO: [ app_init ] --START--
INFO: Run Behavior\BuildLiteBehavior [ RunTime:0.000010s ]
INFO: [ app_init ] --END-- [ RunTime:0.000228s ]
INFO: [ app_begin ] --START--
INFO: Run Behavior\ReadHtmlCacheBehavior [ RunTime:0.000305s ]
INFO: [ app_begin ] --END-- [ RunTime:0.000341s ]
SQL: SHOW COLUMNS FROM `p_user` [ RunTime:0.0078s ]
SQL: SELECT * FROM `p_user` WHERE `ID` = '300000015'  [ RunTime:0.0004s ]
SQL: SHOW COLUMNS FROM `p_info` [ RunTime:0.0036s ]
SQL: SELECT * FROM `p_info`  [ RunTime:0.0002s ]
SQL: SHOW COLUMNS FROM `p_text` [ RunTime:0.0076s ]
SQL: SELECT `TEXT` FROM `p_text` LIMIT 1   [ RunTime:0.0003s ]
INFO: [ view_parse ] --START--
INFO: [ template_filter ] --START--
INFO: Run Behavior\ContentReplaceBehavior [ RunTime:0.000025s ]
INFO: [ template_filter ] --END-- [ RunTime:0.000059s ]
INFO: Run Behavior\ParseTemplateBehavior [ RunTime:0.004044s ]
INFO: [ view_parse ] --END-- [ RunTime:0.004087s ]
INFO: [ view_filter ] --START--
INFO: Run Behavior\WriteHtmlCacheBehavior [ RunTime:0.000095s ]
INFO: [ view_filter ] --END-- [ RunTime:0.000116s ]
INFO: [ app_end ] --START--
INFO: Run Behavior\ShowPageTraceBehavior [ RunTime:0.000282s ]
INFO: [ app_end ] --END-- [ RunTime:0.000307s ]

[ 2016-04-10T14:03:56+08:00 ] ::1 /eclipse/project2/index.php/Home/DongTai/index
INFO: [ app_init ] --START--
INFO: Run Behavior\BuildLiteBehavior [ RunTime:0.000009s ]
INFO: [ app_init ] --END-- [ RunTime:0.000208s ]
INFO: [ app_begin ] --START--
INFO: Run Behavior\ReadHtmlCacheBehavior [ RunTime:0.000271s ]
INFO: [ app_begin ] --END-- [ RunTime:0.000301s ]
INFO: [ view_parse ] --START--
INFO: [ template_filter ] --START--
INFO: Run Behavior\ContentReplaceBehavior [ RunTime:0.000056s ]
INFO: [ template_filter ] --END-- [ RunTime:0.000152s ]
INFO: Run Behavior\ParseTemplateBehavior [ RunTime:0.005216s ]
INFO: [ view_parse ] --END-- [ RunTime:0.005278s ]
INFO: [ view_filter ] --START--
INFO: Run Behavior\WriteHtmlCacheBehavior [ RunTime:0.000147s ]
INFO: [ view_filter ] --END-- [ RunTime:0.000170s ]
INFO: [ app_end ] --START--
INFO: Run Behavior\ShowPageTraceBehavior [ RunTime:0.000317s ]
INFO: [ app_end ] --END-- [ RunTime:0.000353s ]

[ 2016-04-10T14:05:04+08:00 ] ::1 /eclipse/project2/
INFO: [ app_init ] --START--
INFO: Run Behavior\BuildLiteBehavior [ RunTime:0.000018s ]
INFO: [ app_init ] --END-- [ RunTime:0.003581s ]
INFO: [ app_begin ] --START--
INFO: Run Behavior\ReadHtmlCacheBehavior [ RunTime:0.004292s ]
INFO: [ app_begin ] --END-- [ RunTime:0.004402s ]
SQL: SHOW COLUMNS FROM `p_signin` [ RunTime:0.0093s ]
SQL: SELECT COUNT(*) AS tp_count FROM `p_signin` WHERE `TIME` = '2016-04-10' LIMIT 1   [ RunTime:0.0007s ]
SQL: SHOW COLUMNS FROM `p_user` [ RunTime:0.0112s ]
SQL: SELECT * FROM `p_user` WHERE `ID` = '300000015'  [ RunTime:0.0012s ]
SQL: SELECT * FROM `p_signin` WHERE `TIME` = '2016-04-10' AND `USERID` = '300000015'  [ RunTime:0.0007s ]
INFO: [ view_parse ] --START--
INFO: [ template_filter ] --START--
INFO: Run Behavior\ContentReplaceBehavior [ RunTime:0.000104s ]
INFO: [ template_filter ] --END-- [ RunTime:0.000193s ]
NOTIC: [8] A session had already been started - ignoring session_start() /Applications/XAMPP/xamppfiles/htdocs/eclipse/project2/App/Runtime/Cache/Home/ea340386924792ccc65576071a30eec1.php 第 8 行.
SQL: SHOW COLUMNS FROM `p_mycounter` [ RunTime:0.0058s ]
SQL: SELECT `Counter` FROM `p_mycounter` WHERE `id` = 1 LIMIT 1   [ RunTime:0.0005s ]
SQL: UPDATE `p_mycounter` SET `Counter`='1652' WHERE `id` = 1 [ RunTime:0.0029s ]
INFO: Run Behavior\ParseTemplateBehavior [ RunTime:0.042926s ]
INFO: [ view_parse ] --END-- [ RunTime:0.043152s ]
INFO: [ view_filter ] --START--
INFO: Run Behavior\WriteHtmlCacheBehavior [ RunTime:0.003266s ]
INFO: [ view_filter ] --END-- [ RunTime:0.003392s ]
INFO: [ app_end ] --START--
INFO: Run Behavior\ShowPageTraceBehavior [ RunTime:0.003776s ]
INFO: [ app_end ] --END-- [ RunTime:0.003868s ]

[ 2016-04-10T14:05:05+08:00 ] ::1 /eclipse/project2//index.php/Home/Main/Maindown
INFO: [ app_init ] --START--
INFO: Run Behavior\BuildLiteBehavior [ RunTime:0.000020s ]
INFO: [ app_init ] --END-- [ RunTime:0.000398s ]
INFO: [ app_begin ] --START--
INFO: Run Behavior\ReadHtmlCacheBehavior [ RunTime:0.000550s ]
INFO: [ app_begin ] --END-- [ RunTime:0.000640s ]
SQL: SHOW COLUMNS FROM `p_user` [ RunTime:0.0022s ]
SQL: SELECT * FROM `p_user` WHERE `ID` = '300000015'  [ RunTime:0.0003s ]
SQL: SHOW COLUMNS FROM `p_info` [ RunTime:0.0065s ]
SQL: SELECT * FROM `p_info`  [ RunTime:0.0005s ]
SQL: SHOW COLUMNS FROM `p_text` [ RunTime:0.0050s ]
SQL: SELECT `TEXT` FROM `p_text` LIMIT 1   [ RunTime:0.0003s ]
INFO: [ view_parse ] --START--
INFO: [ template_filter ] --START--
INFO: Run Behavior\ContentReplaceBehavior [ RunTime:0.000064s ]
INFO: [ template_filter ] --END-- [ RunTime:0.000203s ]
INFO: Run Behavior\ParseTemplateBehavior [ RunTime:0.013487s ]
INFO: [ view_parse ] --END-- [ RunTime:0.013559s ]
INFO: [ view_filter ] --START--
INFO: Run Behavior\WriteHtmlCacheBehavior [ RunTime:0.000188s ]
INFO: [ view_filter ] --END-- [ RunTime:0.000224s ]
INFO: [ app_end ] --START--
INFO: Run Behavior\ShowPageTraceBehavior [ RunTime:0.000645s ]
INFO: [ app_end ] --END-- [ RunTime:0.000686s ]

[ 2016-04-10T14:05:07+08:00 ] ::1 /eclipse/project2/index.php/Home/DongTai/index
INFO: [ app_init ] --START--
INFO: Run Behavior\BuildLiteBehavior [ RunTime:0.000042s ]
INFO: [ app_init ] --END-- [ RunTime:0.000881s ]
INFO: [ app_begin ] --START--
INFO: Run Behavior\ReadHtmlCacheBehavior [ RunTime:0.000362s ]
INFO: [ app_begin ] --END-- [ RunTime:0.000405s ]
INFO: [ view_parse ] --START--
INFO: [ template_filter ] --START--
INFO: Run Behavior\ContentReplaceBehavior [ RunTime:0.000031s ]
INFO: [ template_filter ] --END-- [ RunTime:0.000079s ]
INFO: Run Behavior\ParseTemplateBehavior [ RunTime:0.008365s ]
INFO: [ view_parse ] --END-- [ RunTime:0.008441s ]
INFO: [ view_filter ] --START--
INFO: Run Behavior\WriteHtmlCacheBehavior [ RunTime:0.000186s ]
INFO: [ view_filter ] --END-- [ RunTime:0.000222s ]
INFO: [ app_end ] --START--
INFO: Run Behavior\ShowPageTraceBehavior [ RunTime:0.000383s ]
INFO: [ app_end ] --END-- [ RunTime:0.000418s ]

