[ 2016-01-03T11:55:34+08:00 ] ::1 /project2.1/index.php/Home/Main/Maindown
INFO: [ app_init ] --START--
INFO: Run Behavior\BuildLiteBehavior [ RunTime:0.000122s ]
INFO: [ app_init ] --END-- [ RunTime:0.034960s ]
INFO: [ app_begin ] --START--
INFO: Run Behavior\ReadHtmlCacheBehavior [ RunTime:0.024198s ]
INFO: [ app_begin ] --END-- [ RunTime:0.024631s ]
NOTIC: [8] Undefined index: id F:\Demo\project2.1\App\Home\Controller\MainController.class.php 第 34 行.
SQL: SHOW COLUMNS FROM `p_user` [ RunTime:0.0282s ]
SQL: SELECT * FROM `p_user` WHERE `ID` = null  [ RunTime:0.0703s ]
NOTIC: [8] Undefined offset: 0 F:\Demo\project2.1\App\Home\Controller\MainController.class.php 第 36 行.
NOTIC: [8] Undefined offset: 0 F:\Demo\project2.1\App\Home\Controller\MainController.class.php 第 38 行.
INFO: [ view_parse ] --START--
INFO: [ template_filter ] --START--
INFO: Run Behavior\ContentReplaceBehavior [ RunTime:0.000243s ]
INFO: [ template_filter ] --END-- [ RunTime:0.000609s ]
INFO: Run Behavior\ParseTemplateBehavior [ RunTime:0.257745s ]
INFO: [ view_parse ] --END-- [ RunTime:0.258152s ]
INFO: [ view_filter ] --START--
INFO: Run Behavior\WriteHtmlCacheBehavior [ RunTime:0.023005s ]
INFO: [ view_filter ] --END-- [ RunTime:0.023352s ]
INFO: [ app_end ] --START--
INFO: Run Behavior\ShowPageTraceBehavior [ RunTime:0.008601s ]
INFO: [ app_end ] --END-- [ RunTime:0.008957s ]

[ 2016-01-03T11:55:53+08:00 ] ::1 /project2.1/index.php/Home/Main/Maindown
INFO: [ app_init ] --START--
INFO: Run Behavior\BuildLiteBehavior [ RunTime:0.000048s ]
INFO: [ app_init ] --END-- [ RunTime:0.001041s ]
INFO: [ app_begin ] --START--
INFO: Run Behavior\ReadHtmlCacheBehavior [ RunTime:0.000868s ]
INFO: [ app_begin ] --END-- [ RunTime:0.001068s ]
NOTIC: [8] Undefined index: id F:\Demo\project2.1\App\Home\Controller\MainController.class.php 第 34 行.
SQL: SHOW COLUMNS FROM `p_user` [ RunTime:0.0035s ]
SQL: SELECT * FROM `p_user` WHERE `ID` = null  [ RunTime:0.0003s ]
NOTIC: [8] Undefined offset: 0 F:\Demo\project2.1\App\Home\Controller\MainController.class.php 第 36 行.
NOTIC: [8] Undefined offset: 0 F:\Demo\project2.1\App\Home\Controller\MainController.class.php 第 38 行.
INFO: [ view_parse ] --START--
INFO: [ template_filter ] --START--
INFO: Run Behavior\ContentReplaceBehavior [ RunTime:0.000063s ]
INFO: [ template_filter ] --END-- [ RunTime:0.000172s ]
INFO: Run Behavior\ParseTemplateBehavior [ RunTime:0.007263s ]
INFO: [ view_parse ] --END-- [ RunTime:0.007366s ]
INFO: [ view_filter ] --START--
INFO: Run Behavior\WriteHtmlCacheBehavior [ RunTime:0.000281s ]
INFO: [ view_filter ] --END-- [ RunTime:0.000370s ]
INFO: [ app_end ] --START--
INFO: Run Behavior\ShowPageTraceBehavior [ RunTime:0.000483s ]
INFO: [ app_end ] --END-- [ RunTime:0.000571s ]

[ 2016-01-03T11:56:02+08:00 ] ::1 /project2.1/index.php/Home/User/Login
INFO: [ app_init ] --START--
INFO: Run Behavior\BuildLiteBehavior [ RunTime:0.000027s ]
INFO: [ app_init ] --END-- [ RunTime:0.000648s ]
INFO: [ app_begin ] --START--
INFO: Run Behavior\ReadHtmlCacheBehavior [ RunTime:0.001437s ]
INFO: [ app_begin ] --END-- [ RunTime:0.001670s ]
NOTIC: [8] A session had already been started - ignoring session_start() F:\Demo\project2.1\App\Home\Controller\UserController.class.php 第 41 行.
INFO: [ view_parse ] --START--
INFO: [ template_filter ] --START--
INFO: Run Behavior\ContentReplaceBehavior [ RunTime:0.000072s ]
INFO: [ template_filter ] --END-- [ RunTime:0.000197s ]
INFO: Run Behavior\ParseTemplateBehavior [ RunTime:0.019239s ]
INFO: [ view_parse ] --END-- [ RunTime:0.019380s ]
INFO: [ view_filter ] --START--
INFO: Run Behavior\WriteHtmlCacheBehavior [ RunTime:0.000508s ]
INFO: [ view_filter ] --END-- [ RunTime:0.000614s ]
INFO: [ app_end ] --START--
INFO: Run Behavior\ShowPageTraceBehavior [ RunTime:0.000803s ]
INFO: [ app_end ] --END-- [ RunTime:0.000912s ]

[ 2016-01-03T11:56:13+08:00 ] ::1 /project2.1/index.php/Home/User/Logins?id=1
INFO: [ app_init ] --START--
INFO: Run Behavior\BuildLiteBehavior [ RunTime:0.000026s ]
INFO: [ app_init ] --END-- [ RunTime:0.000675s ]
INFO: [ app_begin ] --START--
INFO: Run Behavior\ReadHtmlCacheBehavior [ RunTime:0.000797s ]
INFO: [ app_begin ] --END-- [ RunTime:0.000930s ]
SQL: SHOW COLUMNS FROM `p_user` [ RunTime:0.0027s ]
SQL: SELECT * FROM `p_user` WHERE `USERNAME` = '温志远' AND `PASSWORD` = '4297f44b13955235245b2497399d7a93'  [ RunTime:0.0004s ]
SQL: SELECT `ID` FROM `p_user` WHERE `USERNAME` = '温志远' AND `PASSWORD` = '4297f44b13955235245b2497399d7a93' LIMIT 1   [ RunTime:0.0002s ]
SQL: SHOW COLUMNS FROM `p_signin` [ RunTime:0.0026s ]
SQL: SELECT COUNT(*) AS tp_count FROM `p_signin` WHERE `TIME` = '2016-01-03' LIMIT 1   [ RunTime:0.0241s ]
SQL: SELECT * FROM `p_user` WHERE `ID` = '300000015'  [ RunTime:0.0198s ]
SQL: SELECT * FROM `p_signin` WHERE `TIME` = '2016-01-03' AND `USERID` = '300000015'  [ RunTime:0.0003s ]
INFO: [ view_parse ] --START--
INFO: [ template_filter ] --START--
INFO: Run Behavior\ContentReplaceBehavior [ RunTime:0.000183s ]
INFO: [ template_filter ] --END-- [ RunTime:0.000508s ]
NOTIC: [8] A session had already been started - ignoring session_start() F:\Demo\project2.1\App\Runtime\Cache\Home\ea340386924792ccc65576071a30eec1.php 第 6 行.
SQL: SHOW COLUMNS FROM `p_mycounter` [ RunTime:0.0063s ]
SQL: SELECT `counter` FROM `p_mycounter` WHERE `id` = 1 LIMIT 1   [ RunTime:0.0005s ]
INFO: Run Behavior\ParseTemplateBehavior [ RunTime:0.095220s ]
INFO: [ view_parse ] --END-- [ RunTime:0.095530s ]
INFO: [ view_filter ] --START--
INFO: Run Behavior\WriteHtmlCacheBehavior [ RunTime:0.001192s ]
INFO: [ view_filter ] --END-- [ RunTime:0.001471s ]
INFO: [ app_end ] --START--
INFO: Run Behavior\ShowPageTraceBehavior [ RunTime:0.001752s ]
INFO: [ app_end ] --END-- [ RunTime:0.001996s ]

[ 2016-01-03T11:56:14+08:00 ] ::1 /project2.1/index.php/Home/Main/Maindown
INFO: [ app_init ] --START--
INFO: Run Behavior\BuildLiteBehavior [ RunTime:0.000036s ]
INFO: [ app_init ] --END-- [ RunTime:0.000954s ]
INFO: [ app_begin ] --START--
INFO: Run Behavior\ReadHtmlCacheBehavior [ RunTime:0.000520s ]
INFO: [ app_begin ] --END-- [ RunTime:0.000622s ]
SQL: SHOW COLUMNS FROM `p_user` [ RunTime:0.0044s ]
SQL: SELECT * FROM `p_user` WHERE `ID` = '300000015'  [ RunTime:0.0004s ]
INFO: [ view_parse ] --START--
INFO: [ template_filter ] --START--
INFO: Run Behavior\ContentReplaceBehavior [ RunTime:0.000092s ]
INFO: [ template_filter ] --END-- [ RunTime:0.000224s ]
INFO: Run Behavior\ParseTemplateBehavior [ RunTime:0.008673s ]
INFO: [ view_parse ] --END-- [ RunTime:0.008835s ]
INFO: [ view_filter ] --START--
INFO: Run Behavior\WriteHtmlCacheBehavior [ RunTime:0.000411s ]
INFO: [ view_filter ] --END-- [ RunTime:0.000526s ]
INFO: [ app_end ] --START--
INFO: Run Behavior\ShowPageTraceBehavior [ RunTime:0.000866s ]
INFO: [ app_end ] --END-- [ RunTime:0.001004s ]

[ 2016-01-03T11:56:19+08:00 ] ::1 /project2.1/index.php/Home/Game/index
INFO: [ app_init ] --START--
INFO: Run Behavior\BuildLiteBehavior [ RunTime:0.000025s ]
INFO: [ app_init ] --END-- [ RunTime:0.000646s ]
INFO: [ app_begin ] --START--
INFO: Run Behavior\ReadHtmlCacheBehavior [ RunTime:0.000616s ]
INFO: [ app_begin ] --END-- [ RunTime:0.000747s ]
INFO: [ view_parse ] --START--
INFO: [ template_filter ] --START--
INFO: Run Behavior\ContentReplaceBehavior [ RunTime:0.000059s ]
INFO: [ template_filter ] --END-- [ RunTime:0.000164s ]
INFO: Run Behavior\ParseTemplateBehavior [ RunTime:0.016213s ]
INFO: [ view_parse ] --END-- [ RunTime:0.016353s ]
INFO: [ view_filter ] --START--
INFO: Run Behavior\WriteHtmlCacheBehavior [ RunTime:0.000402s ]
INFO: [ view_filter ] --END-- [ RunTime:0.000504s ]
INFO: [ app_end ] --START--
INFO: Run Behavior\ShowPageTraceBehavior [ RunTime:0.000709s ]
INFO: [ app_end ] --END-- [ RunTime:0.000815s ]

[ 2016-01-03T11:56:25+08:00 ] ::1 /project2.1/index.php/Home/Questionnaire/View
INFO: [ app_init ] --START--
INFO: Run Behavior\BuildLiteBehavior [ RunTime:0.000025s ]
INFO: [ app_init ] --END-- [ RunTime:0.000551s ]
INFO: [ app_begin ] --START--
INFO: Run Behavior\ReadHtmlCacheBehavior [ RunTime:0.000684s ]
INFO: [ app_begin ] --END-- [ RunTime:0.000797s ]
SQL: SHOW COLUMNS FROM `p_user` [ RunTime:0.0027s ]
SQL: SELECT * FROM `p_user` WHERE `ID` = '300000015'  [ RunTime:0.0003s ]
SQL: SHOW COLUMNS FROM `p_questionnaire1` [ RunTime:0.0026s ]
SQL: SELECT COUNT(*) AS tp_count FROM `p_questionnaire1` LIMIT 1   [ RunTime:0.0002s ]
SQL: SELECT * FROM `p_questionnaire1` LIMIT 0,10   [ RunTime:0.0003s ]
INFO: [ view_parse ] --START--
INFO: [ template_filter ] --START--
INFO: Run Behavior\ContentReplaceBehavior [ RunTime:0.000181s ]
INFO: [ template_filter ] --END-- [ RunTime:0.000414s ]
INFO: Run Behavior\ParseTemplateBehavior [ RunTime:0.099562s ]
INFO: [ view_parse ] --END-- [ RunTime:0.099933s ]
INFO: [ view_filter ] --START--
INFO: Run Behavior\WriteHtmlCacheBehavior [ RunTime:0.000913s ]
INFO: [ view_filter ] --END-- [ RunTime:0.001132s ]
INFO: [ app_end ] --START--
INFO: Run Behavior\ShowPageTraceBehavior [ RunTime:0.001593s ]
INFO: [ app_end ] --END-- [ RunTime:0.001820s ]

[ 2016-01-03T11:56:29+08:00 ] ::1 /project2.1/index.php/Home/BBS
INFO: [ app_init ] --START--
INFO: Run Behavior\BuildLiteBehavior [ RunTime:0.000027s ]
INFO: [ app_init ] --END-- [ RunTime:0.000635s ]
INFO: [ app_begin ] --START--
INFO: Run Behavior\ReadHtmlCacheBehavior [ RunTime:0.000748s ]
INFO: [ app_begin ] --END-- [ RunTime:0.000866s ]
SQL: SHOW COLUMNS FROM `p_user` [ RunTime:0.0027s ]
SQL: SELECT * FROM `p_user` WHERE `ID` = '300000015'  [ RunTime:0.0003s ]
SQL: SELECT * FROM `p_user` WHERE `ID` = '300000015'  [ RunTime:0.0002s ]
SQL: SHOW COLUMNS FROM `p_bbs1` [ RunTime:0.0025s ]
SQL: SELECT COUNT(*) AS tp_count FROM `p_bbs1` WHERE `CONDITION` = 0 LIMIT 1   [ RunTime:0.0004s ]
SQL: SELECT * FROM `p_bbs1` WHERE `CONDITION` = 0 LIMIT 0,10   [ RunTime:0.0003s ]
INFO: [ view_parse ] --START--
INFO: [ template_filter ] --START--
INFO: Run Behavior\ContentReplaceBehavior [ RunTime:0.000070s ]
INFO: [ template_filter ] --END-- [ RunTime:0.000169s ]
INFO: Run Behavior\ParseTemplateBehavior [ RunTime:0.039654s ]
INFO: [ view_parse ] --END-- [ RunTime:0.039795s ]
INFO: [ view_filter ] --START--
INFO: Run Behavior\WriteHtmlCacheBehavior [ RunTime:0.000456s ]
INFO: [ view_filter ] --END-- [ RunTime:0.000553s ]
INFO: [ app_end ] --START--
INFO: Run Behavior\ShowPageTraceBehavior [ RunTime:0.000737s ]
INFO: [ app_end ] --END-- [ RunTime:0.000825s ]

[ 2016-01-03T11:56:32+08:00 ] ::1 /project2.1/index.php/Home/Main/Maindown
INFO: [ app_init ] --START--
INFO: Run Behavior\BuildLiteBehavior [ RunTime:0.000030s ]
INFO: [ app_init ] --END-- [ RunTime:0.000714s ]
INFO: [ app_begin ] --START--
INFO: Run Behavior\ReadHtmlCacheBehavior [ RunTime:0.000769s ]
INFO: [ app_begin ] --END-- [ RunTime:0.000885s ]
SQL: SHOW COLUMNS FROM `p_user` [ RunTime:0.0035s ]
SQL: SELECT * FROM `p_user` WHERE `ID` = '300000015'  [ RunTime:0.0003s ]
INFO: [ view_parse ] --START--
INFO: [ template_filter ] --START--
INFO: Run Behavior\ContentReplaceBehavior [ RunTime:0.000058s ]
INFO: [ template_filter ] --END-- [ RunTime:0.000157s ]
INFO: Run Behavior\ParseTemplateBehavior [ RunTime:0.006309s ]
INFO: [ view_parse ] --END-- [ RunTime:0.006443s ]
INFO: [ view_filter ] --START--
INFO: Run Behavior\WriteHtmlCacheBehavior [ RunTime:0.000285s ]
INFO: [ view_filter ] --END-- [ RunTime:0.000371s ]
INFO: [ app_end ] --START--
INFO: Run Behavior\ShowPageTraceBehavior [ RunTime:0.000588s ]
INFO: [ app_end ] --END-- [ RunTime:0.000673s ]

[ 2016-01-03T11:59:03+08:00 ] ::1 /project2.1/index.php/Home/User/Signin
INFO: [ app_init ] --START--
INFO: Run Behavior\BuildLiteBehavior [ RunTime:0.000023s ]
INFO: [ app_init ] --END-- [ RunTime:0.000476s ]
INFO: [ app_begin ] --START--
INFO: Run Behavior\ReadHtmlCacheBehavior [ RunTime:0.000612s ]
INFO: [ app_begin ] --END-- [ RunTime:0.000713s ]
SQL: SHOW COLUMNS FROM `p_signin` [ RunTime:0.0031s ]
SQL: SELECT * FROM `p_signin` WHERE `TIME` = '2016-01-03' AND `USERID` = '300000015'  [ RunTime:0.0003s ]
SQL: INSERT INTO `p_signin` (`USERID`,`TIME`) VALUES ('300000015','2016-01-03') [ RunTime:0.1166s ]
SQL: SELECT COUNT(*) AS tp_count FROM `p_signin` WHERE `TIME` = '2016-01-03' LIMIT 1   [ RunTime:0.0015s ]
SQL: SHOW COLUMNS FROM `p_user` [ RunTime:0.0115s ]
SQL: SELECT * FROM `p_user` WHERE `ID` = '300000015'  [ RunTime:0.0011s ]
SQL: SELECT * FROM `p_signin` WHERE `TIME` = '2016-01-03' AND `USERID` = '300000015'  [ RunTime:0.0010s ]
INFO: [ view_parse ] --START--
INFO: [ template_filter ] --START--
INFO: Run Behavior\ContentReplaceBehavior [ RunTime:0.000115s ]
INFO: [ template_filter ] --END-- [ RunTime:0.000283s ]
NOTIC: [8] A session had already been started - ignoring session_start() F:\Demo\project2.1\App\Runtime\Cache\Home\ea340386924792ccc65576071a30eec1.php 第 6 行.
SQL: SHOW COLUMNS FROM `p_mycounter` [ RunTime:0.0043s ]
SQL: SELECT `counter` FROM `p_mycounter` WHERE `id` = 1 LIMIT 1   [ RunTime:0.0006s ]
INFO: Run Behavior\ParseTemplateBehavior [ RunTime:0.029549s ]
INFO: [ view_parse ] --END-- [ RunTime:0.030012s ]
INFO: [ view_filter ] --START--
INFO: Run Behavior\WriteHtmlCacheBehavior [ RunTime:0.001166s ]
INFO: [ view_filter ] --END-- [ RunTime:0.001364s ]
INFO: [ app_end ] --START--
INFO: Run Behavior\ShowPageTraceBehavior [ RunTime:0.002056s ]
INFO: [ app_end ] --END-- [ RunTime:0.002242s ]

[ 2016-01-03T11:59:03+08:00 ] ::1 /project2.1/index.php/Home/Main/Maindown
INFO: [ app_init ] --START--
INFO: Run Behavior\BuildLiteBehavior [ RunTime:0.000022s ]
INFO: [ app_init ] --END-- [ RunTime:0.000464s ]
INFO: [ app_begin ] --START--
INFO: Run Behavior\ReadHtmlCacheBehavior [ RunTime:0.000564s ]
INFO: [ app_begin ] --END-- [ RunTime:0.000662s ]
SQL: SHOW COLUMNS FROM `p_user` [ RunTime:0.0042s ]
SQL: SELECT * FROM `p_user` WHERE `ID` = '300000015'  [ RunTime:0.0003s ]
INFO: [ view_parse ] --START--
INFO: [ template_filter ] --START--
INFO: Run Behavior\ContentReplaceBehavior [ RunTime:0.000059s ]
INFO: [ template_filter ] --END-- [ RunTime:0.000158s ]
INFO: Run Behavior\ParseTemplateBehavior [ RunTime:0.006074s ]
INFO: [ view_parse ] --END-- [ RunTime:0.006177s ]
INFO: [ view_filter ] --START--
INFO: Run Behavior\WriteHtmlCacheBehavior [ RunTime:0.000353s ]
INFO: [ view_filter ] --END-- [ RunTime:0.000446s ]
INFO: [ app_end ] --START--
INFO: Run Behavior\ShowPageTraceBehavior [ RunTime:0.000615s ]
INFO: [ app_end ] --END-- [ RunTime:0.000702s ]

[ 2016-01-03T11:59:07+08:00 ] ::1 /project2.1/index.php/Home/Game/index
INFO: [ app_init ] --START--
INFO: Run Behavior\BuildLiteBehavior [ RunTime:0.000026s ]
INFO: [ app_init ] --END-- [ RunTime:0.000709s ]
INFO: [ app_begin ] --START--
INFO: Run Behavior\ReadHtmlCacheBehavior [ RunTime:0.000561s ]
INFO: [ app_begin ] --END-- [ RunTime:0.000657s ]
INFO: [ view_parse ] --START--
INFO: [ template_filter ] --START--
INFO: Run Behavior\ContentReplaceBehavior [ RunTime:0.000058s ]
INFO: [ template_filter ] --END-- [ RunTime:0.000162s ]
INFO: Run Behavior\ParseTemplateBehavior [ RunTime:0.007559s ]
INFO: [ view_parse ] --END-- [ RunTime:0.007683s ]
INFO: [ view_filter ] --START--
INFO: Run Behavior\WriteHtmlCacheBehavior [ RunTime:0.000404s ]
INFO: [ view_filter ] --END-- [ RunTime:0.000489s ]
INFO: [ app_end ] --START--
INFO: Run Behavior\ShowPageTraceBehavior [ RunTime:0.000750s ]
INFO: [ app_end ] --END-- [ RunTime:0.000838s ]

[ 2016-01-03T11:59:19+08:00 ] ::1 /project2.1/index.php/Home/User/Userhome
INFO: [ app_init ] --START--
INFO: Run Behavior\BuildLiteBehavior [ RunTime:0.000025s ]
INFO: [ app_init ] --END-- [ RunTime:0.000619s ]
INFO: [ app_begin ] --START--
INFO: Run Behavior\ReadHtmlCacheBehavior [ RunTime:0.000970s ]
INFO: [ app_begin ] --END-- [ RunTime:0.001148s ]
SQL: SHOW COLUMNS FROM `p_user` [ RunTime:0.0039s ]
SQL: SELECT * FROM `p_user` WHERE `ID` = '300000015'  [ RunTime:0.0003s ]
SQL: SHOW COLUMNS FROM `p_signin` [ RunTime:0.0044s ]
SQL: SELECT COUNT(*) AS tp_count FROM `p_signin` WHERE `USERID` = '300000015' LIMIT 1   [ RunTime:0.0003s ]
INFO: [ view_parse ] --START--
INFO: [ template_filter ] --START--
INFO: Run Behavior\ContentReplaceBehavior [ RunTime:0.000070s ]
INFO: [ template_filter ] --END-- [ RunTime:0.000205s ]
INFO: Run Behavior\ParseTemplateBehavior [ RunTime:0.050523s ]
INFO: [ view_parse ] --END-- [ RunTime:0.050681s ]
INFO: [ view_filter ] --START--
INFO: Run Behavior\WriteHtmlCacheBehavior [ RunTime:0.000519s ]
INFO: [ view_filter ] --END-- [ RunTime:0.000627s ]
INFO: [ app_end ] --START--
INFO: Run Behavior\ShowPageTraceBehavior [ RunTime:0.000820s ]
INFO: [ app_end ] --END-- [ RunTime:0.000926s ]

[ 2016-01-03T12:00:43+08:00 ] ::1 /project2.1/index.php/Home/Main/Maindown
INFO: [ app_init ] --START--
INFO: Run Behavior\BuildLiteBehavior [ RunTime:0.000023s ]
INFO: [ app_init ] --END-- [ RunTime:0.000508s ]
INFO: [ app_begin ] --START--
INFO: Run Behavior\ReadHtmlCacheBehavior [ RunTime:0.000673s ]
INFO: [ app_begin ] --END-- [ RunTime:0.000792s ]
NOTIC: [8] Undefined index: id F:\Demo\project2.1\App\Home\Controller\MainController.class.php 第 34 行.
SQL: SHOW COLUMNS FROM `p_user` [ RunTime:0.0037s ]
SQL: SELECT * FROM `p_user` WHERE `ID` = null  [ RunTime:0.0003s ]
NOTIC: [8] Undefined offset: 0 F:\Demo\project2.1\App\Home\Controller\MainController.class.php 第 36 行.
NOTIC: [8] Undefined offset: 0 F:\Demo\project2.1\App\Home\Controller\MainController.class.php 第 38 行.
INFO: [ view_parse ] --START--
INFO: [ template_filter ] --START--
INFO: Run Behavior\ContentReplaceBehavior [ RunTime:0.000069s ]
INFO: [ template_filter ] --END-- [ RunTime:0.000185s ]
INFO: Run Behavior\ParseTemplateBehavior [ RunTime:0.006863s ]
INFO: [ view_parse ] --END-- [ RunTime:0.007022s ]
INFO: [ view_filter ] --START--
INFO: Run Behavior\WriteHtmlCacheBehavior [ RunTime:0.000390s ]
INFO: [ view_filter ] --END-- [ RunTime:0.000489s ]
INFO: [ app_end ] --START--
INFO: Run Behavior\ShowPageTraceBehavior [ RunTime:0.000778s ]
INFO: [ app_end ] --END-- [ RunTime:0.000900s ]

[ 2016-01-03T12:00:51+08:00 ] ::1 /project2.1/index.php/Home/Main/Maindown
INFO: [ app_init ] --START--
INFO: Run Behavior\BuildLiteBehavior [ RunTime:0.000027s ]
INFO: [ app_init ] --END-- [ RunTime:0.000592s ]
INFO: [ app_begin ] --START--
INFO: Run Behavior\ReadHtmlCacheBehavior [ RunTime:0.000668s ]
INFO: [ app_begin ] --END-- [ RunTime:0.000781s ]
NOTIC: [8] Undefined index: id F:\Demo\project2.1\App\Home\Controller\MainController.class.php 第 34 行.
SQL: SHOW COLUMNS FROM `p_user` [ RunTime:0.0036s ]
SQL: SELECT * FROM `p_user` WHERE `ID` = null  [ RunTime:0.0003s ]
NOTIC: [8] Undefined offset: 0 F:\Demo\project2.1\App\Home\Controller\MainController.class.php 第 36 行.
NOTIC: [8] Undefined offset: 0 F:\Demo\project2.1\App\Home\Controller\MainController.class.php 第 38 行.
INFO: [ view_parse ] --START--
INFO: [ template_filter ] --START--
INFO: Run Behavior\ContentReplaceBehavior [ RunTime:0.000060s ]
INFO: [ template_filter ] --END-- [ RunTime:0.000164s ]
INFO: Run Behavior\ParseTemplateBehavior [ RunTime:0.006116s ]
INFO: [ view_parse ] --END-- [ RunTime:0.006222s ]
INFO: [ view_filter ] --START--
INFO: Run Behavior\WriteHtmlCacheBehavior [ RunTime:0.000288s ]
INFO: [ view_filter ] --END-- [ RunTime:0.000379s ]
INFO: [ app_end ] --START--
INFO: Run Behavior\ShowPageTraceBehavior [ RunTime:0.000516s ]
INFO: [ app_end ] --END-- [ RunTime:0.000602s ]

[ 2016-01-03T12:00:52+08:00 ] ::1 /project2.1/index.php/Home/User/Login
INFO: [ app_init ] --START--
INFO: Run Behavior\BuildLiteBehavior [ RunTime:0.000028s ]
INFO: [ app_init ] --END-- [ RunTime:0.000788s ]
INFO: [ app_begin ] --START--
INFO: Run Behavior\ReadHtmlCacheBehavior [ RunTime:0.000714s ]
INFO: [ app_begin ] --END-- [ RunTime:0.000850s ]
NOTIC: [8] A session had already been started - ignoring session_start() F:\Demo\project2.1\App\Home\Controller\UserController.class.php 第 41 行.
INFO: [ view_parse ] --START--
INFO: [ template_filter ] --START--
INFO: Run Behavior\ContentReplaceBehavior [ RunTime:0.000083s ]
INFO: [ template_filter ] --END-- [ RunTime:0.000206s ]
INFO: Run Behavior\ParseTemplateBehavior [ RunTime:0.007817s ]
INFO: [ view_parse ] --END-- [ RunTime:0.007968s ]
INFO: [ view_filter ] --START--
INFO: Run Behavior\WriteHtmlCacheBehavior [ RunTime:0.000369s ]
INFO: [ view_filter ] --END-- [ RunTime:0.000469s ]
INFO: [ app_end ] --START--
INFO: Run Behavior\ShowPageTraceBehavior [ RunTime:0.000707s ]
INFO: [ app_end ] --END-- [ RunTime:0.000867s ]

[ 2016-01-03T12:00:58+08:00 ] ::1 /project2.1/index.php/Home/User/Logins?id=1
INFO: [ app_init ] --START--
INFO: Run Behavior\BuildLiteBehavior [ RunTime:0.000025s ]
INFO: [ app_init ] --END-- [ RunTime:0.000552s ]
INFO: [ app_begin ] --START--
INFO: Run Behavior\ReadHtmlCacheBehavior [ RunTime:0.000592s ]
INFO: [ app_begin ] --END-- [ RunTime:0.000707s ]
SQL: SHOW COLUMNS FROM `p_user` [ RunTime:0.0029s ]
SQL: SELECT * FROM `p_user` WHERE `USERNAME` = '温志远' AND `PASSWORD` = '4297f44b13955235245b2497399d7a93'  [ RunTime:0.0004s ]
SQL: SELECT `ID` FROM `p_user` WHERE `USERNAME` = '温志远' AND `PASSWORD` = '4297f44b13955235245b2497399d7a93' LIMIT 1   [ RunTime:0.0002s ]
SQL: SHOW COLUMNS FROM `p_signin` [ RunTime:0.0031s ]
SQL: SELECT COUNT(*) AS tp_count FROM `p_signin` WHERE `TIME` = '2016-01-03' LIMIT 1   [ RunTime:0.0003s ]
SQL: SELECT * FROM `p_user` WHERE `ID` = '300000015'  [ RunTime:0.0002s ]
SQL: SELECT * FROM `p_signin` WHERE `TIME` = '2016-01-03' AND `USERID` = '300000015'  [ RunTime:0.0002s ]
INFO: [ view_parse ] --START--
INFO: [ template_filter ] --START--
INFO: Run Behavior\ContentReplaceBehavior [ RunTime:0.000077s ]
INFO: [ template_filter ] --END-- [ RunTime:0.000198s ]
NOTIC: [8] A session had already been started - ignoring session_start() F:\Demo\project2.1\App\Runtime\Cache\Home\ea340386924792ccc65576071a30eec1.php 第 6 行.
SQL: SHOW COLUMNS FROM `p_mycounter` [ RunTime:0.0030s ]
SQL: SELECT `counter` FROM `p_mycounter` WHERE `id` = 1 LIMIT 1   [ RunTime:0.0003s ]
INFO: Run Behavior\ParseTemplateBehavior [ RunTime:0.012931s ]
INFO: [ view_parse ] --END-- [ RunTime:0.013049s ]
INFO: [ view_filter ] --START--
INFO: Run Behavior\WriteHtmlCacheBehavior [ RunTime:0.000469s ]
INFO: [ view_filter ] --END-- [ RunTime:0.000586s ]
INFO: [ app_end ] --START--
INFO: Run Behavior\ShowPageTraceBehavior [ RunTime:0.000847s ]
INFO: [ app_end ] --END-- [ RunTime:0.000950s ]

[ 2016-01-03T12:00:59+08:00 ] ::1 /project2.1/index.php/Home/Main/Maindown
INFO: [ app_init ] --START--
INFO: Run Behavior\BuildLiteBehavior [ RunTime:0.000024s ]
INFO: [ app_init ] --END-- [ RunTime:0.000573s ]
INFO: [ app_begin ] --START--
INFO: Run Behavior\ReadHtmlCacheBehavior [ RunTime:0.000652s ]
INFO: [ app_begin ] --END-- [ RunTime:0.000782s ]
SQL: SHOW COLUMNS FROM `p_user` [ RunTime:0.0041s ]
SQL: SELECT * FROM `p_user` WHERE `ID` = '300000015'  [ RunTime:0.0003s ]
INFO: [ view_parse ] --START--
INFO: [ template_filter ] --START--
INFO: Run Behavior\ContentReplaceBehavior [ RunTime:0.000094s ]
INFO: [ template_filter ] --END-- [ RunTime:0.000275s ]
INFO: Run Behavior\ParseTemplateBehavior [ RunTime:0.007766s ]
INFO: [ view_parse ] --END-- [ RunTime:0.007949s ]
INFO: [ view_filter ] --START--
INFO: Run Behavior\WriteHtmlCacheBehavior [ RunTime:0.000538s ]
INFO: [ view_filter ] --END-- [ RunTime:0.000700s ]
INFO: [ app_end ] --START--
INFO: Run Behavior\ShowPageTraceBehavior [ RunTime:0.001299s ]
INFO: [ app_end ] --END-- [ RunTime:0.001866s ]

[ 2016-01-03T13:09:14+08:00 ] ::1 /project2.1/index.php/Home/Main/Maindown
INFO: [ app_init ] --START--
INFO: Run Behavior\BuildLiteBehavior [ RunTime:0.000023s ]
INFO: [ app_init ] --END-- [ RunTime:0.000469s ]
INFO: [ app_begin ] --START--
INFO: Run Behavior\ReadHtmlCacheBehavior [ RunTime:0.000559s ]
INFO: [ app_begin ] --END-- [ RunTime:0.000675s ]
SQL: SHOW COLUMNS FROM `p_user` [ RunTime:0.0035s ]
SQL: SELECT * FROM `p_user` WHERE `ID` = '300000015'  [ RunTime:0.0003s ]
INFO: [ view_parse ] --START--
INFO: [ template_filter ] --START--
INFO: Run Behavior\ContentReplaceBehavior [ RunTime:0.000070s ]
INFO: [ template_filter ] --END-- [ RunTime:0.000188s ]
INFO: Run Behavior\ParseTemplateBehavior [ RunTime:0.006196s ]
INFO: [ view_parse ] --END-- [ RunTime:0.006310s ]
INFO: [ view_filter ] --START--
INFO: Run Behavior\WriteHtmlCacheBehavior [ RunTime:0.000382s ]
INFO: [ view_filter ] --END-- [ RunTime:0.000472s ]
INFO: [ app_end ] --START--
INFO: Run Behavior\ShowPageTraceBehavior [ RunTime:0.000592s ]
INFO: [ app_end ] --END-- [ RunTime:0.000694s ]

[ 2016-01-03T13:09:22+08:00 ] ::1 /project2.1/index.php/Home/Main/Maindown
INFO: [ app_init ] --START--
INFO: Run Behavior\BuildLiteBehavior [ RunTime:0.000022s ]
INFO: [ app_init ] --END-- [ RunTime:0.000452s ]
INFO: [ app_begin ] --START--
INFO: Run Behavior\ReadHtmlCacheBehavior [ RunTime:0.000565s ]
INFO: [ app_begin ] --END-- [ RunTime:0.000672s ]
SQL: SHOW COLUMNS FROM `p_user` [ RunTime:0.0042s ]
SQL: SELECT * FROM `p_user` WHERE `ID` = '300000015'  [ RunTime:0.0004s ]
INFO: [ view_parse ] --START--
INFO: [ template_filter ] --START--
INFO: Run Behavior\ContentReplaceBehavior [ RunTime:0.000059s ]
INFO: [ template_filter ] --END-- [ RunTime:0.000154s ]
INFO: Run Behavior\ParseTemplateBehavior [ RunTime:0.005668s ]
INFO: [ view_parse ] --END-- [ RunTime:0.005764s ]
INFO: [ view_filter ] --START--
INFO: Run Behavior\WriteHtmlCacheBehavior [ RunTime:0.000273s ]
INFO: [ view_filter ] --END-- [ RunTime:0.000357s ]
INFO: [ app_end ] --START--
INFO: Run Behavior\ShowPageTraceBehavior [ RunTime:0.000476s ]
INFO: [ app_end ] --END-- [ RunTime:0.000562s ]

[ 2016-01-03T13:09:27+08:00 ] ::1 /project2.1/index.php/Home/Search/
INFO: [ app_init ] --START--
INFO: Run Behavior\BuildLiteBehavior [ RunTime:0.000021s ]
INFO: [ app_init ] --END-- [ RunTime:0.000419s ]
INFO: [ app_begin ] --START--
INFO: Run Behavior\ReadHtmlCacheBehavior [ RunTime:0.000455s ]
INFO: [ app_begin ] --END-- [ RunTime:0.000547s ]
SQL: SHOW COLUMNS FROM `p_user` [ RunTime:0.0028s ]
SQL: SELECT * FROM `p_user` WHERE `ID` = '300000015'  [ RunTime:0.0003s ]
SQL: SELECT * FROM `p_user` WHERE `ID` = '300000015'  [ RunTime:0.0002s ]
NOTIC: [8] Undefined index: department F:\Demo\project2.1\App\Home\Controller\SearchController.class.php 第 12 行.
NOTIC: [8] Undefined index: sex F:\Demo\project2.1\App\Home\Controller\SearchController.class.php 第 13 行.
NOTIC: [8] Undefined index: root F:\Demo\project2.1\App\Home\Controller\SearchController.class.php 第 14 行.
INFO: [ view_parse ] --START--
INFO: [ template_filter ] --START--
INFO: Run Behavior\ContentReplaceBehavior [ RunTime:0.000063s ]
INFO: [ template_filter ] --END-- [ RunTime:0.000168s ]
INFO: Run Behavior\ParseTemplateBehavior [ RunTime:0.021635s ]
INFO: [ view_parse ] --END-- [ RunTime:0.021769s ]
INFO: [ view_filter ] --START--
INFO: Run Behavior\WriteHtmlCacheBehavior [ RunTime:0.000376s ]
INFO: [ view_filter ] --END-- [ RunTime:0.000461s ]
INFO: [ app_end ] --START--
INFO: Run Behavior\ShowPageTraceBehavior [ RunTime:0.000609s ]
INFO: [ app_end ] --END-- [ RunTime:0.000697s ]

[ 2016-01-03T13:09:27+08:00 ] ::1 /project2.1/index.php/Home/Search/Table
INFO: [ app_init ] --START--
INFO: Run Behavior\BuildLiteBehavior [ RunTime:0.000023s ]
INFO: [ app_init ] --END-- [ RunTime:0.000448s ]
INFO: [ app_begin ] --START--
INFO: Run Behavior\ReadHtmlCacheBehavior [ RunTime:0.000532s ]
INFO: [ app_begin ] --END-- [ RunTime:0.000636s ]
SQL: SHOW COLUMNS FROM `p_user` [ RunTime:0.0032s ]
SQL: SELECT * FROM `p_user` WHERE `ID` = '300000015'  [ RunTime:0.0003s ]
SQL: SELECT COUNT(*) AS tp_count FROM `p_user` WHERE `DEPARTMENT` = null AND `SEX` = null AND `ROOT` = null LIMIT 1   [ RunTime:0.0208s ]
SQL: SELECT * FROM `p_user` WHERE `DEPARTMENT` = null AND `SEX` = null AND `ROOT` = null ORDER BY id LIMIT 0,10   [ RunTime:0.0003s ]
INFO: [ view_parse ] --START--
INFO: [ template_filter ] --START--
INFO: Run Behavior\ContentReplaceBehavior [ RunTime:0.000070s ]
INFO: [ template_filter ] --END-- [ RunTime:0.000170s ]
INFO: Run Behavior\ParseTemplateBehavior [ RunTime:0.042100s ]
INFO: [ view_parse ] --END-- [ RunTime:0.042254s ]
INFO: [ view_filter ] --START--
INFO: Run Behavior\WriteHtmlCacheBehavior [ RunTime:0.000433s ]
INFO: [ view_filter ] --END-- [ RunTime:0.000539s ]
INFO: [ app_end ] --START--
INFO: Run Behavior\ShowPageTraceBehavior [ RunTime:0.000610s ]
INFO: [ app_end ] --END-- [ RunTime:0.000726s ]

[ 2016-01-03T13:09:27+08:00 ] ::1 /project2.1/index.php/Home/File/ShowFile
INFO: [ app_init ] --START--
INFO: Run Behavior\BuildLiteBehavior [ RunTime:0.000025s ]
INFO: [ app_init ] --END-- [ RunTime:0.000537s ]
INFO: [ app_begin ] --START--
INFO: Run Behavior\ReadHtmlCacheBehavior [ RunTime:0.000625s ]
INFO: [ app_begin ] --END-- [ RunTime:0.000747s ]
SQL: SHOW COLUMNS FROM `p_user` [ RunTime:0.0034s ]
SQL: SELECT * FROM `p_user` WHERE `ID` = '300000015'  [ RunTime:0.0003s ]
SQL: SELECT * FROM `p_user` WHERE `ID` = '300000015'  [ RunTime:0.0002s ]
SQL: SHOW COLUMNS FROM `p_file` [ RunTime:0.0040s ]
SQL: SELECT COUNT(*) AS tp_count FROM `p_file` LIMIT 1   [ RunTime:0.0003s ]
NOTIC: [8] Undefined variable: where F:\Demo\project2.1\App\Home\Controller\FileController.class.php 第 48 行.
NOTIC: [8] Undefined variable: where F:\Demo\project2.1\App\Home\Controller\FileController.class.php 第 49 行.
SQL: SELECT * FROM `p_file` LIMIT 0,10   [ RunTime:0.0003s ]
INFO: [ view_parse ] --START--
INFO: [ template_filter ] --START--
INFO: Run Behavior\ContentReplaceBehavior [ RunTime:0.000086s ]
INFO: [ template_filter ] --END-- [ RunTime:0.000212s ]
INFO: Run Behavior\ParseTemplateBehavior [ RunTime:0.025234s ]
INFO: [ view_parse ] --END-- [ RunTime:0.025362s ]
INFO: [ view_filter ] --START--
INFO: Run Behavior\WriteHtmlCacheBehavior [ RunTime:0.000427s ]
INFO: [ view_filter ] --END-- [ RunTime:0.000532s ]
INFO: [ app_end ] --START--
INFO: Run Behavior\ShowPageTraceBehavior [ RunTime:0.000711s ]
INFO: [ app_end ] --END-- [ RunTime:0.000819s ]

[ 2016-01-03T13:09:28+08:00 ] ::1 /project2.1/index.php/Home/Video/index
INFO: [ app_init ] --START--
INFO: Run Behavior\BuildLiteBehavior [ RunTime:0.000032s ]
INFO: [ app_init ] --END-- [ RunTime:0.000628s ]
INFO: [ app_begin ] --START--
INFO: Run Behavior\ReadHtmlCacheBehavior [ RunTime:0.000763s ]
INFO: [ app_begin ] --END-- [ RunTime:0.000880s ]
SQL: SHOW COLUMNS FROM `p_user` [ RunTime:0.0028s ]
SQL: SELECT * FROM `p_user` WHERE `ID` = '300000015'  [ RunTime:0.0003s ]
SQL: SELECT * FROM `p_user` WHERE `ID` = '300000015'  [ RunTime:0.0002s ]
SQL: SHOW COLUMNS FROM `p_lecture` [ RunTime:0.0032s ]
SQL: SELECT COUNT(*) AS tp_count FROM `p_lecture` LIMIT 1   [ RunTime:0.0002s ]
NOTIC: [8] Undefined variable: where F:\Demo\project2.1\App\Home\Controller\VideoController.class.php 第 102 行.
NOTIC: [8] Undefined variable: where F:\Demo\project2.1\App\Home\Controller\VideoController.class.php 第 103 行.
SQL: SELECT * FROM `p_lecture` LIMIT 0,10   [ RunTime:0.0002s ]
INFO: [ view_parse ] --START--
INFO: [ template_filter ] --START--
INFO: Run Behavior\ContentReplaceBehavior [ RunTime:0.000064s ]
INFO: [ template_filter ] --END-- [ RunTime:0.000165s ]
NOTIC: [8] Undefined variable: num F:\Demo\project2.1\App\Runtime\Cache\Home\8df35a12df0627c9ee35c26aeed26e66.php 第 144 行.
INFO: Run Behavior\ParseTemplateBehavior [ RunTime:0.014661s ]
INFO: [ view_parse ] --END-- [ RunTime:0.014755s ]
INFO: [ view_filter ] --START--
INFO: Run Behavior\WriteHtmlCacheBehavior [ RunTime:0.000369s ]
INFO: [ view_filter ] --END-- [ RunTime:0.000454s ]
INFO: [ app_end ] --START--
INFO: Run Behavior\ShowPageTraceBehavior [ RunTime:0.000653s ]
INFO: [ app_end ] --END-- [ RunTime:0.000757s ]

[ 2016-01-03T13:09:29+08:00 ] ::1 /project2.1/index.php/Home/BBS
INFO: [ app_init ] --START--
INFO: Run Behavior\BuildLiteBehavior [ RunTime:0.000024s ]
INFO: [ app_init ] --END-- [ RunTime:0.000500s ]
INFO: [ app_begin ] --START--
INFO: Run Behavior\ReadHtmlCacheBehavior [ RunTime:0.000627s ]
INFO: [ app_begin ] --END-- [ RunTime:0.000722s ]
SQL: SHOW COLUMNS FROM `p_user` [ RunTime:0.0040s ]
SQL: SELECT * FROM `p_user` WHERE `ID` = '300000015'  [ RunTime:0.0003s ]
SQL: SELECT * FROM `p_user` WHERE `ID` = '300000015'  [ RunTime:0.0138s ]
SQL: SHOW COLUMNS FROM `p_bbs1` [ RunTime:0.0031s ]
SQL: SELECT COUNT(*) AS tp_count FROM `p_bbs1` WHERE `CONDITION` = 0 LIMIT 1   [ RunTime:0.0005s ]
SQL: SELECT * FROM `p_bbs1` WHERE `CONDITION` = 0 LIMIT 0,10   [ RunTime:0.0003s ]
INFO: [ view_parse ] --START--
INFO: [ template_filter ] --START--
INFO: Run Behavior\ContentReplaceBehavior [ RunTime:0.000071s ]
INFO: [ template_filter ] --END-- [ RunTime:0.000176s ]
INFO: Run Behavior\ParseTemplateBehavior [ RunTime:0.008209s ]
INFO: [ view_parse ] --END-- [ RunTime:0.008320s ]
INFO: [ view_filter ] --START--
INFO: Run Behavior\WriteHtmlCacheBehavior [ RunTime:0.000285s ]
INFO: [ view_filter ] --END-- [ RunTime:0.000369s ]
INFO: [ app_end ] --START--
INFO: Run Behavior\ShowPageTraceBehavior [ RunTime:0.000642s ]
INFO: [ app_end ] --END-- [ RunTime:0.000783s ]

[ 2016-01-03T13:09:29+08:00 ] ::1 /project2.1/index.php/Home/User/Userhome
INFO: [ app_init ] --START--
INFO: Run Behavior\BuildLiteBehavior [ RunTime:0.000024s ]
INFO: [ app_init ] --END-- [ RunTime:0.000604s ]
INFO: [ app_begin ] --START--
INFO: Run Behavior\ReadHtmlCacheBehavior [ RunTime:0.000477s ]
INFO: [ app_begin ] --END-- [ RunTime:0.000575s ]
SQL: SHOW COLUMNS FROM `p_user` [ RunTime:0.0045s ]
SQL: SELECT * FROM `p_user` WHERE `ID` = '300000015'  [ RunTime:0.0003s ]
SQL: SHOW COLUMNS FROM `p_signin` [ RunTime:0.0029s ]
SQL: SELECT COUNT(*) AS tp_count FROM `p_signin` WHERE `USERID` = '300000015' LIMIT 1   [ RunTime:0.0003s ]
INFO: [ view_parse ] --START--
INFO: [ template_filter ] --START--
INFO: Run Behavior\ContentReplaceBehavior [ RunTime:0.000064s ]
INFO: [ template_filter ] --END-- [ RunTime:0.000162s ]
INFO: Run Behavior\ParseTemplateBehavior [ RunTime:0.008518s ]
INFO: [ view_parse ] --END-- [ RunTime:0.008664s ]
INFO: [ view_filter ] --START--
INFO: Run Behavior\WriteHtmlCacheBehavior [ RunTime:0.000436s ]
INFO: [ view_filter ] --END-- [ RunTime:0.000521s ]
INFO: [ app_end ] --START--
INFO: Run Behavior\ShowPageTraceBehavior [ RunTime:0.000648s ]
INFO: [ app_end ] --END-- [ RunTime:0.000735s ]

[ 2016-01-03T13:09:29+08:00 ] ::1 /project2.1/index.php/Home/Main/Maindown
INFO: [ app_init ] --START--
INFO: Run Behavior\BuildLiteBehavior [ RunTime:0.000026s ]
INFO: [ app_init ] --END-- [ RunTime:0.000661s ]
INFO: [ app_begin ] --START--
INFO: Run Behavior\ReadHtmlCacheBehavior [ RunTime:0.000658s ]
INFO: [ app_begin ] --END-- [ RunTime:0.000770s ]
SQL: SHOW COLUMNS FROM `p_user` [ RunTime:0.0032s ]
SQL: SELECT * FROM `p_user` WHERE `ID` = '300000015'  [ RunTime:0.0004s ]
INFO: [ view_parse ] --START--
INFO: [ template_filter ] --START--
INFO: Run Behavior\ContentReplaceBehavior [ RunTime:0.000057s ]
INFO: [ template_filter ] --END-- [ RunTime:0.000154s ]
INFO: Run Behavior\ParseTemplateBehavior [ RunTime:0.005739s ]
INFO: [ view_parse ] --END-- [ RunTime:0.005847s ]
INFO: [ view_filter ] --START--
INFO: Run Behavior\WriteHtmlCacheBehavior [ RunTime:0.000342s ]
INFO: [ view_filter ] --END-- [ RunTime:0.000470s ]
INFO: [ app_end ] --START--
INFO: Run Behavior\ShowPageTraceBehavior [ RunTime:0.000746s ]
INFO: [ app_end ] --END-- [ RunTime:0.000833s ]

[ 2016-01-03T13:09:30+08:00 ] ::1 /project2.1/index.php/Home/BBS
INFO: [ app_init ] --START--
INFO: Run Behavior\BuildLiteBehavior [ RunTime:0.000025s ]
INFO: [ app_init ] --END-- [ RunTime:0.000596s ]
INFO: [ app_begin ] --START--
INFO: Run Behavior\ReadHtmlCacheBehavior [ RunTime:0.000645s ]
INFO: [ app_begin ] --END-- [ RunTime:0.000759s ]
SQL: SHOW COLUMNS FROM `p_user` [ RunTime:0.0032s ]
SQL: SELECT * FROM `p_user` WHERE `ID` = '300000015'  [ RunTime:0.0003s ]
SQL: SELECT * FROM `p_user` WHERE `ID` = '300000015'  [ RunTime:0.0146s ]
SQL: SHOW COLUMNS FROM `p_bbs1` [ RunTime:0.0031s ]
SQL: SELECT COUNT(*) AS tp_count FROM `p_bbs1` WHERE `CONDITION` = 0 LIMIT 1   [ RunTime:0.0003s ]
SQL: SELECT * FROM `p_bbs1` WHERE `CONDITION` = 0 LIMIT 0,10   [ RunTime:0.0003s ]
INFO: [ view_parse ] --START--
INFO: [ template_filter ] --START--
INFO: Run Behavior\ContentReplaceBehavior [ RunTime:0.000087s ]
INFO: [ template_filter ] --END-- [ RunTime:0.000227s ]
INFO: Run Behavior\ParseTemplateBehavior [ RunTime:0.011475s ]
INFO: [ view_parse ] --END-- [ RunTime:0.011632s ]
INFO: [ view_filter ] --START--
INFO: Run Behavior\WriteHtmlCacheBehavior [ RunTime:0.000444s ]
INFO: [ view_filter ] --END-- [ RunTime:0.000549s ]
INFO: [ app_end ] --START--
INFO: Run Behavior\ShowPageTraceBehavior [ RunTime:0.000787s ]
INFO: [ app_end ] --END-- [ RunTime:0.000912s ]

[ 2016-01-03T13:09:31+08:00 ] ::1 /project2.1/index.php/Home/Video/index
INFO: [ app_init ] --START--
INFO: Run Behavior\BuildLiteBehavior [ RunTime:0.000024s ]
INFO: [ app_init ] --END-- [ RunTime:0.000570s ]
INFO: [ app_begin ] --START--
INFO: Run Behavior\ReadHtmlCacheBehavior [ RunTime:0.000525s ]
INFO: [ app_begin ] --END-- [ RunTime:0.000626s ]
SQL: SHOW COLUMNS FROM `p_user` [ RunTime:0.0036s ]
SQL: SELECT * FROM `p_user` WHERE `ID` = '300000015'  [ RunTime:0.0004s ]
SQL: SELECT * FROM `p_user` WHERE `ID` = '300000015'  [ RunTime:0.0004s ]
SQL: SHOW COLUMNS FROM `p_lecture` [ RunTime:0.0041s ]
SQL: SELECT COUNT(*) AS tp_count FROM `p_lecture` LIMIT 1   [ RunTime:0.0003s ]
NOTIC: [8] Undefined variable: where F:\Demo\project2.1\App\Home\Controller\VideoController.class.php 第 102 行.
NOTIC: [8] Undefined variable: where F:\Demo\project2.1\App\Home\Controller\VideoController.class.php 第 103 行.
SQL: SELECT * FROM `p_lecture` LIMIT 0,10   [ RunTime:0.0003s ]
INFO: [ view_parse ] --START--
INFO: [ template_filter ] --START--
INFO: Run Behavior\ContentReplaceBehavior [ RunTime:0.000109s ]
INFO: [ template_filter ] --END-- [ RunTime:0.000298s ]
NOTIC: [8] Undefined variable: num F:\Demo\project2.1\App\Runtime\Cache\Home\8df35a12df0627c9ee35c26aeed26e66.php 第 144 行.
INFO: Run Behavior\ParseTemplateBehavior [ RunTime:0.024443s ]
INFO: [ view_parse ] --END-- [ RunTime:0.024633s ]
INFO: [ view_filter ] --START--
INFO: Run Behavior\WriteHtmlCacheBehavior [ RunTime:0.000467s ]
INFO: [ view_filter ] --END-- [ RunTime:0.000604s ]
INFO: [ app_end ] --START--
INFO: Run Behavior\ShowPageTraceBehavior [ RunTime:0.000640s ]
INFO: [ app_end ] --END-- [ RunTime:0.000738s ]

[ 2016-01-03T13:09:31+08:00 ] ::1 /project2.1/index.php/Home/File/ShowFile
INFO: [ app_init ] --START--
INFO: Run Behavior\BuildLiteBehavior [ RunTime:0.000025s ]
INFO: [ app_init ] --END-- [ RunTime:0.000615s ]
INFO: [ app_begin ] --START--
INFO: Run Behavior\ReadHtmlCacheBehavior [ RunTime:0.000706s ]
INFO: [ app_begin ] --END-- [ RunTime:0.000819s ]
SQL: SHOW COLUMNS FROM `p_user` [ RunTime:0.0033s ]
SQL: SELECT * FROM `p_user` WHERE `ID` = '300000015'  [ RunTime:0.0003s ]
SQL: SELECT * FROM `p_user` WHERE `ID` = '300000015'  [ RunTime:0.0002s ]
SQL: SHOW COLUMNS FROM `p_file` [ RunTime:0.0033s ]
SQL: SELECT COUNT(*) AS tp_count FROM `p_file` LIMIT 1   [ RunTime:0.0002s ]
NOTIC: [8] Undefined variable: where F:\Demo\project2.1\App\Home\Controller\FileController.class.php 第 48 行.
NOTIC: [8] Undefined variable: where F:\Demo\project2.1\App\Home\Controller\FileController.class.php 第 49 行.
SQL: SELECT * FROM `p_file` LIMIT 0,10   [ RunTime:0.0002s ]
INFO: [ view_parse ] --START--
INFO: [ template_filter ] --START--
INFO: Run Behavior\ContentReplaceBehavior [ RunTime:0.000072s ]
INFO: [ template_filter ] --END-- [ RunTime:0.000175s ]
INFO: Run Behavior\ParseTemplateBehavior [ RunTime:0.009872s ]
INFO: [ view_parse ] --END-- [ RunTime:0.009977s ]
INFO: [ view_filter ] --START--
INFO: Run Behavior\WriteHtmlCacheBehavior [ RunTime:0.000375s ]
INFO: [ view_filter ] --END-- [ RunTime:0.000472s ]
INFO: [ app_end ] --START--
INFO: Run Behavior\ShowPageTraceBehavior [ RunTime:0.000569s ]
INFO: [ app_end ] --END-- [ RunTime:0.000656s ]

[ 2016-01-03T13:09:32+08:00 ] ::1 /project2.1/index.php/Home/Search/
INFO: [ app_init ] --START--
INFO: Run Behavior\BuildLiteBehavior [ RunTime:0.000035s ]
INFO: [ app_init ] --END-- [ RunTime:0.000670s ]
INFO: [ app_begin ] --START--
INFO: Run Behavior\ReadHtmlCacheBehavior [ RunTime:0.000758s ]
INFO: [ app_begin ] --END-- [ RunTime:0.000887s ]
SQL: SHOW COLUMNS FROM `p_user` [ RunTime:0.0032s ]
SQL: SELECT * FROM `p_user` WHERE `ID` = '300000015'  [ RunTime:0.0004s ]
SQL: SELECT * FROM `p_user` WHERE `ID` = '300000015'  [ RunTime:0.0005s ]
NOTIC: [8] Undefined index: department F:\Demo\project2.1\App\Home\Controller\SearchController.class.php 第 12 行.
NOTIC: [8] Undefined index: sex F:\Demo\project2.1\App\Home\Controller\SearchController.class.php 第 13 行.
NOTIC: [8] Undefined index: root F:\Demo\project2.1\App\Home\Controller\SearchController.class.php 第 14 行.
INFO: [ view_parse ] --START--
INFO: [ template_filter ] --START--
INFO: Run Behavior\ContentReplaceBehavior [ RunTime:0.000061s ]
INFO: [ template_filter ] --END-- [ RunTime:0.000158s ]
INFO: Run Behavior\ParseTemplateBehavior [ RunTime:0.006204s ]
INFO: [ view_parse ] --END-- [ RunTime:0.006313s ]
INFO: [ view_filter ] --START--
INFO: Run Behavior\WriteHtmlCacheBehavior [ RunTime:0.000369s ]
INFO: [ view_filter ] --END-- [ RunTime:0.000454s ]
INFO: [ app_end ] --START--
INFO: Run Behavior\ShowPageTraceBehavior [ RunTime:0.000628s ]
INFO: [ app_end ] --END-- [ RunTime:0.000716s ]

[ 2016-01-03T13:09:32+08:00 ] ::1 /project2.1/index.php/Home/Search/Table
INFO: [ app_init ] --START--
INFO: Run Behavior\BuildLiteBehavior [ RunTime:0.000021s ]
INFO: [ app_init ] --END-- [ RunTime:0.000432s ]
INFO: [ app_begin ] --START--
INFO: Run Behavior\ReadHtmlCacheBehavior [ RunTime:0.000458s ]
INFO: [ app_begin ] --END-- [ RunTime:0.000552s ]
SQL: SHOW COLUMNS FROM `p_user` [ RunTime:0.0029s ]
SQL: SELECT * FROM `p_user` WHERE `ID` = '300000015'  [ RunTime:0.0003s ]
SQL: SELECT COUNT(*) AS tp_count FROM `p_user` WHERE `DEPARTMENT` = null AND `SEX` = null AND `ROOT` = null LIMIT 1   [ RunTime:0.0002s ]
SQL: SELECT * FROM `p_user` WHERE `DEPARTMENT` = null AND `SEX` = null AND `ROOT` = null ORDER BY id LIMIT 0,10   [ RunTime:0.0002s ]
INFO: [ view_parse ] --START--
INFO: [ template_filter ] --START--
INFO: Run Behavior\ContentReplaceBehavior [ RunTime:0.000071s ]
INFO: [ template_filter ] --END-- [ RunTime:0.000170s ]
INFO: Run Behavior\ParseTemplateBehavior [ RunTime:0.007740s ]
INFO: [ view_parse ] --END-- [ RunTime:0.007839s ]
INFO: [ view_filter ] --START--
INFO: Run Behavior\WriteHtmlCacheBehavior [ RunTime:0.000343s ]
INFO: [ view_filter ] --END-- [ RunTime:0.000433s ]
INFO: [ app_end ] --START--
INFO: Run Behavior\ShowPageTraceBehavior [ RunTime:0.000649s ]
INFO: [ app_end ] --END-- [ RunTime:0.000744s ]

[ 2016-01-03T13:09:45+08:00 ] ::1 /project2.1/index.php/Home/BBS
INFO: [ app_init ] --START--
INFO: Run Behavior\BuildLiteBehavior [ RunTime:0.000025s ]
INFO: [ app_init ] --END-- [ RunTime:0.000494s ]
INFO: [ app_begin ] --START--
INFO: Run Behavior\ReadHtmlCacheBehavior [ RunTime:0.000554s ]
INFO: [ app_begin ] --END-- [ RunTime:0.000665s ]
SQL: SHOW COLUMNS FROM `p_user` [ RunTime:0.0035s ]
SQL: SELECT * FROM `p_user` WHERE `ID` = '300000015'  [ RunTime:0.0003s ]
SQL: SELECT * FROM `p_user` WHERE `ID` = '300000015'  [ RunTime:0.0002s ]
SQL: SHOW COLUMNS FROM `p_bbs1` [ RunTime:0.0031s ]
SQL: SELECT COUNT(*) AS tp_count FROM `p_bbs1` WHERE `CONDITION` = 0 LIMIT 1   [ RunTime:0.0003s ]
SQL: SELECT * FROM `p_bbs1` WHERE `CONDITION` = 0 LIMIT 0,10   [ RunTime:0.0003s ]
INFO: [ view_parse ] --START--
INFO: [ template_filter ] --START--
INFO: Run Behavior\ContentReplaceBehavior [ RunTime:0.000070s ]
INFO: [ template_filter ] --END-- [ RunTime:0.000169s ]
INFO: Run Behavior\ParseTemplateBehavior [ RunTime:0.008596s ]
INFO: [ view_parse ] --END-- [ RunTime:0.008768s ]
INFO: [ view_filter ] --START--
INFO: Run Behavior\WriteHtmlCacheBehavior [ RunTime:0.000609s ]
INFO: [ view_filter ] --END-- [ RunTime:0.000733s ]
INFO: [ app_end ] --START--
INFO: Run Behavior\ShowPageTraceBehavior [ RunTime:0.000682s ]
INFO: [ app_end ] --END-- [ RunTime:0.000803s ]

[ 2016-01-03T13:09:46+08:00 ] ::1 /project2.1/index.php/Home/User/Userhome
INFO: [ app_init ] --START--
INFO: Run Behavior\BuildLiteBehavior [ RunTime:0.000027s ]
INFO: [ app_init ] --END-- [ RunTime:0.000566s ]
INFO: [ app_begin ] --START--
INFO: Run Behavior\ReadHtmlCacheBehavior [ RunTime:0.000556s ]
INFO: [ app_begin ] --END-- [ RunTime:0.000669s ]
SQL: SHOW COLUMNS FROM `p_user` [ RunTime:0.0032s ]
SQL: SELECT * FROM `p_user` WHERE `ID` = '300000015'  [ RunTime:0.0003s ]
SQL: SHOW COLUMNS FROM `p_signin` [ RunTime:0.0027s ]
SQL: SELECT COUNT(*) AS tp_count FROM `p_signin` WHERE `USERID` = '300000015' LIMIT 1   [ RunTime:0.0002s ]
INFO: [ view_parse ] --START--
INFO: [ template_filter ] --START--
INFO: Run Behavior\ContentReplaceBehavior [ RunTime:0.000072s ]
INFO: [ template_filter ] --END-- [ RunTime:0.000179s ]
INFO: Run Behavior\ParseTemplateBehavior [ RunTime:0.008548s ]
INFO: [ view_parse ] --END-- [ RunTime:0.008667s ]
INFO: [ view_filter ] --START--
INFO: Run Behavior\WriteHtmlCacheBehavior [ RunTime:0.000364s ]
INFO: [ view_filter ] --END-- [ RunTime:0.000454s ]
INFO: [ app_end ] --START--
INFO: Run Behavior\ShowPageTraceBehavior [ RunTime:0.000528s ]
INFO: [ app_end ] --END-- [ RunTime:0.000618s ]

[ 2016-01-03T13:09:47+08:00 ] ::1 /project2.1/index.php/Home/Main/Maindown
INFO: [ app_init ] --START--
INFO: Run Behavior\BuildLiteBehavior [ RunTime:0.000026s ]
INFO: [ app_init ] --END-- [ RunTime:0.000707s ]
INFO: [ app_begin ] --START--
INFO: Run Behavior\ReadHtmlCacheBehavior [ RunTime:0.000721s ]
INFO: [ app_begin ] --END-- [ RunTime:0.000885s ]
SQL: SHOW COLUMNS FROM `p_user` [ RunTime:0.0032s ]
SQL: SELECT * FROM `p_user` WHERE `ID` = '300000015'  [ RunTime:0.0003s ]
INFO: [ view_parse ] --START--
INFO: [ template_filter ] --START--
INFO: Run Behavior\ContentReplaceBehavior [ RunTime:0.000091s ]
INFO: [ template_filter ] --END-- [ RunTime:0.000251s ]
INFO: Run Behavior\ParseTemplateBehavior [ RunTime:0.006554s ]
INFO: [ view_parse ] --END-- [ RunTime:0.006712s ]
INFO: [ view_filter ] --START--
INFO: Run Behavior\WriteHtmlCacheBehavior [ RunTime:0.000407s ]
INFO: [ view_filter ] --END-- [ RunTime:0.000523s ]
INFO: [ app_end ] --START--
INFO: Run Behavior\ShowPageTraceBehavior [ RunTime:0.000566s ]
INFO: [ app_end ] --END-- [ RunTime:0.000656s ]

[ 2016-01-03T13:09:47+08:00 ] ::1 /project2.1/index.php/Home/User/Userhome
INFO: [ app_init ] --START--
INFO: Run Behavior\BuildLiteBehavior [ RunTime:0.000025s ]
INFO: [ app_init ] --END-- [ RunTime:0.000609s ]
INFO: [ app_begin ] --START--
INFO: Run Behavior\ReadHtmlCacheBehavior [ RunTime:0.000636s ]
INFO: [ app_begin ] --END-- [ RunTime:0.000778s ]
SQL: SHOW COLUMNS FROM `p_user` [ RunTime:0.0041s ]
SQL: SELECT * FROM `p_user` WHERE `ID` = '300000015'  [ RunTime:0.0003s ]
SQL: SHOW COLUMNS FROM `p_signin` [ RunTime:0.0033s ]
SQL: SELECT COUNT(*) AS tp_count FROM `p_signin` WHERE `USERID` = '300000015' LIMIT 1   [ RunTime:0.0003s ]
INFO: [ view_parse ] --START--
INFO: [ template_filter ] --START--
INFO: Run Behavior\ContentReplaceBehavior [ RunTime:0.000083s ]
INFO: [ template_filter ] --END-- [ RunTime:0.000223s ]
INFO: Run Behavior\ParseTemplateBehavior [ RunTime:0.010694s ]
INFO: [ view_parse ] --END-- [ RunTime:0.010838s ]
INFO: [ view_filter ] --START--
INFO: Run Behavior\WriteHtmlCacheBehavior [ RunTime:0.000466s ]
INFO: [ view_filter ] --END-- [ RunTime:0.000575s ]
INFO: [ app_end ] --START--
INFO: Run Behavior\ShowPageTraceBehavior [ RunTime:0.000724s ]
INFO: [ app_end ] --END-- [ RunTime:0.000835s ]

[ 2016-01-03T13:09:48+08:00 ] ::1 /project2.1/index.php/Home/BBS
INFO: [ app_init ] --START--
INFO: Run Behavior\BuildLiteBehavior [ RunTime:0.000025s ]
INFO: [ app_init ] --END-- [ RunTime:0.000626s ]
INFO: [ app_begin ] --START--
INFO: Run Behavior\ReadHtmlCacheBehavior [ RunTime:0.001180s ]
INFO: [ app_begin ] --END-- [ RunTime:0.001307s ]
SQL: SHOW COLUMNS FROM `p_user` [ RunTime:0.0035s ]
SQL: SELECT * FROM `p_user` WHERE `ID` = '300000015'  [ RunTime:0.0003s ]
SQL: SELECT * FROM `p_user` WHERE `ID` = '300000015'  [ RunTime:0.0003s ]
SQL: SHOW COLUMNS FROM `p_bbs1` [ RunTime:0.0044s ]
SQL: SELECT COUNT(*) AS tp_count FROM `p_bbs1` WHERE `CONDITION` = 0 LIMIT 1   [ RunTime:0.0003s ]
SQL: SELECT * FROM `p_bbs1` WHERE `CONDITION` = 0 LIMIT 0,10   [ RunTime:0.0003s ]
INFO: [ view_parse ] --START--
INFO: [ template_filter ] --START--
INFO: Run Behavior\ContentReplaceBehavior [ RunTime:0.000084s ]
INFO: [ template_filter ] --END-- [ RunTime:0.000201s ]
INFO: Run Behavior\ParseTemplateBehavior [ RunTime:0.009736s ]
INFO: [ view_parse ] --END-- [ RunTime:0.009864s ]
INFO: [ view_filter ] --START--
INFO: Run Behavior\WriteHtmlCacheBehavior [ RunTime:0.000438s ]
INFO: [ view_filter ] --END-- [ RunTime:0.000545s ]
INFO: [ app_end ] --START--
INFO: Run Behavior\ShowPageTraceBehavior [ RunTime:0.000691s ]
INFO: [ app_end ] --END-- [ RunTime:0.000800s ]

[ 2016-01-03T13:09:49+08:00 ] ::1 /project2.1/index.php/Home/BBS
INFO: [ app_init ] --START--
INFO: Run Behavior\BuildLiteBehavior [ RunTime:0.000023s ]
INFO: [ app_init ] --END-- [ RunTime:0.000445s ]
INFO: [ app_begin ] --START--
INFO: Run Behavior\ReadHtmlCacheBehavior [ RunTime:0.000476s ]
INFO: [ app_begin ] --END-- [ RunTime:0.000571s ]
SQL: SHOW COLUMNS FROM `p_user` [ RunTime:0.0047s ]
SQL: SELECT * FROM `p_user` WHERE `ID` = '300000015'  [ RunTime:0.0003s ]
SQL: SELECT * FROM `p_user` WHERE `ID` = '300000015'  [ RunTime:0.0003s ]
SQL: SHOW COLUMNS FROM `p_bbs1` [ RunTime:0.0033s ]
SQL: SELECT COUNT(*) AS tp_count FROM `p_bbs1` WHERE `CONDITION` = 0 LIMIT 1   [ RunTime:0.0003s ]
SQL: SELECT * FROM `p_bbs1` WHERE `CONDITION` = 0 LIMIT 0,10   [ RunTime:0.0002s ]
INFO: [ view_parse ] --START--
INFO: [ template_filter ] --START--
INFO: Run Behavior\ContentReplaceBehavior [ RunTime:0.000070s ]
INFO: [ template_filter ] --END-- [ RunTime:0.000179s ]
INFO: Run Behavior\ParseTemplateBehavior [ RunTime:0.008265s ]
INFO: [ view_parse ] --END-- [ RunTime:0.008369s ]
INFO: [ view_filter ] --START--
INFO: Run Behavior\WriteHtmlCacheBehavior [ RunTime:0.000366s ]
INFO: [ view_filter ] --END-- [ RunTime:0.000453s ]
INFO: [ app_end ] --START--
INFO: Run Behavior\ShowPageTraceBehavior [ RunTime:0.000546s ]
INFO: [ app_end ] --END-- [ RunTime:0.000646s ]

[ 2016-01-03T17:58:39+08:00 ] ::1 /project2.1/
INFO: [ app_init ] --START--
INFO: Run Behavior\BuildLiteBehavior [ RunTime:0.000042s ]
INFO: [ app_init ] --END-- [ RunTime:0.032896s ]
INFO: [ app_begin ] --START--
INFO: Run Behavior\ReadHtmlCacheBehavior [ RunTime:0.037764s ]
INFO: [ app_begin ] --END-- [ RunTime:0.037968s ]
SQL: SHOW COLUMNS FROM `p_signin` [ RunTime:0.1335s ]
SQL: SELECT COUNT(*) AS tp_count FROM `p_signin` WHERE `TIME` = '2016-01-03' LIMIT 1   [ RunTime:0.0086s ]
SQL: SHOW COLUMNS FROM `p_user` [ RunTime:0.0509s ]
SQL: SELECT * FROM `p_user` WHERE `ID` = '300000015'  [ RunTime:0.0009s ]
SQL: SELECT * FROM `p_signin` WHERE `TIME` = '2016-01-03' AND `USERID` = '300000015'  [ RunTime:0.0008s ]
INFO: [ view_parse ] --START--
INFO: [ template_filter ] --START--
INFO: Run Behavior\ContentReplaceBehavior [ RunTime:0.000067s ]
INFO: [ template_filter ] --END-- [ RunTime:0.000164s ]
NOTIC: [8] A session had already been started - ignoring session_start() F:\Demo\project2.1\App\Runtime\Cache\Home\ea340386924792ccc65576071a30eec1.php 第 6 行.
SQL: SHOW COLUMNS FROM `p_mycounter` [ RunTime:0.0740s ]
SQL: SELECT `counter` FROM `p_mycounter` WHERE `id` = 1 LIMIT 1   [ RunTime:0.0006s ]
INFO: Run Behavior\ParseTemplateBehavior [ RunTime:0.312738s ]
INFO: [ view_parse ] --END-- [ RunTime:0.313052s ]
INFO: [ view_filter ] --START--
INFO: Run Behavior\WriteHtmlCacheBehavior [ RunTime:0.038287s ]
INFO: [ view_filter ] --END-- [ RunTime:0.038519s ]
INFO: [ app_end ] --START--
INFO: Run Behavior\ShowPageTraceBehavior [ RunTime:0.041575s ]
INFO: [ app_end ] --END-- [ RunTime:0.041714s ]

[ 2016-01-03T17:58:39+08:00 ] ::1 /project2.1/index.php/Home/Main/Maindown
INFO: [ app_init ] --START--
INFO: Run Behavior\BuildLiteBehavior [ RunTime:0.000020s ]
INFO: [ app_init ] --END-- [ RunTime:0.000404s ]
INFO: [ app_begin ] --START--
INFO: Run Behavior\ReadHtmlCacheBehavior [ RunTime:0.000448s ]
INFO: [ app_begin ] --END-- [ RunTime:0.000536s ]
SQL: SHOW COLUMNS FROM `p_user` [ RunTime:0.0031s ]
SQL: SELECT * FROM `p_user` WHERE `ID` = '300000015'  [ RunTime:0.0002s ]
INFO: [ view_parse ] --START--
INFO: [ template_filter ] --START--
INFO: Run Behavior\ContentReplaceBehavior [ RunTime:0.000059s ]
INFO: [ template_filter ] --END-- [ RunTime:0.000160s ]
INFO: Run Behavior\ParseTemplateBehavior [ RunTime:0.134355s ]
INFO: [ view_parse ] --END-- [ RunTime:0.134497s ]
INFO: [ view_filter ] --START--
INFO: Run Behavior\WriteHtmlCacheBehavior [ RunTime:0.000686s ]
INFO: [ view_filter ] --END-- [ RunTime:0.000826s ]
INFO: [ app_end ] --START--
INFO: Run Behavior\ShowPageTraceBehavior [ RunTime:0.000776s ]
INFO: [ app_end ] --END-- [ RunTime:0.000900s ]

