[ 2016-01-04T20:43:13+08:00 ] ::1 /project2.1/index.php/Home/Main/Maindown
INFO: [ app_init ] --START--
INFO: Run Behavior\BuildLiteBehavior [ RunTime:0.000023s ]
INFO: [ app_init ] --END-- [ RunTime:0.007828s ]
INFO: [ app_begin ] --START--
INFO: Run Behavior\ReadHtmlCacheBehavior [ RunTime:0.024380s ]
INFO: [ app_begin ] --END-- [ RunTime:0.024521s ]
NOTIC: [8] Undefined index: id F:\Demo\project2.1\App\Home\Controller\MainController.class.php 第 34 行.
SQL: SHOW COLUMNS FROM `p_user` [ RunTime:0.0446s ]
SQL: SELECT * FROM `p_user` WHERE `ID` = null  [ RunTime:0.0003s ]
NOTIC: [8] Undefined offset: 0 F:\Demo\project2.1\App\Home\Controller\MainController.class.php 第 36 行.
NOTIC: [8] Undefined offset: 0 F:\Demo\project2.1\App\Home\Controller\MainController.class.php 第 38 行.
INFO: [ view_parse ] --START--
INFO: [ template_filter ] --START--
INFO: Run Behavior\ContentReplaceBehavior [ RunTime:0.000061s ]
INFO: [ template_filter ] --END-- [ RunTime:0.000167s ]
INFO: Run Behavior\ParseTemplateBehavior [ RunTime:0.117878s ]
INFO: [ view_parse ] --END-- [ RunTime:0.118003s ]
INFO: [ view_filter ] --START--
INFO: Run Behavior\WriteHtmlCacheBehavior [ RunTime:0.010805s ]
INFO: [ view_filter ] --END-- [ RunTime:0.010896s ]
INFO: [ app_end ] --START--
INFO: Run Behavior\ShowPageTraceBehavior [ RunTime:0.001043s ]
INFO: [ app_end ] --END-- [ RunTime:0.001171s ]

[ 2016-01-04T20:45:09+08:00 ] ::1 /project2.1/index.php/Home/Main/Maindown
INFO: [ app_init ] --START--
INFO: Run Behavior\BuildLiteBehavior [ RunTime:0.000033s ]
INFO: [ app_init ] --END-- [ RunTime:0.000614s ]
INFO: [ app_begin ] --START--
INFO: Run Behavior\ReadHtmlCacheBehavior [ RunTime:0.001034s ]
INFO: [ app_begin ] --END-- [ RunTime:0.001233s ]
NOTIC: [8] Undefined index: id F:\Demo\project2.1\App\Home\Controller\MainController.class.php 第 34 行.
SQL: SHOW COLUMNS FROM `p_user` [ RunTime:0.0041s ]
SQL: SELECT * FROM `p_user` WHERE `ID` = null  [ RunTime:0.0005s ]
NOTIC: [8] Undefined offset: 0 F:\Demo\project2.1\App\Home\Controller\MainController.class.php 第 36 行.
NOTIC: [8] Undefined offset: 0 F:\Demo\project2.1\App\Home\Controller\MainController.class.php 第 38 行.
INFO: [ view_parse ] --START--
INFO: [ template_filter ] --START--
INFO: Run Behavior\ContentReplaceBehavior [ RunTime:0.000077s ]
INFO: [ template_filter ] --END-- [ RunTime:0.000192s ]
INFO: Run Behavior\ParseTemplateBehavior [ RunTime:0.008727s ]
INFO: [ view_parse ] --END-- [ RunTime:0.009101s ]
INFO: [ view_filter ] --START--
INFO: Run Behavior\WriteHtmlCacheBehavior [ RunTime:0.000793s ]
INFO: [ view_filter ] --END-- [ RunTime:0.001058s ]
INFO: [ app_end ] --START--
INFO: Run Behavior\ShowPageTraceBehavior [ RunTime:0.001203s ]
INFO: [ app_end ] --END-- [ RunTime:0.001390s ]

[ 2016-01-04T20:45:10+08:00 ] ::1 /project2.1/index.php/Home/User/Userhome
INFO: [ app_init ] --START--
INFO: Run Behavior\BuildLiteBehavior [ RunTime:0.000038s ]
INFO: [ app_init ] --END-- [ RunTime:0.000721s ]
INFO: [ app_begin ] --START--
INFO: Run Behavior\ReadHtmlCacheBehavior [ RunTime:0.000862s ]
INFO: [ app_begin ] --END-- [ RunTime:0.001039s ]
NOTIC: [8] Undefined index: id F:\Demo\project2.1\App\Home\Controller\UserController.class.php 第 143 行.

[ 2016-01-04T20:45:11+08:00 ] ::1 /project2.1/index.php/Home/BBS
INFO: [ app_init ] --START--
INFO: Run Behavior\BuildLiteBehavior [ RunTime:0.000033s ]
INFO: [ app_init ] --END-- [ RunTime:0.000656s ]
INFO: [ app_begin ] --START--
INFO: Run Behavior\ReadHtmlCacheBehavior [ RunTime:0.000542s ]
INFO: [ app_begin ] --END-- [ RunTime:0.000642s ]
NOTIC: [8] Undefined index: id F:\Demo\project2.1\App\Home\Controller\BBSController.class.php 第 177 行.
SQL: SHOW COLUMNS FROM `p_user` [ RunTime:0.0034s ]
SQL: SELECT * FROM `p_user` WHERE `ID` = null  [ RunTime:0.0003s ]
NOTIC: [8] Undefined offset: 0 F:\Demo\project2.1\App\Home\Controller\BBSController.class.php 第 179 行.
NOTIC: [8] Undefined index: id F:\Demo\project2.1\App\Home\Controller\BBSController.class.php 第 180 行.

[ 2016-01-04T20:45:12+08:00 ] ::1 /project2.1/index.php/Home/Main/Maindown
INFO: [ app_init ] --START--
INFO: Run Behavior\BuildLiteBehavior [ RunTime:0.000036s ]
INFO: [ app_init ] --END-- [ RunTime:0.000753s ]
INFO: [ app_begin ] --START--
INFO: Run Behavior\ReadHtmlCacheBehavior [ RunTime:0.000890s ]
INFO: [ app_begin ] --END-- [ RunTime:0.001045s ]
NOTIC: [8] Undefined index: id F:\Demo\project2.1\App\Home\Controller\MainController.class.php 第 34 行.
SQL: SHOW COLUMNS FROM `p_user` [ RunTime:0.0047s ]
SQL: SELECT * FROM `p_user` WHERE `ID` = null  [ RunTime:0.0004s ]
NOTIC: [8] Undefined offset: 0 F:\Demo\project2.1\App\Home\Controller\MainController.class.php 第 36 行.
NOTIC: [8] Undefined offset: 0 F:\Demo\project2.1\App\Home\Controller\MainController.class.php 第 38 行.
INFO: [ view_parse ] --START--
INFO: [ template_filter ] --START--
INFO: Run Behavior\ContentReplaceBehavior [ RunTime:0.000059s ]
INFO: [ template_filter ] --END-- [ RunTime:0.000168s ]
INFO: Run Behavior\ParseTemplateBehavior [ RunTime:0.007474s ]
INFO: [ view_parse ] --END-- [ RunTime:0.007606s ]
INFO: [ view_filter ] --START--
INFO: Run Behavior\WriteHtmlCacheBehavior [ RunTime:0.000348s ]
INFO: [ view_filter ] --END-- [ RunTime:0.000461s ]
INFO: [ app_end ] --START--
INFO: Run Behavior\ShowPageTraceBehavior [ RunTime:0.000689s ]
INFO: [ app_end ] --END-- [ RunTime:0.000829s ]

[ 2016-01-04T20:45:57+08:00 ] ::1 /project2.1/index.php/Home/User/Userhome
INFO: [ app_init ] --START--
INFO: Run Behavior\BuildLiteBehavior [ RunTime:0.000022s ]
INFO: [ app_init ] --END-- [ RunTime:0.000496s ]
INFO: [ app_begin ] --START--
INFO: Run Behavior\ReadHtmlCacheBehavior [ RunTime:0.000712s ]
INFO: [ app_begin ] --END-- [ RunTime:0.000832s ]
NOTIC: [8] Undefined index: id F:\Demo\project2.1\App\Home\Controller\UserController.class.php 第 143 行.

[ 2016-01-04T20:46:00+08:00 ] ::1 /project2.1/index.php/Home/BBS
INFO: [ app_init ] --START--
INFO: Run Behavior\BuildLiteBehavior [ RunTime:0.000043s ]
INFO: [ app_init ] --END-- [ RunTime:0.000904s ]
INFO: [ app_begin ] --START--
INFO: Run Behavior\ReadHtmlCacheBehavior [ RunTime:0.001541s ]
INFO: [ app_begin ] --END-- [ RunTime:0.001708s ]
NOTIC: [8] Undefined index: id F:\Demo\project2.1\App\Home\Controller\BBSController.class.php 第 177 行.
SQL: SHOW COLUMNS FROM `p_user` [ RunTime:0.0031s ]
SQL: SELECT * FROM `p_user` WHERE `ID` = null  [ RunTime:0.0004s ]
NOTIC: [8] Undefined offset: 0 F:\Demo\project2.1\App\Home\Controller\BBSController.class.php 第 179 行.
NOTIC: [8] Undefined index: id F:\Demo\project2.1\App\Home\Controller\BBSController.class.php 第 180 行.

[ 2016-01-04T20:46:01+08:00 ] ::1 /project2.1/index.php/Home/Video/index
INFO: [ app_init ] --START--
INFO: Run Behavior\BuildLiteBehavior [ RunTime:0.000022s ]
INFO: [ app_init ] --END-- [ RunTime:0.000470s ]
INFO: [ app_begin ] --START--
INFO: Run Behavior\ReadHtmlCacheBehavior [ RunTime:0.000518s ]
INFO: [ app_begin ] --END-- [ RunTime:0.000618s ]
NOTIC: [8] Undefined index: id F:\Demo\project2.1\App\Home\Controller\VideoController.class.php 第 269 行.
SQL: SHOW COLUMNS FROM `p_user` [ RunTime:0.0036s ]
SQL: SELECT * FROM `p_user` WHERE `ID` = null  [ RunTime:0.0002s ]
NOTIC: [8] Undefined offset: 0 F:\Demo\project2.1\App\Home\Controller\VideoController.class.php 第 271 行.
NOTIC: [8] Undefined index: id F:\Demo\project2.1\App\Home\Controller\VideoController.class.php 第 272 行.

[ 2016-01-04T20:46:01+08:00 ] ::1 /project2.1/index.php/Home/File/ShowFile
INFO: [ app_init ] --START--
INFO: Run Behavior\BuildLiteBehavior [ RunTime:0.000025s ]
INFO: [ app_init ] --END-- [ RunTime:0.000538s ]
INFO: [ app_begin ] --START--
INFO: Run Behavior\ReadHtmlCacheBehavior [ RunTime:0.000746s ]
INFO: [ app_begin ] --END-- [ RunTime:0.000887s ]
NOTIC: [8] Undefined index: id F:\Demo\project2.1\App\Home\Controller\FileController.class.php 第 95 行.
SQL: SHOW COLUMNS FROM `p_user` [ RunTime:0.0039s ]
SQL: SELECT * FROM `p_user` WHERE `ID` = null  [ RunTime:0.0003s ]
NOTIC: [8] Undefined offset: 0 F:\Demo\project2.1\App\Home\Controller\FileController.class.php 第 97 行.
NOTIC: [8] Undefined index: id F:\Demo\project2.1\App\Home\Controller\FileController.class.php 第 98 行.

[ 2016-01-04T20:46:02+08:00 ] ::1 /project2.1/index.php/Home/Search/
INFO: [ app_init ] --START--
INFO: Run Behavior\BuildLiteBehavior [ RunTime:0.000021s ]
INFO: [ app_init ] --END-- [ RunTime:0.000454s ]
INFO: [ app_begin ] --START--
INFO: Run Behavior\ReadHtmlCacheBehavior [ RunTime:0.000483s ]
INFO: [ app_begin ] --END-- [ RunTime:0.000579s ]
NOTIC: [8] Undefined index: id F:\Demo\project2.1\App\Home\Controller\SearchController.class.php 第 91 行.
SQL: SHOW COLUMNS FROM `p_user` [ RunTime:0.0028s ]
SQL: SELECT * FROM `p_user` WHERE `ID` = null  [ RunTime:0.0002s ]
NOTIC: [8] Undefined offset: 0 F:\Demo\project2.1\App\Home\Controller\SearchController.class.php 第 93 行.
NOTIC: [8] Undefined index: id F:\Demo\project2.1\App\Home\Controller\SearchController.class.php 第 94 行.

[ 2016-01-04T20:46:03+08:00 ] ::1 /project2.1/index.php/Home/User/Userhome
INFO: [ app_init ] --START--
INFO: Run Behavior\BuildLiteBehavior [ RunTime:0.000021s ]
INFO: [ app_init ] --END-- [ RunTime:0.000443s ]
INFO: [ app_begin ] --START--
INFO: Run Behavior\ReadHtmlCacheBehavior [ RunTime:0.000637s ]
INFO: [ app_begin ] --END-- [ RunTime:0.000791s ]
NOTIC: [8] Undefined index: id F:\Demo\project2.1\App\Home\Controller\UserController.class.php 第 143 行.

[ 2016-01-04T20:46:03+08:00 ] ::1 /project2.1/index.php/Home/Main/Maindown
INFO: [ app_init ] --START--
INFO: Run Behavior\BuildLiteBehavior [ RunTime:0.000031s ]
INFO: [ app_init ] --END-- [ RunTime:0.000567s ]
INFO: [ app_begin ] --START--
INFO: Run Behavior\ReadHtmlCacheBehavior [ RunTime:0.000481s ]
INFO: [ app_begin ] --END-- [ RunTime:0.000571s ]
NOTIC: [8] Undefined index: id F:\Demo\project2.1\App\Home\Controller\MainController.class.php 第 34 行.
SQL: SHOW COLUMNS FROM `p_user` [ RunTime:0.0043s ]
SQL: SELECT * FROM `p_user` WHERE `ID` = null  [ RunTime:0.0005s ]
NOTIC: [8] Undefined offset: 0 F:\Demo\project2.1\App\Home\Controller\MainController.class.php 第 36 行.
NOTIC: [8] Undefined offset: 0 F:\Demo\project2.1\App\Home\Controller\MainController.class.php 第 38 行.
INFO: [ view_parse ] --START--
INFO: [ template_filter ] --START--
INFO: Run Behavior\ContentReplaceBehavior [ RunTime:0.000059s ]
INFO: [ template_filter ] --END-- [ RunTime:0.000161s ]
INFO: Run Behavior\ParseTemplateBehavior [ RunTime:0.007802s ]
INFO: [ view_parse ] --END-- [ RunTime:0.007935s ]
INFO: [ view_filter ] --START--
INFO: Run Behavior\WriteHtmlCacheBehavior [ RunTime:0.000363s ]
INFO: [ view_filter ] --END-- [ RunTime:0.000452s ]
INFO: [ app_end ] --START--
INFO: Run Behavior\ShowPageTraceBehavior [ RunTime:0.000665s ]
INFO: [ app_end ] --END-- [ RunTime:0.000750s ]

[ 2016-01-04T20:46:04+08:00 ] ::1 /project2.1/index.php/Home/BBS
INFO: [ app_init ] --START--
INFO: Run Behavior\BuildLiteBehavior [ RunTime:0.000037s ]
INFO: [ app_init ] --END-- [ RunTime:0.000780s ]
INFO: [ app_begin ] --START--
INFO: Run Behavior\ReadHtmlCacheBehavior [ RunTime:0.001310s ]
INFO: [ app_begin ] --END-- [ RunTime:0.001593s ]
NOTIC: [8] Undefined index: id F:\Demo\project2.1\App\Home\Controller\BBSController.class.php 第 177 行.
SQL: SHOW COLUMNS FROM `p_user` [ RunTime:0.0057s ]
SQL: SELECT * FROM `p_user` WHERE `ID` = null  [ RunTime:0.0005s ]
NOTIC: [8] Undefined offset: 0 F:\Demo\project2.1\App\Home\Controller\BBSController.class.php 第 179 行.
NOTIC: [8] Undefined index: id F:\Demo\project2.1\App\Home\Controller\BBSController.class.php 第 180 行.

[ 2016-01-04T20:46:04+08:00 ] ::1 /project2.1/index.php/Home/Video/index
INFO: [ app_init ] --START--
INFO: Run Behavior\BuildLiteBehavior [ RunTime:0.000021s ]
INFO: [ app_init ] --END-- [ RunTime:0.000461s ]
INFO: [ app_begin ] --START--
INFO: Run Behavior\ReadHtmlCacheBehavior [ RunTime:0.000777s ]
INFO: [ app_begin ] --END-- [ RunTime:0.000923s ]
NOTIC: [8] Undefined index: id F:\Demo\project2.1\App\Home\Controller\VideoController.class.php 第 269 行.
SQL: SHOW COLUMNS FROM `p_user` [ RunTime:0.0028s ]
SQL: SELECT * FROM `p_user` WHERE `ID` = null  [ RunTime:0.0002s ]
NOTIC: [8] Undefined offset: 0 F:\Demo\project2.1\App\Home\Controller\VideoController.class.php 第 271 行.
NOTIC: [8] Undefined index: id F:\Demo\project2.1\App\Home\Controller\VideoController.class.php 第 272 行.

[ 2016-01-04T20:46:05+08:00 ] ::1 /project2.1/index.php/Home/Main/Maindown
INFO: [ app_init ] --START--
INFO: Run Behavior\BuildLiteBehavior [ RunTime:0.000020s ]
INFO: [ app_init ] --END-- [ RunTime:0.000456s ]
INFO: [ app_begin ] --START--
INFO: Run Behavior\ReadHtmlCacheBehavior [ RunTime:0.000655s ]
INFO: [ app_begin ] --END-- [ RunTime:0.000781s ]
NOTIC: [8] Undefined index: id F:\Demo\project2.1\App\Home\Controller\MainController.class.php 第 34 行.
SQL: SHOW COLUMNS FROM `p_user` [ RunTime:0.0040s ]
SQL: SELECT * FROM `p_user` WHERE `ID` = null  [ RunTime:0.0003s ]
NOTIC: [8] Undefined offset: 0 F:\Demo\project2.1\App\Home\Controller\MainController.class.php 第 36 行.
NOTIC: [8] Undefined offset: 0 F:\Demo\project2.1\App\Home\Controller\MainController.class.php 第 38 行.
INFO: [ view_parse ] --START--
INFO: [ template_filter ] --START--
INFO: Run Behavior\ContentReplaceBehavior [ RunTime:0.000058s ]
INFO: [ template_filter ] --END-- [ RunTime:0.000173s ]
INFO: Run Behavior\ParseTemplateBehavior [ RunTime:0.006450s ]
INFO: [ view_parse ] --END-- [ RunTime:0.006570s ]
INFO: [ view_filter ] --START--
INFO: Run Behavior\WriteHtmlCacheBehavior [ RunTime:0.000296s ]
INFO: [ view_filter ] --END-- [ RunTime:0.000385s ]
INFO: [ app_end ] --START--
INFO: Run Behavior\ShowPageTraceBehavior [ RunTime:0.000737s ]
INFO: [ app_end ] --END-- [ RunTime:0.000827s ]

[ 2016-01-04T20:46:06+08:00 ] ::1 /project2.1/index.php/Home/Game/index
INFO: [ app_init ] --START--
INFO: Run Behavior\BuildLiteBehavior [ RunTime:0.000035s ]
INFO: [ app_init ] --END-- [ RunTime:0.000739s ]
INFO: [ app_begin ] --START--
INFO: Run Behavior\ReadHtmlCacheBehavior [ RunTime:0.000675s ]
INFO: [ app_begin ] --END-- [ RunTime:0.000781s ]
INFO: [ view_parse ] --START--
INFO: [ template_filter ] --START--
INFO: Run Behavior\ContentReplaceBehavior [ RunTime:0.000062s ]
INFO: [ template_filter ] --END-- [ RunTime:0.000180s ]
INFO: Run Behavior\ParseTemplateBehavior [ RunTime:0.006809s ]
INFO: [ view_parse ] --END-- [ RunTime:0.006954s ]
INFO: [ view_filter ] --START--
INFO: Run Behavior\WriteHtmlCacheBehavior [ RunTime:0.000335s ]
INFO: [ view_filter ] --END-- [ RunTime:0.000417s ]
INFO: [ app_end ] --START--
INFO: Run Behavior\ShowPageTraceBehavior [ RunTime:0.000618s ]
INFO: [ app_end ] --END-- [ RunTime:0.000768s ]

[ 2016-01-04T20:46:21+08:00 ] ::1 /project2.1/index.php/Home/Main/Maindown
INFO: [ app_init ] --START--
INFO: Run Behavior\BuildLiteBehavior [ RunTime:0.000032s ]
INFO: [ app_init ] --END-- [ RunTime:0.000677s ]
INFO: [ app_begin ] --START--
INFO: Run Behavior\ReadHtmlCacheBehavior [ RunTime:0.000769s ]
INFO: [ app_begin ] --END-- [ RunTime:0.000915s ]
NOTIC: [8] Undefined index: id F:\Demo\project2.1\App\Home\Controller\MainController.class.php 第 34 行.
SQL: SHOW COLUMNS FROM `p_user` [ RunTime:0.0037s ]
SQL: SELECT * FROM `p_user` WHERE `ID` = null  [ RunTime:0.0003s ]
NOTIC: [8] Undefined offset: 0 F:\Demo\project2.1\App\Home\Controller\MainController.class.php 第 36 行.
NOTIC: [8] Undefined offset: 0 F:\Demo\project2.1\App\Home\Controller\MainController.class.php 第 38 行.
INFO: [ view_parse ] --START--
INFO: [ template_filter ] --START--
INFO: Run Behavior\ContentReplaceBehavior [ RunTime:0.000058s ]
INFO: [ template_filter ] --END-- [ RunTime:0.000159s ]
INFO: Run Behavior\ParseTemplateBehavior [ RunTime:0.006866s ]
INFO: [ view_parse ] --END-- [ RunTime:0.006971s ]
INFO: [ view_filter ] --START--
INFO: Run Behavior\WriteHtmlCacheBehavior [ RunTime:0.000298s ]
INFO: [ view_filter ] --END-- [ RunTime:0.000380s ]
INFO: [ app_end ] --START--
INFO: Run Behavior\ShowPageTraceBehavior [ RunTime:0.000498s ]
INFO: [ app_end ] --END-- [ RunTime:0.000580s ]

